## htsjdk.samtools.metrics.StringHeader
# MarkDuplicates INPUT=[/home/chan/mice_microgravity/outputs_primary/picard/SRR13535290_sorted.bam] OUTPUT=/home/chan/mice_microgravity/outputs_primary/picard/SRR13535290_deduped.bam METRICS_FILE=/home/chan/mice_microgravity/outputs_primary/picard/SRR13535290_deduped.log REMOVE_DUPLICATES=true ASSUME_SORT_ORDER=coordinate TMP_DIR=[/home/chan/mice_microgravity/tmp] CREATE_INDEX=true    MAX_SEQUENCES_FOR_DISK_READ_ENDS_MAP=50000 MAX_FILE_HANDLES_FOR_READ_ENDS_MAP=8000 SORTING_COLLECTION_SIZE_RATIO=0.25 TAG_DUPLICATE_SET_MEMBERS=false REMOVE_SEQUENCING_DUPLICATES=false TAGGING_POLICY=DontTag CLEAR_DT=true DUPLEX_UMI=false ADD_PG_TAG_TO_READS=true ASSUME_SORTED=false DUPLICATE_SCORING_STRATEGY=SUM_OF_BASE_QUALITIES PROGRAM_RECORD_ID=MarkDuplicates PROGRAM_GROUP_NAME=MarkDuplicates READ_NAME_REGEX=<optimized capture of last three ':' separated fields as numeric values> OPTICAL_DUPLICATE_PIXEL_DISTANCE=100 MAX_OPTICAL_DUPLICATE_SET_SIZE=300000 VERBOSITY=INFO QUIET=false VALIDATION_STRINGENCY=STRICT COMPRESSION_LEVEL=5 MAX_RECORDS_IN_RAM=500000 CREATE_MD5_FILE=false GA4GH_CLIENT_SECRETS=client_secrets.json USE_JDK_DEFLATER=false USE_JDK_INFLATER=false
## htsjdk.samtools.metrics.StringHeader
# Started on: Sun Nov 21 14:31:01 PST 2021

## METRICS CLASS	picard.sam.DuplicationMetrics
LIBRARY	UNPAIRED_READS_EXAMINED	READ_PAIRS_EXAMINED	SECONDARY_OR_SUPPLEMENTARY_RDS	UNMAPPED_READS	UNPAIRED_READ_DUPLICATES	READ_PAIR_DUPLICATES	READ_PAIR_OPTICAL_DUPLICATES	PERCENT_DUPLICATION	ESTIMATED_LIBRARY_SIZE
Unknown Library	733920	30816125	14281783	0	685493	21818450	0	0.71068	9342829

## HISTOGRAM	java.lang.Double
BIN	CoverageMult	all_sets	non_optical_sets
1.0	1	6179641	6179641
2.0	1.036943	1624875	1624875
3.0	1.038308	491427	491427
4.0	1.038358	193410	193410
5.0	1.03836	99605	99605
6.0	1.03836	62100	62100
7.0	1.03836	43160	43160
8.0	1.03836	32148	32148
9.0	1.03836	24908	24908
10.0	1.03836	20246	20246
11.0	1.03836	16864	16864
12.0	1.03836	14110	14110
13.0	1.03836	12098	12098
14.0	1.03836	10517	10517
15.0	1.03836	9202	9202
16.0	1.03836	8237	8237
17.0	1.03836	7205	7205
18.0	1.03836	6407	6407
19.0	1.03836	5925	5925
20.0	1.03836	5380	5380
21.0	1.03836	5048	5048
22.0	1.03836	4569	4569
23.0	1.03836	4199	4199
24.0	1.03836	3874	3874
25.0	1.03836	3633	3633
26.0	1.03836	3366	3366
27.0	1.03836	3141	3141
28.0	1.03836	2936	2936
29.0	1.03836	2825	2825
30.0	1.03836	2644	2644
31.0	1.03836	2457	2457
32.0	1.03836	2338	2338
33.0	1.03836	2225	2225
34.0	1.03836	2143	2143
35.0	1.03836	2063	2063
36.0	1.03836	1877	1877
37.0	1.03836	1866	1866
38.0	1.03836	1697	1697
39.0	1.03836	1605	1605
40.0	1.03836	1648	1648
41.0	1.03836	1524	1524
42.0	1.03836	1489	1489
43.0	1.03836	1428	1428
44.0	1.03836	1394	1394
45.0	1.03836	1366	1366
46.0	1.03836	1274	1274
47.0	1.03836	1254	1254
48.0	1.03836	1207	1207
49.0	1.03836	1106	1106
50.0	1.03836	1084	1084
51.0	1.03836	1043	1043
52.0	1.03836	968	968
53.0	1.03836	956	956
54.0	1.03836	961	961
55.0	1.03836	949	949
56.0	1.03836	896	896
57.0	1.03836	824	824
58.0	1.03836	838	838
59.0	1.03836	797	797
60.0	1.03836	750	750
61.0	1.03836	808	808
62.0	1.03836	744	744
63.0	1.03836	715	715
64.0	1.03836	720	720
65.0	1.03836	653	653
66.0	1.03836	693	693
67.0	1.03836	672	672
68.0	1.03836	614	614
69.0	1.03836	629	629
70.0	1.03836	610	610
71.0	1.03836	597	597
72.0	1.03836	581	581
73.0	1.03836	550	550
74.0	1.03836	579	579
75.0	1.03836	562	562
76.0	1.03836	520	520
77.0	1.03836	505	505
78.0	1.03836	491	491
79.0	1.03836	480	480
80.0	1.03836	496	496
81.0	1.03836	487	487
82.0	1.03836	445	445
83.0	1.03836	469	469
84.0	1.03836	453	453
85.0	1.03836	446	446
86.0	1.03836	426	426
87.0	1.03836	384	384
88.0	1.03836	397	397
89.0	1.03836	388	388
90.0	1.03836	373	373
91.0	1.03836	410	410
92.0	1.03836	359	359
93.0	1.03836	378	378
94.0	1.03836	378	378
95.0	1.03836	328	328
96.0	1.03836	344	344
97.0	1.03836	336	336
98.0	1.03836	324	324
99.0	1.03836	339	339
100.0	1.03836	320	320
101.0	0	329	329
102.0	0	322	322
103.0	0	322	322
104.0	0	302	302
105.0	0	288	288
106.0	0	281	281
107.0	0	334	334
108.0	0	289	289
109.0	0	272	272
110.0	0	308	308
111.0	0	248	248
112.0	0	277	277
113.0	0	290	290
114.0	0	273	273
115.0	0	240	240
116.0	0	267	267
117.0	0	196	196
118.0	0	223	223
119.0	0	214	214
120.0	0	238	238
121.0	0	226	226
122.0	0	198	198
123.0	0	218	218
124.0	0	184	184
125.0	0	222	222
126.0	0	215	215
127.0	0	215	215
128.0	0	187	187
129.0	0	206	206
130.0	0	204	204
131.0	0	168	168
132.0	0	166	166
133.0	0	172	172
134.0	0	194	194
135.0	0	173	173
136.0	0	193	193
137.0	0	152	152
138.0	0	176	176
139.0	0	176	176
140.0	0	166	166
141.0	0	167	167
142.0	0	165	165
143.0	0	149	149
144.0	0	172	172
145.0	0	154	154
146.0	0	165	165
147.0	0	153	153
148.0	0	169	169
149.0	0	138	138
150.0	0	155	155
151.0	0	131	131
152.0	0	181	181
153.0	0	149	149
154.0	0	159	159
155.0	0	136	136
156.0	0	141	141
157.0	0	156	156
158.0	0	143	143
159.0	0	121	121
160.0	0	122	122
161.0	0	123	123
162.0	0	142	142
163.0	0	143	143
164.0	0	125	125
165.0	0	131	131
166.0	0	111	111
167.0	0	122	122
168.0	0	145	145
169.0	0	141	141
170.0	0	112	112
171.0	0	109	109
172.0	0	125	125
173.0	0	120	120
174.0	0	133	133
175.0	0	116	116
176.0	0	100	100
177.0	0	93	93
178.0	0	102	102
179.0	0	103	103
180.0	0	96	96
181.0	0	120	120
182.0	0	115	115
183.0	0	94	94
184.0	0	103	103
185.0	0	92	92
186.0	0	105	105
187.0	0	102	102
188.0	0	99	99
189.0	0	112	112
190.0	0	90	90
191.0	0	88	88
192.0	0	95	95
193.0	0	98	98
194.0	0	100	100
195.0	0	94	94
196.0	0	94	94
197.0	0	95	95
198.0	0	89	89
199.0	0	87	87
200.0	0	71	71
201.0	0	87	87
202.0	0	82	82
203.0	0	84	84
204.0	0	78	78
205.0	0	75	75
206.0	0	77	77
207.0	0	78	78
208.0	0	67	67
209.0	0	80	80
210.0	0	81	81
211.0	0	74	74
212.0	0	86	86
213.0	0	75	75
214.0	0	72	72
215.0	0	58	58
216.0	0	70	70
217.0	0	91	91
218.0	0	67	67
219.0	0	64	64
220.0	0	84	84
221.0	0	72	72
222.0	0	79	79
223.0	0	68	68
224.0	0	69	69
225.0	0	61	61
226.0	0	68	68
227.0	0	68	68
228.0	0	78	78
229.0	0	70	70
230.0	0	61	61
231.0	0	60	60
232.0	0	68	68
233.0	0	65	65
234.0	0	52	52
235.0	0	66	66
236.0	0	66	66
237.0	0	59	59
238.0	0	68	68
239.0	0	59	59
240.0	0	64	64
241.0	0	67	67
242.0	0	42	42
243.0	0	69	69
244.0	0	49	49
245.0	0	65	65
246.0	0	46	46
247.0	0	62	62
248.0	0	57	57
249.0	0	54	54
250.0	0	57	57
251.0	0	64	64
252.0	0	59	59
253.0	0	52	52
254.0	0	53	53
255.0	0	60	60
256.0	0	43	43
257.0	0	59	59
258.0	0	51	51
259.0	0	52	52
260.0	0	42	42
261.0	0	56	56
262.0	0	40	40
263.0	0	43	43
264.0	0	59	59
265.0	0	42	42
266.0	0	40	40
267.0	0	49	49
268.0	0	65	65
269.0	0	44	44
270.0	0	44	44
271.0	0	46	46
272.0	0	56	56
273.0	0	40	40
274.0	0	42	42
275.0	0	45	45
276.0	0	42	42
277.0	0	52	52
278.0	0	47	47
279.0	0	44	44
280.0	0	54	54
281.0	0	49	49
282.0	0	39	39
283.0	0	49	49
284.0	0	35	35
285.0	0	49	49
286.0	0	44	44
287.0	0	43	43
288.0	0	36	36
289.0	0	39	39
290.0	0	39	39
291.0	0	46	46
292.0	0	39	39
293.0	0	38	38
294.0	0	38	38
295.0	0	31	31
296.0	0	27	27
297.0	0	42	42
298.0	0	33	33
299.0	0	48	48
300.0	0	39	39
301.0	0	42	42
302.0	0	44	44
303.0	0	36	36
304.0	0	34	34
305.0	0	28	28
306.0	0	37	37
307.0	0	37	37
308.0	0	38	38
309.0	0	24	24
310.0	0	37	37
311.0	0	34	34
312.0	0	45	45
313.0	0	39	39
314.0	0	34	34
315.0	0	38	38
316.0	0	41	41
317.0	0	33	33
318.0	0	32	32
319.0	0	40	40
320.0	0	39	39
321.0	0	31	31
322.0	0	30	30
323.0	0	33	33
324.0	0	38	38
325.0	0	36	36
326.0	0	29	29
327.0	0	28	28
328.0	0	28	28
329.0	0	31	31
330.0	0	28	28
331.0	0	41	41
332.0	0	28	28
333.0	0	28	28
334.0	0	33	33
335.0	0	27	27
336.0	0	32	32
337.0	0	21	21
338.0	0	25	25
339.0	0	24	24
340.0	0	27	27
341.0	0	32	32
342.0	0	32	32
343.0	0	35	35
344.0	0	28	28
345.0	0	25	25
346.0	0	28	28
347.0	0	32	32
348.0	0	35	35
349.0	0	21	21
350.0	0	36	36
351.0	0	29	29
352.0	0	34	34
353.0	0	24	24
354.0	0	26	26
355.0	0	25	25
356.0	0	35	35
357.0	0	21	21
358.0	0	24	24
359.0	0	31	31
360.0	0	27	27
361.0	0	28	28
362.0	0	31	31
363.0	0	22	22
364.0	0	32	32
365.0	0	21	21
366.0	0	28	28
367.0	0	22	22
368.0	0	15	15
369.0	0	32	32
370.0	0	34	34
371.0	0	24	24
372.0	0	25	25
373.0	0	19	19
374.0	0	21	21
375.0	0	25	25
376.0	0	25	25
377.0	0	27	27
378.0	0	18	18
379.0	0	21	21
380.0	0	19	19
381.0	0	34	34
382.0	0	26	26
383.0	0	24	24
384.0	0	15	15
385.0	0	23	23
386.0	0	24	24
387.0	0	15	15
388.0	0	30	30
389.0	0	27	27
390.0	0	17	17
391.0	0	29	29
392.0	0	19	19
393.0	0	27	27
394.0	0	18	18
395.0	0	19	19
396.0	0	24	24
397.0	0	21	21
398.0	0	20	20
399.0	0	20	20
400.0	0	23	23
401.0	0	21	21
402.0	0	18	18
403.0	0	14	14
404.0	0	11	11
405.0	0	18	18
406.0	0	20	20
407.0	0	20	20
408.0	0	18	18
409.0	0	19	19
410.0	0	20	20
411.0	0	22	22
412.0	0	21	21
413.0	0	18	18
414.0	0	15	15
415.0	0	19	19
416.0	0	19	19
417.0	0	18	18
418.0	0	32	32
419.0	0	12	12
420.0	0	21	21
421.0	0	19	19
422.0	0	15	15
423.0	0	17	17
424.0	0	18	18
425.0	0	12	12
426.0	0	18	18
427.0	0	24	24
428.0	0	24	24
429.0	0	17	17
430.0	0	19	19
431.0	0	22	22
432.0	0	12	12
433.0	0	20	20
434.0	0	18	18
435.0	0	28	28
436.0	0	13	13
437.0	0	18	18
438.0	0	18	18
439.0	0	24	24
440.0	0	21	21
441.0	0	14	14
442.0	0	16	16
443.0	0	18	18
444.0	0	17	17
445.0	0	21	21
446.0	0	16	16
447.0	0	20	20
448.0	0	14	14
449.0	0	20	20
450.0	0	24	24
451.0	0	19	19
452.0	0	14	14
453.0	0	25	25
454.0	0	17	17
455.0	0	19	19
456.0	0	18	18
457.0	0	15	15
458.0	0	17	17
459.0	0	20	20
460.0	0	19	19
461.0	0	15	15
462.0	0	22	22
463.0	0	21	21
464.0	0	14	14
465.0	0	10	10
466.0	0	15	15
467.0	0	14	14
468.0	0	18	18
469.0	0	19	19
470.0	0	12	12
471.0	0	16	16
472.0	0	12	12
473.0	0	16	16
474.0	0	10	10
475.0	0	15	15
476.0	0	13	13
477.0	0	18	18
478.0	0	9	9
479.0	0	14	14
480.0	0	14	14
481.0	0	10	10
482.0	0	15	15
483.0	0	15	15
484.0	0	14	14
485.0	0	15	15
486.0	0	18	18
487.0	0	10	10
488.0	0	18	18
489.0	0	12	12
490.0	0	15	15
491.0	0	19	19
492.0	0	12	12
493.0	0	9	9
494.0	0	7	7
495.0	0	17	17
496.0	0	9	9
497.0	0	7	7
498.0	0	12	12
499.0	0	14	14
500.0	0	14	14
501.0	0	12	12
502.0	0	14	14
503.0	0	11	11
504.0	0	16	16
505.0	0	11	11
506.0	0	16	16
507.0	0	15	15
508.0	0	14	14
509.0	0	11	11
510.0	0	16	16
511.0	0	8	8
512.0	0	14	14
513.0	0	15	15
514.0	0	11	11
515.0	0	10	10
516.0	0	12	12
517.0	0	17	17
518.0	0	12	12
519.0	0	8	8
520.0	0	8	8
521.0	0	17	17
522.0	0	16	16
523.0	0	8	8
524.0	0	19	19
525.0	0	6	6
526.0	0	16	16
527.0	0	16	16
528.0	0	11	11
529.0	0	11	11
530.0	0	7	7
531.0	0	11	11
532.0	0	11	11
533.0	0	12	12
534.0	0	13	13
535.0	0	11	11
536.0	0	13	13
537.0	0	13	13
538.0	0	7	7
539.0	0	11	11
540.0	0	15	15
541.0	0	9	9
542.0	0	15	15
543.0	0	3	3
544.0	0	5	5
545.0	0	12	12
546.0	0	8	8
547.0	0	13	13
548.0	0	7	7
549.0	0	8	8
550.0	0	14	14
551.0	0	14	14
552.0	0	10	10
553.0	0	9	9
554.0	0	6	6
555.0	0	7	7
556.0	0	8	8
557.0	0	10	10
558.0	0	14	14
559.0	0	10	10
560.0	0	8	8
561.0	0	6	6
562.0	0	9	9
563.0	0	15	15
564.0	0	13	13
565.0	0	6	6
566.0	0	6	6
567.0	0	11	11
568.0	0	6	6
569.0	0	6	6
570.0	0	7	7
571.0	0	11	11
572.0	0	4	4
573.0	0	6	6
574.0	0	9	9
575.0	0	7	7
576.0	0	9	9
577.0	0	6	6
578.0	0	9	9
579.0	0	13	13
580.0	0	7	7
581.0	0	7	7
582.0	0	13	13
583.0	0	16	16
584.0	0	12	12
585.0	0	11	11
586.0	0	11	11
587.0	0	12	12
588.0	0	12	12
589.0	0	7	7
590.0	0	15	15
591.0	0	9	9
592.0	0	5	5
593.0	0	11	11
594.0	0	7	7
595.0	0	9	9
596.0	0	9	9
597.0	0	6	6
598.0	0	8	8
599.0	0	12	12
600.0	0	8	8
601.0	0	14	14
602.0	0	7	7
603.0	0	12	12
604.0	0	7	7
605.0	0	7	7
606.0	0	9	9
607.0	0	10	10
608.0	0	5	5
609.0	0	10	10
610.0	0	8	8
611.0	0	6	6
612.0	0	8	8
613.0	0	10	10
614.0	0	5	5
615.0	0	5	5
616.0	0	10	10
617.0	0	14	14
618.0	0	14	14
619.0	0	5	5
620.0	0	11	11
621.0	0	10	10
622.0	0	15	15
623.0	0	8	8
624.0	0	5	5
625.0	0	12	12
626.0	0	9	9
627.0	0	10	10
628.0	0	10	10
629.0	0	10	10
630.0	0	12	12
631.0	0	7	7
632.0	0	7	7
633.0	0	11	11
634.0	0	10	10
635.0	0	9	9
636.0	0	6	6
637.0	0	8	8
638.0	0	14	14
639.0	0	6	6
640.0	0	6	6
641.0	0	13	13
642.0	0	8	8
643.0	0	9	9
644.0	0	2	2
645.0	0	5	5
646.0	0	6	6
647.0	0	4	4
648.0	0	4	4
649.0	0	5	5
650.0	0	7	7
651.0	0	6	6
652.0	0	13	13
653.0	0	4	4
654.0	0	3	3
655.0	0	14	14
656.0	0	7	7
657.0	0	12	12
658.0	0	11	11
659.0	0	6	6
660.0	0	5	5
661.0	0	9	9
662.0	0	9	9
663.0	0	7	7
664.0	0	8	8
665.0	0	5	5
666.0	0	8	8
667.0	0	13	13
668.0	0	5	5
669.0	0	13	13
670.0	0	7	7
671.0	0	7	7
672.0	0	6	6
673.0	0	2	2
674.0	0	5	5
675.0	0	4	4
676.0	0	7	7
677.0	0	6	6
678.0	0	9	9
679.0	0	9	9
680.0	0	8	8
681.0	0	11	11
682.0	0	5	5
683.0	0	6	6
684.0	0	8	8
685.0	0	7	7
686.0	0	5	5
687.0	0	6	6
688.0	0	8	8
689.0	0	8	8
690.0	0	11	11
691.0	0	9	9
692.0	0	2	2
693.0	0	4	4
694.0	0	8	8
695.0	0	10	10
696.0	0	5	5
697.0	0	5	5
698.0	0	6	6
699.0	0	8	8
700.0	0	1	1
701.0	0	3	3
702.0	0	5	5
703.0	0	6	6
704.0	0	2	2
705.0	0	4	4
706.0	0	4	4
707.0	0	4	4
708.0	0	9	9
709.0	0	8	8
710.0	0	11	11
711.0	0	6	6
712.0	0	4	4
713.0	0	4	4
714.0	0	7	7
715.0	0	8	8
716.0	0	3	3
717.0	0	12	12
718.0	0	3	3
719.0	0	5	5
720.0	0	6	6
721.0	0	3	3
722.0	0	10	10
723.0	0	8	8
724.0	0	4	4
725.0	0	5	5
726.0	0	8	8
727.0	0	5	5
728.0	0	3	3
729.0	0	3	3
730.0	0	9	9
731.0	0	5	5
732.0	0	6	6
733.0	0	7	7
734.0	0	6	6
735.0	0	13	13
736.0	0	6	6
737.0	0	3	3
738.0	0	7	7
739.0	0	6	6
740.0	0	5	5
741.0	0	7	7
742.0	0	5	5
743.0	0	5	5
744.0	0	4	4
745.0	0	6	6
746.0	0	9	9
747.0	0	8	8
748.0	0	3	3
749.0	0	3	3
750.0	0	6	6
751.0	0	2	2
752.0	0	7	7
753.0	0	3	3
754.0	0	9	9
755.0	0	2	2
756.0	0	6	6
757.0	0	4	4
758.0	0	5	5
759.0	0	7	7
760.0	0	4	4
761.0	0	3	3
762.0	0	2	2
763.0	0	5	5
764.0	0	2	2
765.0	0	7	7
766.0	0	8	8
767.0	0	5	5
768.0	0	5	5
769.0	0	9	9
770.0	0	8	8
771.0	0	1	1
772.0	0	4	4
773.0	0	4	4
774.0	0	3	3
775.0	0	4	4
776.0	0	1	1
777.0	0	5	5
778.0	0	4	4
779.0	0	6	6
780.0	0	2	2
781.0	0	7	7
783.0	0	6	6
784.0	0	5	5
785.0	0	8	8
786.0	0	6	6
787.0	0	5	5
788.0	0	6	6
789.0	0	5	5
790.0	0	7	7
791.0	0	5	5
792.0	0	5	5
793.0	0	2	2
794.0	0	4	4
795.0	0	6	6
796.0	0	1	1
797.0	0	5	5
798.0	0	1	1
799.0	0	3	3
800.0	0	2	2
801.0	0	1	1
802.0	0	7	7
803.0	0	5	5
804.0	0	7	7
805.0	0	5	5
806.0	0	9	9
807.0	0	4	4
808.0	0	7	7
809.0	0	5	5
810.0	0	5	5
811.0	0	5	5
812.0	0	3	3
813.0	0	6	6
814.0	0	4	4
815.0	0	4	4
816.0	0	6	6
817.0	0	5	5
818.0	0	2	2
819.0	0	6	6
820.0	0	5	5
821.0	0	7	7
822.0	0	8	8
823.0	0	5	5
824.0	0	4	4
825.0	0	2	2
826.0	0	7	7
827.0	0	3	3
828.0	0	4	4
829.0	0	5	5
830.0	0	4	4
831.0	0	6	6
832.0	0	3	3
833.0	0	3	3
834.0	0	5	5
835.0	0	4	4
836.0	0	7	7
837.0	0	1	1
838.0	0	4	4
839.0	0	2	2
840.0	0	4	4
841.0	0	6	6
842.0	0	5	5
843.0	0	1	1
844.0	0	5	5
845.0	0	9	9
846.0	0	3	3
847.0	0	5	5
848.0	0	5	5
849.0	0	5	5
850.0	0	6	6
851.0	0	1	1
852.0	0	6	6
853.0	0	3	3
854.0	0	2	2
855.0	0	2	2
856.0	0	1	1
857.0	0	7	7
858.0	0	3	3
859.0	0	5	5
860.0	0	3	3
861.0	0	5	5
862.0	0	3	3
863.0	0	4	4
864.0	0	3	3
865.0	0	8	8
866.0	0	4	4
867.0	0	1	1
869.0	0	4	4
870.0	0	4	4
871.0	0	1	1
872.0	0	2	2
873.0	0	12	12
874.0	0	6	6
875.0	0	3	3
876.0	0	5	5
877.0	0	4	4
878.0	0	3	3
879.0	0	2	2
880.0	0	3	3
881.0	0	4	4
882.0	0	6	6
883.0	0	4	4
884.0	0	7	7
885.0	0	6	6
886.0	0	3	3
887.0	0	6	6
888.0	0	5	5
889.0	0	6	6
890.0	0	3	3
891.0	0	6	6
892.0	0	3	3
893.0	0	5	5
894.0	0	8	8
895.0	0	3	3
896.0	0	3	3
897.0	0	4	4
898.0	0	3	3
899.0	0	2	2
900.0	0	2	2
901.0	0	5	5
902.0	0	2	2
903.0	0	6	6
904.0	0	5	5
905.0	0	2	2
906.0	0	8	8
907.0	0	3	3
908.0	0	5	5
909.0	0	7	7
910.0	0	6	6
911.0	0	5	5
913.0	0	3	3
914.0	0	2	2
915.0	0	2	2
916.0	0	5	5
917.0	0	2	2
918.0	0	3	3
919.0	0	5	5
920.0	0	1	1
921.0	0	2	2
923.0	0	2	2
924.0	0	3	3
925.0	0	2	2
926.0	0	5	5
927.0	0	4	4
928.0	0	7	7
929.0	0	2	2
930.0	0	4	4
931.0	0	4	4
932.0	0	7	7
933.0	0	3	3
934.0	0	4	4
935.0	0	3	3
936.0	0	3	3
937.0	0	2	2
938.0	0	2	2
939.0	0	5	5
940.0	0	4	4
941.0	0	1	1
942.0	0	1	1
943.0	0	3	3
944.0	0	5	5
945.0	0	4	4
946.0	0	3	3
947.0	0	1	1
948.0	0	4	4
949.0	0	3	3
951.0	0	4	4
953.0	0	1	1
954.0	0	3	3
955.0	0	3	3
956.0	0	2	2
957.0	0	7	7
958.0	0	6	6
959.0	0	4	4
960.0	0	2	2
961.0	0	4	4
962.0	0	2	2
963.0	0	5	5
964.0	0	4	4
965.0	0	1	1
966.0	0	2	2
968.0	0	4	4
969.0	0	4	4
970.0	0	4	4
972.0	0	5	5
973.0	0	5	5
974.0	0	5	5
975.0	0	2	2
976.0	0	6	6
977.0	0	3	3
978.0	0	4	4
979.0	0	1	1
980.0	0	5	5
981.0	0	2	2
982.0	0	2	2
984.0	0	1	1
985.0	0	4	4
986.0	0	5	5
988.0	0	3	3
989.0	0	2	2
991.0	0	1	1
992.0	0	1	1
993.0	0	4	4
994.0	0	3	3
995.0	0	3	3
996.0	0	7	7
997.0	0	3	3
998.0	0	3	3
999.0	0	2	2
1000.0	0	6	6
1001.0	0	4	4
1002.0	0	3	3
1003.0	0	2	2
1004.0	0	4	4
1005.0	0	3	3
1007.0	0	2	2
1008.0	0	2	2
1009.0	0	2	2
1010.0	0	5	5
1011.0	0	1	1
1012.0	0	5	5
1013.0	0	1	1
1014.0	0	2	2
1015.0	0	6	6
1016.0	0	3	3
1017.0	0	1	1
1018.0	0	3	3
1019.0	0	2	2
1020.0	0	3	3
1021.0	0	2	2
1022.0	0	3	3
1023.0	0	1	1
1024.0	0	1	1
1025.0	0	3	3
1026.0	0	2	2
1027.0	0	4	4
1028.0	0	4	4
1029.0	0	2	2
1030.0	0	5	5
1031.0	0	3	3
1033.0	0	2	2
1034.0	0	6	6
1036.0	0	4	4
1037.0	0	2	2
1038.0	0	3	3
1039.0	0	1	1
1040.0	0	1	1
1041.0	0	1	1
1042.0	0	3	3
1043.0	0	4	4
1044.0	0	2	2
1045.0	0	2	2
1047.0	0	6	6
1048.0	0	2	2
1049.0	0	1	1
1050.0	0	2	2
1051.0	0	2	2
1053.0	0	3	3
1054.0	0	2	2
1056.0	0	2	2
1057.0	0	5	5
1058.0	0	6	6
1059.0	0	2	2
1060.0	0	2	2
1061.0	0	2	2
1062.0	0	2	2
1064.0	0	2	2
1065.0	0	1	1
1066.0	0	2	2
1067.0	0	3	3
1068.0	0	3	3
1069.0	0	2	2
1070.0	0	2	2
1071.0	0	2	2
1072.0	0	4	4
1073.0	0	3	3
1074.0	0	2	2
1076.0	0	4	4
1077.0	0	1	1
1078.0	0	1	1
1079.0	0	2	2
1081.0	0	3	3
1082.0	0	1	1
1083.0	0	2	2
1084.0	0	3	3
1085.0	0	2	2
1086.0	0	2	2
1087.0	0	1	1
1088.0	0	1	1
1089.0	0	4	4
1090.0	0	3	3
1091.0	0	3	3
1093.0	0	4	4
1094.0	0	1	1
1095.0	0	5	5
1096.0	0	1	1
1097.0	0	2	2
1098.0	0	2	2
1099.0	0	2	2
1101.0	0	1	1
1102.0	0	4	4
1103.0	0	8	8
1104.0	0	5	5
1105.0	0	2	2
1106.0	0	3	3
1107.0	0	1	1
1108.0	0	9	9
1109.0	0	5	5
1111.0	0	3	3
1112.0	0	1	1
1113.0	0	4	4
1114.0	0	2	2
1115.0	0	1	1
1116.0	0	3	3
1117.0	0	2	2
1118.0	0	3	3
1119.0	0	3	3
1120.0	0	1	1
1121.0	0	1	1
1122.0	0	2	2
1123.0	0	3	3
1124.0	0	2	2
1125.0	0	2	2
1126.0	0	4	4
1127.0	0	5	5
1129.0	0	2	2
1130.0	0	1	1
1131.0	0	3	3
1132.0	0	2	2
1133.0	0	5	5
1134.0	0	1	1
1135.0	0	1	1
1136.0	0	3	3
1137.0	0	2	2
1139.0	0	1	1
1140.0	0	1	1
1141.0	0	3	3
1142.0	0	2	2
1143.0	0	5	5
1144.0	0	2	2
1145.0	0	3	3
1146.0	0	1	1
1147.0	0	3	3
1148.0	0	2	2
1149.0	0	3	3
1150.0	0	2	2
1151.0	0	3	3
1152.0	0	2	2
1153.0	0	5	5
1154.0	0	4	4
1155.0	0	1	1
1156.0	0	2	2
1157.0	0	2	2
1158.0	0	1	1
1159.0	0	1	1
1160.0	0	3	3
1161.0	0	3	3
1164.0	0	1	1
1165.0	0	1	1
1166.0	0	1	1
1167.0	0	2	2
1168.0	0	2	2
1169.0	0	1	1
1170.0	0	3	3
1171.0	0	5	5
1172.0	0	3	3
1174.0	0	2	2
1175.0	0	2	2
1176.0	0	2	2
1177.0	0	5	5
1178.0	0	2	2
1180.0	0	2	2
1181.0	0	4	4
1182.0	0	3	3
1183.0	0	1	1
1184.0	0	1	1
1185.0	0	2	2
1187.0	0	3	3
1188.0	0	4	4
1189.0	0	3	3
1190.0	0	3	3
1191.0	0	5	5
1192.0	0	1	1
1193.0	0	3	3
1194.0	0	3	3
1195.0	0	2	2
1197.0	0	2	2
1198.0	0	4	4
1199.0	0	3	3
1201.0	0	1	1
1203.0	0	1	1
1204.0	0	1	1
1205.0	0	2	2
1207.0	0	1	1
1209.0	0	2	2
1210.0	0	1	1
1211.0	0	1	1
1212.0	0	3	3
1213.0	0	1	1
1214.0	0	2	2
1215.0	0	2	2
1216.0	0	1	1
1217.0	0	3	3
1218.0	0	3	3
1219.0	0	2	2
1220.0	0	2	2
1221.0	0	2	2
1222.0	0	3	3
1223.0	0	4	4
1224.0	0	3	3
1225.0	0	4	4
1226.0	0	1	1
1227.0	0	2	2
1229.0	0	2	2
1230.0	0	2	2
1231.0	0	3	3
1232.0	0	1	1
1233.0	0	3	3
1234.0	0	1	1
1235.0	0	2	2
1236.0	0	2	2
1237.0	0	3	3
1238.0	0	2	2
1239.0	0	1	1
1240.0	0	1	1
1241.0	0	2	2
1242.0	0	1	1
1243.0	0	3	3
1244.0	0	1	1
1245.0	0	1	1
1246.0	0	1	1
1247.0	0	1	1
1249.0	0	4	4
1250.0	0	2	2
1251.0	0	2	2
1252.0	0	2	2
1253.0	0	2	2
1254.0	0	1	1
1255.0	0	1	1
1257.0	0	1	1
1258.0	0	2	2
1259.0	0	4	4
1260.0	0	1	1
1261.0	0	1	1
1262.0	0	1	1
1263.0	0	1	1
1264.0	0	4	4
1265.0	0	1	1
1266.0	0	1	1
1268.0	0	4	4
1269.0	0	2	2
1270.0	0	1	1
1273.0	0	2	2
1274.0	0	1	1
1278.0	0	2	2
1279.0	0	1	1
1280.0	0	2	2
1281.0	0	1	1
1282.0	0	2	2
1283.0	0	3	3
1284.0	0	1	1
1285.0	0	4	4
1288.0	0	2	2
1290.0	0	2	2
1291.0	0	2	2
1292.0	0	3	3
1293.0	0	1	1
1294.0	0	3	3
1295.0	0	2	2
1296.0	0	2	2
1298.0	0	1	1
1299.0	0	1	1
1300.0	0	4	4
1301.0	0	4	4
1302.0	0	2	2
1303.0	0	2	2
1304.0	0	2	2
1306.0	0	2	2
1308.0	0	4	4
1309.0	0	3	3
1312.0	0	2	2
1314.0	0	1	1
1315.0	0	2	2
1316.0	0	3	3
1318.0	0	1	1
1319.0	0	1	1
1321.0	0	3	3
1322.0	0	2	2
1323.0	0	3	3
1325.0	0	2	2
1326.0	0	1	1
1330.0	0	2	2
1331.0	0	1	1
1332.0	0	2	2
1333.0	0	1	1
1336.0	0	2	2
1337.0	0	1	1
1339.0	0	1	1
1340.0	0	2	2
1341.0	0	3	3
1342.0	0	1	1
1343.0	0	2	2
1344.0	0	3	3
1345.0	0	3	3
1346.0	0	1	1
1347.0	0	2	2
1348.0	0	1	1
1349.0	0	2	2
1350.0	0	1	1
1351.0	0	2	2
1352.0	0	2	2
1353.0	0	2	2
1354.0	0	1	1
1356.0	0	1	1
1357.0	0	1	1
1359.0	0	4	4
1360.0	0	1	1
1361.0	0	1	1
1363.0	0	1	1
1364.0	0	2	2
1365.0	0	3	3
1367.0	0	2	2
1371.0	0	2	2
1372.0	0	3	3
1373.0	0	4	4
1376.0	0	2	2
1377.0	0	2	2
1378.0	0	1	1
1379.0	0	1	1
1381.0	0	2	2
1382.0	0	1	1
1383.0	0	3	3
1384.0	0	4	4
1385.0	0	2	2
1387.0	0	1	1
1388.0	0	1	1
1391.0	0	1	1
1393.0	0	2	2
1394.0	0	1	1
1396.0	0	3	3
1398.0	0	2	2
1399.0	0	1	1
1400.0	0	1	1
1402.0	0	2	2
1403.0	0	1	1
1404.0	0	1	1
1406.0	0	3	3
1408.0	0	2	2
1410.0	0	2	2
1411.0	0	1	1
1412.0	0	1	1
1414.0	0	2	2
1415.0	0	2	2
1417.0	0	1	1
1418.0	0	1	1
1420.0	0	2	2
1422.0	0	2	2
1424.0	0	2	2
1426.0	0	2	2
1428.0	0	2	2
1429.0	0	1	1
1431.0	0	1	1
1432.0	0	3	3
1433.0	0	2	2
1435.0	0	3	3
1436.0	0	1	1
1437.0	0	3	3
1438.0	0	2	2
1439.0	0	2	2
1440.0	0	4	4
1441.0	0	2	2
1442.0	0	3	3
1444.0	0	1	1
1445.0	0	3	3
1446.0	0	2	2
1448.0	0	2	2
1449.0	0	1	1
1450.0	0	1	1
1451.0	0	1	1
1455.0	0	2	2
1456.0	0	1	1
1457.0	0	2	2
1458.0	0	2	2
1459.0	0	1	1
1460.0	0	2	2
1462.0	0	1	1
1464.0	0	1	1
1466.0	0	2	2
1467.0	0	3	3
1468.0	0	2	2
1469.0	0	1	1
1471.0	0	1	1
1473.0	0	1	1
1474.0	0	1	1
1475.0	0	1	1
1476.0	0	3	3
1477.0	0	2	2
1479.0	0	1	1
1480.0	0	2	2
1481.0	0	2	2
1482.0	0	1	1
1483.0	0	2	2
1484.0	0	2	2
1486.0	0	2	2
1488.0	0	1	1
1489.0	0	2	2
1494.0	0	1	1
1496.0	0	2	2
1499.0	0	1	1
1500.0	0	1	1
1501.0	0	3	3
1502.0	0	1	1
1503.0	0	2	2
1504.0	0	1	1
1505.0	0	1	1
1506.0	0	1	1
1508.0	0	2	2
1509.0	0	1	1
1510.0	0	1	1
1511.0	0	1	1
1512.0	0	1	1
1513.0	0	3	3
1514.0	0	1	1
1515.0	0	1	1
1516.0	0	1	1
1518.0	0	4	4
1519.0	0	3	3
1520.0	0	3	3
1521.0	0	1	1
1523.0	0	2	2
1524.0	0	1	1
1525.0	0	1	1
1526.0	0	1	1
1527.0	0	2	2
1529.0	0	3	3
1530.0	0	2	2
1531.0	0	3	3
1532.0	0	2	2
1533.0	0	1	1
1534.0	0	1	1
1535.0	0	1	1
1536.0	0	1	1
1537.0	0	2	2
1538.0	0	2	2
1539.0	0	1	1
1540.0	0	2	2
1542.0	0	1	1
1543.0	0	1	1
1544.0	0	1	1
1546.0	0	1	1
1548.0	0	2	2
1549.0	0	1	1
1550.0	0	1	1
1552.0	0	1	1
1553.0	0	1	1
1554.0	0	1	1
1555.0	0	1	1
1558.0	0	1	1
1559.0	0	1	1
1560.0	0	1	1
1561.0	0	2	2
1562.0	0	1	1
1564.0	0	1	1
1565.0	0	1	1
1569.0	0	1	1
1570.0	0	1	1
1571.0	0	2	2
1574.0	0	2	2
1576.0	0	1	1
1577.0	0	2	2
1579.0	0	2	2
1584.0	0	2	2
1585.0	0	1	1
1586.0	0	1	1
1587.0	0	1	1
1589.0	0	1	1
1590.0	0	3	3
1591.0	0	1	1
1592.0	0	2	2
1593.0	0	3	3
1596.0	0	1	1
1597.0	0	1	1
1598.0	0	1	1
1599.0	0	1	1
1601.0	0	2	2
1602.0	0	1	1
1605.0	0	1	1
1606.0	0	1	1
1607.0	0	2	2
1608.0	0	2	2
1609.0	0	4	4
1610.0	0	1	1
1611.0	0	1	1
1612.0	0	1	1
1613.0	0	1	1
1614.0	0	1	1
1615.0	0	1	1
1617.0	0	1	1
1620.0	0	2	2
1622.0	0	3	3
1623.0	0	3	3
1625.0	0	1	1
1626.0	0	3	3
1627.0	0	1	1
1630.0	0	2	2
1631.0	0	1	1
1633.0	0	1	1
1638.0	0	2	2
1640.0	0	3	3
1643.0	0	1	1
1645.0	0	1	1
1646.0	0	1	1
1649.0	0	1	1
1650.0	0	1	1
1653.0	0	1	1
1655.0	0	3	3
1656.0	0	1	1
1658.0	0	1	1
1665.0	0	1	1
1666.0	0	2	2
1667.0	0	2	2
1668.0	0	1	1
1669.0	0	1	1
1671.0	0	1	1
1674.0	0	2	2
1675.0	0	1	1
1678.0	0	1	1
1679.0	0	3	3
1684.0	0	1	1
1685.0	0	1	1
1688.0	0	1	1
1689.0	0	1	1
1690.0	0	2	2
1693.0	0	1	1
1696.0	0	2	2
1697.0	0	1	1
1698.0	0	2	2
1700.0	0	1	1
1701.0	0	2	2
1703.0	0	1	1
1704.0	0	4	4
1705.0	0	2	2
1707.0	0	2	2
1708.0	0	3	3
1711.0	0	2	2
1712.0	0	1	1
1713.0	0	1	1
1716.0	0	3	3
1717.0	0	1	1
1718.0	0	2	2
1719.0	0	1	1
1720.0	0	1	1
1725.0	0	2	2
1726.0	0	1	1
1728.0	0	1	1
1730.0	0	1	1
1731.0	0	2	2
1732.0	0	1	1
1733.0	0	1	1
1735.0	0	3	3
1740.0	0	1	1
1743.0	0	2	2
1744.0	0	1	1
1747.0	0	3	3
1749.0	0	1	1
1750.0	0	1	1
1753.0	0	3	3
1755.0	0	2	2
1756.0	0	2	2
1759.0	0	3	3
1760.0	0	1	1
1762.0	0	1	1
1763.0	0	1	1
1766.0	0	2	2
1767.0	0	1	1
1770.0	0	3	3
1771.0	0	2	2
1775.0	0	2	2
1777.0	0	1	1
1778.0	0	1	1
1780.0	0	1	1
1782.0	0	1	1
1783.0	0	1	1
1784.0	0	3	3
1786.0	0	3	3
1788.0	0	2	2
1789.0	0	1	1
1790.0	0	3	3
1791.0	0	2	2
1794.0	0	1	1
1796.0	0	2	2
1797.0	0	1	1
1798.0	0	1	1
1799.0	0	1	1
1800.0	0	2	2
1801.0	0	1	1
1804.0	0	1	1
1805.0	0	1	1
1806.0	0	1	1
1807.0	0	1	1
1810.0	0	1	1
1811.0	0	2	2
1812.0	0	1	1
1816.0	0	2	2
1817.0	0	1	1
1821.0	0	1	1
1822.0	0	1	1
1824.0	0	1	1
1825.0	0	1	1
1829.0	0	2	2
1832.0	0	1	1
1833.0	0	2	2
1839.0	0	2	2
1840.0	0	2	2
1841.0	0	2	2
1842.0	0	1	1
1845.0	0	1	1
1846.0	0	1	1
1848.0	0	1	1
1849.0	0	5	5
1850.0	0	1	1
1853.0	0	2	2
1856.0	0	1	1
1857.0	0	1	1
1859.0	0	1	1
1860.0	0	1	1
1864.0	0	1	1
1865.0	0	1	1
1866.0	0	1	1
1869.0	0	3	3
1871.0	0	1	1
1872.0	0	1	1
1874.0	0	1	1
1875.0	0	1	1
1876.0	0	2	2
1882.0	0	2	2
1884.0	0	1	1
1885.0	0	1	1
1888.0	0	1	1
1893.0	0	2	2
1896.0	0	1	1
1899.0	0	1	1
1904.0	0	3	3
1906.0	0	1	1
1907.0	0	1	1
1908.0	0	2	2
1909.0	0	1	1
1911.0	0	1	1
1913.0	0	2	2
1914.0	0	1	1
1915.0	0	1	1
1918.0	0	1	1
1922.0	0	1	1
1923.0	0	1	1
1926.0	0	1	1
1930.0	0	1	1
1931.0	0	2	2
1932.0	0	2	2
1938.0	0	1	1
1940.0	0	1	1
1941.0	0	1	1
1944.0	0	1	1
1947.0	0	2	2
1948.0	0	1	1
1950.0	0	1	1
1952.0	0	2	2
1954.0	0	1	1
1958.0	0	1	1
1961.0	0	1	1
1966.0	0	1	1
1969.0	0	1	1
1970.0	0	1	1
1972.0	0	1	1
1974.0	0	2	2
1975.0	0	1	1
1976.0	0	1	1
1977.0	0	1	1
1978.0	0	1	1
1980.0	0	2	2
1985.0	0	1	1
1987.0	0	1	1
1994.0	0	1	1
1995.0	0	1	1
1996.0	0	2	2
1997.0	0	1	1
2001.0	0	2	2
2004.0	0	1	1
2006.0	0	1	1
2010.0	0	2	2
2011.0	0	1	1
2012.0	0	1	1
2014.0	0	1	1
2016.0	0	1	1
2017.0	0	1	1
2018.0	0	1	1
2019.0	0	1	1
2025.0	0	1	1
2026.0	0	2	2
2028.0	0	1	1
2029.0	0	1	1
2031.0	0	2	2
2034.0	0	1	1
2035.0	0	1	1
2036.0	0	1	1
2038.0	0	1	1
2041.0	0	1	1
2042.0	0	2	2
2044.0	0	1	1
2046.0	0	1	1
2047.0	0	1	1
2049.0	0	1	1
2050.0	0	1	1
2053.0	0	1	1
2059.0	0	2	2
2060.0	0	1	1
2069.0	0	1	1
2080.0	0	1	1
2083.0	0	2	2
2084.0	0	2	2
2086.0	0	1	1
2089.0	0	3	3
2090.0	0	1	1
2096.0	0	1	1
2097.0	0	2	2
2100.0	0	2	2
2103.0	0	1	1
2106.0	0	1	1
2107.0	0	1	1
2108.0	0	1	1
2110.0	0	1	1
2113.0	0	2	2
2115.0	0	1	1
2119.0	0	2	2
2121.0	0	1	1
2124.0	0	1	1
2126.0	0	2	2
2127.0	0	4	4
2133.0	0	1	1
2134.0	0	1	1
2135.0	0	1	1
2136.0	0	1	1
2137.0	0	1	1
2139.0	0	1	1
2145.0	0	1	1
2147.0	0	1	1
2150.0	0	1	1
2152.0	0	1	1
2162.0	0	1	1
2163.0	0	2	2
2164.0	0	1	1
2170.0	0	1	1
2177.0	0	1	1
2179.0	0	1	1
2180.0	0	1	1
2182.0	0	1	1
2188.0	0	1	1
2189.0	0	1	1
2199.0	0	1	1
2200.0	0	1	1
2203.0	0	1	1
2204.0	0	2	2
2209.0	0	2	2
2210.0	0	1	1
2211.0	0	1	1
2214.0	0	1	1
2222.0	0	1	1
2223.0	0	1	1
2225.0	0	1	1
2228.0	0	1	1
2235.0	0	1	1
2238.0	0	1	1
2239.0	0	1	1
2241.0	0	1	1
2245.0	0	1	1
2246.0	0	1	1
2250.0	0	1	1
2258.0	0	1	1
2267.0	0	1	1
2269.0	0	1	1
2276.0	0	1	1
2277.0	0	2	2
2278.0	0	2	2
2288.0	0	1	1
2289.0	0	1	1
2290.0	0	1	1
2293.0	0	1	1
2294.0	0	1	1
2295.0	0	1	1
2298.0	0	1	1
2299.0	0	1	1
2304.0	0	1	1
2305.0	0	1	1
2319.0	0	1	1
2323.0	0	1	1
2324.0	0	1	1
2333.0	0	1	1
2336.0	0	2	2
2341.0	0	1	1
2342.0	0	2	2
2344.0	0	1	1
2353.0	0	1	1
2357.0	0	1	1
2358.0	0	1	1
2363.0	0	1	1
2370.0	0	1	1
2373.0	0	2	2
2374.0	0	1	1
2376.0	0	1	1
2378.0	0	1	1
2379.0	0	1	1
2382.0	0	1	1
2384.0	0	1	1
2385.0	0	1	1
2390.0	0	1	1
2393.0	0	1	1
2394.0	0	1	1
2396.0	0	1	1
2399.0	0	1	1
2402.0	0	1	1
2409.0	0	1	1
2413.0	0	2	2
2414.0	0	1	1
2416.0	0	2	2
2417.0	0	1	1
2421.0	0	1	1
2424.0	0	1	1
2430.0	0	1	1
2434.0	0	1	1
2436.0	0	1	1
2437.0	0	1	1
2439.0	0	1	1
2442.0	0	1	1
2444.0	0	2	2
2445.0	0	2	2
2446.0	0	2	2
2448.0	0	1	1
2453.0	0	1	1
2454.0	0	1	1
2460.0	0	1	1
2465.0	0	1	1
2467.0	0	2	2
2470.0	0	1	1
2471.0	0	1	1
2473.0	0	1	1
2478.0	0	2	2
2482.0	0	1	1
2483.0	0	1	1
2484.0	0	1	1
2488.0	0	1	1
2489.0	0	1	1
2492.0	0	1	1
2496.0	0	1	1
2499.0	0	1	1
2504.0	0	1	1
2507.0	0	1	1
2508.0	0	1	1
2515.0	0	2	2
2519.0	0	1	1
2528.0	0	1	1
2531.0	0	1	1
2533.0	0	1	1
2534.0	0	2	2
2537.0	0	1	1
2542.0	0	2	2
2543.0	0	2	2
2545.0	0	1	1
2547.0	0	1	1
2558.0	0	1	1
2560.0	0	2	2
2567.0	0	2	2
2570.0	0	1	1
2575.0	0	1	1
2577.0	0	1	1
2582.0	0	1	1
2586.0	0	2	2
2589.0	0	2	2
2594.0	0	1	1
2597.0	0	1	1
2598.0	0	2	2
2600.0	0	1	1
2601.0	0	1	1
2603.0	0	1	1
2605.0	0	1	1
2613.0	0	1	1
2614.0	0	2	2
2617.0	0	1	1
2619.0	0	1	1
2620.0	0	1	1
2627.0	0	1	1
2628.0	0	1	1
2639.0	0	1	1
2643.0	0	1	1
2651.0	0	1	1
2653.0	0	1	1
2656.0	0	1	1
2657.0	0	1	1
2662.0	0	1	1
2665.0	0	1	1
2666.0	0	1	1
2675.0	0	1	1
2676.0	0	1	1
2681.0	0	1	1
2683.0	0	1	1
2685.0	0	2	2
2686.0	0	1	1
2700.0	0	1	1
2703.0	0	1	1
2705.0	0	1	1
2706.0	0	1	1
2721.0	0	1	1
2729.0	0	2	2
2746.0	0	1	1
2747.0	0	1	1
2754.0	0	1	1
2767.0	0	2	2
2778.0	0	1	1
2785.0	0	1	1
2786.0	0	1	1
2791.0	0	1	1
2798.0	0	1	1
2808.0	0	1	1
2821.0	0	2	2
2822.0	0	1	1
2823.0	0	1	1
2826.0	0	1	1
2837.0	0	2	2
2841.0	0	2	2
2842.0	0	1	1
2847.0	0	1	1
2849.0	0	1	1
2851.0	0	1	1
2853.0	0	1	1
2865.0	0	2	2
2871.0	0	1	1
2874.0	0	1	1
2877.0	0	1	1
2884.0	0	1	1
2894.0	0	2	2
2895.0	0	2	2
2905.0	0	1	1
2908.0	0	1	1
2914.0	0	1	1
2915.0	0	1	1
2921.0	0	1	1
2934.0	0	1	1
2936.0	0	1	1
2946.0	0	1	1
2954.0	0	1	1
2957.0	0	1	1
2961.0	0	1	1
2970.0	0	1	1
2975.0	0	1	1
2982.0	0	1	1
2986.0	0	1	1
2989.0	0	1	1
2992.0	0	1	1
2995.0	0	1	1
2996.0	0	1	1
3002.0	0	1	1
3004.0	0	1	1
3005.0	0	1	1
3009.0	0	1	1
3010.0	0	1	1
3015.0	0	1	1
3016.0	0	1	1
3018.0	0	1	1
3024.0	0	1	1
3029.0	0	1	1
3030.0	0	1	1
3031.0	0	1	1
3038.0	0	1	1
3039.0	0	1	1
3041.0	0	1	1
3042.0	0	1	1
3045.0	0	1	1
3049.0	0	1	1
3051.0	0	1	1
3057.0	0	1	1
3065.0	0	1	1
3069.0	0	1	1
3073.0	0	1	1
3083.0	0	1	1
3085.0	0	1	1
3092.0	0	1	1
3094.0	0	1	1
3095.0	0	1	1
3113.0	0	2	2
3124.0	0	1	1
3125.0	0	1	1
3133.0	0	1	1
3134.0	0	1	1
3148.0	0	1	1
3149.0	0	1	1
3157.0	0	2	2
3165.0	0	1	1
3167.0	0	1	1
3170.0	0	1	1
3183.0	0	1	1
3199.0	0	1	1
3208.0	0	1	1
3212.0	0	2	2
3223.0	0	1	1
3225.0	0	2	2
3231.0	0	1	1
3235.0	0	1	1
3242.0	0	1	1
3243.0	0	1	1
3266.0	0	1	1
3298.0	0	2	2
3302.0	0	1	1
3304.0	0	1	1
3305.0	0	1	1
3321.0	0	1	1
3324.0	0	1	1
3330.0	0	1	1
3335.0	0	1	1
3341.0	0	1	1
3344.0	0	1	1
3347.0	0	2	2
3360.0	0	1	1
3364.0	0	1	1
3381.0	0	1	1
3410.0	0	1	1
3412.0	0	1	1
3418.0	0	1	1
3422.0	0	1	1
3438.0	0	1	1
3466.0	0	1	1
3478.0	0	1	1
3494.0	0	1	1
3497.0	0	1	1
3498.0	0	1	1
3501.0	0	1	1
3507.0	0	1	1
3514.0	0	1	1
3516.0	0	1	1
3530.0	0	1	1
3531.0	0	1	1
3551.0	0	1	1
3552.0	0	1	1
3554.0	0	2	2
3563.0	0	1	1
3565.0	0	1	1
3598.0	0	1	1
3621.0	0	1	1
3628.0	0	1	1
3630.0	0	1	1
3644.0	0	1	1
3648.0	0	1	1
3650.0	0	1	1
3666.0	0	1	1
3669.0	0	1	1
3670.0	0	1	1
3679.0	0	2	2
3681.0	0	1	1
3682.0	0	1	1
3700.0	0	1	1
3709.0	0	1	1
3719.0	0	1	1
3720.0	0	1	1
3733.0	0	1	1
3739.0	0	1	1
3742.0	0	1	1
3749.0	0	1	1
3763.0	0	1	1
3774.0	0	1	1
3777.0	0	1	1
3778.0	0	1	1
3785.0	0	1	1
3795.0	0	1	1
3798.0	0	1	1
3799.0	0	1	1
3813.0	0	1	1
3816.0	0	1	1
3817.0	0	1	1
3838.0	0	1	1
3842.0	0	1	1
3852.0	0	1	1
3859.0	0	1	1
3877.0	0	1	1
3885.0	0	1	1
3889.0	0	1	1
3900.0	0	1	1
3917.0	0	1	1
3939.0	0	1	1
3942.0	0	1	1
3956.0	0	1	1
3966.0	0	1	1
3977.0	0	1	1
4002.0	0	1	1
4008.0	0	2	2
4039.0	0	1	1
4046.0	0	1	1
4088.0	0	1	1
4109.0	0	1	1
4130.0	0	1	1
4132.0	0	1	1
4135.0	0	1	1
4137.0	0	1	1
4138.0	0	2	2
4143.0	0	1	1
4157.0	0	1	1
4166.0	0	1	1
4170.0	0	1	1
4175.0	0	1	1
4178.0	0	1	1
4187.0	0	1	1
4200.0	0	1	1
4224.0	0	1	1
4239.0	0	1	1
4241.0	0	1	1
4242.0	0	1	1
4252.0	0	1	1
4254.0	0	1	1
4265.0	0	1	1
4278.0	0	1	1
4295.0	0	1	1
4329.0	0	1	1
4378.0	0	1	1
4385.0	0	1	1
4386.0	0	1	1
4387.0	0	1	1
4399.0	0	1	1
4406.0	0	1	1
4423.0	0	1	1
4426.0	0	1	1
4466.0	0	1	1
4473.0	0	1	1
4490.0	0	1	1
4505.0	0	1	1
4522.0	0	1	1
4532.0	0	1	1
4535.0	0	1	1
4564.0	0	1	1
4585.0	0	1	1
4592.0	0	1	1
4624.0	0	1	1
4637.0	0	1	1
4655.0	0	1	1
4748.0	0	1	1
4784.0	0	1	1
4807.0	0	1	1
4810.0	0	1	1
4820.0	0	1	1
4824.0	0	1	1
4837.0	0	1	1
4873.0	0	1	1
4949.0	0	1	1
4956.0	0	1	1
4976.0	0	1	1
5029.0	0	1	1
5062.0	0	1	1
5070.0	0	1	1
5073.0	0	1	1
5081.0	0	1	1
5098.0	0	1	1
5099.0	0	1	1
5104.0	0	1	1
5114.0	0	1	1
5119.0	0	1	1
5138.0	0	1	1
5140.0	0	1	1
5159.0	0	1	1
5204.0	0	1	1
5211.0	0	1	1
5246.0	0	1	1
5281.0	0	1	1
5299.0	0	1	1
5326.0	0	1	1
5364.0	0	1	1
5456.0	0	1	1
5466.0	0	1	1
5494.0	0	1	1
5534.0	0	1	1
5639.0	0	1	1
5695.0	0	1	1
5700.0	0	1	1
5760.0	0	1	1
5768.0	0	1	1
5782.0	0	1	1
5810.0	0	1	1
5843.0	0	1	1
5911.0	0	1	1
5955.0	0	1	1
5960.0	0	1	1
5962.0	0	1	1
5987.0	0	1	1
5995.0	0	1	1
6011.0	0	1	1
6055.0	0	1	1
6073.0	0	1	1
6080.0	0	1	1
6085.0	0	1	1
6158.0	0	1	1
6183.0	0	1	1
6325.0	0	1	1
6375.0	0	1	1
6525.0	0	1	1
6526.0	0	1	1
6582.0	0	1	1
6615.0	0	2	2
6631.0	0	1	1
6801.0	0	1	1
6804.0	0	1	1
6931.0	0	1	1
7040.0	0	1	1
7075.0	0	1	1
7080.0	0	1	1
7227.0	0	1	1
7231.0	0	1	1
7466.0	0	1	1
7525.0	0	1	1
7643.0	0	1	1
7662.0	0	1	1
7664.0	0	1	1
7695.0	0	1	1
7735.0	0	1	1
7748.0	0	1	1
7782.0	0	1	1
7789.0	0	1	1
7798.0	0	1	1
7809.0	0	1	1
7958.0	0	1	1
7987.0	0	1	1
7992.0	0	1	1
8114.0	0	1	1
8368.0	0	1	1
8481.0	0	1	1
8507.0	0	1	1
8607.0	0	1	1
8678.0	0	1	1
8773.0	0	1	1
8988.0	0	1	1
9162.0	0	1	1
9230.0	0	1	1
9571.0	0	1	1
9974.0	0	1	1
10023.0	0	1	1
10043.0	0	1	1
10292.0	0	1	1
10344.0	0	1	1
11537.0	0	1	1
11841.0	0	1	1
13987.0	0	1	1
14488.0	0	1	1
15542.0	0	1	1
15625.0	0	1	1
16101.0	0	1	1
16581.0	0	1	1
17404.0	0	1	1

