## htsjdk.samtools.metrics.StringHeader
# MarkDuplicates INPUT=[/home/chan/mice_microgravity/outputs_primary/picard/SRR13535304_sorted.bam] OUTPUT=/home/chan/mice_microgravity/outputs_primary/picard/SRR13535304_deduped.bam METRICS_FILE=/home/chan/mice_microgravity/outputs_primary/picard/SRR13535304_deduped.log REMOVE_DUPLICATES=true ASSUME_SORT_ORDER=coordinate TMP_DIR=[/home/chan/mice_microgravity/tmp] CREATE_INDEX=true    MAX_SEQUENCES_FOR_DISK_READ_ENDS_MAP=50000 MAX_FILE_HANDLES_FOR_READ_ENDS_MAP=8000 SORTING_COLLECTION_SIZE_RATIO=0.25 TAG_DUPLICATE_SET_MEMBERS=false REMOVE_SEQUENCING_DUPLICATES=false TAGGING_POLICY=DontTag CLEAR_DT=true DUPLEX_UMI=false ADD_PG_TAG_TO_READS=true ASSUME_SORTED=false DUPLICATE_SCORING_STRATEGY=SUM_OF_BASE_QUALITIES PROGRAM_RECORD_ID=MarkDuplicates PROGRAM_GROUP_NAME=MarkDuplicates READ_NAME_REGEX=<optimized capture of last three ':' separated fields as numeric values> OPTICAL_DUPLICATE_PIXEL_DISTANCE=100 MAX_OPTICAL_DUPLICATE_SET_SIZE=300000 VERBOSITY=INFO QUIET=false VALIDATION_STRINGENCY=STRICT COMPRESSION_LEVEL=5 MAX_RECORDS_IN_RAM=500000 CREATE_MD5_FILE=false GA4GH_CLIENT_SECRETS=client_secrets.json USE_JDK_DEFLATER=false USE_JDK_INFLATER=false
## htsjdk.samtools.metrics.StringHeader
# Started on: Sun Nov 21 14:12:00 PST 2021

## METRICS CLASS	picard.sam.DuplicationMetrics
LIBRARY	UNPAIRED_READS_EXAMINED	READ_PAIRS_EXAMINED	SECONDARY_OR_SUPPLEMENTARY_RDS	UNMAPPED_READS	UNPAIRED_READ_DUPLICATES	READ_PAIR_DUPLICATES	READ_PAIR_OPTICAL_DUPLICATES	PERCENT_DUPLICATION	ESTIMATED_LIBRARY_SIZE
Unknown Library	291002	10608769	5526806	0	266066	7808119	0	0.738419	2872105

## HISTOGRAM	java.lang.Double
BIN	CoverageMult	all_sets	non_optical_sets
1.0	1	1939863	1939863
2.0	1.024879	440290	440290
3.0	1.025498	136132	136132
4.0	1.025513	61094	61094
5.0	1.025514	36058	36058
6.0	1.025514	24987	24987
7.0	1.025514	18208	18208
8.0	1.025514	14350	14350
9.0	1.025514	11363	11363
10.0	1.025514	9456	9456
11.0	1.025514	8026	8026
12.0	1.025514	6795	6795
13.0	1.025514	5972	5972
14.0	1.025514	5360	5360
15.0	1.025514	4722	4722
16.0	1.025514	4094	4094
17.0	1.025514	3758	3758
18.0	1.025514	3271	3271
19.0	1.025514	3072	3072
20.0	1.025514	2780	2780
21.0	1.025514	2590	2590
22.0	1.025514	2289	2289
23.0	1.025514	2205	2205
24.0	1.025514	2024	2024
25.0	1.025514	1875	1875
26.0	1.025514	1814	1814
27.0	1.025514	1610	1610
28.0	1.025514	1476	1476
29.0	1.025514	1502	1502
30.0	1.025514	1368	1368
31.0	1.025514	1292	1292
32.0	1.025514	1241	1241
33.0	1.025514	1172	1172
34.0	1.025514	1083	1083
35.0	1.025514	1029	1029
36.0	1.025514	917	917
37.0	1.025514	956	956
38.0	1.025514	879	879
39.0	1.025514	813	813
40.0	1.025514	814	814
41.0	1.025514	753	753
42.0	1.025514	726	726
43.0	1.025514	689	689
44.0	1.025514	671	671
45.0	1.025514	644	644
46.0	1.025514	631	631
47.0	1.025514	610	610
48.0	1.025514	601	601
49.0	1.025514	546	546
50.0	1.025514	531	531
51.0	1.025514	535	535
52.0	1.025514	479	479
53.0	1.025514	492	492
54.0	1.025514	509	509
55.0	1.025514	402	402
56.0	1.025514	440	440
57.0	1.025514	416	416
58.0	1.025514	423	423
59.0	1.025514	402	402
60.0	1.025514	391	391
61.0	1.025514	354	354
62.0	1.025514	354	354
63.0	1.025514	358	358
64.0	1.025514	320	320
65.0	1.025514	334	334
66.0	1.025514	292	292
67.0	1.025514	300	300
68.0	1.025514	258	258
69.0	1.025514	300	300
70.0	1.025514	285	285
71.0	1.025514	285	285
72.0	1.025514	255	255
73.0	1.025514	257	257
74.0	1.025514	231	231
75.0	1.025514	246	246
76.0	1.025514	238	238
77.0	1.025514	219	219
78.0	1.025514	231	231
79.0	1.025514	270	270
80.0	1.025514	211	211
81.0	1.025514	203	203
82.0	1.025514	186	186
83.0	1.025514	215	215
84.0	1.025514	173	173
85.0	1.025514	222	222
86.0	1.025514	178	178
87.0	1.025514	188	188
88.0	1.025514	156	156
89.0	1.025514	164	164
90.0	1.025514	171	171
91.0	1.025514	194	194
92.0	1.025514	183	183
93.0	1.025514	148	148
94.0	1.025514	161	161
95.0	1.025514	132	132
96.0	1.025514	161	161
97.0	1.025514	153	153
98.0	1.025514	150	150
99.0	1.025514	144	144
100.0	1.025514	131	131
101.0	0	153	153
102.0	0	131	131
103.0	0	138	138
104.0	0	138	138
105.0	0	120	120
106.0	0	125	125
107.0	0	131	131
108.0	0	109	109
109.0	0	135	135
110.0	0	136	136
111.0	0	96	96
112.0	0	114	114
113.0	0	113	113
114.0	0	120	120
115.0	0	122	122
116.0	0	112	112
117.0	0	99	99
118.0	0	95	95
119.0	0	102	102
120.0	0	111	111
121.0	0	100	100
122.0	0	95	95
123.0	0	108	108
124.0	0	85	85
125.0	0	72	72
126.0	0	102	102
127.0	0	83	83
128.0	0	94	94
129.0	0	84	84
130.0	0	77	77
131.0	0	91	91
132.0	0	72	72
133.0	0	68	68
134.0	0	77	77
135.0	0	70	70
136.0	0	89	89
137.0	0	76	76
138.0	0	68	68
139.0	0	71	71
140.0	0	66	66
141.0	0	67	67
142.0	0	65	65
143.0	0	66	66
144.0	0	76	76
145.0	0	69	69
146.0	0	76	76
147.0	0	66	66
148.0	0	64	64
149.0	0	61	61
150.0	0	64	64
151.0	0	62	62
152.0	0	68	68
153.0	0	58	58
154.0	0	58	58
155.0	0	49	49
156.0	0	60	60
157.0	0	51	51
158.0	0	64	64
159.0	0	56	56
160.0	0	52	52
161.0	0	55	55
162.0	0	46	46
163.0	0	47	47
164.0	0	51	51
165.0	0	46	46
166.0	0	39	39
167.0	0	61	61
168.0	0	49	49
169.0	0	45	45
170.0	0	45	45
171.0	0	41	41
172.0	0	48	48
173.0	0	35	35
174.0	0	43	43
175.0	0	42	42
176.0	0	39	39
177.0	0	52	52
178.0	0	51	51
179.0	0	45	45
180.0	0	49	49
181.0	0	41	41
182.0	0	34	34
183.0	0	33	33
184.0	0	38	38
185.0	0	41	41
186.0	0	25	25
187.0	0	47	47
188.0	0	30	30
189.0	0	45	45
190.0	0	36	36
191.0	0	39	39
192.0	0	27	27
193.0	0	29	29
194.0	0	28	28
195.0	0	28	28
196.0	0	35	35
197.0	0	27	27
198.0	0	19	19
199.0	0	37	37
200.0	0	39	39
201.0	0	34	34
202.0	0	40	40
203.0	0	34	34
204.0	0	31	31
205.0	0	30	30
206.0	0	41	41
207.0	0	27	27
208.0	0	33	33
209.0	0	28	28
210.0	0	26	26
211.0	0	29	29
212.0	0	28	28
213.0	0	29	29
214.0	0	34	34
215.0	0	35	35
216.0	0	31	31
217.0	0	32	32
218.0	0	31	31
219.0	0	20	20
220.0	0	30	30
221.0	0	22	22
222.0	0	22	22
223.0	0	23	23
224.0	0	24	24
225.0	0	27	27
226.0	0	27	27
227.0	0	25	25
228.0	0	26	26
229.0	0	20	20
230.0	0	25	25
231.0	0	31	31
232.0	0	33	33
233.0	0	24	24
234.0	0	29	29
235.0	0	26	26
236.0	0	15	15
237.0	0	30	30
238.0	0	16	16
239.0	0	30	30
240.0	0	13	13
241.0	0	25	25
242.0	0	29	29
243.0	0	26	26
244.0	0	11	11
245.0	0	18	18
246.0	0	19	19
247.0	0	21	21
248.0	0	18	18
249.0	0	15	15
250.0	0	22	22
251.0	0	16	16
252.0	0	18	18
253.0	0	17	17
254.0	0	21	21
255.0	0	15	15
256.0	0	25	25
257.0	0	14	14
258.0	0	24	24
259.0	0	20	20
260.0	0	15	15
261.0	0	20	20
262.0	0	14	14
263.0	0	26	26
264.0	0	21	21
265.0	0	14	14
266.0	0	25	25
267.0	0	21	21
268.0	0	15	15
269.0	0	14	14
270.0	0	27	27
271.0	0	12	12
272.0	0	17	17
273.0	0	24	24
274.0	0	14	14
275.0	0	18	18
276.0	0	17	17
277.0	0	22	22
278.0	0	24	24
279.0	0	17	17
280.0	0	11	11
281.0	0	13	13
282.0	0	12	12
283.0	0	10	10
284.0	0	14	14
285.0	0	11	11
286.0	0	17	17
287.0	0	19	19
288.0	0	15	15
289.0	0	13	13
290.0	0	20	20
291.0	0	17	17
292.0	0	14	14
293.0	0	10	10
294.0	0	12	12
295.0	0	17	17
296.0	0	12	12
297.0	0	10	10
298.0	0	13	13
299.0	0	12	12
300.0	0	15	15
301.0	0	13	13
302.0	0	14	14
303.0	0	11	11
304.0	0	15	15
305.0	0	10	10
306.0	0	19	19
307.0	0	19	19
308.0	0	11	11
309.0	0	15	15
310.0	0	12	12
311.0	0	11	11
312.0	0	11	11
313.0	0	13	13
314.0	0	11	11
315.0	0	9	9
316.0	0	11	11
317.0	0	17	17
318.0	0	7	7
319.0	0	12	12
320.0	0	8	8
321.0	0	15	15
322.0	0	13	13
323.0	0	13	13
324.0	0	10	10
325.0	0	9	9
326.0	0	11	11
327.0	0	7	7
328.0	0	18	18
329.0	0	12	12
330.0	0	11	11
331.0	0	11	11
332.0	0	8	8
333.0	0	13	13
334.0	0	15	15
335.0	0	16	16
336.0	0	14	14
337.0	0	11	11
338.0	0	19	19
339.0	0	10	10
340.0	0	7	7
341.0	0	11	11
342.0	0	11	11
343.0	0	10	10
344.0	0	13	13
345.0	0	12	12
346.0	0	10	10
347.0	0	11	11
348.0	0	12	12
349.0	0	13	13
350.0	0	6	6
351.0	0	7	7
352.0	0	9	9
353.0	0	14	14
354.0	0	13	13
355.0	0	6	6
356.0	0	10	10
357.0	0	11	11
358.0	0	3	3
359.0	0	11	11
360.0	0	15	15
361.0	0	9	9
362.0	0	5	5
363.0	0	15	15
364.0	0	11	11
365.0	0	14	14
366.0	0	4	4
367.0	0	11	11
368.0	0	4	4
369.0	0	7	7
370.0	0	7	7
371.0	0	9	9
372.0	0	8	8
373.0	0	7	7
374.0	0	7	7
375.0	0	17	17
376.0	0	8	8
377.0	0	13	13
378.0	0	8	8
379.0	0	10	10
380.0	0	8	8
381.0	0	9	9
382.0	0	5	5
383.0	0	9	9
384.0	0	4	4
385.0	0	10	10
386.0	0	14	14
387.0	0	8	8
388.0	0	12	12
389.0	0	10	10
390.0	0	6	6
391.0	0	10	10
392.0	0	6	6
393.0	0	6	6
394.0	0	8	8
395.0	0	2	2
396.0	0	12	12
397.0	0	13	13
398.0	0	5	5
399.0	0	9	9
400.0	0	10	10
401.0	0	7	7
402.0	0	9	9
403.0	0	7	7
404.0	0	8	8
405.0	0	6	6
406.0	0	4	4
407.0	0	11	11
408.0	0	7	7
409.0	0	6	6
410.0	0	8	8
411.0	0	5	5
412.0	0	8	8
413.0	0	6	6
414.0	0	4	4
415.0	0	6	6
416.0	0	5	5
417.0	0	7	7
418.0	0	6	6
419.0	0	5	5
420.0	0	12	12
421.0	0	8	8
422.0	0	9	9
423.0	0	5	5
424.0	0	7	7
425.0	0	7	7
426.0	0	6	6
427.0	0	7	7
428.0	0	8	8
429.0	0	11	11
430.0	0	4	4
431.0	0	5	5
432.0	0	10	10
433.0	0	4	4
434.0	0	3	3
435.0	0	4	4
436.0	0	10	10
437.0	0	4	4
438.0	0	9	9
439.0	0	7	7
440.0	0	7	7
441.0	0	13	13
442.0	0	5	5
443.0	0	8	8
444.0	0	5	5
445.0	0	7	7
446.0	0	4	4
447.0	0	7	7
448.0	0	7	7
449.0	0	3	3
450.0	0	3	3
451.0	0	4	4
452.0	0	3	3
453.0	0	3	3
454.0	0	6	6
455.0	0	9	9
456.0	0	7	7
457.0	0	8	8
458.0	0	5	5
459.0	0	6	6
460.0	0	6	6
461.0	0	4	4
462.0	0	5	5
463.0	0	3	3
464.0	0	6	6
465.0	0	6	6
466.0	0	2	2
467.0	0	12	12
468.0	0	7	7
469.0	0	7	7
470.0	0	8	8
471.0	0	6	6
472.0	0	5	5
473.0	0	4	4
474.0	0	2	2
475.0	0	4	4
476.0	0	6	6
477.0	0	7	7
478.0	0	5	5
479.0	0	1	1
480.0	0	4	4
481.0	0	4	4
482.0	0	6	6
483.0	0	4	4
484.0	0	2	2
485.0	0	3	3
486.0	0	3	3
487.0	0	4	4
488.0	0	5	5
489.0	0	6	6
490.0	0	4	4
491.0	0	8	8
492.0	0	1	1
493.0	0	3	3
494.0	0	2	2
495.0	0	5	5
496.0	0	1	1
497.0	0	6	6
498.0	0	4	4
499.0	0	7	7
500.0	0	2	2
501.0	0	3	3
502.0	0	6	6
503.0	0	1	1
504.0	0	4	4
505.0	0	2	2
506.0	0	2	2
507.0	0	5	5
508.0	0	5	5
509.0	0	4	4
510.0	0	5	5
511.0	0	3	3
512.0	0	4	4
513.0	0	6	6
514.0	0	2	2
515.0	0	4	4
516.0	0	2	2
517.0	0	5	5
518.0	0	6	6
519.0	0	3	3
520.0	0	7	7
521.0	0	7	7
522.0	0	4	4
523.0	0	3	3
524.0	0	4	4
525.0	0	5	5
526.0	0	4	4
527.0	0	1	1
528.0	0	2	2
529.0	0	6	6
530.0	0	5	5
531.0	0	4	4
532.0	0	4	4
533.0	0	2	2
534.0	0	3	3
535.0	0	4	4
536.0	0	3	3
537.0	0	5	5
538.0	0	4	4
539.0	0	4	4
541.0	0	4	4
542.0	0	2	2
543.0	0	2	2
544.0	0	8	8
545.0	0	5	5
546.0	0	6	6
547.0	0	5	5
548.0	0	4	4
549.0	0	4	4
550.0	0	5	5
551.0	0	3	3
552.0	0	2	2
553.0	0	4	4
554.0	0	3	3
555.0	0	3	3
556.0	0	1	1
557.0	0	5	5
558.0	0	2	2
559.0	0	1	1
560.0	0	2	2
561.0	0	4	4
562.0	0	4	4
563.0	0	1	1
564.0	0	3	3
565.0	0	7	7
566.0	0	4	4
567.0	0	2	2
568.0	0	3	3
569.0	0	5	5
570.0	0	7	7
571.0	0	2	2
572.0	0	5	5
573.0	0	5	5
575.0	0	1	1
576.0	0	2	2
577.0	0	4	4
578.0	0	3	3
579.0	0	6	6
580.0	0	5	5
581.0	0	4	4
582.0	0	2	2
583.0	0	4	4
584.0	0	4	4
585.0	0	3	3
586.0	0	3	3
587.0	0	3	3
588.0	0	1	1
589.0	0	5	5
591.0	0	6	6
592.0	0	5	5
593.0	0	1	1
594.0	0	1	1
595.0	0	3	3
596.0	0	2	2
597.0	0	2	2
598.0	0	2	2
599.0	0	3	3
600.0	0	1	1
601.0	0	1	1
602.0	0	3	3
603.0	0	2	2
604.0	0	3	3
605.0	0	2	2
606.0	0	2	2
607.0	0	1	1
608.0	0	2	2
609.0	0	4	4
610.0	0	3	3
611.0	0	3	3
612.0	0	2	2
613.0	0	4	4
614.0	0	1	1
615.0	0	3	3
616.0	0	1	1
617.0	0	4	4
618.0	0	2	2
619.0	0	2	2
620.0	0	5	5
621.0	0	4	4
622.0	0	6	6
623.0	0	3	3
624.0	0	1	1
625.0	0	5	5
626.0	0	4	4
627.0	0	2	2
628.0	0	3	3
630.0	0	2	2
632.0	0	4	4
633.0	0	1	1
634.0	0	3	3
635.0	0	2	2
636.0	0	3	3
637.0	0	3	3
638.0	0	7	7
639.0	0	1	1
640.0	0	2	2
641.0	0	1	1
642.0	0	2	2
643.0	0	1	1
644.0	0	1	1
645.0	0	1	1
646.0	0	2	2
647.0	0	4	4
648.0	0	3	3
649.0	0	1	1
650.0	0	1	1
653.0	0	3	3
655.0	0	3	3
656.0	0	4	4
657.0	0	1	1
658.0	0	3	3
659.0	0	4	4
660.0	0	3	3
661.0	0	2	2
662.0	0	4	4
663.0	0	5	5
664.0	0	3	3
666.0	0	1	1
667.0	0	3	3
668.0	0	2	2
669.0	0	2	2
670.0	0	1	1
671.0	0	1	1
672.0	0	3	3
674.0	0	3	3
675.0	0	1	1
676.0	0	3	3
678.0	0	2	2
679.0	0	3	3
681.0	0	1	1
682.0	0	3	3
684.0	0	1	1
685.0	0	3	3
686.0	0	1	1
688.0	0	3	3
689.0	0	4	4
690.0	0	5	5
691.0	0	2	2
692.0	0	2	2
693.0	0	5	5
694.0	0	1	1
695.0	0	4	4
696.0	0	1	1
697.0	0	4	4
698.0	0	4	4
699.0	0	1	1
700.0	0	3	3
701.0	0	1	1
702.0	0	2	2
704.0	0	1	1
706.0	0	2	2
707.0	0	2	2
708.0	0	1	1
709.0	0	3	3
711.0	0	2	2
712.0	0	2	2
714.0	0	3	3
715.0	0	1	1
716.0	0	3	3
718.0	0	2	2
719.0	0	2	2
720.0	0	4	4
721.0	0	2	2
722.0	0	5	5
723.0	0	2	2
725.0	0	1	1
726.0	0	2	2
727.0	0	2	2
728.0	0	2	2
729.0	0	1	1
730.0	0	3	3
731.0	0	3	3
732.0	0	4	4
733.0	0	2	2
734.0	0	5	5
735.0	0	2	2
736.0	0	2	2
737.0	0	1	1
738.0	0	1	1
739.0	0	3	3
740.0	0	2	2
742.0	0	4	4
744.0	0	3	3
745.0	0	1	1
746.0	0	1	1
747.0	0	3	3
748.0	0	3	3
749.0	0	3	3
750.0	0	1	1
751.0	0	2	2
753.0	0	2	2
754.0	0	2	2
755.0	0	1	1
756.0	0	1	1
757.0	0	2	2
759.0	0	2	2
760.0	0	3	3
761.0	0	2	2
762.0	0	2	2
763.0	0	1	1
764.0	0	3	3
767.0	0	2	2
768.0	0	3	3
769.0	0	7	7
770.0	0	3	3
772.0	0	1	1
773.0	0	2	2
774.0	0	2	2
775.0	0	2	2
778.0	0	5	5
779.0	0	1	1
781.0	0	1	1
782.0	0	2	2
783.0	0	3	3
784.0	0	1	1
786.0	0	2	2
787.0	0	1	1
788.0	0	2	2
789.0	0	1	1
790.0	0	3	3
791.0	0	3	3
792.0	0	1	1
793.0	0	1	1
794.0	0	2	2
795.0	0	1	1
796.0	0	4	4
797.0	0	1	1
798.0	0	1	1
799.0	0	4	4
800.0	0	1	1
801.0	0	2	2
803.0	0	1	1
804.0	0	3	3
807.0	0	3	3
808.0	0	2	2
810.0	0	1	1
811.0	0	2	2
812.0	0	1	1
813.0	0	1	1
815.0	0	2	2
816.0	0	2	2
818.0	0	2	2
819.0	0	1	1
820.0	0	1	1
821.0	0	2	2
822.0	0	1	1
823.0	0	1	1
824.0	0	1	1
825.0	0	1	1
826.0	0	3	3
827.0	0	1	1
828.0	0	1	1
829.0	0	4	4
831.0	0	1	1
832.0	0	2	2
833.0	0	2	2
834.0	0	3	3
835.0	0	2	2
836.0	0	1	1
837.0	0	2	2
838.0	0	1	1
839.0	0	1	1
841.0	0	3	3
843.0	0	1	1
844.0	0	1	1
846.0	0	2	2
848.0	0	5	5
850.0	0	2	2
851.0	0	3	3
852.0	0	2	2
853.0	0	1	1
854.0	0	1	1
856.0	0	1	1
857.0	0	1	1
858.0	0	1	1
859.0	0	1	1
860.0	0	1	1
861.0	0	2	2
862.0	0	1	1
866.0	0	1	1
868.0	0	1	1
869.0	0	1	1
871.0	0	1	1
873.0	0	1	1
874.0	0	1	1
875.0	0	1	1
876.0	0	3	3
878.0	0	1	1
880.0	0	3	3
881.0	0	3	3
882.0	0	1	1
884.0	0	1	1
885.0	0	4	4
887.0	0	2	2
889.0	0	2	2
891.0	0	1	1
892.0	0	2	2
894.0	0	2	2
895.0	0	1	1
897.0	0	1	1
898.0	0	2	2
899.0	0	1	1
900.0	0	1	1
901.0	0	2	2
902.0	0	1	1
903.0	0	3	3
904.0	0	1	1
905.0	0	1	1
906.0	0	1	1
908.0	0	2	2
909.0	0	1	1
910.0	0	1	1
911.0	0	1	1
912.0	0	1	1
913.0	0	3	3
916.0	0	1	1
918.0	0	2	2
919.0	0	2	2
921.0	0	1	1
922.0	0	1	1
923.0	0	1	1
924.0	0	2	2
926.0	0	2	2
929.0	0	2	2
931.0	0	1	1
933.0	0	1	1
934.0	0	2	2
936.0	0	1	1
937.0	0	4	4
938.0	0	2	2
939.0	0	1	1
940.0	0	3	3
942.0	0	2	2
943.0	0	1	1
944.0	0	1	1
945.0	0	2	2
946.0	0	1	1
948.0	0	2	2
949.0	0	2	2
951.0	0	2	2
953.0	0	1	1
955.0	0	1	1
956.0	0	3	3
958.0	0	1	1
959.0	0	3	3
960.0	0	3	3
963.0	0	4	4
965.0	0	1	1
966.0	0	1	1
967.0	0	2	2
970.0	0	1	1
971.0	0	1	1
972.0	0	1	1
974.0	0	3	3
975.0	0	3	3
976.0	0	2	2
978.0	0	1	1
979.0	0	2	2
980.0	0	1	1
981.0	0	1	1
982.0	0	2	2
983.0	0	2	2
987.0	0	1	1
988.0	0	2	2
989.0	0	1	1
992.0	0	1	1
994.0	0	2	2
997.0	0	1	1
998.0	0	1	1
1000.0	0	1	1
1004.0	0	1	1
1007.0	0	1	1
1009.0	0	1	1
1010.0	0	1	1
1011.0	0	1	1
1015.0	0	2	2
1018.0	0	2	2
1019.0	0	2	2
1021.0	0	2	2
1023.0	0	1	1
1024.0	0	2	2
1025.0	0	1	1
1026.0	0	2	2
1028.0	0	1	1
1030.0	0	1	1
1031.0	0	2	2
1033.0	0	2	2
1034.0	0	1	1
1035.0	0	1	1
1040.0	0	2	2
1041.0	0	1	1
1043.0	0	1	1
1045.0	0	1	1
1046.0	0	1	1
1049.0	0	1	1
1050.0	0	1	1
1051.0	0	1	1
1055.0	0	1	1
1057.0	0	1	1
1058.0	0	2	2
1062.0	0	1	1
1063.0	0	1	1
1066.0	0	2	2
1068.0	0	1	1
1069.0	0	1	1
1070.0	0	1	1
1074.0	0	2	2
1076.0	0	1	1
1078.0	0	1	1
1080.0	0	1	1
1081.0	0	2	2
1083.0	0	2	2
1084.0	0	1	1
1085.0	0	3	3
1086.0	0	1	1
1089.0	0	2	2
1091.0	0	1	1
1094.0	0	1	1
1095.0	0	1	1
1100.0	0	1	1
1101.0	0	1	1
1102.0	0	1	1
1103.0	0	1	1
1105.0	0	1	1
1106.0	0	1	1
1110.0	0	2	2
1111.0	0	1	1
1112.0	0	3	3
1117.0	0	1	1
1118.0	0	1	1
1119.0	0	3	3
1120.0	0	1	1
1121.0	0	1	1
1122.0	0	2	2
1123.0	0	1	1
1125.0	0	1	1
1127.0	0	1	1
1130.0	0	1	1
1131.0	0	1	1
1132.0	0	2	2
1133.0	0	2	2
1134.0	0	2	2
1135.0	0	1	1
1137.0	0	1	1
1142.0	0	1	1
1144.0	0	1	1
1147.0	0	1	1
1152.0	0	3	3
1154.0	0	2	2
1155.0	0	1	1
1156.0	0	2	2
1158.0	0	1	1
1162.0	0	1	1
1163.0	0	1	1
1165.0	0	2	2
1169.0	0	2	2
1173.0	0	1	1
1177.0	0	1	1
1178.0	0	1	1
1179.0	0	1	1
1180.0	0	1	1
1182.0	0	1	1
1184.0	0	1	1
1189.0	0	1	1
1190.0	0	1	1
1194.0	0	2	2
1197.0	0	2	2
1199.0	0	1	1
1200.0	0	2	2
1201.0	0	1	1
1202.0	0	1	1
1204.0	0	1	1
1205.0	0	1	1
1209.0	0	1	1
1213.0	0	1	1
1215.0	0	1	1
1218.0	0	1	1
1224.0	0	1	1
1225.0	0	2	2
1226.0	0	1	1
1229.0	0	1	1
1231.0	0	1	1
1236.0	0	2	2
1237.0	0	1	1
1241.0	0	1	1
1244.0	0	2	2
1245.0	0	1	1
1247.0	0	1	1
1248.0	0	1	1
1251.0	0	1	1
1252.0	0	1	1
1256.0	0	1	1
1257.0	0	1	1
1258.0	0	1	1
1260.0	0	1	1
1263.0	0	1	1
1264.0	0	1	1
1265.0	0	1	1
1266.0	0	2	2
1267.0	0	1	1
1277.0	0	1	1
1278.0	0	1	1
1282.0	0	3	3
1283.0	0	2	2
1285.0	0	1	1
1287.0	0	2	2
1288.0	0	1	1
1289.0	0	1	1
1291.0	0	1	1
1292.0	0	1	1
1295.0	0	1	1
1297.0	0	1	1
1300.0	0	1	1
1301.0	0	1	1
1302.0	0	1	1
1303.0	0	2	2
1304.0	0	1	1
1306.0	0	1	1
1315.0	0	2	2
1317.0	0	1	1
1318.0	0	2	2
1323.0	0	1	1
1326.0	0	1	1
1334.0	0	1	1
1337.0	0	3	3
1344.0	0	1	1
1345.0	0	1	1
1348.0	0	2	2
1349.0	0	4	4
1355.0	0	1	1
1365.0	0	2	2
1369.0	0	1	1
1370.0	0	1	1
1371.0	0	1	1
1374.0	0	1	1
1375.0	0	2	2
1378.0	0	1	1
1380.0	0	2	2
1382.0	0	1	1
1388.0	0	1	1
1389.0	0	1	1
1396.0	0	1	1
1398.0	0	1	1
1401.0	0	1	1
1407.0	0	1	1
1413.0	0	1	1
1417.0	0	1	1
1419.0	0	1	1
1421.0	0	1	1
1426.0	0	1	1
1431.0	0	1	1
1434.0	0	1	1
1438.0	0	1	1
1441.0	0	1	1
1448.0	0	1	1
1449.0	0	2	2
1451.0	0	1	1
1453.0	0	1	1
1454.0	0	1	1
1456.0	0	1	1
1463.0	0	1	1
1479.0	0	1	1
1480.0	0	1	1
1481.0	0	1	1
1484.0	0	1	1
1486.0	0	1	1
1490.0	0	1	1
1492.0	0	2	2
1497.0	0	1	1
1498.0	0	1	1
1502.0	0	1	1
1504.0	0	1	1
1508.0	0	2	2
1509.0	0	1	1
1514.0	0	2	2
1515.0	0	1	1
1520.0	0	1	1
1530.0	0	2	2
1531.0	0	1	1
1533.0	0	1	1
1535.0	0	1	1
1536.0	0	2	2
1539.0	0	1	1
1547.0	0	1	1
1548.0	0	2	2
1553.0	0	1	1
1554.0	0	1	1
1556.0	0	1	1
1557.0	0	1	1
1563.0	0	1	1
1566.0	0	1	1
1574.0	0	1	1
1576.0	0	1	1
1577.0	0	1	1
1578.0	0	1	1
1585.0	0	1	1
1586.0	0	1	1
1590.0	0	1	1
1597.0	0	1	1
1605.0	0	1	1
1618.0	0	1	1
1627.0	0	1	1
1633.0	0	1	1
1635.0	0	1	1
1640.0	0	1	1
1643.0	0	1	1
1652.0	0	1	1
1656.0	0	1	1
1661.0	0	1	1
1664.0	0	1	1
1667.0	0	1	1
1676.0	0	1	1
1677.0	0	1	1
1680.0	0	1	1
1682.0	0	1	1
1687.0	0	1	1
1689.0	0	1	1
1708.0	0	1	1
1710.0	0	1	1
1711.0	0	1	1
1713.0	0	2	2
1721.0	0	1	1
1724.0	0	1	1
1738.0	0	1	1
1739.0	0	1	1
1748.0	0	1	1
1750.0	0	1	1
1762.0	0	1	1
1768.0	0	1	1
1776.0	0	1	1
1789.0	0	1	1
1792.0	0	1	1
1795.0	0	1	1
1803.0	0	1	1
1806.0	0	1	1
1822.0	0	1	1
1832.0	0	1	1
1841.0	0	1	1
1858.0	0	1	1
1869.0	0	1	1
1874.0	0	1	1
1879.0	0	1	1
1884.0	0	1	1
1890.0	0	1	1
1892.0	0	1	1
1897.0	0	1	1
1900.0	0	1	1
1901.0	0	1	1
1914.0	0	1	1
1920.0	0	1	1
1921.0	0	1	1
1925.0	0	2	2
1926.0	0	1	1
1934.0	0	1	1
1940.0	0	1	1
1948.0	0	1	1
1953.0	0	1	1
1955.0	0	1	1
1957.0	0	1	1
1959.0	0	1	1
1970.0	0	1	1
1975.0	0	1	1
1978.0	0	1	1
1982.0	0	1	1
1987.0	0	2	2
1990.0	0	2	2
1994.0	0	1	1
2014.0	0	1	1
2018.0	0	1	1
2019.0	0	1	1
2020.0	0	1	1
2034.0	0	1	1
2050.0	0	1	1
2051.0	0	1	1
2062.0	0	1	1
2068.0	0	1	1
2073.0	0	1	1
2082.0	0	2	2
2094.0	0	1	1
2097.0	0	1	1
2117.0	0	1	1
2124.0	0	2	2
2135.0	0	1	1
2151.0	0	1	1
2153.0	0	1	1
2165.0	0	1	1
2169.0	0	2	2
2172.0	0	1	1
2192.0	0	1	1
2210.0	0	1	1
2221.0	0	1	1
2227.0	0	1	1
2229.0	0	1	1
2231.0	0	1	1
2244.0	0	1	1
2256.0	0	1	1
2261.0	0	1	1
2262.0	0	1	1
2302.0	0	1	1
2311.0	0	1	1
2332.0	0	1	1
2363.0	0	1	1
2394.0	0	1	1
2398.0	0	1	1
2401.0	0	1	1
2430.0	0	1	1
2445.0	0	2	2
2463.0	0	1	1
2475.0	0	1	1
2494.0	0	1	1
2497.0	0	1	1
2518.0	0	1	1
2522.0	0	1	1
2550.0	0	1	1
2563.0	0	1	1
2565.0	0	1	1
2571.0	0	1	1
2593.0	0	1	1
2633.0	0	1	1
2655.0	0	1	1
2706.0	0	1	1
2719.0	0	1	1
2747.0	0	1	1
2757.0	0	1	1
2771.0	0	1	1
2863.0	0	1	1
2889.0	0	1	1
2897.0	0	1	1
2948.0	0	1	1
2950.0	0	1	1
2951.0	0	1	1
2969.0	0	1	1
3087.0	0	1	1
3156.0	0	1	1
3180.0	0	1	1
3230.0	0	1	1
3233.0	0	1	1
3244.0	0	1	1
3295.0	0	1	1
3326.0	0	1	1
3334.0	0	1	1
3349.0	0	1	1
3350.0	0	1	1
3394.0	0	1	1
3465.0	0	1	1
3477.0	0	1	1
3486.0	0	1	1
3500.0	0	1	1
3590.0	0	1	1
3698.0	0	1	1
3774.0	0	1	1
3818.0	0	1	1
3849.0	0	1	1
3871.0	0	1	1
3895.0	0	1	1
4016.0	0	1	1
4179.0	0	1	1
4526.0	0	1	1
4582.0	0	1	1
4634.0	0	1	1
4666.0	0	1	1
4742.0	0	1	1
4743.0	0	1	1
4975.0	0	1	1
4997.0	0	1	1
6561.0	0	1	1
6700.0	0	1	1
6926.0	0	1	1
7024.0	0	1	1
7057.0	0	1	1
7351.0	0	1	1
7979.0	0	1	1

