## htsjdk.samtools.metrics.StringHeader
# MarkDuplicates INPUT=[/home/chan/mice_microgravity/outputs_primary/picard/SRR13535288_sorted.bam] OUTPUT=/home/chan/mice_microgravity/outputs_primary/picard/SRR13535288_deduped.bam METRICS_FILE=/home/chan/mice_microgravity/outputs_primary/picard/SRR13535288_deduped.log REMOVE_DUPLICATES=true ASSUME_SORT_ORDER=coordinate TMP_DIR=[/home/chan/mice_microgravity/tmp] CREATE_INDEX=true    MAX_SEQUENCES_FOR_DISK_READ_ENDS_MAP=50000 MAX_FILE_HANDLES_FOR_READ_ENDS_MAP=8000 SORTING_COLLECTION_SIZE_RATIO=0.25 TAG_DUPLICATE_SET_MEMBERS=false REMOVE_SEQUENCING_DUPLICATES=false TAGGING_POLICY=DontTag CLEAR_DT=true DUPLEX_UMI=false ADD_PG_TAG_TO_READS=true ASSUME_SORTED=false DUPLICATE_SCORING_STRATEGY=SUM_OF_BASE_QUALITIES PROGRAM_RECORD_ID=MarkDuplicates PROGRAM_GROUP_NAME=MarkDuplicates READ_NAME_REGEX=<optimized capture of last three ':' separated fields as numeric values> OPTICAL_DUPLICATE_PIXEL_DISTANCE=100 MAX_OPTICAL_DUPLICATE_SET_SIZE=300000 VERBOSITY=INFO QUIET=false VALIDATION_STRINGENCY=STRICT COMPRESSION_LEVEL=5 MAX_RECORDS_IN_RAM=500000 CREATE_MD5_FILE=false GA4GH_CLIENT_SECRETS=client_secrets.json USE_JDK_DEFLATER=false USE_JDK_INFLATER=false
## htsjdk.samtools.metrics.StringHeader
# Started on: Sun Nov 21 14:44:59 PST 2021

## METRICS CLASS	picard.sam.DuplicationMetrics
LIBRARY	UNPAIRED_READS_EXAMINED	READ_PAIRS_EXAMINED	SECONDARY_OR_SUPPLEMENTARY_RDS	UNMAPPED_READS	UNPAIRED_READ_DUPLICATES	READ_PAIR_DUPLICATES	READ_PAIR_OPTICAL_DUPLICATES	PERCENT_DUPLICATION	ESTIMATED_LIBRARY_SIZE
Unknown Library	610556	29795268	12875723	0	554034	18387137	0	0.62006	12588659

## HISTOGRAM	java.lang.Double
BIN	CoverageMult	all_sets	non_optical_sets
1.0	1	8072602	8072602
2.0	1.093777	2004073	2004073
3.0	1.102571	583135	583135
4.0	1.103396	224210	224210
5.0	1.103473	114593	114593
6.0	1.103481	70281	70281
7.0	1.103481	48035	48035
8.0	1.103481	35027	35027
9.0	1.103481	27224	27224
10.0	1.103481	21220	21220
11.0	1.103481	17569	17569
12.0	1.103481	14403	14403
13.0	1.103481	12350	12350
14.0	1.103481	10645	10645
15.0	1.103481	9313	9313
16.0	1.103481	8155	8155
17.0	1.103481	7005	7005
18.0	1.103481	6411	6411
19.0	1.103481	5778	5778
20.0	1.103481	5220	5220
21.0	1.103481	4828	4828
22.0	1.103481	4290	4290
23.0	1.103481	4004	4004
24.0	1.103481	3710	3710
25.0	1.103481	3336	3336
26.0	1.103481	3123	3123
27.0	1.103481	2921	2921
28.0	1.103481	2664	2664
29.0	1.103481	2562	2562
30.0	1.103481	2370	2370
31.0	1.103481	2304	2304
32.0	1.103481	2129	2129
33.0	1.103481	2018	2018
34.0	1.103481	1992	1992
35.0	1.103481	1813	1813
36.0	1.103481	1670	1670
37.0	1.103481	1591	1591
38.0	1.103481	1587	1587
39.0	1.103481	1495	1495
40.0	1.103481	1383	1383
41.0	1.103481	1372	1372
42.0	1.103481	1260	1260
43.0	1.103481	1202	1202
44.0	1.103481	1244	1244
45.0	1.103481	1122	1122
46.0	1.103481	1073	1073
47.0	1.103481	1057	1057
48.0	1.103481	995	995
49.0	1.103481	965	965
50.0	1.103481	916	916
51.0	1.103481	925	925
52.0	1.103481	834	834
53.0	1.103481	833	833
54.0	1.103481	814	814
55.0	1.103481	732	732
56.0	1.103481	786	786
57.0	1.103481	730	730
58.0	1.103481	740	740
59.0	1.103481	712	712
60.0	1.103481	678	678
61.0	1.103481	603	603
62.0	1.103481	644	644
63.0	1.103481	629	629
64.0	1.103481	568	568
65.0	1.103481	555	555
66.0	1.103481	619	619
67.0	1.103481	515	515
68.0	1.103481	558	558
69.0	1.103481	522	522
70.0	1.103481	499	499
71.0	1.103481	483	483
72.0	1.103481	460	460
73.0	1.103481	476	476
74.0	1.103481	432	432
75.0	1.103481	453	453
76.0	1.103481	468	468
77.0	1.103481	425	425
78.0	1.103481	365	365
79.0	1.103481	417	417
80.0	1.103481	385	385
81.0	1.103481	358	358
82.0	1.103481	365	365
83.0	1.103481	394	394
84.0	1.103481	382	382
85.0	1.103481	344	344
86.0	1.103481	342	342
87.0	1.103481	355	355
88.0	1.103481	388	388
89.0	1.103481	328	328
90.0	1.103481	317	317
91.0	1.103481	327	327
92.0	1.103481	316	316
93.0	1.103481	303	303
94.0	1.103481	262	262
95.0	1.103481	286	286
96.0	1.103481	277	277
97.0	1.103481	296	296
98.0	1.103481	242	242
99.0	1.103481	252	252
100.0	1.103481	264	264
101.0	0	222	222
102.0	0	258	258
103.0	0	227	227
104.0	0	243	243
105.0	0	203	203
106.0	0	230	230
107.0	0	247	247
108.0	0	257	257
109.0	0	204	204
110.0	0	215	215
111.0	0	221	221
112.0	0	222	222
113.0	0	211	211
114.0	0	203	203
115.0	0	190	190
116.0	0	190	190
117.0	0	182	182
118.0	0	177	177
119.0	0	179	179
120.0	0	161	161
121.0	0	198	198
122.0	0	176	176
123.0	0	190	190
124.0	0	165	165
125.0	0	142	142
126.0	0	147	147
127.0	0	154	154
128.0	0	151	151
129.0	0	147	147
130.0	0	162	162
131.0	0	138	138
132.0	0	158	158
133.0	0	144	144
134.0	0	135	135
135.0	0	121	121
136.0	0	146	146
137.0	0	142	142
138.0	0	139	139
139.0	0	122	122
140.0	0	146	146
141.0	0	136	136
142.0	0	128	128
143.0	0	149	149
144.0	0	103	103
145.0	0	130	130
146.0	0	99	99
147.0	0	114	114
148.0	0	120	120
149.0	0	128	128
150.0	0	115	115
151.0	0	108	108
152.0	0	103	103
153.0	0	117	117
154.0	0	122	122
155.0	0	118	118
156.0	0	111	111
157.0	0	93	93
158.0	0	84	84
159.0	0	98	98
160.0	0	98	98
161.0	0	95	95
162.0	0	86	86
163.0	0	86	86
164.0	0	83	83
165.0	0	116	116
166.0	0	98	98
167.0	0	104	104
168.0	0	113	113
169.0	0	90	90
170.0	0	111	111
171.0	0	68	68
172.0	0	88	88
173.0	0	77	77
174.0	0	73	73
175.0	0	89	89
176.0	0	82	82
177.0	0	87	87
178.0	0	70	70
179.0	0	81	81
180.0	0	70	70
181.0	0	83	83
182.0	0	89	89
183.0	0	72	72
184.0	0	94	94
185.0	0	76	76
186.0	0	81	81
187.0	0	56	56
188.0	0	78	78
189.0	0	74	74
190.0	0	91	91
191.0	0	85	85
192.0	0	70	70
193.0	0	62	62
194.0	0	70	70
195.0	0	86	86
196.0	0	69	69
197.0	0	64	64
198.0	0	60	60
199.0	0	57	57
200.0	0	73	73
201.0	0	55	55
202.0	0	67	67
203.0	0	69	69
204.0	0	57	57
205.0	0	48	48
206.0	0	63	63
207.0	0	53	53
208.0	0	67	67
209.0	0	80	80
210.0	0	62	62
211.0	0	62	62
212.0	0	64	64
213.0	0	64	64
214.0	0	54	54
215.0	0	64	64
216.0	0	59	59
217.0	0	64	64
218.0	0	70	70
219.0	0	60	60
220.0	0	54	54
221.0	0	69	69
222.0	0	54	54
223.0	0	43	43
224.0	0	43	43
225.0	0	43	43
226.0	0	42	42
227.0	0	48	48
228.0	0	57	57
229.0	0	50	50
230.0	0	54	54
231.0	0	55	55
232.0	0	55	55
233.0	0	46	46
234.0	0	53	53
235.0	0	32	32
236.0	0	37	37
237.0	0	47	47
238.0	0	44	44
239.0	0	37	37
240.0	0	44	44
241.0	0	43	43
242.0	0	42	42
243.0	0	39	39
244.0	0	36	36
245.0	0	41	41
246.0	0	41	41
247.0	0	43	43
248.0	0	33	33
249.0	0	43	43
250.0	0	49	49
251.0	0	38	38
252.0	0	35	35
253.0	0	41	41
254.0	0	34	34
255.0	0	36	36
256.0	0	44	44
257.0	0	38	38
258.0	0	36	36
259.0	0	45	45
260.0	0	43	43
261.0	0	41	41
262.0	0	31	31
263.0	0	34	34
264.0	0	30	30
265.0	0	30	30
266.0	0	51	51
267.0	0	29	29
268.0	0	36	36
269.0	0	38	38
270.0	0	47	47
271.0	0	33	33
272.0	0	31	31
273.0	0	38	38
274.0	0	32	32
275.0	0	48	48
276.0	0	25	25
277.0	0	32	32
278.0	0	24	24
279.0	0	37	37
280.0	0	23	23
281.0	0	37	37
282.0	0	19	19
283.0	0	43	43
284.0	0	36	36
285.0	0	26	26
286.0	0	17	17
287.0	0	29	29
288.0	0	25	25
289.0	0	34	34
290.0	0	29	29
291.0	0	33	33
292.0	0	27	27
293.0	0	39	39
294.0	0	24	24
295.0	0	29	29
296.0	0	20	20
297.0	0	34	34
298.0	0	25	25
299.0	0	27	27
300.0	0	31	31
301.0	0	31	31
302.0	0	26	26
303.0	0	29	29
304.0	0	31	31
305.0	0	28	28
306.0	0	24	24
307.0	0	30	30
308.0	0	28	28
309.0	0	13	13
310.0	0	30	30
311.0	0	22	22
312.0	0	28	28
313.0	0	26	26
314.0	0	22	22
315.0	0	20	20
316.0	0	23	23
317.0	0	17	17
318.0	0	30	30
319.0	0	23	23
320.0	0	35	35
321.0	0	19	19
322.0	0	23	23
323.0	0	25	25
324.0	0	24	24
325.0	0	30	30
326.0	0	27	27
327.0	0	19	19
328.0	0	22	22
329.0	0	24	24
330.0	0	16	16
331.0	0	20	20
332.0	0	31	31
333.0	0	18	18
334.0	0	21	21
335.0	0	18	18
336.0	0	34	34
337.0	0	22	22
338.0	0	21	21
339.0	0	17	17
340.0	0	27	27
341.0	0	22	22
342.0	0	14	14
343.0	0	32	32
344.0	0	23	23
345.0	0	23	23
346.0	0	18	18
347.0	0	19	19
348.0	0	20	20
349.0	0	22	22
350.0	0	17	17
351.0	0	23	23
352.0	0	24	24
353.0	0	21	21
354.0	0	19	19
355.0	0	15	15
356.0	0	22	22
357.0	0	17	17
358.0	0	20	20
359.0	0	17	17
360.0	0	24	24
361.0	0	15	15
362.0	0	16	16
363.0	0	23	23
364.0	0	17	17
365.0	0	24	24
366.0	0	20	20
367.0	0	15	15
368.0	0	15	15
369.0	0	15	15
370.0	0	20	20
371.0	0	13	13
372.0	0	17	17
373.0	0	22	22
374.0	0	23	23
375.0	0	19	19
376.0	0	26	26
377.0	0	10	10
378.0	0	15	15
379.0	0	13	13
380.0	0	14	14
381.0	0	18	18
382.0	0	18	18
383.0	0	22	22
384.0	0	11	11
385.0	0	11	11
386.0	0	10	10
387.0	0	18	18
388.0	0	18	18
389.0	0	14	14
390.0	0	22	22
391.0	0	19	19
392.0	0	15	15
393.0	0	9	9
394.0	0	13	13
395.0	0	16	16
396.0	0	15	15
397.0	0	16	16
398.0	0	13	13
399.0	0	9	9
400.0	0	18	18
401.0	0	15	15
402.0	0	15	15
403.0	0	14	14
404.0	0	7	7
405.0	0	14	14
406.0	0	11	11
407.0	0	10	10
408.0	0	16	16
409.0	0	13	13
410.0	0	15	15
411.0	0	18	18
412.0	0	12	12
413.0	0	9	9
414.0	0	14	14
415.0	0	15	15
416.0	0	17	17
417.0	0	13	13
418.0	0	13	13
419.0	0	14	14
420.0	0	11	11
421.0	0	14	14
422.0	0	12	12
423.0	0	12	12
424.0	0	15	15
425.0	0	18	18
426.0	0	18	18
427.0	0	13	13
428.0	0	14	14
429.0	0	11	11
430.0	0	12	12
431.0	0	22	22
432.0	0	9	9
433.0	0	6	6
434.0	0	13	13
435.0	0	14	14
436.0	0	11	11
437.0	0	12	12
438.0	0	15	15
439.0	0	12	12
440.0	0	8	8
441.0	0	17	17
442.0	0	17	17
443.0	0	14	14
444.0	0	14	14
445.0	0	13	13
446.0	0	14	14
447.0	0	11	11
448.0	0	21	21
449.0	0	12	12
450.0	0	12	12
451.0	0	18	18
452.0	0	7	7
453.0	0	14	14
454.0	0	13	13
455.0	0	10	10
456.0	0	10	10
457.0	0	13	13
458.0	0	13	13
459.0	0	16	16
460.0	0	17	17
461.0	0	11	11
462.0	0	10	10
463.0	0	11	11
464.0	0	15	15
465.0	0	7	7
466.0	0	13	13
467.0	0	6	6
468.0	0	8	8
469.0	0	8	8
470.0	0	11	11
471.0	0	12	12
472.0	0	15	15
473.0	0	5	5
474.0	0	2	2
475.0	0	6	6
476.0	0	13	13
477.0	0	9	9
478.0	0	9	9
479.0	0	11	11
480.0	0	11	11
481.0	0	5	5
482.0	0	14	14
483.0	0	13	13
484.0	0	12	12
485.0	0	8	8
486.0	0	14	14
487.0	0	8	8
488.0	0	11	11
489.0	0	8	8
490.0	0	7	7
491.0	0	9	9
492.0	0	10	10
493.0	0	12	12
494.0	0	7	7
495.0	0	11	11
496.0	0	13	13
497.0	0	10	10
498.0	0	9	9
499.0	0	4	4
500.0	0	12	12
501.0	0	14	14
502.0	0	14	14
503.0	0	6	6
504.0	0	14	14
505.0	0	6	6
506.0	0	11	11
507.0	0	4	4
508.0	0	11	11
509.0	0	7	7
510.0	0	12	12
511.0	0	8	8
512.0	0	4	4
513.0	0	5	5
514.0	0	8	8
515.0	0	7	7
516.0	0	10	10
517.0	0	6	6
518.0	0	3	3
519.0	0	7	7
520.0	0	15	15
521.0	0	7	7
522.0	0	7	7
523.0	0	9	9
524.0	0	4	4
525.0	0	7	7
526.0	0	10	10
527.0	0	5	5
528.0	0	10	10
529.0	0	8	8
530.0	0	4	4
531.0	0	13	13
532.0	0	7	7
533.0	0	11	11
534.0	0	11	11
535.0	0	5	5
536.0	0	6	6
537.0	0	4	4
538.0	0	8	8
539.0	0	3	3
540.0	0	13	13
541.0	0	8	8
542.0	0	5	5
543.0	0	4	4
544.0	0	7	7
545.0	0	9	9
546.0	0	6	6
547.0	0	5	5
548.0	0	13	13
549.0	0	10	10
550.0	0	7	7
551.0	0	11	11
552.0	0	6	6
553.0	0	6	6
554.0	0	5	5
555.0	0	5	5
556.0	0	9	9
557.0	0	4	4
558.0	0	4	4
559.0	0	9	9
560.0	0	2	2
561.0	0	12	12
562.0	0	7	7
563.0	0	8	8
564.0	0	4	4
565.0	0	5	5
566.0	0	5	5
567.0	0	6	6
568.0	0	13	13
569.0	0	9	9
570.0	0	10	10
571.0	0	6	6
572.0	0	6	6
573.0	0	10	10
574.0	0	9	9
575.0	0	6	6
576.0	0	7	7
577.0	0	8	8
578.0	0	11	11
579.0	0	6	6
580.0	0	6	6
581.0	0	5	5
582.0	0	8	8
583.0	0	7	7
584.0	0	9	9
585.0	0	8	8
586.0	0	7	7
587.0	0	10	10
588.0	0	5	5
589.0	0	5	5
590.0	0	9	9
591.0	0	6	6
592.0	0	7	7
593.0	0	6	6
594.0	0	8	8
595.0	0	3	3
596.0	0	9	9
597.0	0	6	6
598.0	0	6	6
599.0	0	13	13
600.0	0	5	5
601.0	0	2	2
602.0	0	4	4
603.0	0	8	8
604.0	0	9	9
605.0	0	3	3
606.0	0	3	3
607.0	0	1	1
608.0	0	7	7
609.0	0	6	6
610.0	0	7	7
611.0	0	5	5
612.0	0	4	4
613.0	0	7	7
614.0	0	6	6
615.0	0	7	7
616.0	0	8	8
617.0	0	5	5
618.0	0	9	9
619.0	0	3	3
620.0	0	10	10
621.0	0	3	3
622.0	0	6	6
623.0	0	4	4
624.0	0	6	6
625.0	0	7	7
626.0	0	4	4
627.0	0	6	6
628.0	0	2	2
629.0	0	4	4
630.0	0	5	5
631.0	0	11	11
632.0	0	6	6
633.0	0	8	8
634.0	0	6	6
635.0	0	7	7
636.0	0	3	3
637.0	0	4	4
638.0	0	6	6
639.0	0	4	4
640.0	0	6	6
641.0	0	3	3
642.0	0	5	5
643.0	0	7	7
644.0	0	9	9
645.0	0	6	6
646.0	0	6	6
647.0	0	7	7
648.0	0	4	4
649.0	0	5	5
650.0	0	6	6
651.0	0	10	10
652.0	0	6	6
653.0	0	5	5
654.0	0	6	6
655.0	0	4	4
656.0	0	9	9
657.0	0	5	5
658.0	0	6	6
659.0	0	6	6
660.0	0	3	3
661.0	0	1	1
662.0	0	4	4
663.0	0	2	2
664.0	0	5	5
665.0	0	3	3
666.0	0	5	5
667.0	0	3	3
668.0	0	7	7
669.0	0	7	7
670.0	0	3	3
671.0	0	6	6
672.0	0	4	4
673.0	0	6	6
674.0	0	4	4
675.0	0	2	2
676.0	0	4	4
677.0	0	5	5
678.0	0	6	6
679.0	0	1	1
680.0	0	5	5
681.0	0	5	5
682.0	0	3	3
683.0	0	5	5
684.0	0	7	7
685.0	0	8	8
686.0	0	3	3
687.0	0	5	5
688.0	0	3	3
689.0	0	4	4
690.0	0	4	4
691.0	0	4	4
692.0	0	4	4
693.0	0	7	7
694.0	0	3	3
695.0	0	6	6
696.0	0	9	9
697.0	0	5	5
698.0	0	6	6
699.0	0	5	5
700.0	0	4	4
702.0	0	1	1
703.0	0	2	2
704.0	0	5	5
705.0	0	3	3
706.0	0	6	6
707.0	0	2	2
708.0	0	8	8
709.0	0	2	2
710.0	0	4	4
711.0	0	5	5
712.0	0	6	6
713.0	0	6	6
714.0	0	2	2
715.0	0	4	4
716.0	0	7	7
717.0	0	3	3
718.0	0	2	2
719.0	0	7	7
720.0	0	2	2
721.0	0	4	4
722.0	0	2	2
723.0	0	6	6
724.0	0	7	7
725.0	0	3	3
726.0	0	3	3
727.0	0	4	4
728.0	0	5	5
729.0	0	4	4
730.0	0	4	4
731.0	0	3	3
732.0	0	3	3
733.0	0	5	5
734.0	0	3	3
735.0	0	4	4
736.0	0	4	4
737.0	0	4	4
738.0	0	1	1
739.0	0	1	1
740.0	0	2	2
741.0	0	4	4
742.0	0	6	6
743.0	0	4	4
745.0	0	2	2
746.0	0	6	6
747.0	0	5	5
748.0	0	3	3
749.0	0	3	3
750.0	0	8	8
751.0	0	3	3
752.0	0	9	9
753.0	0	4	4
754.0	0	4	4
755.0	0	2	2
756.0	0	3	3
757.0	0	1	1
758.0	0	2	2
759.0	0	7	7
760.0	0	4	4
761.0	0	8	8
762.0	0	3	3
763.0	0	1	1
764.0	0	3	3
765.0	0	2	2
766.0	0	4	4
767.0	0	1	1
768.0	0	2	2
769.0	0	3	3
770.0	0	3	3
771.0	0	4	4
772.0	0	3	3
773.0	0	6	6
774.0	0	8	8
775.0	0	7	7
776.0	0	2	2
777.0	0	3	3
778.0	0	2	2
779.0	0	2	2
780.0	0	1	1
781.0	0	1	1
782.0	0	3	3
783.0	0	4	4
784.0	0	2	2
785.0	0	3	3
786.0	0	3	3
787.0	0	5	5
788.0	0	1	1
789.0	0	1	1
790.0	0	2	2
791.0	0	3	3
792.0	0	5	5
793.0	0	3	3
794.0	0	2	2
795.0	0	7	7
796.0	0	1	1
797.0	0	3	3
798.0	0	3	3
799.0	0	2	2
800.0	0	6	6
801.0	0	6	6
802.0	0	2	2
803.0	0	4	4
804.0	0	4	4
805.0	0	4	4
806.0	0	4	4
807.0	0	4	4
808.0	0	5	5
809.0	0	3	3
810.0	0	2	2
811.0	0	1	1
812.0	0	5	5
813.0	0	5	5
814.0	0	3	3
815.0	0	1	1
816.0	0	5	5
817.0	0	3	3
818.0	0	1	1
819.0	0	6	6
820.0	0	1	1
821.0	0	1	1
822.0	0	2	2
823.0	0	3	3
824.0	0	3	3
825.0	0	3	3
826.0	0	2	2
827.0	0	3	3
828.0	0	1	1
829.0	0	6	6
830.0	0	4	4
831.0	0	2	2
832.0	0	6	6
833.0	0	1	1
835.0	0	3	3
836.0	0	4	4
837.0	0	1	1
839.0	0	5	5
840.0	0	2	2
841.0	0	2	2
842.0	0	2	2
843.0	0	5	5
844.0	0	1	1
845.0	0	5	5
846.0	0	5	5
847.0	0	3	3
848.0	0	2	2
849.0	0	5	5
850.0	0	5	5
851.0	0	4	4
852.0	0	2	2
853.0	0	3	3
854.0	0	3	3
855.0	0	3	3
856.0	0	4	4
857.0	0	5	5
858.0	0	4	4
859.0	0	3	3
860.0	0	5	5
861.0	0	2	2
862.0	0	5	5
863.0	0	2	2
864.0	0	5	5
865.0	0	4	4
866.0	0	3	3
867.0	0	2	2
868.0	0	3	3
869.0	0	3	3
870.0	0	1	1
871.0	0	1	1
872.0	0	3	3
873.0	0	2	2
874.0	0	5	5
875.0	0	3	3
876.0	0	1	1
877.0	0	4	4
878.0	0	1	1
879.0	0	5	5
880.0	0	2	2
881.0	0	1	1
882.0	0	3	3
883.0	0	1	1
884.0	0	3	3
885.0	0	2	2
886.0	0	3	3
887.0	0	3	3
889.0	0	2	2
890.0	0	1	1
891.0	0	2	2
892.0	0	2	2
893.0	0	4	4
894.0	0	2	2
896.0	0	2	2
897.0	0	1	1
898.0	0	1	1
899.0	0	2	2
900.0	0	2	2
901.0	0	4	4
902.0	0	1	1
903.0	0	1	1
904.0	0	1	1
905.0	0	1	1
906.0	0	4	4
907.0	0	2	2
908.0	0	1	1
909.0	0	2	2
910.0	0	6	6
911.0	0	3	3
912.0	0	4	4
913.0	0	4	4
914.0	0	1	1
915.0	0	2	2
916.0	0	5	5
918.0	0	3	3
919.0	0	4	4
920.0	0	2	2
921.0	0	2	2
923.0	0	1	1
924.0	0	1	1
925.0	0	1	1
927.0	0	2	2
928.0	0	3	3
929.0	0	3	3
930.0	0	3	3
932.0	0	1	1
934.0	0	1	1
935.0	0	4	4
936.0	0	2	2
937.0	0	4	4
938.0	0	4	4
939.0	0	1	1
940.0	0	1	1
941.0	0	2	2
942.0	0	1	1
943.0	0	1	1
944.0	0	3	3
945.0	0	2	2
946.0	0	2	2
947.0	0	2	2
948.0	0	3	3
949.0	0	2	2
951.0	0	1	1
952.0	0	1	1
953.0	0	2	2
954.0	0	3	3
957.0	0	5	5
958.0	0	1	1
959.0	0	2	2
960.0	0	1	1
961.0	0	1	1
962.0	0	3	3
963.0	0	1	1
964.0	0	2	2
965.0	0	2	2
966.0	0	2	2
967.0	0	2	2
968.0	0	5	5
969.0	0	1	1
970.0	0	1	1
971.0	0	1	1
972.0	0	1	1
973.0	0	1	1
974.0	0	1	1
976.0	0	4	4
977.0	0	5	5
978.0	0	3	3
979.0	0	1	1
980.0	0	6	6
981.0	0	3	3
983.0	0	1	1
984.0	0	2	2
985.0	0	1	1
986.0	0	3	3
987.0	0	1	1
988.0	0	1	1
989.0	0	2	2
990.0	0	1	1
991.0	0	4	4
992.0	0	3	3
993.0	0	4	4
994.0	0	2	2
996.0	0	1	1
997.0	0	2	2
998.0	0	1	1
1000.0	0	3	3
1001.0	0	3	3
1002.0	0	3	3
1004.0	0	1	1
1005.0	0	5	5
1006.0	0	5	5
1008.0	0	5	5
1009.0	0	2	2
1011.0	0	3	3
1012.0	0	3	3
1013.0	0	2	2
1014.0	0	1	1
1015.0	0	3	3
1016.0	0	1	1
1017.0	0	1	1
1019.0	0	1	1
1021.0	0	1	1
1023.0	0	2	2
1024.0	0	3	3
1025.0	0	4	4
1026.0	0	3	3
1027.0	0	3	3
1028.0	0	1	1
1029.0	0	2	2
1030.0	0	2	2
1031.0	0	2	2
1032.0	0	1	1
1034.0	0	2	2
1035.0	0	2	2
1036.0	0	3	3
1037.0	0	2	2
1038.0	0	3	3
1039.0	0	1	1
1040.0	0	2	2
1041.0	0	4	4
1042.0	0	1	1
1043.0	0	2	2
1044.0	0	1	1
1046.0	0	1	1
1047.0	0	1	1
1048.0	0	1	1
1049.0	0	1	1
1050.0	0	1	1
1051.0	0	1	1
1052.0	0	2	2
1053.0	0	2	2
1054.0	0	2	2
1056.0	0	2	2
1057.0	0	3	3
1059.0	0	2	2
1060.0	0	2	2
1061.0	0	2	2
1062.0	0	1	1
1063.0	0	5	5
1064.0	0	1	1
1065.0	0	3	3
1069.0	0	2	2
1071.0	0	2	2
1072.0	0	1	1
1073.0	0	2	2
1074.0	0	2	2
1076.0	0	3	3
1077.0	0	1	1
1078.0	0	2	2
1079.0	0	3	3
1081.0	0	2	2
1082.0	0	2	2
1084.0	0	1	1
1085.0	0	2	2
1086.0	0	4	4
1087.0	0	1	1
1089.0	0	2	2
1090.0	0	3	3
1091.0	0	1	1
1092.0	0	1	1
1093.0	0	3	3
1094.0	0	1	1
1095.0	0	4	4
1097.0	0	1	1
1098.0	0	1	1
1099.0	0	3	3
1101.0	0	1	1
1103.0	0	3	3
1104.0	0	2	2
1105.0	0	1	1
1107.0	0	2	2
1109.0	0	3	3
1110.0	0	2	2
1111.0	0	2	2
1114.0	0	1	1
1115.0	0	3	3
1116.0	0	4	4
1118.0	0	1	1
1119.0	0	1	1
1120.0	0	3	3
1124.0	0	1	1
1126.0	0	2	2
1127.0	0	1	1
1129.0	0	1	1
1130.0	0	3	3
1131.0	0	1	1
1132.0	0	1	1
1133.0	0	1	1
1134.0	0	1	1
1135.0	0	5	5
1136.0	0	1	1
1138.0	0	1	1
1139.0	0	1	1
1141.0	0	4	4
1142.0	0	2	2
1144.0	0	1	1
1145.0	0	3	3
1146.0	0	1	1
1147.0	0	3	3
1148.0	0	3	3
1149.0	0	1	1
1150.0	0	1	1
1151.0	0	1	1
1152.0	0	4	4
1154.0	0	2	2
1155.0	0	1	1
1156.0	0	3	3
1157.0	0	1	1
1158.0	0	2	2
1159.0	0	1	1
1161.0	0	3	3
1162.0	0	1	1
1163.0	0	1	1
1165.0	0	1	1
1166.0	0	2	2
1167.0	0	3	3
1168.0	0	2	2
1169.0	0	1	1
1172.0	0	1	1
1173.0	0	4	4
1174.0	0	1	1
1176.0	0	2	2
1177.0	0	1	1
1178.0	0	2	2
1179.0	0	1	1
1180.0	0	1	1
1181.0	0	2	2
1182.0	0	1	1
1184.0	0	1	1
1185.0	0	1	1
1188.0	0	1	1
1189.0	0	2	2
1190.0	0	1	1
1191.0	0	1	1
1192.0	0	1	1
1193.0	0	4	4
1194.0	0	1	1
1195.0	0	1	1
1196.0	0	5	5
1197.0	0	1	1
1199.0	0	1	1
1200.0	0	1	1
1202.0	0	1	1
1203.0	0	1	1
1204.0	0	2	2
1206.0	0	1	1
1207.0	0	1	1
1208.0	0	1	1
1210.0	0	1	1
1211.0	0	1	1
1213.0	0	1	1
1214.0	0	1	1
1215.0	0	1	1
1218.0	0	1	1
1219.0	0	2	2
1220.0	0	1	1
1221.0	0	1	1
1222.0	0	2	2
1223.0	0	1	1
1227.0	0	1	1
1229.0	0	1	1
1230.0	0	1	1
1231.0	0	1	1
1232.0	0	3	3
1234.0	0	3	3
1235.0	0	1	1
1236.0	0	3	3
1237.0	0	2	2
1238.0	0	2	2
1241.0	0	1	1
1242.0	0	1	1
1243.0	0	2	2
1246.0	0	2	2
1247.0	0	2	2
1248.0	0	2	2
1249.0	0	1	1
1250.0	0	1	1
1251.0	0	1	1
1253.0	0	2	2
1254.0	0	2	2
1255.0	0	1	1
1256.0	0	2	2
1257.0	0	2	2
1258.0	0	2	2
1259.0	0	3	3
1260.0	0	1	1
1261.0	0	1	1
1262.0	0	1	1
1263.0	0	1	1
1264.0	0	1	1
1265.0	0	1	1
1266.0	0	1	1
1267.0	0	1	1
1268.0	0	1	1
1269.0	0	1	1
1270.0	0	2	2
1271.0	0	2	2
1272.0	0	2	2
1273.0	0	3	3
1274.0	0	1	1
1275.0	0	2	2
1276.0	0	1	1
1278.0	0	2	2
1279.0	0	1	1
1280.0	0	2	2
1282.0	0	1	1
1283.0	0	1	1
1284.0	0	2	2
1286.0	0	2	2
1288.0	0	1	1
1289.0	0	1	1
1290.0	0	2	2
1291.0	0	1	1
1292.0	0	1	1
1293.0	0	1	1
1294.0	0	1	1
1296.0	0	1	1
1297.0	0	1	1
1298.0	0	1	1
1299.0	0	1	1
1301.0	0	1	1
1304.0	0	2	2
1305.0	0	1	1
1307.0	0	3	3
1308.0	0	2	2
1309.0	0	1	1
1312.0	0	3	3
1313.0	0	2	2
1314.0	0	2	2
1316.0	0	1	1
1318.0	0	1	1
1319.0	0	1	1
1321.0	0	2	2
1323.0	0	2	2
1325.0	0	1	1
1326.0	0	3	3
1327.0	0	1	1
1328.0	0	1	1
1329.0	0	2	2
1330.0	0	1	1
1331.0	0	1	1
1334.0	0	1	1
1335.0	0	2	2
1336.0	0	1	1
1338.0	0	2	2
1341.0	0	1	1
1342.0	0	1	1
1346.0	0	1	1
1347.0	0	2	2
1350.0	0	1	1
1352.0	0	3	3
1353.0	0	1	1
1354.0	0	1	1
1355.0	0	2	2
1356.0	0	1	1
1357.0	0	2	2
1358.0	0	3	3
1360.0	0	1	1
1361.0	0	2	2
1362.0	0	1	1
1363.0	0	1	1
1365.0	0	1	1
1366.0	0	2	2
1367.0	0	2	2
1369.0	0	1	1
1370.0	0	1	1
1371.0	0	1	1
1374.0	0	2	2
1376.0	0	1	1
1377.0	0	2	2
1378.0	0	1	1
1389.0	0	1	1
1390.0	0	4	4
1391.0	0	2	2
1392.0	0	2	2
1394.0	0	1	1
1396.0	0	1	1
1397.0	0	2	2
1398.0	0	1	1
1400.0	0	1	1
1401.0	0	1	1
1407.0	0	1	1
1408.0	0	2	2
1410.0	0	2	2
1411.0	0	2	2
1412.0	0	1	1
1415.0	0	2	2
1417.0	0	1	1
1419.0	0	1	1
1423.0	0	1	1
1424.0	0	2	2
1425.0	0	1	1
1426.0	0	1	1
1428.0	0	1	1
1432.0	0	1	1
1435.0	0	1	1
1438.0	0	1	1
1439.0	0	3	3
1440.0	0	3	3
1441.0	0	1	1
1442.0	0	1	1
1443.0	0	2	2
1445.0	0	3	3
1446.0	0	2	2
1447.0	0	1	1
1449.0	0	1	1
1450.0	0	1	1
1452.0	0	2	2
1454.0	0	1	1
1458.0	0	1	1
1460.0	0	1	1
1463.0	0	2	2
1467.0	0	1	1
1468.0	0	1	1
1469.0	0	1	1
1471.0	0	1	1
1472.0	0	2	2
1474.0	0	1	1
1475.0	0	1	1
1477.0	0	2	2
1478.0	0	2	2
1479.0	0	3	3
1480.0	0	1	1
1481.0	0	3	3
1482.0	0	1	1
1484.0	0	1	1
1487.0	0	1	1
1493.0	0	1	1
1494.0	0	1	1
1495.0	0	1	1
1496.0	0	1	1
1497.0	0	3	3
1501.0	0	1	1
1503.0	0	1	1
1505.0	0	1	1
1506.0	0	1	1
1507.0	0	1	1
1508.0	0	1	1
1510.0	0	2	2
1514.0	0	1	1
1515.0	0	1	1
1518.0	0	2	2
1520.0	0	1	1
1521.0	0	4	4
1523.0	0	1	1
1526.0	0	1	1
1530.0	0	1	1
1532.0	0	1	1
1533.0	0	2	2
1539.0	0	1	1
1541.0	0	1	1
1542.0	0	2	2
1545.0	0	3	3
1547.0	0	2	2
1549.0	0	1	1
1554.0	0	1	1
1555.0	0	1	1
1556.0	0	1	1
1560.0	0	1	1
1563.0	0	3	3
1564.0	0	1	1
1567.0	0	1	1
1568.0	0	1	1
1569.0	0	1	1
1572.0	0	3	3
1575.0	0	1	1
1576.0	0	2	2
1580.0	0	2	2
1583.0	0	1	1
1589.0	0	1	1
1590.0	0	2	2
1591.0	0	2	2
1592.0	0	2	2
1596.0	0	2	2
1597.0	0	1	1
1598.0	0	2	2
1599.0	0	2	2
1600.0	0	2	2
1601.0	0	1	1
1602.0	0	2	2
1605.0	0	1	1
1612.0	0	1	1
1619.0	0	2	2
1628.0	0	1	1
1629.0	0	1	1
1631.0	0	1	1
1633.0	0	2	2
1637.0	0	1	1
1638.0	0	3	3
1640.0	0	1	1
1644.0	0	1	1
1650.0	0	1	1
1654.0	0	1	1
1655.0	0	1	1
1660.0	0	2	2
1661.0	0	1	1
1665.0	0	1	1
1668.0	0	1	1
1670.0	0	1	1
1673.0	0	1	1
1676.0	0	1	1
1677.0	0	1	1
1678.0	0	1	1
1680.0	0	1	1
1681.0	0	1	1
1682.0	0	2	2
1683.0	0	2	2
1687.0	0	3	3
1689.0	0	1	1
1692.0	0	3	3
1693.0	0	1	1
1694.0	0	1	1
1696.0	0	1	1
1698.0	0	1	1
1701.0	0	1	1
1702.0	0	2	2
1703.0	0	1	1
1704.0	0	2	2
1705.0	0	1	1
1707.0	0	1	1
1709.0	0	1	1
1710.0	0	2	2
1715.0	0	2	2
1717.0	0	1	1
1718.0	0	1	1
1722.0	0	1	1
1723.0	0	2	2
1724.0	0	1	1
1726.0	0	1	1
1728.0	0	1	1
1729.0	0	1	1
1730.0	0	1	1
1732.0	0	1	1
1733.0	0	2	2
1735.0	0	3	3
1736.0	0	3	3
1737.0	0	1	1
1741.0	0	1	1
1743.0	0	1	1
1746.0	0	1	1
1747.0	0	1	1
1749.0	0	1	1
1750.0	0	1	1
1753.0	0	2	2
1762.0	0	1	1
1763.0	0	1	1
1767.0	0	1	1
1769.0	0	1	1
1773.0	0	1	1
1774.0	0	1	1
1776.0	0	3	3
1779.0	0	1	1
1781.0	0	1	1
1784.0	0	1	1
1786.0	0	1	1
1788.0	0	1	1
1789.0	0	1	1
1790.0	0	1	1
1794.0	0	1	1
1799.0	0	4	4
1802.0	0	1	1
1804.0	0	1	1
1807.0	0	1	1
1808.0	0	2	2
1811.0	0	1	1
1813.0	0	1	1
1818.0	0	1	1
1820.0	0	1	1
1823.0	0	2	2
1830.0	0	1	1
1831.0	0	1	1
1832.0	0	2	2
1833.0	0	1	1
1842.0	0	1	1
1844.0	0	2	2
1846.0	0	1	1
1850.0	0	1	1
1851.0	0	1	1
1853.0	0	1	1
1855.0	0	1	1
1858.0	0	1	1
1862.0	0	1	1
1864.0	0	2	2
1867.0	0	1	1
1873.0	0	1	1
1877.0	0	1	1
1887.0	0	1	1
1891.0	0	1	1
1893.0	0	1	1
1894.0	0	1	1
1896.0	0	1	1
1899.0	0	1	1
1903.0	0	1	1
1915.0	0	1	1
1918.0	0	1	1
1919.0	0	1	1
1920.0	0	2	2
1922.0	0	1	1
1923.0	0	1	1
1926.0	0	1	1
1927.0	0	3	3
1929.0	0	2	2
1930.0	0	1	1
1931.0	0	1	1
1941.0	0	1	1
1943.0	0	1	1
1944.0	0	1	1
1946.0	0	1	1
1948.0	0	2	2
1950.0	0	2	2
1954.0	0	1	1
1959.0	0	2	2
1962.0	0	1	1
1963.0	0	3	3
1964.0	0	1	1
1965.0	0	1	1
1966.0	0	1	1
1973.0	0	1	1
1976.0	0	1	1
1977.0	0	1	1
1981.0	0	1	1
1983.0	0	2	2
1987.0	0	1	1
1989.0	0	1	1
1990.0	0	1	1
1993.0	0	1	1
2000.0	0	1	1
2001.0	0	1	1
2004.0	0	1	1
2006.0	0	1	1
2009.0	0	1	1
2013.0	0	2	2
2019.0	0	1	1
2025.0	0	2	2
2026.0	0	1	1
2029.0	0	1	1
2035.0	0	1	1
2036.0	0	1	1
2037.0	0	1	1
2042.0	0	1	1
2043.0	0	2	2
2046.0	0	1	1
2052.0	0	1	1
2054.0	0	1	1
2056.0	0	1	1
2060.0	0	1	1
2066.0	0	2	2
2067.0	0	1	1
2068.0	0	1	1
2072.0	0	1	1
2077.0	0	2	2
2081.0	0	2	2
2082.0	0	1	1
2089.0	0	1	1
2090.0	0	2	2
2091.0	0	1	1
2092.0	0	1	1
2096.0	0	1	1
2097.0	0	1	1
2101.0	0	1	1
2102.0	0	2	2
2103.0	0	2	2
2104.0	0	1	1
2108.0	0	1	1
2112.0	0	1	1
2119.0	0	1	1
2120.0	0	1	1
2121.0	0	1	1
2123.0	0	1	1
2127.0	0	1	1
2128.0	0	1	1
2131.0	0	1	1
2132.0	0	1	1
2141.0	0	1	1
2143.0	0	2	2
2159.0	0	1	1
2178.0	0	1	1
2179.0	0	1	1
2186.0	0	1	1
2197.0	0	1	1
2202.0	0	1	1
2204.0	0	1	1
2205.0	0	1	1
2207.0	0	1	1
2208.0	0	1	1
2214.0	0	1	1
2222.0	0	1	1
2227.0	0	1	1
2232.0	0	2	2
2248.0	0	1	1
2254.0	0	1	1
2255.0	0	2	2
2256.0	0	1	1
2259.0	0	1	1
2275.0	0	1	1
2281.0	0	2	2
2286.0	0	1	1
2292.0	0	1	1
2293.0	0	1	1
2299.0	0	1	1
2303.0	0	1	1
2308.0	0	1	1
2309.0	0	1	1
2313.0	0	1	1
2321.0	0	1	1
2323.0	0	2	2
2324.0	0	1	1
2334.0	0	1	1
2337.0	0	1	1
2342.0	0	1	1
2344.0	0	1	1
2345.0	0	1	1
2346.0	0	1	1
2348.0	0	1	1
2350.0	0	1	1
2354.0	0	1	1
2358.0	0	1	1
2366.0	0	1	1
2370.0	0	1	1
2375.0	0	2	2
2377.0	0	1	1
2380.0	0	1	1
2383.0	0	1	1
2393.0	0	1	1
2398.0	0	1	1
2401.0	0	1	1
2404.0	0	1	1
2409.0	0	2	2
2423.0	0	1	1
2424.0	0	1	1
2428.0	0	1	1
2430.0	0	1	1
2434.0	0	1	1
2435.0	0	2	2
2440.0	0	1	1
2442.0	0	1	1
2448.0	0	1	1
2454.0	0	1	1
2457.0	0	1	1
2463.0	0	1	1
2467.0	0	1	1
2476.0	0	1	1
2482.0	0	1	1
2485.0	0	1	1
2488.0	0	1	1
2490.0	0	1	1
2492.0	0	1	1
2507.0	0	1	1
2511.0	0	1	1
2512.0	0	1	1
2514.0	0	1	1
2515.0	0	1	1
2518.0	0	1	1
2522.0	0	1	1
2527.0	0	1	1
2533.0	0	1	1
2535.0	0	1	1
2542.0	0	1	1
2545.0	0	2	2
2547.0	0	1	1
2549.0	0	1	1
2551.0	0	1	1
2561.0	0	1	1
2562.0	0	1	1
2563.0	0	1	1
2586.0	0	1	1
2593.0	0	1	1
2603.0	0	1	1
2607.0	0	1	1
2613.0	0	1	1
2619.0	0	1	1
2625.0	0	1	1
2636.0	0	1	1
2644.0	0	1	1
2666.0	0	1	1
2675.0	0	1	1
2676.0	0	1	1
2683.0	0	1	1
2684.0	0	1	1
2685.0	0	1	1
2707.0	0	1	1
2715.0	0	1	1
2720.0	0	1	1
2736.0	0	1	1
2740.0	0	1	1
2745.0	0	1	1
2750.0	0	1	1
2761.0	0	1	1
2762.0	0	1	1
2769.0	0	1	1
2770.0	0	1	1
2771.0	0	1	1
2774.0	0	1	1
2781.0	0	1	1
2783.0	0	1	1
2831.0	0	1	1
2844.0	0	1	1
2856.0	0	1	1
2859.0	0	1	1
2863.0	0	1	1
2869.0	0	1	1
2873.0	0	1	1
2882.0	0	1	1
2895.0	0	1	1
2903.0	0	1	1
2908.0	0	1	1
2927.0	0	1	1
2931.0	0	1	1
2932.0	0	1	1
2940.0	0	1	1
2956.0	0	1	1
2969.0	0	1	1
2970.0	0	1	1
2976.0	0	2	2
2977.0	0	1	1
2991.0	0	1	1
3004.0	0	1	1
3018.0	0	1	1
3024.0	0	1	1
3043.0	0	1	1
3051.0	0	1	1
3061.0	0	1	1
3093.0	0	1	1
3098.0	0	1	1
3102.0	0	1	1
3103.0	0	2	2
3116.0	0	1	1
3118.0	0	1	1
3120.0	0	1	1
3124.0	0	1	1
3130.0	0	1	1
3140.0	0	1	1
3153.0	0	1	1
3160.0	0	1	1
3170.0	0	1	1
3178.0	0	1	1
3205.0	0	1	1
3214.0	0	1	1
3231.0	0	1	1
3238.0	0	1	1
3244.0	0	1	1
3249.0	0	1	1
3256.0	0	1	1
3271.0	0	1	1
3288.0	0	1	1
3311.0	0	1	1
3320.0	0	1	1
3323.0	0	1	1
3327.0	0	1	1
3332.0	0	1	1
3350.0	0	1	1
3370.0	0	1	1
3379.0	0	1	1
3384.0	0	1	1
3424.0	0	1	1
3435.0	0	1	1
3437.0	0	1	1
3469.0	0	1	1
3504.0	0	1	1
3531.0	0	1	1
3532.0	0	1	1
3533.0	0	1	1
3538.0	0	1	1
3540.0	0	1	1
3544.0	0	1	1
3551.0	0	1	1
3555.0	0	1	1
3557.0	0	1	1
3559.0	0	1	1
3560.0	0	1	1
3562.0	0	1	1
3587.0	0	1	1
3670.0	0	1	1
3679.0	0	1	1
3682.0	0	1	1
3683.0	0	1	1
3706.0	0	1	1
3710.0	0	1	1
3723.0	0	1	1
3770.0	0	1	1
3774.0	0	1	1
3783.0	0	1	1
3789.0	0	1	1
3802.0	0	1	1
3807.0	0	1	1
3808.0	0	1	1
3811.0	0	1	1
3817.0	0	1	1
3835.0	0	1	1
3837.0	0	1	1
3843.0	0	1	1
3847.0	0	1	1
3854.0	0	1	1
3870.0	0	1	1
3890.0	0	1	1
3912.0	0	2	2
3914.0	0	1	1
3930.0	0	1	1
3947.0	0	1	1
3949.0	0	1	1
3967.0	0	1	1
3972.0	0	1	1
4027.0	0	1	1
4031.0	0	1	1
4050.0	0	1	1
4064.0	0	1	1
4078.0	0	1	1
4150.0	0	1	1
4152.0	0	1	1
4154.0	0	1	1
4234.0	0	1	1
4246.0	0	1	1
4256.0	0	1	1
4335.0	0	1	1
4363.0	0	1	1
4366.0	0	1	1
4374.0	0	1	1
4432.0	0	1	1
4437.0	0	1	1
4512.0	0	1	1
4544.0	0	1	1
4566.0	0	1	1
4611.0	0	1	1
4684.0	0	1	1
4712.0	0	1	1
4754.0	0	1	1
4760.0	0	1	1
4826.0	0	1	1
4840.0	0	1	1
4926.0	0	1	1
5030.0	0	1	1
5085.0	0	1	1
5233.0	0	1	1
5235.0	0	1	1
5237.0	0	1	1
5298.0	0	1	1
5462.0	0	1	1
5488.0	0	1	1
5497.0	0	1	1
5512.0	0	1	1
5517.0	0	1	1
5552.0	0	1	1
5567.0	0	1	1
5606.0	0	1	1
5617.0	0	1	1
5648.0	0	1	1
5695.0	0	1	1
5877.0	0	1	1
5926.0	0	1	1
5951.0	0	1	1
5972.0	0	1	1
6149.0	0	1	1
6184.0	0	1	1
6227.0	0	1	1
6594.0	0	1	1
6681.0	0	1	1
6710.0	0	1	1
6991.0	0	1	1
7045.0	0	1	1
7048.0	0	1	1
7302.0	0	1	1
7306.0	0	1	1
7389.0	0	2	2
7444.0	0	1	1
7490.0	0	1	1
8110.0	0	1	1
8424.0	0	1	1
8509.0	0	1	1
10765.0	0	1	1
11286.0	0	1	1
11303.0	0	1	1
11858.0	0	1	1
12171.0	0	1	1
13267.0	0	1	1
13669.0	0	1	1

