## htsjdk.samtools.metrics.StringHeader
# MarkDuplicates INPUT=[/home/chan/mice_microgravity/outputs_primary/picard/SRR13535278_sorted.bam] OUTPUT=/home/chan/mice_microgravity/outputs_primary/picard/SRR13535278_deduped.bam METRICS_FILE=/home/chan/mice_microgravity/outputs_primary/picard/SRR13535278_deduped.log REMOVE_DUPLICATES=true ASSUME_SORT_ORDER=coordinate TMP_DIR=[/home/chan/mice_microgravity/tmp] CREATE_INDEX=true    MAX_SEQUENCES_FOR_DISK_READ_ENDS_MAP=50000 MAX_FILE_HANDLES_FOR_READ_ENDS_MAP=8000 SORTING_COLLECTION_SIZE_RATIO=0.25 TAG_DUPLICATE_SET_MEMBERS=false REMOVE_SEQUENCING_DUPLICATES=false TAGGING_POLICY=DontTag CLEAR_DT=true DUPLEX_UMI=false ADD_PG_TAG_TO_READS=true ASSUME_SORTED=false DUPLICATE_SCORING_STRATEGY=SUM_OF_BASE_QUALITIES PROGRAM_RECORD_ID=MarkDuplicates PROGRAM_GROUP_NAME=MarkDuplicates READ_NAME_REGEX=<optimized capture of last three ':' separated fields as numeric values> OPTICAL_DUPLICATE_PIXEL_DISTANCE=100 MAX_OPTICAL_DUPLICATE_SET_SIZE=300000 VERBOSITY=INFO QUIET=false VALIDATION_STRINGENCY=STRICT COMPRESSION_LEVEL=5 MAX_RECORDS_IN_RAM=500000 CREATE_MD5_FILE=false GA4GH_CLIENT_SECRETS=client_secrets.json USE_JDK_DEFLATER=false USE_JDK_INFLATER=false
## htsjdk.samtools.metrics.StringHeader
# Started on: Sun Nov 21 14:12:23 PST 2021

## METRICS CLASS	picard.sam.DuplicationMetrics
LIBRARY	UNPAIRED_READS_EXAMINED	READ_PAIRS_EXAMINED	SECONDARY_OR_SUPPLEMENTARY_RDS	UNMAPPED_READS	UNPAIRED_READ_DUPLICATES	READ_PAIR_DUPLICATES	READ_PAIR_OPTICAL_DUPLICATES	PERCENT_DUPLICATION	ESTIMATED_LIBRARY_SIZE
Unknown Library	403731	22152385	16678835	0	383721	18671605	0	0.843842	3486851

## HISTOGRAM	java.lang.Double
BIN	CoverageMult	all_sets	non_optical_sets
1.0	1	2459585	2459585
2.0	1.001741	509899	509899
3.0	1.001744	141522	141522
4.0	1.001744	61409	61409
5.0	1.001744	36801	36801
6.0	1.001744	26575	26575
7.0	1.001744	20408	20408
8.0	1.001744	16400	16400
9.0	1.001744	13945	13945
10.0	1.001744	11681	11681
11.0	1.001744	10044	10044
12.0	1.001744	8973	8973
13.0	1.001744	7878	7878
14.0	1.001744	7080	7080
15.0	1.001744	6272	6272
16.0	1.001744	5788	5788
17.0	1.001744	5377	5377
18.0	1.001744	4716	4716
19.0	1.001744	4393	4393
20.0	1.001744	4138	4138
21.0	1.001744	3870	3870
22.0	1.001744	3542	3542
23.0	1.001744	3280	3280
24.0	1.001744	3143	3143
25.0	1.001744	3046	3046
26.0	1.001744	2692	2692
27.0	1.001744	2592	2592
28.0	1.001744	2441	2441
29.0	1.001744	2362	2362
30.0	1.001744	2129	2129
31.0	1.001744	2069	2069
32.0	1.001744	2016	2016
33.0	1.001744	1882	1882
34.0	1.001744	1764	1764
35.0	1.001744	1702	1702
36.0	1.001744	1720	1720
37.0	1.001744	1592	1592
38.0	1.001744	1519	1519
39.0	1.001744	1477	1477
40.0	1.001744	1395	1395
41.0	1.001744	1371	1371
42.0	1.001744	1271	1271
43.0	1.001744	1305	1305
44.0	1.001744	1141	1141
45.0	1.001744	1100	1100
46.0	1.001744	1078	1078
47.0	1.001744	1081	1081
48.0	1.001744	1033	1033
49.0	1.001744	1035	1035
50.0	1.001744	975	975
51.0	1.001744	947	947
52.0	1.001744	903	903
53.0	1.001744	951	951
54.0	1.001744	922	922
55.0	1.001744	808	808
56.0	1.001744	788	788
57.0	1.001744	845	845
58.0	1.001744	824	824
59.0	1.001744	808	808
60.0	1.001744	806	806
61.0	1.001744	722	722
62.0	1.001744	715	715
63.0	1.001744	666	666
64.0	1.001744	652	652
65.0	1.001744	647	647
66.0	1.001744	665	665
67.0	1.001744	622	622
68.0	1.001744	624	624
69.0	1.001744	597	597
70.0	1.001744	560	560
71.0	1.001744	584	584
72.0	1.001744	537	537
73.0	1.001744	524	524
74.0	1.001744	538	538
75.0	1.001744	504	504
76.0	1.001744	461	461
77.0	1.001744	460	460
78.0	1.001744	473	473
79.0	1.001744	478	478
80.0	1.001744	431	431
81.0	1.001744	443	443
82.0	1.001744	438	438
83.0	1.001744	445	445
84.0	1.001744	417	417
85.0	1.001744	404	404
86.0	1.001744	414	414
87.0	1.001744	397	397
88.0	1.001744	365	365
89.0	1.001744	389	389
90.0	1.001744	354	354
91.0	1.001744	389	389
92.0	1.001744	380	380
93.0	1.001744	344	344
94.0	1.001744	372	372
95.0	1.001744	358	358
96.0	1.001744	356	356
97.0	1.001744	321	321
98.0	1.001744	345	345
99.0	1.001744	323	323
100.0	1.001744	299	299
101.0	0	290	290
102.0	0	256	256
103.0	0	285	285
104.0	0	288	288
105.0	0	278	278
106.0	0	277	277
107.0	0	275	275
108.0	0	262	262
109.0	0	287	287
110.0	0	253	253
111.0	0	282	282
112.0	0	230	230
113.0	0	279	279
114.0	0	246	246
115.0	0	221	221
116.0	0	234	234
117.0	0	235	235
118.0	0	235	235
119.0	0	234	234
120.0	0	209	209
121.0	0	195	195
122.0	0	228	228
123.0	0	202	202
124.0	0	206	206
125.0	0	225	225
126.0	0	211	211
127.0	0	195	195
128.0	0	204	204
129.0	0	208	208
130.0	0	195	195
131.0	0	192	192
132.0	0	194	194
133.0	0	198	198
134.0	0	191	191
135.0	0	201	201
136.0	0	184	184
137.0	0	173	173
138.0	0	184	184
139.0	0	158	158
140.0	0	159	159
141.0	0	171	171
142.0	0	158	158
143.0	0	168	168
144.0	0	181	181
145.0	0	156	156
146.0	0	153	153
147.0	0	151	151
148.0	0	178	178
149.0	0	143	143
150.0	0	155	155
151.0	0	158	158
152.0	0	141	141
153.0	0	151	151
154.0	0	124	124
155.0	0	136	136
156.0	0	143	143
157.0	0	150	150
158.0	0	155	155
159.0	0	113	113
160.0	0	131	131
161.0	0	132	132
162.0	0	109	109
163.0	0	119	119
164.0	0	127	127
165.0	0	137	137
166.0	0	138	138
167.0	0	121	121
168.0	0	124	124
169.0	0	117	117
170.0	0	109	109
171.0	0	130	130
172.0	0	111	111
173.0	0	118	118
174.0	0	135	135
175.0	0	132	132
176.0	0	119	119
177.0	0	114	114
178.0	0	116	116
179.0	0	95	95
180.0	0	120	120
181.0	0	110	110
182.0	0	112	112
183.0	0	106	106
184.0	0	124	124
185.0	0	104	104
186.0	0	87	87
187.0	0	98	98
188.0	0	91	91
189.0	0	98	98
190.0	0	75	75
191.0	0	110	110
192.0	0	86	86
193.0	0	117	117
194.0	0	80	80
195.0	0	84	84
196.0	0	77	77
197.0	0	101	101
198.0	0	75	75
199.0	0	85	85
200.0	0	108	108
201.0	0	96	96
202.0	0	101	101
203.0	0	78	78
204.0	0	93	93
205.0	0	86	86
206.0	0	83	83
207.0	0	103	103
208.0	0	80	80
209.0	0	82	82
210.0	0	84	84
211.0	0	76	76
212.0	0	82	82
213.0	0	87	87
214.0	0	77	77
215.0	0	77	77
216.0	0	63	63
217.0	0	71	71
218.0	0	90	90
219.0	0	76	76
220.0	0	78	78
221.0	0	74	74
222.0	0	74	74
223.0	0	59	59
224.0	0	65	65
225.0	0	66	66
226.0	0	76	76
227.0	0	82	82
228.0	0	74	74
229.0	0	70	70
230.0	0	88	88
231.0	0	60	60
232.0	0	51	51
233.0	0	77	77
234.0	0	63	63
235.0	0	63	63
236.0	0	76	76
237.0	0	64	64
238.0	0	53	53
239.0	0	54	54
240.0	0	64	64
241.0	0	51	51
242.0	0	66	66
243.0	0	55	55
244.0	0	66	66
245.0	0	68	68
246.0	0	54	54
247.0	0	57	57
248.0	0	64	64
249.0	0	59	59
250.0	0	66	66
251.0	0	51	51
252.0	0	57	57
253.0	0	51	51
254.0	0	60	60
255.0	0	56	56
256.0	0	59	59
257.0	0	64	64
258.0	0	45	45
259.0	0	62	62
260.0	0	49	49
261.0	0	68	68
262.0	0	57	57
263.0	0	64	64
264.0	0	65	65
265.0	0	42	42
266.0	0	70	70
267.0	0	56	56
268.0	0	58	58
269.0	0	49	49
270.0	0	74	74
271.0	0	44	44
272.0	0	42	42
273.0	0	55	55
274.0	0	47	47
275.0	0	44	44
276.0	0	45	45
277.0	0	37	37
278.0	0	42	42
279.0	0	34	34
280.0	0	46	46
281.0	0	31	31
282.0	0	40	40
283.0	0	46	46
284.0	0	44	44
285.0	0	30	30
286.0	0	43	43
287.0	0	48	48
288.0	0	52	52
289.0	0	39	39
290.0	0	45	45
291.0	0	47	47
292.0	0	39	39
293.0	0	47	47
294.0	0	45	45
295.0	0	42	42
296.0	0	35	35
297.0	0	39	39
298.0	0	41	41
299.0	0	34	34
300.0	0	23	23
301.0	0	40	40
302.0	0	45	45
303.0	0	25	25
304.0	0	42	42
305.0	0	36	36
306.0	0	39	39
307.0	0	40	40
308.0	0	40	40
309.0	0	31	31
310.0	0	32	32
311.0	0	32	32
312.0	0	36	36
313.0	0	40	40
314.0	0	29	29
315.0	0	36	36
316.0	0	45	45
317.0	0	46	46
318.0	0	40	40
319.0	0	40	40
320.0	0	27	27
321.0	0	40	40
322.0	0	35	35
323.0	0	27	27
324.0	0	26	26
325.0	0	31	31
326.0	0	29	29
327.0	0	43	43
328.0	0	30	30
329.0	0	45	45
330.0	0	30	30
331.0	0	27	27
332.0	0	33	33
333.0	0	32	32
334.0	0	34	34
335.0	0	28	28
336.0	0	35	35
337.0	0	27	27
338.0	0	24	24
339.0	0	29	29
340.0	0	33	33
341.0	0	21	21
342.0	0	30	30
343.0	0	27	27
344.0	0	22	22
345.0	0	36	36
346.0	0	35	35
347.0	0	27	27
348.0	0	26	26
349.0	0	26	26
350.0	0	20	20
351.0	0	25	25
352.0	0	33	33
353.0	0	29	29
354.0	0	36	36
355.0	0	29	29
356.0	0	33	33
357.0	0	31	31
358.0	0	26	26
359.0	0	28	28
360.0	0	26	26
361.0	0	33	33
362.0	0	26	26
363.0	0	35	35
364.0	0	22	22
365.0	0	26	26
366.0	0	23	23
367.0	0	21	21
368.0	0	28	28
369.0	0	27	27
370.0	0	34	34
371.0	0	27	27
372.0	0	19	19
373.0	0	24	24
374.0	0	19	19
375.0	0	25	25
376.0	0	25	25
377.0	0	23	23
378.0	0	24	24
379.0	0	21	21
380.0	0	33	33
381.0	0	28	28
382.0	0	22	22
383.0	0	24	24
384.0	0	22	22
385.0	0	15	15
386.0	0	17	17
387.0	0	28	28
388.0	0	17	17
389.0	0	25	25
390.0	0	20	20
391.0	0	23	23
392.0	0	31	31
393.0	0	26	26
394.0	0	26	26
395.0	0	25	25
396.0	0	22	22
397.0	0	19	19
398.0	0	22	22
399.0	0	19	19
400.0	0	19	19
401.0	0	30	30
402.0	0	15	15
403.0	0	23	23
404.0	0	32	32
405.0	0	25	25
406.0	0	28	28
407.0	0	23	23
408.0	0	25	25
409.0	0	27	27
410.0	0	20	20
411.0	0	23	23
412.0	0	34	34
413.0	0	16	16
414.0	0	26	26
415.0	0	23	23
416.0	0	24	24
417.0	0	26	26
418.0	0	17	17
419.0	0	18	18
420.0	0	22	22
421.0	0	20	20
422.0	0	19	19
423.0	0	23	23
424.0	0	19	19
425.0	0	20	20
426.0	0	31	31
427.0	0	14	14
428.0	0	24	24
429.0	0	15	15
430.0	0	17	17
431.0	0	14	14
432.0	0	14	14
433.0	0	20	20
434.0	0	28	28
435.0	0	25	25
436.0	0	23	23
437.0	0	20	20
438.0	0	16	16
439.0	0	15	15
440.0	0	27	27
441.0	0	25	25
442.0	0	21	21
443.0	0	13	13
444.0	0	16	16
445.0	0	15	15
446.0	0	22	22
447.0	0	13	13
448.0	0	12	12
449.0	0	18	18
450.0	0	15	15
451.0	0	9	9
452.0	0	10	10
453.0	0	22	22
454.0	0	19	19
455.0	0	15	15
456.0	0	18	18
457.0	0	16	16
458.0	0	19	19
459.0	0	16	16
460.0	0	13	13
461.0	0	17	17
462.0	0	13	13
463.0	0	23	23
464.0	0	11	11
465.0	0	19	19
466.0	0	21	21
467.0	0	9	9
468.0	0	18	18
469.0	0	21	21
470.0	0	13	13
471.0	0	17	17
472.0	0	21	21
473.0	0	17	17
474.0	0	18	18
475.0	0	18	18
476.0	0	15	15
477.0	0	14	14
478.0	0	13	13
479.0	0	18	18
480.0	0	20	20
481.0	0	14	14
482.0	0	17	17
483.0	0	14	14
484.0	0	13	13
485.0	0	17	17
486.0	0	18	18
487.0	0	9	9
488.0	0	15	15
489.0	0	16	16
490.0	0	21	21
491.0	0	12	12
492.0	0	10	10
493.0	0	19	19
494.0	0	12	12
495.0	0	14	14
496.0	0	12	12
497.0	0	16	16
498.0	0	18	18
499.0	0	17	17
500.0	0	9	9
501.0	0	11	11
502.0	0	14	14
503.0	0	19	19
504.0	0	13	13
505.0	0	12	12
506.0	0	16	16
507.0	0	20	20
508.0	0	16	16
509.0	0	12	12
510.0	0	22	22
511.0	0	8	8
512.0	0	18	18
513.0	0	15	15
514.0	0	9	9
515.0	0	11	11
516.0	0	7	7
517.0	0	9	9
518.0	0	11	11
519.0	0	19	19
520.0	0	11	11
521.0	0	9	9
522.0	0	15	15
523.0	0	14	14
524.0	0	15	15
525.0	0	13	13
526.0	0	16	16
527.0	0	9	9
528.0	0	13	13
529.0	0	8	8
530.0	0	10	10
531.0	0	3	3
532.0	0	13	13
533.0	0	17	17
534.0	0	16	16
535.0	0	10	10
536.0	0	13	13
537.0	0	16	16
538.0	0	9	9
539.0	0	7	7
540.0	0	13	13
541.0	0	9	9
542.0	0	10	10
543.0	0	9	9
544.0	0	14	14
545.0	0	12	12
546.0	0	11	11
547.0	0	7	7
548.0	0	6	6
549.0	0	6	6
550.0	0	9	9
551.0	0	16	16
552.0	0	10	10
553.0	0	10	10
554.0	0	12	12
555.0	0	10	10
556.0	0	11	11
557.0	0	7	7
558.0	0	8	8
559.0	0	10	10
560.0	0	13	13
561.0	0	10	10
562.0	0	9	9
563.0	0	11	11
564.0	0	17	17
565.0	0	7	7
566.0	0	14	14
567.0	0	10	10
568.0	0	11	11
569.0	0	11	11
570.0	0	12	12
571.0	0	6	6
572.0	0	11	11
573.0	0	18	18
574.0	0	15	15
575.0	0	13	13
576.0	0	10	10
577.0	0	12	12
578.0	0	11	11
579.0	0	12	12
580.0	0	9	9
581.0	0	10	10
582.0	0	6	6
583.0	0	10	10
584.0	0	6	6
585.0	0	13	13
586.0	0	14	14
587.0	0	12	12
588.0	0	15	15
589.0	0	10	10
590.0	0	7	7
591.0	0	14	14
592.0	0	8	8
593.0	0	5	5
594.0	0	11	11
595.0	0	14	14
596.0	0	5	5
597.0	0	9	9
598.0	0	3	3
599.0	0	6	6
600.0	0	14	14
601.0	0	6	6
602.0	0	6	6
603.0	0	9	9
604.0	0	6	6
605.0	0	10	10
606.0	0	11	11
607.0	0	9	9
608.0	0	7	7
609.0	0	6	6
610.0	0	8	8
611.0	0	15	15
612.0	0	13	13
613.0	0	6	6
614.0	0	5	5
615.0	0	13	13
616.0	0	5	5
617.0	0	12	12
618.0	0	7	7
619.0	0	11	11
620.0	0	10	10
621.0	0	4	4
622.0	0	9	9
623.0	0	7	7
624.0	0	11	11
625.0	0	7	7
626.0	0	11	11
627.0	0	17	17
628.0	0	9	9
629.0	0	10	10
630.0	0	9	9
631.0	0	13	13
632.0	0	10	10
633.0	0	10	10
634.0	0	8	8
635.0	0	11	11
636.0	0	10	10
637.0	0	9	9
638.0	0	3	3
639.0	0	5	5
640.0	0	14	14
641.0	0	8	8
642.0	0	8	8
643.0	0	7	7
644.0	0	11	11
645.0	0	11	11
646.0	0	10	10
647.0	0	5	5
648.0	0	10	10
649.0	0	10	10
650.0	0	11	11
651.0	0	6	6
652.0	0	5	5
653.0	0	7	7
654.0	0	6	6
655.0	0	7	7
656.0	0	4	4
657.0	0	10	10
658.0	0	6	6
659.0	0	10	10
660.0	0	3	3
661.0	0	4	4
662.0	0	10	10
663.0	0	8	8
664.0	0	12	12
665.0	0	8	8
666.0	0	8	8
667.0	0	13	13
668.0	0	5	5
669.0	0	8	8
670.0	0	8	8
671.0	0	4	4
672.0	0	8	8
673.0	0	6	6
674.0	0	5	5
675.0	0	9	9
676.0	0	9	9
677.0	0	7	7
678.0	0	4	4
679.0	0	11	11
680.0	0	3	3
681.0	0	8	8
682.0	0	9	9
683.0	0	1	1
684.0	0	14	14
685.0	0	6	6
686.0	0	10	10
687.0	0	8	8
688.0	0	9	9
689.0	0	13	13
690.0	0	4	4
691.0	0	3	3
692.0	0	5	5
693.0	0	6	6
694.0	0	8	8
695.0	0	3	3
696.0	0	17	17
697.0	0	5	5
698.0	0	4	4
699.0	0	4	4
700.0	0	6	6
701.0	0	6	6
702.0	0	4	4
703.0	0	2	2
704.0	0	6	6
705.0	0	6	6
706.0	0	11	11
707.0	0	6	6
708.0	0	12	12
709.0	0	6	6
710.0	0	7	7
711.0	0	5	5
712.0	0	7	7
713.0	0	10	10
714.0	0	6	6
715.0	0	2	2
716.0	0	10	10
717.0	0	6	6
718.0	0	8	8
719.0	0	6	6
720.0	0	5	5
721.0	0	12	12
722.0	0	6	6
723.0	0	8	8
724.0	0	4	4
725.0	0	6	6
726.0	0	9	9
727.0	0	7	7
728.0	0	4	4
729.0	0	11	11
730.0	0	6	6
731.0	0	7	7
732.0	0	8	8
733.0	0	7	7
734.0	0	8	8
735.0	0	2	2
736.0	0	5	5
737.0	0	2	2
738.0	0	5	5
739.0	0	4	4
740.0	0	8	8
741.0	0	8	8
742.0	0	3	3
743.0	0	3	3
744.0	0	2	2
745.0	0	3	3
746.0	0	1	1
747.0	0	5	5
748.0	0	3	3
749.0	0	4	4
750.0	0	4	4
751.0	0	5	5
752.0	0	8	8
753.0	0	5	5
754.0	0	5	5
755.0	0	8	8
756.0	0	5	5
757.0	0	5	5
758.0	0	1	1
759.0	0	8	8
760.0	0	4	4
761.0	0	4	4
762.0	0	12	12
763.0	0	4	4
764.0	0	3	3
765.0	0	6	6
766.0	0	2	2
767.0	0	3	3
768.0	0	5	5
769.0	0	4	4
770.0	0	8	8
771.0	0	4	4
772.0	0	8	8
773.0	0	12	12
774.0	0	4	4
775.0	0	6	6
776.0	0	4	4
777.0	0	9	9
778.0	0	5	5
779.0	0	4	4
780.0	0	5	5
781.0	0	3	3
782.0	0	8	8
783.0	0	7	7
784.0	0	4	4
785.0	0	6	6
786.0	0	7	7
787.0	0	6	6
788.0	0	9	9
789.0	0	5	5
790.0	0	5	5
791.0	0	4	4
792.0	0	10	10
793.0	0	5	5
794.0	0	9	9
795.0	0	4	4
796.0	0	3	3
797.0	0	4	4
798.0	0	4	4
799.0	0	5	5
800.0	0	4	4
801.0	0	5	5
802.0	0	3	3
803.0	0	10	10
804.0	0	5	5
805.0	0	4	4
806.0	0	4	4
807.0	0	7	7
808.0	0	5	5
809.0	0	12	12
810.0	0	7	7
811.0	0	4	4
812.0	0	9	9
813.0	0	5	5
814.0	0	2	2
815.0	0	2	2
816.0	0	8	8
817.0	0	5	5
818.0	0	6	6
819.0	0	5	5
820.0	0	6	6
821.0	0	5	5
822.0	0	5	5
823.0	0	1	1
824.0	0	5	5
825.0	0	6	6
826.0	0	7	7
827.0	0	6	6
828.0	0	1	1
829.0	0	5	5
830.0	0	1	1
831.0	0	4	4
832.0	0	2	2
833.0	0	6	6
834.0	0	5	5
835.0	0	3	3
836.0	0	3	3
837.0	0	1	1
838.0	0	5	5
839.0	0	7	7
840.0	0	1	1
841.0	0	4	4
842.0	0	5	5
843.0	0	9	9
844.0	0	8	8
845.0	0	7	7
846.0	0	6	6
847.0	0	1	1
848.0	0	4	4
849.0	0	4	4
850.0	0	8	8
851.0	0	9	9
852.0	0	5	5
853.0	0	5	5
854.0	0	6	6
855.0	0	2	2
856.0	0	5	5
857.0	0	2	2
858.0	0	4	4
859.0	0	6	6
860.0	0	3	3
861.0	0	4	4
862.0	0	8	8
863.0	0	3	3
864.0	0	1	1
865.0	0	4	4
866.0	0	3	3
867.0	0	6	6
868.0	0	5	5
869.0	0	2	2
870.0	0	3	3
871.0	0	7	7
872.0	0	3	3
873.0	0	5	5
874.0	0	4	4
875.0	0	1	1
876.0	0	9	9
877.0	0	6	6
878.0	0	3	3
879.0	0	3	3
880.0	0	4	4
881.0	0	2	2
882.0	0	3	3
883.0	0	2	2
884.0	0	4	4
885.0	0	7	7
886.0	0	4	4
887.0	0	3	3
888.0	0	6	6
889.0	0	6	6
890.0	0	4	4
891.0	0	2	2
892.0	0	2	2
893.0	0	5	5
894.0	0	3	3
895.0	0	4	4
896.0	0	6	6
897.0	0	3	3
898.0	0	4	4
899.0	0	3	3
900.0	0	2	2
901.0	0	4	4
902.0	0	2	2
903.0	0	6	6
904.0	0	7	7
905.0	0	7	7
906.0	0	3	3
907.0	0	2	2
908.0	0	4	4
909.0	0	6	6
910.0	0	5	5
911.0	0	2	2
912.0	0	5	5
913.0	0	2	2
914.0	0	3	3
915.0	0	8	8
916.0	0	3	3
917.0	0	6	6
918.0	0	7	7
919.0	0	6	6
920.0	0	2	2
921.0	0	3	3
922.0	0	6	6
923.0	0	3	3
924.0	0	5	5
925.0	0	4	4
926.0	0	3	3
927.0	0	6	6
928.0	0	5	5
929.0	0	3	3
930.0	0	1	1
931.0	0	6	6
932.0	0	3	3
933.0	0	2	2
934.0	0	2	2
935.0	0	5	5
936.0	0	4	4
937.0	0	3	3
938.0	0	3	3
939.0	0	5	5
940.0	0	3	3
941.0	0	1	1
942.0	0	3	3
943.0	0	1	1
944.0	0	1	1
945.0	0	5	5
946.0	0	4	4
947.0	0	3	3
948.0	0	1	1
949.0	0	4	4
950.0	0	3	3
951.0	0	5	5
952.0	0	6	6
953.0	0	2	2
954.0	0	2	2
955.0	0	3	3
957.0	0	3	3
958.0	0	3	3
959.0	0	4	4
960.0	0	2	2
961.0	0	2	2
962.0	0	2	2
963.0	0	4	4
964.0	0	2	2
965.0	0	2	2
966.0	0	2	2
967.0	0	1	1
968.0	0	1	1
969.0	0	3	3
970.0	0	7	7
971.0	0	3	3
972.0	0	7	7
973.0	0	4	4
974.0	0	4	4
975.0	0	3	3
976.0	0	3	3
977.0	0	2	2
978.0	0	4	4
979.0	0	4	4
980.0	0	2	2
981.0	0	3	3
982.0	0	5	5
983.0	0	3	3
984.0	0	5	5
985.0	0	3	3
986.0	0	8	8
987.0	0	2	2
988.0	0	3	3
989.0	0	3	3
990.0	0	5	5
991.0	0	3	3
992.0	0	4	4
993.0	0	3	3
994.0	0	2	2
995.0	0	1	1
996.0	0	2	2
997.0	0	6	6
998.0	0	6	6
999.0	0	2	2
1000.0	0	1	1
1001.0	0	4	4
1002.0	0	3	3
1003.0	0	1	1
1004.0	0	6	6
1005.0	0	3	3
1006.0	0	6	6
1007.0	0	9	9
1008.0	0	4	4
1009.0	0	6	6
1010.0	0	2	2
1011.0	0	2	2
1012.0	0	2	2
1013.0	0	2	2
1014.0	0	5	5
1016.0	0	1	1
1017.0	0	3	3
1018.0	0	4	4
1019.0	0	2	2
1020.0	0	3	3
1021.0	0	2	2
1022.0	0	1	1
1023.0	0	4	4
1024.0	0	3	3
1025.0	0	6	6
1026.0	0	4	4
1027.0	0	4	4
1028.0	0	2	2
1029.0	0	4	4
1030.0	0	1	1
1031.0	0	4	4
1032.0	0	2	2
1033.0	0	4	4
1034.0	0	4	4
1035.0	0	1	1
1036.0	0	2	2
1038.0	0	3	3
1039.0	0	1	1
1040.0	0	1	1
1041.0	0	3	3
1042.0	0	2	2
1043.0	0	4	4
1044.0	0	7	7
1045.0	0	5	5
1046.0	0	3	3
1047.0	0	3	3
1049.0	0	3	3
1050.0	0	1	1
1051.0	0	3	3
1052.0	0	1	1
1053.0	0	1	1
1054.0	0	1	1
1055.0	0	1	1
1056.0	0	3	3
1057.0	0	4	4
1058.0	0	1	1
1059.0	0	1	1
1060.0	0	3	3
1061.0	0	6	6
1062.0	0	1	1
1063.0	0	4	4
1064.0	0	1	1
1065.0	0	2	2
1066.0	0	3	3
1067.0	0	1	1
1068.0	0	7	7
1069.0	0	2	2
1070.0	0	3	3
1071.0	0	2	2
1072.0	0	1	1
1073.0	0	1	1
1074.0	0	2	2
1075.0	0	4	4
1076.0	0	3	3
1077.0	0	5	5
1078.0	0	1	1
1079.0	0	3	3
1080.0	0	1	1
1081.0	0	1	1
1082.0	0	6	6
1084.0	0	5	5
1085.0	0	3	3
1086.0	0	1	1
1087.0	0	1	1
1088.0	0	4	4
1089.0	0	3	3
1090.0	0	4	4
1091.0	0	5	5
1092.0	0	3	3
1093.0	0	7	7
1094.0	0	6	6
1095.0	0	6	6
1096.0	0	5	5
1097.0	0	2	2
1098.0	0	3	3
1099.0	0	1	1
1100.0	0	5	5
1101.0	0	2	2
1102.0	0	2	2
1103.0	0	1	1
1104.0	0	3	3
1105.0	0	1	1
1106.0	0	2	2
1107.0	0	6	6
1108.0	0	1	1
1109.0	0	2	2
1111.0	0	3	3
1112.0	0	5	5
1114.0	0	1	1
1115.0	0	1	1
1116.0	0	1	1
1118.0	0	4	4
1119.0	0	4	4
1120.0	0	1	1
1121.0	0	3	3
1122.0	0	3	3
1123.0	0	1	1
1124.0	0	3	3
1125.0	0	2	2
1126.0	0	3	3
1127.0	0	3	3
1128.0	0	3	3
1129.0	0	2	2
1130.0	0	6	6
1131.0	0	1	1
1132.0	0	1	1
1134.0	0	1	1
1135.0	0	3	3
1136.0	0	1	1
1137.0	0	2	2
1138.0	0	2	2
1139.0	0	1	1
1140.0	0	1	1
1141.0	0	2	2
1142.0	0	7	7
1144.0	0	3	3
1145.0	0	3	3
1146.0	0	4	4
1147.0	0	4	4
1148.0	0	3	3
1150.0	0	1	1
1151.0	0	3	3
1152.0	0	2	2
1153.0	0	2	2
1154.0	0	5	5
1155.0	0	4	4
1156.0	0	3	3
1157.0	0	5	5
1159.0	0	5	5
1160.0	0	1	1
1161.0	0	1	1
1162.0	0	2	2
1163.0	0	1	1
1164.0	0	1	1
1165.0	0	2	2
1166.0	0	4	4
1167.0	0	1	1
1168.0	0	1	1
1169.0	0	4	4
1170.0	0	4	4
1171.0	0	1	1
1172.0	0	2	2
1173.0	0	1	1
1174.0	0	2	2
1175.0	0	1	1
1176.0	0	3	3
1177.0	0	2	2
1178.0	0	1	1
1179.0	0	1	1
1180.0	0	1	1
1181.0	0	1	1
1183.0	0	6	6
1184.0	0	1	1
1185.0	0	2	2
1186.0	0	2	2
1187.0	0	5	5
1188.0	0	3	3
1189.0	0	2	2
1190.0	0	1	1
1191.0	0	3	3
1192.0	0	3	3
1193.0	0	1	1
1194.0	0	3	3
1195.0	0	2	2
1197.0	0	1	1
1198.0	0	1	1
1199.0	0	3	3
1200.0	0	3	3
1201.0	0	1	1
1202.0	0	3	3
1203.0	0	6	6
1204.0	0	3	3
1205.0	0	2	2
1206.0	0	3	3
1207.0	0	2	2
1208.0	0	2	2
1209.0	0	3	3
1210.0	0	1	1
1212.0	0	2	2
1213.0	0	3	3
1214.0	0	4	4
1216.0	0	2	2
1217.0	0	2	2
1218.0	0	1	1
1220.0	0	1	1
1221.0	0	1	1
1222.0	0	4	4
1223.0	0	3	3
1224.0	0	3	3
1225.0	0	2	2
1226.0	0	1	1
1227.0	0	1	1
1228.0	0	1	1
1229.0	0	2	2
1230.0	0	3	3
1232.0	0	1	1
1233.0	0	3	3
1234.0	0	2	2
1235.0	0	2	2
1236.0	0	1	1
1237.0	0	3	3
1240.0	0	2	2
1241.0	0	2	2
1242.0	0	1	1
1243.0	0	2	2
1244.0	0	2	2
1245.0	0	4	4
1246.0	0	3	3
1247.0	0	1	1
1248.0	0	2	2
1249.0	0	1	1
1251.0	0	1	1
1252.0	0	3	3
1253.0	0	3	3
1254.0	0	2	2
1255.0	0	1	1
1256.0	0	4	4
1257.0	0	2	2
1258.0	0	2	2
1261.0	0	2	2
1262.0	0	1	1
1263.0	0	1	1
1264.0	0	1	1
1265.0	0	1	1
1266.0	0	4	4
1267.0	0	1	1
1268.0	0	4	4
1269.0	0	1	1
1270.0	0	1	1
1271.0	0	2	2
1272.0	0	3	3
1273.0	0	1	1
1276.0	0	1	1
1278.0	0	1	1
1279.0	0	1	1
1280.0	0	1	1
1281.0	0	1	1
1282.0	0	3	3
1283.0	0	3	3
1284.0	0	1	1
1285.0	0	1	1
1286.0	0	1	1
1288.0	0	1	1
1289.0	0	2	2
1290.0	0	2	2
1291.0	0	2	2
1292.0	0	2	2
1293.0	0	3	3
1294.0	0	3	3
1295.0	0	3	3
1296.0	0	3	3
1298.0	0	2	2
1299.0	0	3	3
1300.0	0	3	3
1301.0	0	3	3
1303.0	0	3	3
1304.0	0	3	3
1305.0	0	2	2
1306.0	0	1	1
1308.0	0	2	2
1309.0	0	3	3
1310.0	0	2	2
1312.0	0	2	2
1313.0	0	3	3
1314.0	0	2	2
1315.0	0	2	2
1316.0	0	1	1
1317.0	0	4	4
1318.0	0	1	1
1319.0	0	1	1
1320.0	0	1	1
1321.0	0	1	1
1322.0	0	2	2
1324.0	0	4	4
1325.0	0	4	4
1326.0	0	3	3
1327.0	0	3	3
1328.0	0	2	2
1330.0	0	1	1
1331.0	0	2	2
1333.0	0	1	1
1334.0	0	2	2
1336.0	0	1	1
1338.0	0	1	1
1339.0	0	1	1
1340.0	0	1	1
1342.0	0	2	2
1343.0	0	2	2
1344.0	0	2	2
1346.0	0	3	3
1347.0	0	1	1
1348.0	0	2	2
1349.0	0	2	2
1350.0	0	1	1
1351.0	0	2	2
1352.0	0	1	1
1353.0	0	2	2
1354.0	0	1	1
1355.0	0	4	4
1357.0	0	2	2
1358.0	0	2	2
1359.0	0	1	1
1361.0	0	2	2
1362.0	0	2	2
1363.0	0	1	1
1364.0	0	1	1
1365.0	0	2	2
1366.0	0	1	1
1367.0	0	1	1
1368.0	0	2	2
1369.0	0	3	3
1372.0	0	1	1
1373.0	0	1	1
1374.0	0	5	5
1375.0	0	1	1
1376.0	0	1	1
1378.0	0	1	1
1379.0	0	4	4
1380.0	0	1	1
1381.0	0	2	2
1382.0	0	1	1
1383.0	0	2	2
1384.0	0	2	2
1385.0	0	3	3
1386.0	0	3	3
1387.0	0	3	3
1388.0	0	2	2
1389.0	0	2	2
1390.0	0	1	1
1391.0	0	2	2
1394.0	0	3	3
1395.0	0	1	1
1396.0	0	1	1
1398.0	0	1	1
1399.0	0	2	2
1400.0	0	1	1
1401.0	0	1	1
1402.0	0	1	1
1406.0	0	1	1
1407.0	0	1	1
1408.0	0	3	3
1410.0	0	4	4
1411.0	0	1	1
1413.0	0	4	4
1417.0	0	2	2
1420.0	0	2	2
1421.0	0	1	1
1423.0	0	6	6
1424.0	0	2	2
1425.0	0	5	5
1426.0	0	2	2
1427.0	0	3	3
1428.0	0	1	1
1430.0	0	3	3
1431.0	0	1	1
1432.0	0	1	1
1433.0	0	1	1
1434.0	0	1	1
1436.0	0	2	2
1441.0	0	1	1
1442.0	0	4	4
1443.0	0	1	1
1444.0	0	1	1
1445.0	0	1	1
1446.0	0	1	1
1447.0	0	5	5
1448.0	0	1	1
1449.0	0	2	2
1450.0	0	1	1
1451.0	0	2	2
1452.0	0	1	1
1453.0	0	2	2
1454.0	0	1	1
1455.0	0	4	4
1456.0	0	1	1
1457.0	0	2	2
1458.0	0	2	2
1459.0	0	5	5
1460.0	0	2	2
1461.0	0	2	2
1462.0	0	2	2
1465.0	0	1	1
1466.0	0	2	2
1467.0	0	1	1
1468.0	0	2	2
1469.0	0	1	1
1470.0	0	2	2
1471.0	0	2	2
1473.0	0	1	1
1474.0	0	1	1
1475.0	0	4	4
1476.0	0	2	2
1477.0	0	1	1
1478.0	0	1	1
1479.0	0	3	3
1481.0	0	1	1
1482.0	0	1	1
1484.0	0	2	2
1486.0	0	1	1
1487.0	0	5	5
1489.0	0	1	1
1490.0	0	1	1
1491.0	0	5	5
1492.0	0	3	3
1494.0	0	1	1
1495.0	0	1	1
1496.0	0	2	2
1497.0	0	1	1
1498.0	0	2	2
1499.0	0	1	1
1503.0	0	1	1
1504.0	0	2	2
1507.0	0	1	1
1508.0	0	2	2
1515.0	0	1	1
1516.0	0	1	1
1517.0	0	1	1
1519.0	0	2	2
1521.0	0	1	1
1522.0	0	1	1
1523.0	0	2	2
1524.0	0	1	1
1527.0	0	1	1
1528.0	0	1	1
1529.0	0	1	1
1530.0	0	1	1
1531.0	0	1	1
1532.0	0	1	1
1533.0	0	1	1
1534.0	0	1	1
1535.0	0	3	3
1536.0	0	1	1
1538.0	0	1	1
1540.0	0	4	4
1543.0	0	1	1
1544.0	0	3	3
1546.0	0	2	2
1547.0	0	3	3
1548.0	0	3	3
1549.0	0	3	3
1550.0	0	1	1
1551.0	0	1	1
1552.0	0	1	1
1553.0	0	2	2
1554.0	0	3	3
1555.0	0	2	2
1558.0	0	1	1
1559.0	0	4	4
1560.0	0	1	1
1561.0	0	1	1
1562.0	0	2	2
1563.0	0	3	3
1564.0	0	1	1
1565.0	0	1	1
1566.0	0	1	1
1567.0	0	2	2
1568.0	0	3	3
1569.0	0	2	2
1570.0	0	1	1
1571.0	0	2	2
1572.0	0	2	2
1573.0	0	1	1
1574.0	0	1	1
1575.0	0	2	2
1577.0	0	2	2
1578.0	0	1	1
1579.0	0	1	1
1582.0	0	1	1
1583.0	0	2	2
1585.0	0	1	1
1587.0	0	1	1
1588.0	0	3	3
1589.0	0	4	4
1591.0	0	1	1
1594.0	0	2	2
1595.0	0	2	2
1600.0	0	1	1
1601.0	0	1	1
1602.0	0	2	2
1604.0	0	2	2
1605.0	0	2	2
1606.0	0	4	4
1609.0	0	2	2
1611.0	0	2	2
1612.0	0	1	1
1613.0	0	2	2
1614.0	0	1	1
1615.0	0	2	2
1617.0	0	1	1
1619.0	0	1	1
1620.0	0	2	2
1621.0	0	1	1
1622.0	0	1	1
1623.0	0	1	1
1625.0	0	2	2
1626.0	0	1	1
1628.0	0	1	1
1631.0	0	3	3
1633.0	0	1	1
1635.0	0	3	3
1637.0	0	3	3
1646.0	0	1	1
1647.0	0	2	2
1648.0	0	1	1
1649.0	0	2	2
1650.0	0	2	2
1651.0	0	1	1
1654.0	0	1	1
1655.0	0	1	1
1657.0	0	1	1
1658.0	0	1	1
1661.0	0	1	1
1662.0	0	1	1
1663.0	0	1	1
1664.0	0	2	2
1665.0	0	2	2
1667.0	0	1	1
1668.0	0	1	1
1669.0	0	1	1
1670.0	0	1	1
1672.0	0	1	1
1673.0	0	2	2
1674.0	0	2	2
1675.0	0	2	2
1676.0	0	2	2
1677.0	0	2	2
1679.0	0	1	1
1680.0	0	1	1
1682.0	0	2	2
1685.0	0	1	1
1686.0	0	1	1
1688.0	0	1	1
1690.0	0	2	2
1691.0	0	2	2
1692.0	0	1	1
1694.0	0	2	2
1695.0	0	2	2
1696.0	0	2	2
1697.0	0	1	1
1701.0	0	1	1
1703.0	0	1	1
1705.0	0	1	1
1706.0	0	1	1
1707.0	0	1	1
1709.0	0	1	1
1710.0	0	2	2
1713.0	0	1	1
1714.0	0	1	1
1717.0	0	1	1
1718.0	0	1	1
1719.0	0	1	1
1720.0	0	1	1
1721.0	0	3	3
1722.0	0	1	1
1723.0	0	2	2
1724.0	0	1	1
1725.0	0	1	1
1727.0	0	1	1
1729.0	0	1	1
1731.0	0	2	2
1732.0	0	1	1
1733.0	0	2	2
1734.0	0	2	2
1735.0	0	1	1
1736.0	0	1	1
1738.0	0	1	1
1740.0	0	2	2
1741.0	0	3	3
1744.0	0	1	1
1745.0	0	2	2
1746.0	0	1	1
1747.0	0	1	1
1748.0	0	1	1
1749.0	0	2	2
1753.0	0	2	2
1758.0	0	2	2
1763.0	0	1	1
1765.0	0	2	2
1766.0	0	3	3
1769.0	0	1	1
1772.0	0	3	3
1773.0	0	1	1
1774.0	0	1	1
1776.0	0	2	2
1777.0	0	1	1
1778.0	0	1	1
1780.0	0	1	1
1781.0	0	2	2
1782.0	0	2	2
1783.0	0	3	3
1784.0	0	1	1
1786.0	0	1	1
1787.0	0	2	2
1788.0	0	2	2
1789.0	0	4	4
1790.0	0	1	1
1794.0	0	2	2
1795.0	0	3	3
1796.0	0	2	2
1798.0	0	2	2
1799.0	0	1	1
1800.0	0	1	1
1802.0	0	1	1
1803.0	0	3	3
1804.0	0	1	1
1805.0	0	1	1
1806.0	0	1	1
1807.0	0	2	2
1809.0	0	3	3
1810.0	0	3	3
1812.0	0	2	2
1815.0	0	2	2
1816.0	0	2	2
1817.0	0	1	1
1820.0	0	1	1
1821.0	0	2	2
1823.0	0	1	1
1824.0	0	1	1
1827.0	0	1	1
1828.0	0	1	1
1829.0	0	2	2
1830.0	0	1	1
1832.0	0	2	2
1833.0	0	1	1
1837.0	0	2	2
1844.0	0	1	1
1847.0	0	1	1
1848.0	0	2	2
1849.0	0	1	1
1853.0	0	3	3
1854.0	0	1	1
1856.0	0	3	3
1857.0	0	3	3
1858.0	0	1	1
1859.0	0	2	2
1862.0	0	2	2
1863.0	0	1	1
1864.0	0	2	2
1866.0	0	1	1
1871.0	0	1	1
1872.0	0	1	1
1877.0	0	1	1
1879.0	0	1	1
1880.0	0	3	3
1881.0	0	2	2
1882.0	0	3	3
1884.0	0	1	1
1885.0	0	1	1
1887.0	0	2	2
1893.0	0	1	1
1900.0	0	2	2
1901.0	0	1	1
1906.0	0	1	1
1907.0	0	2	2
1909.0	0	1	1
1912.0	0	1	1
1913.0	0	3	3
1915.0	0	1	1
1917.0	0	1	1
1919.0	0	2	2
1920.0	0	3	3
1921.0	0	1	1
1922.0	0	1	1
1925.0	0	1	1
1926.0	0	1	1
1929.0	0	2	2
1930.0	0	2	2
1933.0	0	1	1
1934.0	0	1	1
1935.0	0	2	2
1937.0	0	1	1
1938.0	0	1	1
1939.0	0	1	1
1943.0	0	1	1
1944.0	0	1	1
1947.0	0	3	3
1949.0	0	1	1
1951.0	0	1	1
1952.0	0	1	1
1954.0	0	1	1
1955.0	0	1	1
1959.0	0	1	1
1962.0	0	1	1
1965.0	0	1	1
1967.0	0	1	1
1968.0	0	1	1
1972.0	0	2	2
1976.0	0	3	3
1977.0	0	1	1
1984.0	0	1	1
1986.0	0	1	1
1987.0	0	1	1
1990.0	0	1	1
1992.0	0	1	1
1995.0	0	1	1
1996.0	0	1	1
1998.0	0	1	1
2002.0	0	1	1
2003.0	0	1	1
2009.0	0	1	1
2010.0	0	1	1
2011.0	0	1	1
2015.0	0	1	1
2016.0	0	1	1
2017.0	0	1	1
2019.0	0	2	2
2020.0	0	2	2
2021.0	0	2	2
2022.0	0	1	1
2024.0	0	1	1
2026.0	0	2	2
2027.0	0	1	1
2028.0	0	2	2
2032.0	0	1	1
2039.0	0	1	1
2040.0	0	1	1
2041.0	0	2	2
2042.0	0	1	1
2043.0	0	1	1
2047.0	0	3	3
2053.0	0	2	2
2054.0	0	1	1
2055.0	0	1	1
2056.0	0	1	1
2058.0	0	1	1
2064.0	0	1	1
2066.0	0	1	1
2068.0	0	1	1
2069.0	0	3	3
2071.0	0	1	1
2082.0	0	1	1
2085.0	0	2	2
2086.0	0	1	1
2089.0	0	1	1
2092.0	0	1	1
2095.0	0	1	1
2097.0	0	1	1
2103.0	0	1	1
2104.0	0	1	1
2106.0	0	1	1
2110.0	0	2	2
2113.0	0	1	1
2115.0	0	2	2
2117.0	0	1	1
2119.0	0	1	1
2120.0	0	1	1
2121.0	0	1	1
2123.0	0	2	2
2126.0	0	3	3
2127.0	0	1	1
2130.0	0	1	1
2132.0	0	1	1
2134.0	0	2	2
2136.0	0	1	1
2145.0	0	1	1
2147.0	0	1	1
2156.0	0	3	3
2159.0	0	1	1
2160.0	0	2	2
2161.0	0	1	1
2165.0	0	1	1
2166.0	0	1	1
2167.0	0	1	1
2178.0	0	1	1
2180.0	0	2	2
2182.0	0	1	1
2188.0	0	1	1
2189.0	0	1	1
2190.0	0	1	1
2194.0	0	2	2
2195.0	0	2	2
2196.0	0	1	1
2197.0	0	1	1
2206.0	0	1	1
2212.0	0	1	1
2214.0	0	2	2
2218.0	0	1	1
2220.0	0	4	4
2221.0	0	1	1
2225.0	0	2	2
2226.0	0	1	1
2228.0	0	1	1
2235.0	0	1	1
2237.0	0	1	1
2238.0	0	1	1
2242.0	0	1	1
2246.0	0	1	1
2248.0	0	2	2
2254.0	0	4	4
2259.0	0	1	1
2260.0	0	3	3
2262.0	0	1	1
2263.0	0	1	1
2264.0	0	2	2
2265.0	0	3	3
2266.0	0	1	1
2267.0	0	3	3
2270.0	0	2	2
2271.0	0	2	2
2272.0	0	2	2
2273.0	0	1	1
2275.0	0	1	1
2276.0	0	2	2
2277.0	0	1	1
2280.0	0	1	1
2282.0	0	1	1
2284.0	0	1	1
2288.0	0	1	1
2290.0	0	1	1
2291.0	0	2	2
2292.0	0	1	1
2295.0	0	1	1
2296.0	0	2	2
2301.0	0	2	2
2303.0	0	1	1
2307.0	0	1	1
2308.0	0	1	1
2310.0	0	1	1
2312.0	0	1	1
2313.0	0	1	1
2317.0	0	1	1
2320.0	0	1	1
2323.0	0	1	1
2325.0	0	2	2
2326.0	0	1	1
2332.0	0	1	1
2335.0	0	1	1
2339.0	0	1	1
2341.0	0	1	1
2342.0	0	1	1
2350.0	0	1	1
2356.0	0	2	2
2359.0	0	1	1
2363.0	0	2	2
2364.0	0	1	1
2366.0	0	1	1
2368.0	0	2	2
2369.0	0	1	1
2370.0	0	1	1
2372.0	0	1	1
2373.0	0	1	1
2377.0	0	1	1
2378.0	0	2	2
2381.0	0	1	1
2384.0	0	1	1
2387.0	0	1	1
2391.0	0	1	1
2397.0	0	1	1
2400.0	0	2	2
2401.0	0	1	1
2402.0	0	3	3
2405.0	0	1	1
2410.0	0	1	1
2411.0	0	2	2
2420.0	0	3	3
2422.0	0	1	1
2429.0	0	1	1
2430.0	0	1	1
2435.0	0	1	1
2436.0	0	1	1
2447.0	0	1	1
2448.0	0	1	1
2456.0	0	1	1
2457.0	0	2	2
2458.0	0	1	1
2460.0	0	1	1
2469.0	0	1	1
2470.0	0	1	1
2472.0	0	1	1
2473.0	0	1	1
2477.0	0	1	1
2479.0	0	2	2
2480.0	0	1	1
2481.0	0	1	1
2482.0	0	1	1
2485.0	0	1	1
2486.0	0	1	1
2487.0	0	1	1
2503.0	0	2	2
2504.0	0	1	1
2515.0	0	1	1
2517.0	0	2	2
2519.0	0	1	1
2521.0	0	2	2
2526.0	0	1	1
2527.0	0	1	1
2528.0	0	1	1
2538.0	0	1	1
2544.0	0	1	1
2550.0	0	1	1
2551.0	0	1	1
2556.0	0	1	1
2558.0	0	1	1
2560.0	0	1	1
2564.0	0	1	1
2566.0	0	1	1
2568.0	0	1	1
2571.0	0	1	1
2573.0	0	1	1
2574.0	0	1	1
2584.0	0	1	1
2587.0	0	1	1
2588.0	0	1	1
2592.0	0	1	1
2599.0	0	1	1
2600.0	0	1	1
2604.0	0	1	1
2625.0	0	1	1
2626.0	0	1	1
2631.0	0	1	1
2633.0	0	1	1
2634.0	0	1	1
2636.0	0	1	1
2637.0	0	2	2
2640.0	0	1	1
2645.0	0	2	2
2647.0	0	1	1
2655.0	0	1	1
2658.0	0	1	1
2660.0	0	1	1
2663.0	0	1	1
2667.0	0	1	1
2674.0	0	1	1
2675.0	0	1	1
2676.0	0	1	1
2677.0	0	1	1
2680.0	0	1	1
2697.0	0	2	2
2698.0	0	1	1
2702.0	0	1	1
2707.0	0	1	1
2710.0	0	1	1
2714.0	0	1	1
2718.0	0	1	1
2719.0	0	1	1
2722.0	0	1	1
2723.0	0	1	1
2724.0	0	1	1
2732.0	0	1	1
2733.0	0	1	1
2734.0	0	1	1
2740.0	0	2	2
2745.0	0	1	1
2748.0	0	1	1
2749.0	0	1	1
2750.0	0	1	1
2753.0	0	1	1
2757.0	0	1	1
2763.0	0	1	1
2766.0	0	1	1
2768.0	0	1	1
2770.0	0	1	1
2772.0	0	1	1
2774.0	0	1	1
2790.0	0	1	1
2797.0	0	1	1
2801.0	0	1	1
2803.0	0	1	1
2805.0	0	1	1
2806.0	0	1	1
2817.0	0	1	1
2824.0	0	1	1
2825.0	0	1	1
2826.0	0	2	2
2833.0	0	2	2
2835.0	0	1	1
2839.0	0	1	1
2846.0	0	1	1
2849.0	0	1	1
2853.0	0	1	1
2854.0	0	1	1
2855.0	0	1	1
2856.0	0	1	1
2860.0	0	1	1
2877.0	0	2	2
2881.0	0	1	1
2882.0	0	1	1
2886.0	0	2	2
2889.0	0	1	1
2900.0	0	1	1
2906.0	0	1	1
2909.0	0	1	1
2919.0	0	1	1
2921.0	0	1	1
2923.0	0	1	1
2942.0	0	1	1
2946.0	0	1	1
2951.0	0	2	2
2955.0	0	1	1
2956.0	0	1	1
2960.0	0	1	1
2967.0	0	1	1
2973.0	0	2	2
2975.0	0	1	1
2985.0	0	1	1
2989.0	0	1	1
2993.0	0	1	1
2996.0	0	1	1
3003.0	0	2	2
3005.0	0	1	1
3007.0	0	1	1
3016.0	0	1	1
3017.0	0	1	1
3043.0	0	1	1
3044.0	0	1	1
3048.0	0	1	1
3053.0	0	1	1
3063.0	0	1	1
3070.0	0	1	1
3080.0	0	1	1
3085.0	0	1	1
3094.0	0	1	1
3097.0	0	1	1
3107.0	0	1	1
3113.0	0	1	1
3127.0	0	1	1
3131.0	0	1	1
3132.0	0	1	1
3134.0	0	1	1
3141.0	0	1	1
3145.0	0	1	1
3157.0	0	1	1
3161.0	0	1	1
3177.0	0	1	1
3185.0	0	1	1
3187.0	0	1	1
3219.0	0	1	1
3224.0	0	1	1
3233.0	0	1	1
3242.0	0	1	1
3245.0	0	1	1
3256.0	0	1	1
3259.0	0	1	1
3272.0	0	1	1
3291.0	0	1	1
3292.0	0	1	1
3300.0	0	1	1
3311.0	0	1	1
3323.0	0	1	1
3329.0	0	1	1
3341.0	0	1	1
3354.0	0	1	1
3362.0	0	2	2
3365.0	0	1	1
3366.0	0	1	1
3372.0	0	1	1
3374.0	0	1	1
3378.0	0	1	1
3383.0	0	1	1
3388.0	0	1	1
3399.0	0	1	1
3416.0	0	1	1
3423.0	0	1	1
3430.0	0	1	1
3432.0	0	2	2
3434.0	0	1	1
3441.0	0	1	1
3446.0	0	1	1
3449.0	0	1	1
3452.0	0	1	1
3454.0	0	1	1
3456.0	0	1	1
3462.0	0	1	1
3465.0	0	2	2
3469.0	0	1	1
3470.0	0	1	1
3472.0	0	1	1
3475.0	0	1	1
3488.0	0	1	1
3491.0	0	1	1
3500.0	0	1	1
3505.0	0	1	1
3507.0	0	1	1
3515.0	0	1	1
3523.0	0	2	2
3533.0	0	1	1
3537.0	0	1	1
3544.0	0	1	1
3554.0	0	1	1
3556.0	0	1	1
3559.0	0	1	1
3576.0	0	2	2
3578.0	0	1	1
3579.0	0	1	1
3584.0	0	1	1
3586.0	0	1	1
3607.0	0	1	1
3611.0	0	1	1
3615.0	0	1	1
3619.0	0	1	1
3639.0	0	1	1
3641.0	0	1	1
3649.0	0	1	1
3651.0	0	1	1
3658.0	0	1	1
3664.0	0	1	1
3667.0	0	1	1
3671.0	0	1	1
3692.0	0	1	1
3699.0	0	1	1
3703.0	0	1	1
3706.0	0	1	1
3716.0	0	1	1
3718.0	0	1	1
3721.0	0	1	1
3725.0	0	2	2
3732.0	0	1	1
3735.0	0	1	1
3737.0	0	1	1
3741.0	0	2	2
3744.0	0	1	1
3751.0	0	1	1
3760.0	0	1	1
3767.0	0	1	1
3783.0	0	1	1
3789.0	0	1	1
3802.0	0	1	1
3823.0	0	1	1
3830.0	0	1	1
3834.0	0	1	1
3835.0	0	1	1
3839.0	0	1	1
3851.0	0	1	1
3859.0	0	1	1
3875.0	0	1	1
3877.0	0	1	1
3886.0	0	1	1
3913.0	0	1	1
3922.0	0	1	1
3929.0	0	1	1
3935.0	0	1	1
3936.0	0	1	1
3944.0	0	1	1
3948.0	0	1	1
3977.0	0	1	1
3985.0	0	1	1
3994.0	0	1	1
4010.0	0	1	1
4029.0	0	1	1
4060.0	0	1	1
4075.0	0	1	1
4084.0	0	1	1
4100.0	0	1	1
4102.0	0	1	1
4112.0	0	1	1
4121.0	0	2	2
4122.0	0	1	1
4135.0	0	1	1
4143.0	0	1	1
4148.0	0	1	1
4151.0	0	1	1
4159.0	0	1	1
4174.0	0	2	2
4198.0	0	1	1
4204.0	0	1	1
4233.0	0	1	1
4235.0	0	1	1
4241.0	0	1	1
4250.0	0	1	1
4254.0	0	1	1
4260.0	0	1	1
4313.0	0	1	1
4314.0	0	1	1
4335.0	0	1	1
4348.0	0	1	1
4361.0	0	1	1
4368.0	0	1	1
4399.0	0	1	1
4401.0	0	1	1
4425.0	0	1	1
4429.0	0	1	1
4441.0	0	1	1
4453.0	0	1	1
4455.0	0	1	1
4488.0	0	1	1
4492.0	0	1	1
4522.0	0	1	1
4534.0	0	1	1
4539.0	0	1	1
4540.0	0	1	1
4545.0	0	1	1
4557.0	0	1	1
4565.0	0	1	1
4588.0	0	1	1
4592.0	0	1	1
4612.0	0	1	1
4619.0	0	1	1
4630.0	0	1	1
4634.0	0	1	1
4654.0	0	1	1
4724.0	0	1	1
4752.0	0	1	1
4762.0	0	1	1
4770.0	0	1	1
4785.0	0	1	1
4808.0	0	1	1
4823.0	0	1	1
4846.0	0	1	1
4873.0	0	1	1
4920.0	0	1	1
4939.0	0	1	1
4948.0	0	1	1
4965.0	0	1	1
4980.0	0	1	1
5029.0	0	1	1
5037.0	0	1	1
5046.0	0	1	1
5079.0	0	1	1
5080.0	0	1	1
5095.0	0	1	1
5139.0	0	1	1
5143.0	0	1	1
5230.0	0	1	1
5272.0	0	1	1
5371.0	0	1	1
5389.0	0	1	1
5419.0	0	1	1
5420.0	0	1	1
5454.0	0	1	1
5464.0	0	2	2
5505.0	0	1	1
5519.0	0	1	1
5537.0	0	1	1
5541.0	0	1	1
5549.0	0	1	1
5573.0	0	1	1
5580.0	0	1	1
5582.0	0	1	1
5609.0	0	1	1
5633.0	0	1	1
5655.0	0	1	1
5716.0	0	1	1
5724.0	0	1	1
5795.0	0	1	1
5804.0	0	1	1
5815.0	0	1	1
5816.0	0	1	1
5827.0	0	1	1
5838.0	0	1	1
5856.0	0	1	1
5877.0	0	1	1
5883.0	0	1	1
5885.0	0	1	1
5965.0	0	1	1
6032.0	0	1	1
6109.0	0	1	1
6125.0	0	1	1
6180.0	0	1	1
6187.0	0	1	1
6191.0	0	1	1
6243.0	0	1	1
6318.0	0	1	1
6343.0	0	1	1
6373.0	0	1	1
6380.0	0	1	1
6430.0	0	1	1
6511.0	0	1	1
6564.0	0	1	1
6590.0	0	1	1
6651.0	0	1	1
6721.0	0	1	1
6754.0	0	1	1
6826.0	0	1	1
6853.0	0	1	1
6939.0	0	1	1
7131.0	0	1	1
7170.0	0	1	1
7186.0	0	1	1
7317.0	0	1	1
7323.0	0	1	1
7328.0	0	1	1
7355.0	0	1	1
7466.0	0	2	2
7492.0	0	1	1
7589.0	0	1	1
7781.0	0	1	1
8009.0	0	1	1
8038.0	0	1	1
8208.0	0	1	1
8221.0	0	1	1
8230.0	0	1	1
8299.0	0	1	1
8365.0	0	1	1
8373.0	0	1	1
8432.0	0	1	1
8631.0	0	1	1
8656.0	0	1	1
8733.0	0	1	1
8817.0	0	1	1
9068.0	0	1	1
9404.0	0	2	2
9631.0	0	1	1
10065.0	0	1	1
10199.0	0	1	1
10442.0	0	1	1
10771.0	0	1	1
11273.0	0	1	1
11805.0	0	1	1
11975.0	0	1	1
12408.0	0	1	1
12915.0	0	1	1
12945.0	0	1	1
13055.0	0	1	1
13105.0	0	1	1
13357.0	0	1	1
13875.0	0	1	1
13976.0	0	1	1
15543.0	0	1	1
19942.0	0	1	1

