## htsjdk.samtools.metrics.StringHeader
# MarkDuplicates INPUT=[/home/chan/mice_microgravity/outputs_primary/picard/SRR13535300_sorted.bam] OUTPUT=/home/chan/mice_microgravity/outputs_primary/picard/SRR13535300_deduped.bam METRICS_FILE=/home/chan/mice_microgravity/outputs_primary/picard/SRR13535300_deduped.log REMOVE_DUPLICATES=true ASSUME_SORT_ORDER=coordinate TMP_DIR=[/home/chan/mice_microgravity/tmp] CREATE_INDEX=true    MAX_SEQUENCES_FOR_DISK_READ_ENDS_MAP=50000 MAX_FILE_HANDLES_FOR_READ_ENDS_MAP=8000 SORTING_COLLECTION_SIZE_RATIO=0.25 TAG_DUPLICATE_SET_MEMBERS=false REMOVE_SEQUENCING_DUPLICATES=false TAGGING_POLICY=DontTag CLEAR_DT=true DUPLEX_UMI=false ADD_PG_TAG_TO_READS=true ASSUME_SORTED=false DUPLICATE_SCORING_STRATEGY=SUM_OF_BASE_QUALITIES PROGRAM_RECORD_ID=MarkDuplicates PROGRAM_GROUP_NAME=MarkDuplicates READ_NAME_REGEX=<optimized capture of last three ':' separated fields as numeric values> OPTICAL_DUPLICATE_PIXEL_DISTANCE=100 MAX_OPTICAL_DUPLICATE_SET_SIZE=300000 VERBOSITY=INFO QUIET=false VALIDATION_STRINGENCY=STRICT COMPRESSION_LEVEL=5 MAX_RECORDS_IN_RAM=500000 CREATE_MD5_FILE=false GA4GH_CLIENT_SECRETS=client_secrets.json USE_JDK_DEFLATER=false USE_JDK_INFLATER=false
## htsjdk.samtools.metrics.StringHeader
# Started on: Sun Nov 21 14:23:18 PST 2021

## METRICS CLASS	picard.sam.DuplicationMetrics
LIBRARY	UNPAIRED_READS_EXAMINED	READ_PAIRS_EXAMINED	SECONDARY_OR_SUPPLEMENTARY_RDS	UNMAPPED_READS	UNPAIRED_READ_DUPLICATES	READ_PAIR_DUPLICATES	READ_PAIR_OPTICAL_DUPLICATES	PERCENT_DUPLICATION	ESTIMATED_LIBRARY_SIZE
Unknown Library	425540	28418010	22271829	0	409005	24946375	0	0.878456	3472604

## HISTOGRAM	java.lang.Double
BIN	CoverageMult	all_sets	non_optical_sets
1.0	1	1895655	1895655
2.0	1.000279	801308	801308
3.0	1.000279	322977	322977
4.0	1.000279	131649	131649
5.0	1.000279	59387	59387
6.0	1.000279	31833	31833
7.0	1.000279	20709	20709
8.0	1.000279	15117	15117
9.0	1.000279	12140	12140
10.0	1.000279	9828	9828
11.0	1.000279	8634	8634
12.0	1.000279	7343	7343
13.0	1.000279	6590	6590
14.0	1.000279	5791	5791
15.0	1.000279	5266	5266
16.0	1.000279	4700	4700
17.0	1.000279	4325	4325
18.0	1.000279	3907	3907
19.0	1.000279	3740	3740
20.0	1.000279	3429	3429
21.0	1.000279	3169	3169
22.0	1.000279	2866	2866
23.0	1.000279	2740	2740
24.0	1.000279	2713	2713
25.0	1.000279	2381	2381
26.0	1.000279	2378	2378
27.0	1.000279	2283	2283
28.0	1.000279	2036	2036
29.0	1.000279	2043	2043
30.0	1.000279	1889	1889
31.0	1.000279	1835	1835
32.0	1.000279	1741	1741
33.0	1.000279	1708	1708
34.0	1.000279	1616	1616
35.0	1.000279	1448	1448
36.0	1.000279	1378	1378
37.0	1.000279	1363	1363
38.0	1.000279	1369	1369
39.0	1.000279	1294	1294
40.0	1.000279	1286	1286
41.0	1.000279	1190	1190
42.0	1.000279	1123	1123
43.0	1.000279	1164	1164
44.0	1.000279	1118	1118
45.0	1.000279	1082	1082
46.0	1.000279	1044	1044
47.0	1.000279	984	984
48.0	1.000279	988	988
49.0	1.000279	894	894
50.0	1.000279	904	904
51.0	1.000279	895	895
52.0	1.000279	865	865
53.0	1.000279	834	834
54.0	1.000279	835	835
55.0	1.000279	777	777
56.0	1.000279	816	816
57.0	1.000279	810	810
58.0	1.000279	746	746
59.0	1.000279	724	724
60.0	1.000279	713	713
61.0	1.000279	686	686
62.0	1.000279	666	666
63.0	1.000279	625	625
64.0	1.000279	615	615
65.0	1.000279	626	626
66.0	1.000279	677	677
67.0	1.000279	616	616
68.0	1.000279	565	565
69.0	1.000279	558	558
70.0	1.000279	545	545
71.0	1.000279	556	556
72.0	1.000279	507	507
73.0	1.000279	500	500
74.0	1.000279	557	557
75.0	1.000279	492	492
76.0	1.000279	494	494
77.0	1.000279	519	519
78.0	1.000279	438	438
79.0	1.000279	497	497
80.0	1.000279	496	496
81.0	1.000279	475	475
82.0	1.000279	448	448
83.0	1.000279	455	455
84.0	1.000279	397	397
85.0	1.000279	380	380
86.0	1.000279	402	402
87.0	1.000279	455	455
88.0	1.000279	424	424
89.0	1.000279	403	403
90.0	1.000279	345	345
91.0	1.000279	369	369
92.0	1.000279	350	350
93.0	1.000279	363	363
94.0	1.000279	331	331
95.0	1.000279	349	349
96.0	1.000279	380	380
97.0	1.000279	317	317
98.0	1.000279	333	333
99.0	1.000279	308	308
100.0	1.000279	305	305
101.0	0	330	330
102.0	0	346	346
103.0	0	298	298
104.0	0	335	335
105.0	0	298	298
106.0	0	289	289
107.0	0	272	272
108.0	0	302	302
109.0	0	286	286
110.0	0	303	303
111.0	0	279	279
112.0	0	277	277
113.0	0	256	256
114.0	0	252	252
115.0	0	307	307
116.0	0	273	273
117.0	0	255	255
118.0	0	223	223
119.0	0	272	272
120.0	0	238	238
121.0	0	242	242
122.0	0	238	238
123.0	0	220	220
124.0	0	237	237
125.0	0	223	223
126.0	0	225	225
127.0	0	220	220
128.0	0	231	231
129.0	0	205	205
130.0	0	216	216
131.0	0	197	197
132.0	0	185	185
133.0	0	202	202
134.0	0	189	189
135.0	0	196	196
136.0	0	202	202
137.0	0	192	192
138.0	0	194	194
139.0	0	197	197
140.0	0	209	209
141.0	0	176	176
142.0	0	183	183
143.0	0	183	183
144.0	0	187	187
145.0	0	175	175
146.0	0	166	166
147.0	0	157	157
148.0	0	158	158
149.0	0	163	163
150.0	0	169	169
151.0	0	177	177
152.0	0	160	160
153.0	0	187	187
154.0	0	181	181
155.0	0	175	175
156.0	0	167	167
157.0	0	168	168
158.0	0	166	166
159.0	0	142	142
160.0	0	165	165
161.0	0	146	146
162.0	0	132	132
163.0	0	149	149
164.0	0	150	150
165.0	0	153	153
166.0	0	162	162
167.0	0	159	159
168.0	0	150	150
169.0	0	132	132
170.0	0	156	156
171.0	0	119	119
172.0	0	132	132
173.0	0	119	119
174.0	0	121	121
175.0	0	130	130
176.0	0	125	125
177.0	0	136	136
178.0	0	115	115
179.0	0	131	131
180.0	0	106	106
181.0	0	130	130
182.0	0	127	127
183.0	0	139	139
184.0	0	110	110
185.0	0	117	117
186.0	0	99	99
187.0	0	124	124
188.0	0	114	114
189.0	0	115	115
190.0	0	119	119
191.0	0	105	105
192.0	0	92	92
193.0	0	110	110
194.0	0	95	95
195.0	0	108	108
196.0	0	125	125
197.0	0	106	106
198.0	0	105	105
199.0	0	116	116
200.0	0	100	100
201.0	0	103	103
202.0	0	119	119
203.0	0	116	116
204.0	0	96	96
205.0	0	99	99
206.0	0	102	102
207.0	0	117	117
208.0	0	101	101
209.0	0	88	88
210.0	0	92	92
211.0	0	105	105
212.0	0	87	87
213.0	0	89	89
214.0	0	94	94
215.0	0	101	101
216.0	0	93	93
217.0	0	85	85
218.0	0	99	99
219.0	0	73	73
220.0	0	86	86
221.0	0	99	99
222.0	0	103	103
223.0	0	96	96
224.0	0	68	68
225.0	0	108	108
226.0	0	94	94
227.0	0	98	98
228.0	0	98	98
229.0	0	98	98
230.0	0	82	82
231.0	0	84	84
232.0	0	99	99
233.0	0	87	87
234.0	0	82	82
235.0	0	89	89
236.0	0	86	86
237.0	0	80	80
238.0	0	76	76
239.0	0	91	91
240.0	0	74	74
241.0	0	68	68
242.0	0	80	80
243.0	0	77	77
244.0	0	80	80
245.0	0	90	90
246.0	0	54	54
247.0	0	62	62
248.0	0	74	74
249.0	0	74	74
250.0	0	72	72
251.0	0	92	92
252.0	0	62	62
253.0	0	67	67
254.0	0	64	64
255.0	0	71	71
256.0	0	67	67
257.0	0	64	64
258.0	0	51	51
259.0	0	69	69
260.0	0	84	84
261.0	0	80	80
262.0	0	69	69
263.0	0	79	79
264.0	0	62	62
265.0	0	78	78
266.0	0	53	53
267.0	0	70	70
268.0	0	67	67
269.0	0	70	70
270.0	0	56	56
271.0	0	63	63
272.0	0	64	64
273.0	0	67	67
274.0	0	64	64
275.0	0	64	64
276.0	0	80	80
277.0	0	53	53
278.0	0	51	51
279.0	0	62	62
280.0	0	58	58
281.0	0	56	56
282.0	0	53	53
283.0	0	55	55
284.0	0	39	39
285.0	0	45	45
286.0	0	64	64
287.0	0	53	53
288.0	0	51	51
289.0	0	57	57
290.0	0	49	49
291.0	0	65	65
292.0	0	50	50
293.0	0	50	50
294.0	0	48	48
295.0	0	35	35
296.0	0	51	51
297.0	0	49	49
298.0	0	48	48
299.0	0	52	52
300.0	0	48	48
301.0	0	55	55
302.0	0	57	57
303.0	0	55	55
304.0	0	47	47
305.0	0	54	54
306.0	0	43	43
307.0	0	54	54
308.0	0	45	45
309.0	0	49	49
310.0	0	49	49
311.0	0	43	43
312.0	0	42	42
313.0	0	40	40
314.0	0	33	33
315.0	0	49	49
316.0	0	52	52
317.0	0	52	52
318.0	0	43	43
319.0	0	40	40
320.0	0	33	33
321.0	0	55	55
322.0	0	43	43
323.0	0	40	40
324.0	0	40	40
325.0	0	51	51
326.0	0	38	38
327.0	0	42	42
328.0	0	38	38
329.0	0	43	43
330.0	0	36	36
331.0	0	36	36
332.0	0	38	38
333.0	0	48	48
334.0	0	39	39
335.0	0	44	44
336.0	0	31	31
337.0	0	51	51
338.0	0	33	33
339.0	0	40	40
340.0	0	38	38
341.0	0	41	41
342.0	0	36	36
343.0	0	42	42
344.0	0	42	42
345.0	0	33	33
346.0	0	35	35
347.0	0	39	39
348.0	0	44	44
349.0	0	39	39
350.0	0	30	30
351.0	0	29	29
352.0	0	43	43
353.0	0	36	36
354.0	0	28	28
355.0	0	33	33
356.0	0	45	45
357.0	0	46	46
358.0	0	58	58
359.0	0	39	39
360.0	0	48	48
361.0	0	42	42
362.0	0	23	23
363.0	0	31	31
364.0	0	38	38
365.0	0	32	32
366.0	0	38	38
367.0	0	25	25
368.0	0	40	40
369.0	0	35	35
370.0	0	23	23
371.0	0	26	26
372.0	0	32	32
373.0	0	33	33
374.0	0	40	40
375.0	0	32	32
376.0	0	32	32
377.0	0	31	31
378.0	0	32	32
379.0	0	43	43
380.0	0	35	35
381.0	0	32	32
382.0	0	40	40
383.0	0	26	26
384.0	0	26	26
385.0	0	31	31
386.0	0	30	30
387.0	0	27	27
388.0	0	30	30
389.0	0	26	26
390.0	0	30	30
391.0	0	30	30
392.0	0	35	35
393.0	0	30	30
394.0	0	30	30
395.0	0	31	31
396.0	0	38	38
397.0	0	33	33
398.0	0	37	37
399.0	0	26	26
400.0	0	42	42
401.0	0	24	24
402.0	0	26	26
403.0	0	23	23
404.0	0	30	30
405.0	0	43	43
406.0	0	38	38
407.0	0	24	24
408.0	0	32	32
409.0	0	23	23
410.0	0	32	32
411.0	0	31	31
412.0	0	32	32
413.0	0	30	30
414.0	0	27	27
415.0	0	24	24
416.0	0	26	26
417.0	0	24	24
418.0	0	31	31
419.0	0	40	40
420.0	0	32	32
421.0	0	27	27
422.0	0	26	26
423.0	0	24	24
424.0	0	28	28
425.0	0	17	17
426.0	0	29	29
427.0	0	25	25
428.0	0	25	25
429.0	0	17	17
430.0	0	33	33
431.0	0	22	22
432.0	0	28	28
433.0	0	19	19
434.0	0	27	27
435.0	0	23	23
436.0	0	26	26
437.0	0	31	31
438.0	0	26	26
439.0	0	32	32
440.0	0	21	21
441.0	0	22	22
442.0	0	17	17
443.0	0	18	18
444.0	0	24	24
445.0	0	21	21
446.0	0	18	18
447.0	0	28	28
448.0	0	21	21
449.0	0	23	23
450.0	0	22	22
451.0	0	32	32
452.0	0	15	15
453.0	0	20	20
454.0	0	25	25
455.0	0	26	26
456.0	0	28	28
457.0	0	25	25
458.0	0	24	24
459.0	0	29	29
460.0	0	26	26
461.0	0	28	28
462.0	0	24	24
463.0	0	26	26
464.0	0	21	21
465.0	0	14	14
466.0	0	25	25
467.0	0	18	18
468.0	0	21	21
469.0	0	15	15
470.0	0	27	27
471.0	0	24	24
472.0	0	22	22
473.0	0	19	19
474.0	0	32	32
475.0	0	26	26
476.0	0	16	16
477.0	0	20	20
478.0	0	14	14
479.0	0	25	25
480.0	0	20	20
481.0	0	20	20
482.0	0	23	23
483.0	0	19	19
484.0	0	23	23
485.0	0	29	29
486.0	0	14	14
487.0	0	21	21
488.0	0	30	30
489.0	0	22	22
490.0	0	17	17
491.0	0	26	26
492.0	0	25	25
493.0	0	20	20
494.0	0	14	14
495.0	0	19	19
496.0	0	16	16
497.0	0	21	21
498.0	0	26	26
499.0	0	22	22
500.0	0	16	16
501.0	0	26	26
502.0	0	24	24
503.0	0	18	18
504.0	0	20	20
505.0	0	18	18
506.0	0	20	20
507.0	0	20	20
508.0	0	18	18
509.0	0	17	17
510.0	0	16	16
511.0	0	17	17
512.0	0	21	21
513.0	0	14	14
514.0	0	14	14
515.0	0	7	7
516.0	0	18	18
517.0	0	20	20
518.0	0	23	23
519.0	0	16	16
520.0	0	17	17
521.0	0	15	15
522.0	0	21	21
523.0	0	13	13
524.0	0	29	29
525.0	0	13	13
526.0	0	15	15
527.0	0	22	22
528.0	0	9	9
529.0	0	11	11
530.0	0	17	17
531.0	0	15	15
532.0	0	11	11
533.0	0	21	21
534.0	0	13	13
535.0	0	16	16
536.0	0	15	15
537.0	0	9	9
538.0	0	18	18
539.0	0	17	17
540.0	0	17	17
541.0	0	26	26
542.0	0	9	9
543.0	0	16	16
544.0	0	13	13
545.0	0	17	17
546.0	0	18	18
547.0	0	18	18
548.0	0	23	23
549.0	0	17	17
550.0	0	18	18
551.0	0	15	15
552.0	0	15	15
553.0	0	9	9
554.0	0	12	12
555.0	0	13	13
556.0	0	18	18
557.0	0	16	16
558.0	0	14	14
559.0	0	18	18
560.0	0	17	17
561.0	0	16	16
562.0	0	18	18
563.0	0	19	19
564.0	0	12	12
565.0	0	10	10
566.0	0	12	12
567.0	0	15	15
568.0	0	15	15
569.0	0	17	17
570.0	0	13	13
571.0	0	13	13
572.0	0	8	8
573.0	0	16	16
574.0	0	13	13
575.0	0	21	21
576.0	0	8	8
577.0	0	7	7
578.0	0	19	19
579.0	0	11	11
580.0	0	22	22
581.0	0	13	13
582.0	0	19	19
583.0	0	18	18
584.0	0	17	17
585.0	0	19	19
586.0	0	13	13
587.0	0	12	12
588.0	0	9	9
589.0	0	10	10
590.0	0	15	15
591.0	0	21	21
592.0	0	19	19
593.0	0	17	17
594.0	0	16	16
595.0	0	18	18
596.0	0	9	9
597.0	0	10	10
598.0	0	15	15
599.0	0	15	15
600.0	0	10	10
601.0	0	13	13
602.0	0	14	14
603.0	0	15	15
604.0	0	14	14
605.0	0	19	19
606.0	0	20	20
607.0	0	9	9
608.0	0	10	10
609.0	0	17	17
610.0	0	18	18
611.0	0	21	21
612.0	0	10	10
613.0	0	26	26
614.0	0	10	10
615.0	0	14	14
616.0	0	16	16
617.0	0	14	14
618.0	0	10	10
619.0	0	13	13
620.0	0	11	11
621.0	0	15	15
622.0	0	15	15
623.0	0	7	7
624.0	0	7	7
625.0	0	11	11
626.0	0	9	9
627.0	0	9	9
628.0	0	12	12
629.0	0	15	15
630.0	0	11	11
631.0	0	18	18
632.0	0	11	11
633.0	0	10	10
634.0	0	11	11
635.0	0	10	10
636.0	0	14	14
637.0	0	14	14
638.0	0	14	14
639.0	0	9	9
640.0	0	18	18
641.0	0	12	12
642.0	0	15	15
643.0	0	16	16
644.0	0	16	16
645.0	0	8	8
646.0	0	8	8
647.0	0	12	12
648.0	0	17	17
649.0	0	8	8
650.0	0	8	8
651.0	0	6	6
652.0	0	11	11
653.0	0	9	9
654.0	0	11	11
655.0	0	8	8
656.0	0	9	9
657.0	0	11	11
658.0	0	21	21
659.0	0	12	12
660.0	0	15	15
661.0	0	4	4
662.0	0	16	16
663.0	0	6	6
664.0	0	14	14
665.0	0	12	12
666.0	0	11	11
667.0	0	9	9
668.0	0	13	13
669.0	0	13	13
670.0	0	9	9
671.0	0	9	9
672.0	0	6	6
673.0	0	15	15
674.0	0	6	6
675.0	0	16	16
676.0	0	8	8
677.0	0	13	13
678.0	0	11	11
679.0	0	4	4
680.0	0	15	15
681.0	0	11	11
682.0	0	16	16
683.0	0	9	9
684.0	0	9	9
685.0	0	11	11
686.0	0	11	11
687.0	0	8	8
688.0	0	13	13
689.0	0	16	16
690.0	0	14	14
691.0	0	9	9
692.0	0	11	11
693.0	0	7	7
694.0	0	16	16
695.0	0	5	5
696.0	0	10	10
697.0	0	8	8
698.0	0	13	13
699.0	0	9	9
700.0	0	10	10
701.0	0	13	13
702.0	0	12	12
703.0	0	15	15
704.0	0	7	7
705.0	0	10	10
706.0	0	15	15
707.0	0	10	10
708.0	0	7	7
709.0	0	10	10
710.0	0	9	9
711.0	0	10	10
712.0	0	9	9
713.0	0	14	14
714.0	0	7	7
715.0	0	5	5
716.0	0	10	10
717.0	0	17	17
718.0	0	12	12
719.0	0	9	9
720.0	0	11	11
721.0	0	8	8
722.0	0	13	13
723.0	0	8	8
724.0	0	8	8
725.0	0	5	5
726.0	0	18	18
727.0	0	10	10
728.0	0	12	12
729.0	0	10	10
730.0	0	12	12
731.0	0	9	9
732.0	0	3	3
733.0	0	11	11
734.0	0	10	10
735.0	0	12	12
736.0	0	6	6
737.0	0	11	11
738.0	0	9	9
739.0	0	11	11
740.0	0	4	4
741.0	0	12	12
742.0	0	7	7
743.0	0	8	8
744.0	0	5	5
745.0	0	8	8
746.0	0	7	7
747.0	0	7	7
748.0	0	21	21
749.0	0	7	7
750.0	0	8	8
751.0	0	2	2
752.0	0	14	14
753.0	0	12	12
754.0	0	4	4
755.0	0	9	9
756.0	0	12	12
757.0	0	15	15
758.0	0	8	8
759.0	0	10	10
760.0	0	11	11
761.0	0	6	6
762.0	0	8	8
763.0	0	7	7
764.0	0	11	11
765.0	0	13	13
766.0	0	6	6
767.0	0	7	7
768.0	0	6	6
769.0	0	10	10
770.0	0	7	7
771.0	0	8	8
772.0	0	17	17
773.0	0	8	8
774.0	0	7	7
775.0	0	11	11
776.0	0	7	7
777.0	0	9	9
778.0	0	9	9
779.0	0	11	11
780.0	0	12	12
781.0	0	12	12
782.0	0	4	4
783.0	0	12	12
784.0	0	15	15
785.0	0	4	4
786.0	0	3	3
787.0	0	9	9
788.0	0	10	10
789.0	0	9	9
790.0	0	6	6
791.0	0	9	9
792.0	0	10	10
793.0	0	6	6
794.0	0	9	9
795.0	0	9	9
796.0	0	10	10
797.0	0	4	4
798.0	0	4	4
799.0	0	5	5
800.0	0	2	2
801.0	0	8	8
802.0	0	8	8
803.0	0	4	4
804.0	0	8	8
805.0	0	11	11
806.0	0	3	3
807.0	0	3	3
808.0	0	7	7
809.0	0	8	8
810.0	0	6	6
811.0	0	11	11
812.0	0	9	9
813.0	0	7	7
814.0	0	7	7
815.0	0	8	8
816.0	0	7	7
817.0	0	8	8
818.0	0	14	14
819.0	0	6	6
820.0	0	6	6
821.0	0	6	6
822.0	0	5	5
823.0	0	11	11
824.0	0	5	5
825.0	0	5	5
826.0	0	7	7
827.0	0	8	8
828.0	0	14	14
829.0	0	5	5
830.0	0	7	7
831.0	0	12	12
832.0	0	4	4
833.0	0	7	7
834.0	0	13	13
835.0	0	8	8
836.0	0	13	13
837.0	0	4	4
838.0	0	8	8
839.0	0	8	8
840.0	0	3	3
841.0	0	4	4
842.0	0	5	5
843.0	0	9	9
844.0	0	7	7
845.0	0	6	6
846.0	0	8	8
847.0	0	3	3
848.0	0	10	10
849.0	0	11	11
850.0	0	7	7
851.0	0	7	7
852.0	0	6	6
853.0	0	5	5
854.0	0	8	8
855.0	0	5	5
856.0	0	3	3
857.0	0	6	6
858.0	0	8	8
859.0	0	8	8
860.0	0	8	8
861.0	0	6	6
862.0	0	6	6
863.0	0	8	8
864.0	0	5	5
865.0	0	7	7
866.0	0	8	8
867.0	0	3	3
868.0	0	7	7
869.0	0	4	4
870.0	0	5	5
871.0	0	8	8
872.0	0	10	10
873.0	0	6	6
874.0	0	11	11
875.0	0	7	7
876.0	0	9	9
877.0	0	6	6
878.0	0	5	5
879.0	0	5	5
880.0	0	4	4
881.0	0	7	7
882.0	0	4	4
883.0	0	4	4
884.0	0	8	8
885.0	0	8	8
886.0	0	5	5
887.0	0	5	5
888.0	0	1	1
889.0	0	4	4
890.0	0	4	4
891.0	0	5	5
892.0	0	4	4
893.0	0	3	3
894.0	0	2	2
895.0	0	5	5
896.0	0	8	8
897.0	0	9	9
898.0	0	2	2
899.0	0	3	3
900.0	0	4	4
901.0	0	3	3
902.0	0	8	8
903.0	0	6	6
904.0	0	4	4
905.0	0	7	7
906.0	0	7	7
907.0	0	4	4
908.0	0	11	11
909.0	0	3	3
910.0	0	4	4
911.0	0	6	6
912.0	0	5	5
913.0	0	7	7
914.0	0	5	5
915.0	0	7	7
916.0	0	4	4
917.0	0	13	13
918.0	0	5	5
919.0	0	5	5
920.0	0	3	3
921.0	0	7	7
922.0	0	8	8
923.0	0	4	4
924.0	0	6	6
925.0	0	3	3
926.0	0	6	6
927.0	0	10	10
928.0	0	5	5
929.0	0	3	3
930.0	0	4	4
931.0	0	5	5
932.0	0	7	7
933.0	0	6	6
934.0	0	1	1
935.0	0	7	7
936.0	0	6	6
937.0	0	1	1
938.0	0	7	7
939.0	0	5	5
940.0	0	4	4
941.0	0	8	8
942.0	0	5	5
943.0	0	10	10
944.0	0	8	8
945.0	0	5	5
946.0	0	8	8
947.0	0	5	5
948.0	0	1	1
949.0	0	6	6
950.0	0	4	4
951.0	0	4	4
952.0	0	5	5
953.0	0	8	8
954.0	0	6	6
955.0	0	5	5
956.0	0	8	8
957.0	0	6	6
958.0	0	7	7
959.0	0	5	5
960.0	0	7	7
961.0	0	8	8
962.0	0	9	9
963.0	0	4	4
964.0	0	7	7
965.0	0	5	5
966.0	0	7	7
967.0	0	8	8
968.0	0	10	10
969.0	0	6	6
970.0	0	6	6
971.0	0	5	5
972.0	0	6	6
973.0	0	4	4
974.0	0	4	4
975.0	0	4	4
976.0	0	4	4
977.0	0	6	6
978.0	0	3	3
979.0	0	2	2
980.0	0	4	4
981.0	0	2	2
982.0	0	5	5
983.0	0	7	7
984.0	0	8	8
985.0	0	6	6
986.0	0	4	4
987.0	0	7	7
988.0	0	4	4
989.0	0	4	4
990.0	0	6	6
991.0	0	6	6
992.0	0	5	5
993.0	0	5	5
994.0	0	4	4
995.0	0	9	9
996.0	0	2	2
997.0	0	3	3
998.0	0	2	2
999.0	0	1	1
1000.0	0	11	11
1001.0	0	8	8
1002.0	0	6	6
1003.0	0	4	4
1004.0	0	3	3
1005.0	0	8	8
1006.0	0	6	6
1007.0	0	4	4
1008.0	0	2	2
1009.0	0	4	4
1010.0	0	4	4
1011.0	0	2	2
1012.0	0	4	4
1013.0	0	3	3
1014.0	0	4	4
1015.0	0	5	5
1016.0	0	5	5
1017.0	0	2	2
1018.0	0	4	4
1019.0	0	5	5
1020.0	0	4	4
1021.0	0	4	4
1022.0	0	3	3
1023.0	0	8	8
1024.0	0	2	2
1025.0	0	3	3
1026.0	0	4	4
1027.0	0	4	4
1028.0	0	3	3
1029.0	0	7	7
1030.0	0	3	3
1031.0	0	6	6
1032.0	0	5	5
1033.0	0	3	3
1034.0	0	5	5
1035.0	0	8	8
1036.0	0	3	3
1037.0	0	5	5
1038.0	0	6	6
1039.0	0	4	4
1040.0	0	4	4
1041.0	0	3	3
1042.0	0	5	5
1043.0	0	5	5
1044.0	0	2	2
1047.0	0	4	4
1048.0	0	4	4
1049.0	0	5	5
1050.0	0	7	7
1051.0	0	3	3
1052.0	0	5	5
1053.0	0	2	2
1054.0	0	3	3
1055.0	0	8	8
1056.0	0	4	4
1057.0	0	2	2
1058.0	0	4	4
1059.0	0	5	5
1060.0	0	3	3
1061.0	0	7	7
1062.0	0	8	8
1063.0	0	7	7
1064.0	0	6	6
1065.0	0	2	2
1066.0	0	2	2
1067.0	0	5	5
1068.0	0	2	2
1069.0	0	1	1
1070.0	0	4	4
1071.0	0	4	4
1072.0	0	2	2
1073.0	0	8	8
1074.0	0	3	3
1075.0	0	6	6
1076.0	0	4	4
1077.0	0	5	5
1078.0	0	4	4
1079.0	0	1	1
1080.0	0	7	7
1081.0	0	5	5
1082.0	0	6	6
1083.0	0	11	11
1084.0	0	5	5
1085.0	0	5	5
1086.0	0	3	3
1087.0	0	6	6
1088.0	0	4	4
1089.0	0	2	2
1090.0	0	3	3
1091.0	0	2	2
1092.0	0	6	6
1093.0	0	7	7
1094.0	0	2	2
1095.0	0	8	8
1096.0	0	2	2
1097.0	0	6	6
1098.0	0	1	1
1099.0	0	4	4
1100.0	0	4	4
1101.0	0	3	3
1102.0	0	7	7
1103.0	0	7	7
1104.0	0	4	4
1105.0	0	7	7
1106.0	0	3	3
1107.0	0	4	4
1108.0	0	3	3
1109.0	0	1	1
1110.0	0	1	1
1111.0	0	4	4
1112.0	0	5	5
1113.0	0	4	4
1114.0	0	3	3
1115.0	0	1	1
1116.0	0	4	4
1117.0	0	4	4
1118.0	0	5	5
1119.0	0	2	2
1120.0	0	2	2
1121.0	0	5	5
1122.0	0	6	6
1123.0	0	6	6
1124.0	0	7	7
1125.0	0	4	4
1126.0	0	3	3
1127.0	0	7	7
1128.0	0	4	4
1129.0	0	4	4
1130.0	0	7	7
1131.0	0	1	1
1132.0	0	5	5
1133.0	0	3	3
1134.0	0	2	2
1135.0	0	9	9
1136.0	0	5	5
1137.0	0	4	4
1138.0	0	3	3
1139.0	0	6	6
1140.0	0	4	4
1141.0	0	2	2
1142.0	0	5	5
1144.0	0	6	6
1145.0	0	3	3
1147.0	0	5	5
1148.0	0	7	7
1149.0	0	3	3
1150.0	0	4	4
1151.0	0	4	4
1152.0	0	9	9
1153.0	0	3	3
1154.0	0	1	1
1155.0	0	1	1
1156.0	0	1	1
1157.0	0	6	6
1158.0	0	2	2
1160.0	0	7	7
1161.0	0	9	9
1162.0	0	5	5
1163.0	0	8	8
1164.0	0	1	1
1165.0	0	5	5
1166.0	0	6	6
1167.0	0	1	1
1168.0	0	2	2
1169.0	0	5	5
1170.0	0	6	6
1171.0	0	2	2
1172.0	0	3	3
1174.0	0	3	3
1175.0	0	4	4
1176.0	0	2	2
1177.0	0	2	2
1178.0	0	1	1
1179.0	0	5	5
1180.0	0	2	2
1181.0	0	7	7
1182.0	0	3	3
1183.0	0	3	3
1184.0	0	1	1
1185.0	0	2	2
1186.0	0	1	1
1187.0	0	1	1
1188.0	0	6	6
1189.0	0	3	3
1190.0	0	2	2
1193.0	0	5	5
1194.0	0	3	3
1195.0	0	2	2
1197.0	0	5	5
1198.0	0	4	4
1199.0	0	6	6
1200.0	0	4	4
1201.0	0	4	4
1202.0	0	4	4
1203.0	0	7	7
1204.0	0	2	2
1205.0	0	2	2
1206.0	0	4	4
1207.0	0	1	1
1208.0	0	5	5
1209.0	0	1	1
1210.0	0	6	6
1211.0	0	3	3
1212.0	0	3	3
1213.0	0	2	2
1214.0	0	4	4
1215.0	0	3	3
1216.0	0	3	3
1217.0	0	4	4
1218.0	0	4	4
1219.0	0	5	5
1220.0	0	7	7
1221.0	0	3	3
1222.0	0	2	2
1223.0	0	4	4
1224.0	0	4	4
1225.0	0	3	3
1226.0	0	4	4
1227.0	0	4	4
1228.0	0	1	1
1229.0	0	5	5
1230.0	0	2	2
1231.0	0	3	3
1232.0	0	2	2
1233.0	0	3	3
1234.0	0	3	3
1235.0	0	7	7
1236.0	0	6	6
1237.0	0	1	1
1238.0	0	1	1
1239.0	0	1	1
1240.0	0	2	2
1241.0	0	6	6
1242.0	0	3	3
1243.0	0	5	5
1244.0	0	3	3
1245.0	0	3	3
1246.0	0	2	2
1247.0	0	1	1
1248.0	0	4	4
1249.0	0	1	1
1250.0	0	6	6
1251.0	0	2	2
1252.0	0	4	4
1253.0	0	2	2
1254.0	0	3	3
1255.0	0	5	5
1256.0	0	2	2
1257.0	0	3	3
1258.0	0	2	2
1259.0	0	3	3
1260.0	0	3	3
1261.0	0	2	2
1262.0	0	5	5
1263.0	0	4	4
1264.0	0	3	3
1265.0	0	9	9
1266.0	0	4	4
1267.0	0	6	6
1268.0	0	2	2
1269.0	0	4	4
1270.0	0	3	3
1271.0	0	2	2
1272.0	0	7	7
1273.0	0	3	3
1274.0	0	2	2
1275.0	0	2	2
1276.0	0	4	4
1277.0	0	1	1
1278.0	0	2	2
1279.0	0	4	4
1280.0	0	5	5
1281.0	0	1	1
1282.0	0	1	1
1283.0	0	4	4
1284.0	0	4	4
1285.0	0	2	2
1287.0	0	3	3
1288.0	0	1	1
1289.0	0	2	2
1290.0	0	4	4
1291.0	0	3	3
1292.0	0	1	1
1293.0	0	4	4
1294.0	0	1	1
1295.0	0	5	5
1296.0	0	4	4
1297.0	0	4	4
1298.0	0	4	4
1299.0	0	3	3
1300.0	0	2	2
1301.0	0	2	2
1302.0	0	2	2
1303.0	0	2	2
1304.0	0	1	1
1305.0	0	3	3
1307.0	0	2	2
1308.0	0	5	5
1309.0	0	3	3
1310.0	0	5	5
1311.0	0	3	3
1312.0	0	3	3
1313.0	0	3	3
1314.0	0	2	2
1315.0	0	2	2
1316.0	0	4	4
1317.0	0	1	1
1318.0	0	4	4
1319.0	0	2	2
1320.0	0	3	3
1321.0	0	3	3
1322.0	0	2	2
1324.0	0	3	3
1325.0	0	4	4
1326.0	0	1	1
1327.0	0	1	1
1328.0	0	4	4
1329.0	0	4	4
1330.0	0	2	2
1331.0	0	1	1
1332.0	0	3	3
1333.0	0	2	2
1334.0	0	3	3
1335.0	0	5	5
1336.0	0	1	1
1337.0	0	2	2
1338.0	0	1	1
1339.0	0	3	3
1340.0	0	2	2
1341.0	0	1	1
1342.0	0	1	1
1343.0	0	2	2
1344.0	0	2	2
1345.0	0	2	2
1346.0	0	5	5
1348.0	0	1	1
1349.0	0	3	3
1350.0	0	1	1
1351.0	0	3	3
1352.0	0	3	3
1353.0	0	5	5
1355.0	0	3	3
1357.0	0	4	4
1358.0	0	2	2
1359.0	0	1	1
1360.0	0	2	2
1362.0	0	3	3
1364.0	0	2	2
1365.0	0	2	2
1366.0	0	4	4
1367.0	0	2	2
1368.0	0	2	2
1369.0	0	1	1
1370.0	0	2	2
1371.0	0	1	1
1372.0	0	1	1
1373.0	0	5	5
1374.0	0	5	5
1375.0	0	3	3
1376.0	0	4	4
1377.0	0	5	5
1378.0	0	6	6
1379.0	0	2	2
1380.0	0	2	2
1381.0	0	4	4
1382.0	0	2	2
1383.0	0	2	2
1384.0	0	1	1
1385.0	0	1	1
1386.0	0	3	3
1388.0	0	2	2
1389.0	0	4	4
1390.0	0	1	1
1391.0	0	2	2
1392.0	0	5	5
1393.0	0	2	2
1394.0	0	3	3
1395.0	0	5	5
1396.0	0	3	3
1397.0	0	5	5
1399.0	0	2	2
1400.0	0	4	4
1401.0	0	2	2
1402.0	0	3	3
1403.0	0	3	3
1404.0	0	2	2
1406.0	0	2	2
1407.0	0	1	1
1408.0	0	1	1
1409.0	0	2	2
1410.0	0	1	1
1412.0	0	3	3
1413.0	0	1	1
1414.0	0	2	2
1415.0	0	1	1
1416.0	0	1	1
1417.0	0	3	3
1418.0	0	1	1
1419.0	0	4	4
1420.0	0	2	2
1421.0	0	4	4
1422.0	0	2	2
1423.0	0	2	2
1425.0	0	3	3
1426.0	0	2	2
1427.0	0	2	2
1428.0	0	2	2
1429.0	0	3	3
1430.0	0	1	1
1431.0	0	1	1
1432.0	0	2	2
1433.0	0	2	2
1434.0	0	1	1
1435.0	0	2	2
1436.0	0	6	6
1439.0	0	7	7
1440.0	0	1	1
1441.0	0	1	1
1442.0	0	3	3
1444.0	0	2	2
1445.0	0	2	2
1446.0	0	2	2
1447.0	0	3	3
1448.0	0	1	1
1449.0	0	3	3
1450.0	0	3	3
1451.0	0	4	4
1452.0	0	2	2
1455.0	0	2	2
1456.0	0	3	3
1457.0	0	2	2
1458.0	0	1	1
1459.0	0	3	3
1460.0	0	3	3
1461.0	0	1	1
1462.0	0	4	4
1463.0	0	4	4
1464.0	0	2	2
1465.0	0	1	1
1466.0	0	1	1
1468.0	0	2	2
1469.0	0	2	2
1470.0	0	1	1
1473.0	0	2	2
1474.0	0	3	3
1475.0	0	2	2
1476.0	0	2	2
1477.0	0	2	2
1478.0	0	1	1
1479.0	0	2	2
1480.0	0	2	2
1481.0	0	2	2
1482.0	0	1	1
1484.0	0	1	1
1485.0	0	3	3
1486.0	0	2	2
1488.0	0	2	2
1489.0	0	2	2
1490.0	0	2	2
1491.0	0	1	1
1492.0	0	1	1
1493.0	0	1	1
1494.0	0	1	1
1495.0	0	3	3
1496.0	0	3	3
1497.0	0	2	2
1498.0	0	1	1
1499.0	0	1	1
1500.0	0	4	4
1501.0	0	2	2
1502.0	0	4	4
1503.0	0	4	4
1504.0	0	2	2
1505.0	0	3	3
1506.0	0	1	1
1507.0	0	1	1
1508.0	0	1	1
1509.0	0	1	1
1512.0	0	3	3
1514.0	0	2	2
1516.0	0	1	1
1517.0	0	1	1
1519.0	0	2	2
1520.0	0	2	2
1521.0	0	3	3
1522.0	0	1	1
1523.0	0	5	5
1524.0	0	2	2
1525.0	0	1	1
1526.0	0	2	2
1527.0	0	3	3
1529.0	0	2	2
1530.0	0	3	3
1531.0	0	2	2
1532.0	0	2	2
1533.0	0	5	5
1534.0	0	1	1
1535.0	0	1	1
1536.0	0	1	1
1537.0	0	1	1
1539.0	0	1	1
1540.0	0	3	3
1541.0	0	2	2
1542.0	0	1	1
1543.0	0	3	3
1544.0	0	4	4
1546.0	0	1	1
1549.0	0	2	2
1550.0	0	3	3
1552.0	0	3	3
1553.0	0	2	2
1554.0	0	1	1
1555.0	0	1	1
1557.0	0	1	1
1559.0	0	2	2
1560.0	0	2	2
1561.0	0	4	4
1562.0	0	3	3
1563.0	0	5	5
1564.0	0	1	1
1565.0	0	1	1
1566.0	0	1	1
1567.0	0	4	4
1568.0	0	2	2
1569.0	0	2	2
1570.0	0	2	2
1571.0	0	1	1
1572.0	0	1	1
1573.0	0	1	1
1574.0	0	2	2
1575.0	0	1	1
1576.0	0	3	3
1577.0	0	4	4
1579.0	0	1	1
1581.0	0	2	2
1582.0	0	1	1
1583.0	0	1	1
1584.0	0	3	3
1585.0	0	1	1
1586.0	0	4	4
1589.0	0	1	1
1590.0	0	1	1
1591.0	0	2	2
1592.0	0	2	2
1595.0	0	3	3
1596.0	0	1	1
1597.0	0	1	1
1598.0	0	2	2
1599.0	0	1	1
1600.0	0	6	6
1601.0	0	4	4
1602.0	0	1	1
1603.0	0	1	1
1604.0	0	2	2
1605.0	0	1	1
1606.0	0	3	3
1607.0	0	1	1
1608.0	0	4	4
1610.0	0	2	2
1611.0	0	3	3
1613.0	0	3	3
1614.0	0	1	1
1616.0	0	2	2
1617.0	0	2	2
1618.0	0	4	4
1619.0	0	1	1
1620.0	0	3	3
1621.0	0	3	3
1622.0	0	1	1
1624.0	0	2	2
1625.0	0	5	5
1626.0	0	2	2
1627.0	0	3	3
1628.0	0	1	1
1630.0	0	2	2
1631.0	0	1	1
1632.0	0	2	2
1633.0	0	5	5
1634.0	0	3	3
1635.0	0	3	3
1636.0	0	4	4
1637.0	0	2	2
1638.0	0	1	1
1639.0	0	3	3
1640.0	0	3	3
1643.0	0	4	4
1645.0	0	1	1
1646.0	0	4	4
1647.0	0	2	2
1648.0	0	1	1
1649.0	0	1	1
1655.0	0	2	2
1657.0	0	1	1
1658.0	0	3	3
1659.0	0	1	1
1661.0	0	1	1
1662.0	0	2	2
1663.0	0	2	2
1664.0	0	2	2
1665.0	0	2	2
1666.0	0	1	1
1667.0	0	1	1
1668.0	0	1	1
1669.0	0	2	2
1670.0	0	2	2
1671.0	0	3	3
1672.0	0	2	2
1674.0	0	2	2
1675.0	0	3	3
1676.0	0	2	2
1679.0	0	1	1
1680.0	0	1	1
1681.0	0	2	2
1682.0	0	1	1
1683.0	0	2	2
1684.0	0	2	2
1686.0	0	1	1
1687.0	0	3	3
1688.0	0	4	4
1689.0	0	2	2
1690.0	0	2	2
1691.0	0	2	2
1692.0	0	2	2
1693.0	0	1	1
1694.0	0	1	1
1695.0	0	2	2
1696.0	0	1	1
1697.0	0	1	1
1698.0	0	1	1
1699.0	0	3	3
1700.0	0	2	2
1701.0	0	1	1
1703.0	0	2	2
1704.0	0	1	1
1706.0	0	1	1
1707.0	0	2	2
1708.0	0	1	1
1709.0	0	2	2
1710.0	0	1	1
1711.0	0	1	1
1712.0	0	1	1
1714.0	0	1	1
1715.0	0	2	2
1717.0	0	2	2
1718.0	0	1	1
1719.0	0	3	3
1720.0	0	3	3
1721.0	0	1	1
1722.0	0	1	1
1723.0	0	2	2
1724.0	0	1	1
1725.0	0	2	2
1727.0	0	1	1
1728.0	0	2	2
1729.0	0	2	2
1731.0	0	1	1
1732.0	0	4	4
1735.0	0	2	2
1736.0	0	1	1
1737.0	0	1	1
1739.0	0	2	2
1741.0	0	1	1
1742.0	0	1	1
1743.0	0	2	2
1747.0	0	1	1
1749.0	0	2	2
1751.0	0	2	2
1752.0	0	2	2
1753.0	0	1	1
1755.0	0	3	3
1756.0	0	2	2
1757.0	0	3	3
1758.0	0	3	3
1759.0	0	2	2
1761.0	0	2	2
1762.0	0	2	2
1764.0	0	3	3
1765.0	0	1	1
1766.0	0	2	2
1767.0	0	1	1
1768.0	0	1	1
1771.0	0	1	1
1772.0	0	1	1
1774.0	0	3	3
1775.0	0	1	1
1776.0	0	1	1
1777.0	0	1	1
1779.0	0	1	1
1780.0	0	2	2
1782.0	0	1	1
1783.0	0	1	1
1784.0	0	2	2
1786.0	0	2	2
1787.0	0	1	1
1789.0	0	1	1
1790.0	0	2	2
1794.0	0	3	3
1795.0	0	2	2
1800.0	0	2	2
1801.0	0	1	1
1802.0	0	2	2
1804.0	0	1	1
1805.0	0	2	2
1806.0	0	1	1
1807.0	0	2	2
1808.0	0	1	1
1809.0	0	1	1
1814.0	0	1	1
1815.0	0	3	3
1816.0	0	2	2
1817.0	0	1	1
1819.0	0	2	2
1820.0	0	3	3
1822.0	0	1	1
1827.0	0	1	1
1828.0	0	4	4
1829.0	0	1	1
1830.0	0	2	2
1831.0	0	1	1
1832.0	0	3	3
1834.0	0	1	1
1835.0	0	2	2
1836.0	0	2	2
1837.0	0	1	1
1838.0	0	1	1
1840.0	0	4	4
1841.0	0	2	2
1843.0	0	3	3
1844.0	0	1	1
1845.0	0	1	1
1846.0	0	1	1
1847.0	0	1	1
1848.0	0	3	3
1849.0	0	1	1
1851.0	0	1	1
1852.0	0	1	1
1853.0	0	3	3
1854.0	0	1	1
1856.0	0	1	1
1857.0	0	2	2
1859.0	0	1	1
1860.0	0	3	3
1861.0	0	1	1
1862.0	0	1	1
1864.0	0	1	1
1865.0	0	1	1
1866.0	0	2	2
1867.0	0	2	2
1868.0	0	1	1
1870.0	0	1	1
1871.0	0	1	1
1872.0	0	2	2
1873.0	0	3	3
1876.0	0	1	1
1878.0	0	2	2
1879.0	0	2	2
1880.0	0	1	1
1883.0	0	2	2
1885.0	0	1	1
1886.0	0	4	4
1887.0	0	3	3
1888.0	0	1	1
1889.0	0	1	1
1890.0	0	1	1
1893.0	0	1	1
1894.0	0	1	1
1895.0	0	2	2
1896.0	0	1	1
1899.0	0	2	2
1900.0	0	2	2
1901.0	0	1	1
1903.0	0	1	1
1905.0	0	1	1
1906.0	0	2	2
1907.0	0	2	2
1909.0	0	2	2
1910.0	0	1	1
1913.0	0	1	1
1915.0	0	2	2
1916.0	0	3	3
1917.0	0	3	3
1918.0	0	2	2
1919.0	0	1	1
1920.0	0	1	1
1921.0	0	1	1
1923.0	0	2	2
1924.0	0	2	2
1927.0	0	4	4
1928.0	0	2	2
1930.0	0	1	1
1931.0	0	2	2
1934.0	0	1	1
1935.0	0	3	3
1936.0	0	1	1
1939.0	0	2	2
1940.0	0	1	1
1941.0	0	1	1
1944.0	0	1	1
1945.0	0	1	1
1946.0	0	1	1
1948.0	0	2	2
1951.0	0	1	1
1953.0	0	2	2
1954.0	0	1	1
1955.0	0	2	2
1958.0	0	4	4
1960.0	0	1	1
1963.0	0	2	2
1964.0	0	1	1
1965.0	0	2	2
1967.0	0	2	2
1968.0	0	1	1
1969.0	0	1	1
1970.0	0	1	1
1974.0	0	1	1
1975.0	0	1	1
1976.0	0	1	1
1977.0	0	3	3
1978.0	0	2	2
1979.0	0	2	2
1986.0	0	1	1
1987.0	0	3	3
1989.0	0	1	1
1991.0	0	2	2
1993.0	0	4	4
1994.0	0	1	1
1996.0	0	1	1
1997.0	0	2	2
1998.0	0	3	3
1999.0	0	2	2
2000.0	0	2	2
2002.0	0	1	1
2003.0	0	1	1
2005.0	0	3	3
2006.0	0	1	1
2007.0	0	3	3
2010.0	0	1	1
2011.0	0	1	1
2012.0	0	1	1
2013.0	0	1	1
2014.0	0	1	1
2016.0	0	1	1
2017.0	0	1	1
2018.0	0	2	2
2019.0	0	2	2
2020.0	0	1	1
2021.0	0	2	2
2023.0	0	1	1
2024.0	0	2	2
2025.0	0	1	1
2026.0	0	2	2
2028.0	0	4	4
2029.0	0	2	2
2030.0	0	2	2
2031.0	0	2	2
2032.0	0	1	1
2033.0	0	1	1
2034.0	0	1	1
2035.0	0	2	2
2039.0	0	1	1
2042.0	0	2	2
2043.0	0	3	3
2044.0	0	3	3
2045.0	0	3	3
2046.0	0	1	1
2047.0	0	1	1
2050.0	0	1	1
2051.0	0	4	4
2052.0	0	1	1
2054.0	0	2	2
2056.0	0	1	1
2058.0	0	2	2
2061.0	0	2	2
2063.0	0	1	1
2065.0	0	4	4
2068.0	0	1	1
2070.0	0	1	1
2071.0	0	1	1
2072.0	0	2	2
2073.0	0	3	3
2074.0	0	1	1
2075.0	0	2	2
2076.0	0	4	4
2077.0	0	1	1
2080.0	0	1	1
2082.0	0	1	1
2084.0	0	3	3
2085.0	0	1	1
2086.0	0	1	1
2091.0	0	3	3
2092.0	0	1	1
2093.0	0	1	1
2096.0	0	2	2
2097.0	0	3	3
2098.0	0	1	1
2099.0	0	2	2
2100.0	0	1	1
2102.0	0	1	1
2103.0	0	1	1
2104.0	0	1	1
2106.0	0	1	1
2107.0	0	3	3
2108.0	0	2	2
2109.0	0	1	1
2110.0	0	1	1
2112.0	0	2	2
2113.0	0	2	2
2114.0	0	3	3
2115.0	0	1	1
2116.0	0	1	1
2118.0	0	1	1
2119.0	0	1	1
2120.0	0	1	1
2123.0	0	1	1
2124.0	0	2	2
2125.0	0	1	1
2126.0	0	1	1
2130.0	0	1	1
2132.0	0	2	2
2134.0	0	2	2
2136.0	0	1	1
2138.0	0	3	3
2139.0	0	2	2
2140.0	0	2	2
2141.0	0	1	1
2147.0	0	3	3
2148.0	0	1	1
2149.0	0	2	2
2150.0	0	1	1
2151.0	0	1	1
2153.0	0	2	2
2154.0	0	1	1
2158.0	0	2	2
2160.0	0	1	1
2161.0	0	3	3
2164.0	0	2	2
2166.0	0	1	1
2167.0	0	1	1
2168.0	0	1	1
2169.0	0	1	1
2170.0	0	2	2
2171.0	0	1	1
2172.0	0	4	4
2173.0	0	1	1
2175.0	0	2	2
2179.0	0	1	1
2183.0	0	1	1
2189.0	0	2	2
2190.0	0	5	5
2191.0	0	1	1
2193.0	0	1	1
2195.0	0	1	1
2196.0	0	2	2
2198.0	0	3	3
2200.0	0	1	1
2201.0	0	1	1
2202.0	0	1	1
2203.0	0	2	2
2205.0	0	3	3
2206.0	0	1	1
2207.0	0	2	2
2208.0	0	1	1
2211.0	0	2	2
2212.0	0	1	1
2213.0	0	1	1
2215.0	0	1	1
2217.0	0	1	1
2218.0	0	1	1
2220.0	0	1	1
2221.0	0	1	1
2222.0	0	1	1
2223.0	0	2	2
2224.0	0	1	1
2225.0	0	1	1
2226.0	0	1	1
2227.0	0	1	1
2230.0	0	1	1
2233.0	0	2	2
2234.0	0	1	1
2236.0	0	1	1
2237.0	0	1	1
2238.0	0	1	1
2241.0	0	1	1
2243.0	0	1	1
2244.0	0	1	1
2246.0	0	1	1
2247.0	0	1	1
2248.0	0	1	1
2250.0	0	2	2
2253.0	0	1	1
2254.0	0	1	1
2255.0	0	1	1
2256.0	0	2	2
2259.0	0	1	1
2260.0	0	1	1
2261.0	0	2	2
2262.0	0	2	2
2263.0	0	1	1
2265.0	0	1	1
2272.0	0	2	2
2273.0	0	2	2
2274.0	0	1	1
2276.0	0	1	1
2277.0	0	1	1
2279.0	0	1	1
2280.0	0	2	2
2281.0	0	4	4
2284.0	0	1	1
2286.0	0	3	3
2289.0	0	1	1
2290.0	0	1	1
2292.0	0	3	3
2295.0	0	1	1
2297.0	0	2	2
2299.0	0	1	1
2300.0	0	1	1
2301.0	0	1	1
2304.0	0	1	1
2306.0	0	2	2
2307.0	0	1	1
2308.0	0	3	3
2311.0	0	1	1
2315.0	0	1	1
2317.0	0	1	1
2318.0	0	1	1
2320.0	0	1	1
2321.0	0	2	2
2322.0	0	1	1
2323.0	0	1	1
2326.0	0	2	2
2328.0	0	2	2
2330.0	0	1	1
2335.0	0	2	2
2336.0	0	2	2
2337.0	0	1	1
2338.0	0	2	2
2339.0	0	1	1
2345.0	0	1	1
2348.0	0	1	1
2349.0	0	1	1
2350.0	0	2	2
2352.0	0	2	2
2354.0	0	1	1
2355.0	0	1	1
2358.0	0	1	1
2360.0	0	1	1
2361.0	0	1	1
2365.0	0	1	1
2366.0	0	1	1
2367.0	0	1	1
2370.0	0	1	1
2372.0	0	2	2
2376.0	0	2	2
2379.0	0	2	2
2380.0	0	1	1
2381.0	0	1	1
2384.0	0	2	2
2386.0	0	2	2
2387.0	0	1	1
2390.0	0	3	3
2396.0	0	1	1
2397.0	0	1	1
2400.0	0	1	1
2401.0	0	1	1
2404.0	0	1	1
2407.0	0	2	2
2409.0	0	1	1
2410.0	0	1	1
2412.0	0	1	1
2413.0	0	2	2
2414.0	0	2	2
2415.0	0	1	1
2422.0	0	2	2
2423.0	0	1	1
2430.0	0	4	4
2434.0	0	1	1
2435.0	0	1	1
2436.0	0	1	1
2437.0	0	1	1
2440.0	0	2	2
2442.0	0	1	1
2446.0	0	1	1
2450.0	0	2	2
2452.0	0	1	1
2453.0	0	1	1
2457.0	0	3	3
2458.0	0	1	1
2459.0	0	1	1
2466.0	0	1	1
2470.0	0	1	1
2473.0	0	1	1
2476.0	0	1	1
2480.0	0	1	1
2481.0	0	1	1
2482.0	0	1	1
2483.0	0	1	1
2484.0	0	1	1
2485.0	0	1	1
2486.0	0	1	1
2496.0	0	2	2
2497.0	0	1	1
2498.0	0	1	1
2500.0	0	1	1
2501.0	0	2	2
2502.0	0	2	2
2503.0	0	1	1
2505.0	0	1	1
2506.0	0	1	1
2507.0	0	1	1
2510.0	0	1	1
2512.0	0	1	1
2515.0	0	1	1
2516.0	0	1	1
2517.0	0	3	3
2520.0	0	1	1
2521.0	0	1	1
2526.0	0	3	3
2528.0	0	2	2
2529.0	0	1	1
2533.0	0	3	3
2535.0	0	1	1
2536.0	0	1	1
2537.0	0	2	2
2538.0	0	1	1
2541.0	0	1	1
2542.0	0	2	2
2543.0	0	1	1
2546.0	0	3	3
2547.0	0	2	2
2554.0	0	1	1
2555.0	0	1	1
2556.0	0	1	1
2564.0	0	1	1
2565.0	0	1	1
2566.0	0	1	1
2573.0	0	1	1
2576.0	0	2	2
2577.0	0	1	1
2582.0	0	2	2
2587.0	0	2	2
2590.0	0	1	1
2591.0	0	1	1
2592.0	0	1	1
2593.0	0	1	1
2594.0	0	1	1
2596.0	0	1	1
2597.0	0	1	1
2599.0	0	1	1
2600.0	0	2	2
2604.0	0	1	1
2609.0	0	1	1
2610.0	0	1	1
2612.0	0	1	1
2615.0	0	1	1
2617.0	0	2	2
2618.0	0	1	1
2622.0	0	1	1
2623.0	0	1	1
2624.0	0	2	2
2625.0	0	2	2
2626.0	0	1	1
2628.0	0	1	1
2630.0	0	2	2
2632.0	0	1	1
2633.0	0	2	2
2635.0	0	1	1
2636.0	0	1	1
2639.0	0	1	1
2642.0	0	1	1
2643.0	0	1	1
2651.0	0	1	1
2652.0	0	1	1
2653.0	0	1	1
2657.0	0	1	1
2659.0	0	1	1
2663.0	0	2	2
2672.0	0	1	1
2677.0	0	1	1
2681.0	0	2	2
2683.0	0	1	1
2684.0	0	1	1
2686.0	0	2	2
2687.0	0	2	2
2689.0	0	1	1
2694.0	0	1	1
2696.0	0	2	2
2699.0	0	1	1
2701.0	0	2	2
2707.0	0	1	1
2709.0	0	2	2
2710.0	0	1	1
2713.0	0	1	1
2716.0	0	1	1
2718.0	0	1	1
2721.0	0	1	1
2723.0	0	1	1
2724.0	0	1	1
2725.0	0	2	2
2729.0	0	1	1
2730.0	0	1	1
2734.0	0	1	1
2735.0	0	2	2
2737.0	0	2	2
2738.0	0	1	1
2741.0	0	2	2
2745.0	0	2	2
2754.0	0	1	1
2755.0	0	1	1
2761.0	0	1	1
2762.0	0	1	1
2764.0	0	3	3
2765.0	0	1	1
2767.0	0	1	1
2768.0	0	1	1
2769.0	0	1	1
2771.0	0	2	2
2773.0	0	1	1
2775.0	0	2	2
2777.0	0	3	3
2781.0	0	1	1
2782.0	0	1	1
2783.0	0	1	1
2784.0	0	1	1
2787.0	0	1	1
2791.0	0	1	1
2794.0	0	1	1
2796.0	0	1	1
2799.0	0	1	1
2801.0	0	1	1
2802.0	0	1	1
2803.0	0	1	1
2804.0	0	1	1
2805.0	0	1	1
2807.0	0	1	1
2816.0	0	2	2
2818.0	0	1	1
2819.0	0	2	2
2821.0	0	1	1
2822.0	0	1	1
2827.0	0	1	1
2831.0	0	2	2
2840.0	0	1	1
2842.0	0	2	2
2847.0	0	2	2
2849.0	0	1	1
2858.0	0	1	1
2861.0	0	1	1
2867.0	0	1	1
2877.0	0	2	2
2879.0	0	2	2
2883.0	0	2	2
2885.0	0	1	1
2887.0	0	1	1
2891.0	0	1	1
2895.0	0	1	1
2898.0	0	2	2
2900.0	0	1	1
2903.0	0	1	1
2912.0	0	1	1
2914.0	0	1	1
2917.0	0	1	1
2919.0	0	1	1
2926.0	0	1	1
2928.0	0	1	1
2929.0	0	1	1
2931.0	0	3	3
2933.0	0	2	2
2934.0	0	1	1
2938.0	0	1	1
2942.0	0	1	1
2944.0	0	1	1
2945.0	0	1	1
2950.0	0	1	1
2956.0	0	1	1
2958.0	0	1	1
2961.0	0	1	1
2964.0	0	1	1
2966.0	0	1	1
2968.0	0	2	2
2969.0	0	1	1
2970.0	0	1	1
2973.0	0	2	2
2974.0	0	1	1
2981.0	0	1	1
2982.0	0	1	1
2987.0	0	1	1
2988.0	0	1	1
2989.0	0	1	1
2990.0	0	1	1
2993.0	0	1	1
2996.0	0	1	1
3000.0	0	4	4
3002.0	0	1	1
3005.0	0	1	1
3008.0	0	1	1
3012.0	0	2	2
3013.0	0	1	1
3016.0	0	1	1
3021.0	0	2	2
3037.0	0	1	1
3038.0	0	1	1
3042.0	0	1	1
3043.0	0	1	1
3045.0	0	1	1
3050.0	0	1	1
3051.0	0	1	1
3054.0	0	1	1
3059.0	0	1	1
3061.0	0	1	1
3062.0	0	1	1
3064.0	0	1	1
3070.0	0	2	2
3074.0	0	1	1
3075.0	0	1	1
3089.0	0	3	3
3090.0	0	1	1
3093.0	0	2	2
3094.0	0	1	1
3103.0	0	1	1
3105.0	0	1	1
3108.0	0	1	1
3109.0	0	1	1
3110.0	0	1	1
3113.0	0	1	1
3117.0	0	1	1
3120.0	0	2	2
3121.0	0	1	1
3123.0	0	1	1
3128.0	0	4	4
3136.0	0	1	1
3142.0	0	2	2
3144.0	0	1	1
3152.0	0	2	2
3156.0	0	1	1
3157.0	0	1	1
3158.0	0	1	1
3170.0	0	2	2
3173.0	0	1	1
3181.0	0	2	2
3185.0	0	1	1
3191.0	0	1	1
3196.0	0	1	1
3199.0	0	1	1
3201.0	0	1	1
3204.0	0	1	1
3207.0	0	2	2
3213.0	0	1	1
3215.0	0	1	1
3224.0	0	1	1
3226.0	0	1	1
3228.0	0	3	3
3229.0	0	1	1
3240.0	0	1	1
3243.0	0	1	1
3249.0	0	1	1
3253.0	0	1	1
3263.0	0	1	1
3264.0	0	1	1
3265.0	0	1	1
3273.0	0	1	1
3275.0	0	1	1
3280.0	0	1	1
3281.0	0	2	2
3292.0	0	1	1
3293.0	0	1	1
3296.0	0	1	1
3301.0	0	1	1
3304.0	0	1	1
3305.0	0	1	1
3311.0	0	1	1
3312.0	0	1	1
3322.0	0	1	1
3327.0	0	2	2
3328.0	0	1	1
3329.0	0	1	1
3337.0	0	1	1
3338.0	0	1	1
3339.0	0	1	1
3340.0	0	1	1
3344.0	0	1	1
3348.0	0	1	1
3351.0	0	1	1
3358.0	0	1	1
3359.0	0	1	1
3360.0	0	1	1
3361.0	0	1	1
3362.0	0	1	1
3364.0	0	1	1
3365.0	0	1	1
3388.0	0	1	1
3390.0	0	1	1
3391.0	0	1	1
3392.0	0	1	1
3399.0	0	1	1
3411.0	0	1	1
3412.0	0	1	1
3417.0	0	1	1
3418.0	0	1	1
3423.0	0	1	1
3426.0	0	1	1
3428.0	0	1	1
3437.0	0	1	1
3443.0	0	1	1
3448.0	0	1	1
3461.0	0	1	1
3469.0	0	1	1
3470.0	0	2	2
3472.0	0	1	1
3474.0	0	1	1
3480.0	0	1	1
3485.0	0	1	1
3491.0	0	1	1
3496.0	0	1	1
3497.0	0	1	1
3498.0	0	2	2
3502.0	0	2	2
3505.0	0	1	1
3506.0	0	1	1
3508.0	0	1	1
3514.0	0	1	1
3516.0	0	1	1
3519.0	0	1	1
3520.0	0	1	1
3525.0	0	2	2
3540.0	0	1	1
3547.0	0	2	2
3549.0	0	1	1
3550.0	0	1	1
3561.0	0	2	2
3575.0	0	1	1
3590.0	0	1	1
3593.0	0	1	1
3595.0	0	2	2
3599.0	0	1	1
3602.0	0	1	1
3606.0	0	1	1
3607.0	0	1	1
3613.0	0	2	2
3629.0	0	1	1
3631.0	0	1	1
3635.0	0	2	2
3642.0	0	1	1
3645.0	0	1	1
3648.0	0	1	1
3652.0	0	1	1
3661.0	0	2	2
3665.0	0	1	1
3670.0	0	1	1
3674.0	0	1	1
3684.0	0	1	1
3686.0	0	1	1
3687.0	0	1	1
3697.0	0	1	1
3702.0	0	1	1
3703.0	0	1	1
3714.0	0	1	1
3715.0	0	1	1
3716.0	0	1	1
3717.0	0	1	1
3718.0	0	1	1
3723.0	0	1	1
3727.0	0	1	1
3740.0	0	1	1
3743.0	0	1	1
3745.0	0	1	1
3753.0	0	1	1
3756.0	0	2	2
3773.0	0	1	1
3775.0	0	1	1
3776.0	0	1	1
3780.0	0	1	1
3796.0	0	1	1
3798.0	0	1	1
3806.0	0	1	1
3818.0	0	1	1
3821.0	0	1	1
3836.0	0	2	2
3860.0	0	1	1
3862.0	0	1	1
3869.0	0	1	1
3870.0	0	1	1
3871.0	0	1	1
3882.0	0	1	1
3883.0	0	1	1
3897.0	0	1	1
3898.0	0	1	1
3901.0	0	1	1
3907.0	0	1	1
3910.0	0	1	1
3919.0	0	1	1
3923.0	0	1	1
3925.0	0	1	1
3933.0	0	1	1
3934.0	0	1	1
3939.0	0	1	1
3943.0	0	1	1
3945.0	0	1	1
3950.0	0	1	1
3953.0	0	1	1
3956.0	0	1	1
3964.0	0	1	1
3965.0	0	1	1
3979.0	0	1	1
3980.0	0	1	1
3982.0	0	1	1
3986.0	0	1	1
3988.0	0	1	1
4009.0	0	1	1
4024.0	0	1	1
4029.0	0	1	1
4032.0	0	1	1
4036.0	0	1	1
4037.0	0	1	1
4045.0	0	1	1
4046.0	0	1	1
4053.0	0	1	1
4058.0	0	1	1
4067.0	0	1	1
4072.0	0	1	1
4073.0	0	1	1
4074.0	0	1	1
4083.0	0	1	1
4085.0	0	1	1
4090.0	0	1	1
4127.0	0	1	1
4129.0	0	1	1
4130.0	0	1	1
4132.0	0	1	1
4137.0	0	1	1
4158.0	0	1	1
4162.0	0	1	1
4166.0	0	1	1
4178.0	0	1	1
4187.0	0	1	1
4188.0	0	1	1
4191.0	0	1	1
4195.0	0	1	1
4199.0	0	1	1
4210.0	0	1	1
4226.0	0	1	1
4238.0	0	1	1
4244.0	0	1	1
4256.0	0	2	2
4263.0	0	1	1
4277.0	0	1	1
4288.0	0	1	1
4303.0	0	1	1
4313.0	0	1	1
4315.0	0	1	1
4317.0	0	1	1
4327.0	0	3	3
4345.0	0	1	1
4364.0	0	1	1
4370.0	0	1	1
4373.0	0	1	1
4381.0	0	2	2
4382.0	0	1	1
4384.0	0	1	1
4390.0	0	1	1
4392.0	0	1	1
4413.0	0	1	1
4415.0	0	1	1
4423.0	0	1	1
4427.0	0	1	1
4438.0	0	1	1
4440.0	0	1	1
4441.0	0	1	1
4448.0	0	1	1
4451.0	0	1	1
4459.0	0	1	1
4462.0	0	1	1
4463.0	0	1	1
4467.0	0	1	1
4490.0	0	1	1
4495.0	0	1	1
4496.0	0	1	1
4498.0	0	1	1
4502.0	0	1	1
4526.0	0	1	1
4529.0	0	1	1
4530.0	0	1	1
4533.0	0	1	1
4535.0	0	1	1
4560.0	0	2	2
4563.0	0	2	2
4565.0	0	1	1
4566.0	0	1	1
4581.0	0	1	1
4583.0	0	1	1
4586.0	0	1	1
4589.0	0	1	1
4590.0	0	1	1
4595.0	0	1	1
4608.0	0	2	2
4613.0	0	1	1
4621.0	0	1	1
4655.0	0	1	1
4658.0	0	1	1
4669.0	0	1	1
4679.0	0	1	1
4685.0	0	2	2
4700.0	0	1	1
4710.0	0	1	1
4743.0	0	1	1
4744.0	0	1	1
4759.0	0	1	1
4762.0	0	1	1
4767.0	0	1	1
4772.0	0	2	2
4777.0	0	1	1
4790.0	0	1	1
4793.0	0	1	1
4795.0	0	1	1
4800.0	0	2	2
4823.0	0	1	1
4833.0	0	1	1
4836.0	0	1	1
4855.0	0	1	1
4874.0	0	1	1
4875.0	0	1	1
4904.0	0	1	1
4906.0	0	1	1
4908.0	0	1	1
4930.0	0	1	1
4935.0	0	1	1
4937.0	0	1	1
4966.0	0	1	1
4983.0	0	1	1
4985.0	0	1	1
4989.0	0	1	1
5000.0	0	1	1
5003.0	0	1	1
5012.0	0	1	1
5042.0	0	1	1
5051.0	0	1	1
5064.0	0	1	1
5081.0	0	1	1
5084.0	0	1	1
5102.0	0	1	1
5104.0	0	1	1
5115.0	0	1	1
5126.0	0	1	1
5147.0	0	1	1
5153.0	0	1	1
5175.0	0	1	1
5224.0	0	1	1
5266.0	0	1	1
5268.0	0	1	1
5270.0	0	2	2
5277.0	0	1	1
5278.0	0	1	1
5307.0	0	2	2
5308.0	0	1	1
5309.0	0	1	1
5320.0	0	1	1
5343.0	0	1	1
5396.0	0	1	1
5421.0	0	1	1
5430.0	0	1	1
5448.0	0	1	1
5456.0	0	1	1
5476.0	0	1	1
5488.0	0	1	1
5507.0	0	1	1
5508.0	0	1	1
5526.0	0	1	1
5553.0	0	1	1
5555.0	0	1	1
5565.0	0	1	1
5578.0	0	1	1
5586.0	0	1	1
5591.0	0	1	1
5627.0	0	1	1
5636.0	0	1	1
5642.0	0	1	1
5643.0	0	1	1
5653.0	0	1	1
5657.0	0	1	1
5703.0	0	1	1
5710.0	0	1	1
5713.0	0	1	1
5727.0	0	1	1
5745.0	0	1	1
5756.0	0	1	1
5770.0	0	1	1
5786.0	0	2	2
5802.0	0	2	2
5808.0	0	1	1
5821.0	0	1	1
5822.0	0	1	1
5859.0	0	1	1
5862.0	0	1	1
5867.0	0	1	1
5876.0	0	1	1
5914.0	0	1	1
5935.0	0	1	1
5947.0	0	1	1
5952.0	0	1	1
5984.0	0	1	1
5993.0	0	1	1
6070.0	0	1	1
6075.0	0	1	1
6086.0	0	1	1
6089.0	0	1	1
6105.0	0	1	1
6111.0	0	1	1
6128.0	0	1	1
6136.0	0	1	1
6163.0	0	1	1
6164.0	0	1	1
6174.0	0	1	1
6198.0	0	1	1
6316.0	0	1	1
6372.0	0	1	1
6390.0	0	1	1
6413.0	0	1	1
6477.0	0	1	1
6488.0	0	1	1
6514.0	0	1	1
6528.0	0	1	1
6537.0	0	1	1
6585.0	0	1	1
6599.0	0	1	1
6612.0	0	1	1
6629.0	0	1	1
6637.0	0	1	1
6638.0	0	1	1
6681.0	0	1	1
6711.0	0	1	1
6720.0	0	1	1
6725.0	0	1	1
6734.0	0	1	1
6737.0	0	1	1
6746.0	0	1	1
6778.0	0	1	1
6884.0	0	1	1
6897.0	0	1	1
6916.0	0	1	1
6922.0	0	1	1
6933.0	0	1	1
6959.0	0	1	1
6978.0	0	1	1
7008.0	0	1	1
7012.0	0	1	1
7077.0	0	1	1
7109.0	0	1	1
7120.0	0	1	1
7151.0	0	2	2
7154.0	0	1	1
7210.0	0	1	1
7252.0	0	1	1
7275.0	0	1	1
7304.0	0	1	1
7339.0	0	1	1
7349.0	0	1	1
7433.0	0	1	1
7470.0	0	1	1
7488.0	0	1	1
7646.0	0	1	1
7704.0	0	1	1
7707.0	0	1	1
7737.0	0	1	1
7779.0	0	1	1
7844.0	0	1	1
7847.0	0	1	1
7970.0	0	1	1
7975.0	0	1	1
7985.0	0	1	1
7991.0	0	1	1
8023.0	0	1	1
8065.0	0	1	1
8069.0	0	1	1
8081.0	0	1	1
8124.0	0	1	1
8131.0	0	1	1
8228.0	0	1	1
8234.0	0	1	1
8335.0	0	1	1
8376.0	0	1	1
8388.0	0	1	1
8408.0	0	1	1
8430.0	0	1	1
8494.0	0	1	1
8520.0	0	1	1
8562.0	0	1	1
8636.0	0	1	1
8684.0	0	1	1
8730.0	0	1	1
8736.0	0	1	1
8790.0	0	1	1
8805.0	0	1	1
8853.0	0	1	1
8972.0	0	1	1
9081.0	0	1	1
9092.0	0	1	1
9182.0	0	1	1
9196.0	0	1	1
9389.0	0	1	1
9514.0	0	1	1
9571.0	0	1	1
9584.0	0	1	1
9600.0	0	1	1
9675.0	0	1	1
9679.0	0	1	1
9728.0	0	1	1
9744.0	0	1	1
9822.0	0	1	1
9836.0	0	1	1
9855.0	0	1	1
9918.0	0	1	1
10028.0	0	1	1
10098.0	0	1	1
10243.0	0	1	1
10246.0	0	1	1
10325.0	0	1	1
10345.0	0	1	1
10379.0	0	1	1
10388.0	0	1	1
10476.0	0	1	1
10544.0	0	1	1
10574.0	0	1	1
10607.0	0	1	1
10660.0	0	1	1
10751.0	0	1	1
10842.0	0	1	1
10909.0	0	1	1
11160.0	0	1	1
11319.0	0	1	1
11527.0	0	1	1
11735.0	0	1	1
11764.0	0	1	1
11768.0	0	1	1
12412.0	0	1	1
12657.0	0	1	1
12705.0	0	1	1
12764.0	0	1	1
12845.0	0	1	1
12895.0	0	1	1
12955.0	0	1	1
13301.0	0	1	1
13436.0	0	1	1
13708.0	0	1	1
13730.0	0	1	1
14049.0	0	1	1
14669.0	0	1	1
14778.0	0	1	1
15728.0	0	1	1
16228.0	0	1	1
16306.0	0	1	1
18813.0	0	1	1
18898.0	0	1	1
21459.0	0	1	1
22499.0	0	1	1
26275.0	0	1	1
35325.0	0	1	1

