## htsjdk.samtools.metrics.StringHeader
# MarkDuplicates INPUT=[/home/chan/mice_microgravity/outputs_primary/picard/SRR13535276_sorted.bam] OUTPUT=/home/chan/mice_microgravity/outputs_primary/picard/SRR13535276_deduped.bam METRICS_FILE=/home/chan/mice_microgravity/outputs_primary/picard/SRR13535276_deduped.log REMOVE_DUPLICATES=true ASSUME_SORT_ORDER=coordinate TMP_DIR=[/home/chan/mice_microgravity/tmp] CREATE_INDEX=true    MAX_SEQUENCES_FOR_DISK_READ_ENDS_MAP=50000 MAX_FILE_HANDLES_FOR_READ_ENDS_MAP=8000 SORTING_COLLECTION_SIZE_RATIO=0.25 TAG_DUPLICATE_SET_MEMBERS=false REMOVE_SEQUENCING_DUPLICATES=false TAGGING_POLICY=DontTag CLEAR_DT=true DUPLEX_UMI=false ADD_PG_TAG_TO_READS=true ASSUME_SORTED=false DUPLICATE_SCORING_STRATEGY=SUM_OF_BASE_QUALITIES PROGRAM_RECORD_ID=MarkDuplicates PROGRAM_GROUP_NAME=MarkDuplicates READ_NAME_REGEX=<optimized capture of last three ':' separated fields as numeric values> OPTICAL_DUPLICATE_PIXEL_DISTANCE=100 MAX_OPTICAL_DUPLICATE_SET_SIZE=300000 VERBOSITY=INFO QUIET=false VALIDATION_STRINGENCY=STRICT COMPRESSION_LEVEL=5 MAX_RECORDS_IN_RAM=500000 CREATE_MD5_FILE=false GA4GH_CLIENT_SECRETS=client_secrets.json USE_JDK_DEFLATER=false USE_JDK_INFLATER=false
## htsjdk.samtools.metrics.StringHeader
# Started on: Sun Nov 21 14:19:31 PST 2021

## METRICS CLASS	picard.sam.DuplicationMetrics
LIBRARY	UNPAIRED_READS_EXAMINED	READ_PAIRS_EXAMINED	SECONDARY_OR_SUPPLEMENTARY_RDS	UNMAPPED_READS	UNPAIRED_READ_DUPLICATES	READ_PAIR_DUPLICATES	READ_PAIR_OPTICAL_DUPLICATES	PERCENT_DUPLICATION	ESTIMATED_LIBRARY_SIZE
Unknown Library	393574	17897549	10095667	0	366825	13142970	0	0.736495	4879104

## HISTOGRAM	java.lang.Double
BIN	CoverageMult	all_sets	non_optical_sets
1.0	1	3481689	3481689
2.0	1.025522	708086	708086
3.0	1.026173	192588	192588
4.0	1.02619	79792	79792
5.0	1.026191	44764	44764
6.0	1.026191	30693	30693
7.0	1.026191	22510	22510
8.0	1.026191	17377	17377
9.0	1.026191	14095	14095
10.0	1.026191	11885	11885
11.0	1.026191	10007	10007
12.0	1.026191	8550	8550
13.0	1.026191	7520	7520
14.0	1.026191	6614	6614
15.0	1.026191	5815	5815
16.0	1.026191	5376	5376
17.0	1.026191	4812	4812
18.0	1.026191	4312	4312
19.0	1.026191	3963	3963
20.0	1.026191	3750	3750
21.0	1.026191	3366	3366
22.0	1.026191	3084	3084
23.0	1.026191	2850	2850
24.0	1.026191	2658	2658
25.0	1.026191	2514	2514
26.0	1.026191	2292	2292
27.0	1.026191	2188	2188
28.0	1.026191	2081	2081
29.0	1.026191	1908	1908
30.0	1.026191	1924	1924
31.0	1.026191	1787	1787
32.0	1.026191	1669	1669
33.0	1.026191	1605	1605
34.0	1.026191	1484	1484
35.0	1.026191	1420	1420
36.0	1.026191	1357	1357
37.0	1.026191	1265	1265
38.0	1.026191	1243	1243
39.0	1.026191	1233	1233
40.0	1.026191	1107	1107
41.0	1.026191	1052	1052
42.0	1.026191	1083	1083
43.0	1.026191	982	982
44.0	1.026191	950	950
45.0	1.026191	912	912
46.0	1.026191	943	943
47.0	1.026191	884	884
48.0	1.026191	822	822
49.0	1.026191	743	743
50.0	1.026191	747	747
51.0	1.026191	754	754
52.0	1.026191	748	748
53.0	1.026191	703	703
54.0	1.026191	663	663
55.0	1.026191	689	689
56.0	1.026191	643	643
57.0	1.026191	607	607
58.0	1.026191	621	621
59.0	1.026191	606	606
60.0	1.026191	560	560
61.0	1.026191	544	544
62.0	1.026191	533	533
63.0	1.026191	515	515
64.0	1.026191	481	481
65.0	1.026191	436	436
66.0	1.026191	489	489
67.0	1.026191	460	460
68.0	1.026191	456	456
69.0	1.026191	456	456
70.0	1.026191	423	423
71.0	1.026191	424	424
72.0	1.026191	409	409
73.0	1.026191	407	407
74.0	1.026191	395	395
75.0	1.026191	366	366
76.0	1.026191	338	338
77.0	1.026191	353	353
78.0	1.026191	367	367
79.0	1.026191	371	371
80.0	1.026191	338	338
81.0	1.026191	350	350
82.0	1.026191	322	322
83.0	1.026191	316	316
84.0	1.026191	339	339
85.0	1.026191	314	314
86.0	1.026191	277	277
87.0	1.026191	328	328
88.0	1.026191	258	258
89.0	1.026191	285	285
90.0	1.026191	258	258
91.0	1.026191	286	286
92.0	1.026191	260	260
93.0	1.026191	248	248
94.0	1.026191	234	234
95.0	1.026191	253	253
96.0	1.026191	269	269
97.0	1.026191	240	240
98.0	1.026191	247	247
99.0	1.026191	222	222
100.0	1.026191	224	224
101.0	0	217	217
102.0	0	249	249
103.0	0	196	196
104.0	0	223	223
105.0	0	204	204
106.0	0	230	230
107.0	0	206	206
108.0	0	191	191
109.0	0	173	173
110.0	0	169	169
111.0	0	184	184
112.0	0	178	178
113.0	0	188	188
114.0	0	188	188
115.0	0	179	179
116.0	0	179	179
117.0	0	181	181
118.0	0	182	182
119.0	0	126	126
120.0	0	164	164
121.0	0	167	167
122.0	0	182	182
123.0	0	149	149
124.0	0	144	144
125.0	0	157	157
126.0	0	142	142
127.0	0	142	142
128.0	0	141	141
129.0	0	135	135
130.0	0	142	142
131.0	0	124	124
132.0	0	151	151
133.0	0	143	143
134.0	0	122	122
135.0	0	122	122
136.0	0	113	113
137.0	0	124	124
138.0	0	131	131
139.0	0	112	112
140.0	0	111	111
141.0	0	119	119
142.0	0	124	124
143.0	0	113	113
144.0	0	121	121
145.0	0	110	110
146.0	0	100	100
147.0	0	99	99
148.0	0	104	104
149.0	0	105	105
150.0	0	95	95
151.0	0	102	102
152.0	0	94	94
153.0	0	92	92
154.0	0	112	112
155.0	0	100	100
156.0	0	74	74
157.0	0	104	104
158.0	0	101	101
159.0	0	82	82
160.0	0	80	80
161.0	0	109	109
162.0	0	95	95
163.0	0	88	88
164.0	0	79	79
165.0	0	97	97
166.0	0	76	76
167.0	0	85	85
168.0	0	93	93
169.0	0	72	72
170.0	0	86	86
171.0	0	79	79
172.0	0	95	95
173.0	0	89	89
174.0	0	60	60
175.0	0	73	73
176.0	0	63	63
177.0	0	70	70
178.0	0	75	75
179.0	0	88	88
180.0	0	65	65
181.0	0	79	79
182.0	0	70	70
183.0	0	64	64
184.0	0	71	71
185.0	0	71	71
186.0	0	59	59
187.0	0	63	63
188.0	0	62	62
189.0	0	53	53
190.0	0	68	68
191.0	0	55	55
192.0	0	62	62
193.0	0	64	64
194.0	0	67	67
195.0	0	63	63
196.0	0	67	67
197.0	0	55	55
198.0	0	46	46
199.0	0	63	63
200.0	0	52	52
201.0	0	74	74
202.0	0	70	70
203.0	0	57	57
204.0	0	61	61
205.0	0	57	57
206.0	0	45	45
207.0	0	58	58
208.0	0	60	60
209.0	0	34	34
210.0	0	45	45
211.0	0	59	59
212.0	0	57	57
213.0	0	48	48
214.0	0	45	45
215.0	0	56	56
216.0	0	71	71
217.0	0	45	45
218.0	0	51	51
219.0	0	42	42
220.0	0	48	48
221.0	0	44	44
222.0	0	44	44
223.0	0	45	45
224.0	0	41	41
225.0	0	45	45
226.0	0	35	35
227.0	0	46	46
228.0	0	44	44
229.0	0	40	40
230.0	0	42	42
231.0	0	48	48
232.0	0	44	44
233.0	0	40	40
234.0	0	54	54
235.0	0	36	36
236.0	0	48	48
237.0	0	47	47
238.0	0	33	33
239.0	0	50	50
240.0	0	50	50
241.0	0	38	38
242.0	0	50	50
243.0	0	42	42
244.0	0	39	39
245.0	0	44	44
246.0	0	35	35
247.0	0	39	39
248.0	0	39	39
249.0	0	41	41
250.0	0	31	31
251.0	0	43	43
252.0	0	36	36
253.0	0	38	38
254.0	0	47	47
255.0	0	41	41
256.0	0	40	40
257.0	0	35	35
258.0	0	31	31
259.0	0	32	32
260.0	0	36	36
261.0	0	39	39
262.0	0	29	29
263.0	0	37	37
264.0	0	32	32
265.0	0	38	38
266.0	0	33	33
267.0	0	43	43
268.0	0	38	38
269.0	0	42	42
270.0	0	27	27
271.0	0	36	36
272.0	0	38	38
273.0	0	30	30
274.0	0	28	28
275.0	0	27	27
276.0	0	33	33
277.0	0	32	32
278.0	0	36	36
279.0	0	40	40
280.0	0	30	30
281.0	0	25	25
282.0	0	32	32
283.0	0	26	26
284.0	0	28	28
285.0	0	30	30
286.0	0	30	30
287.0	0	20	20
288.0	0	36	36
289.0	0	24	24
290.0	0	36	36
291.0	0	28	28
292.0	0	29	29
293.0	0	23	23
294.0	0	20	20
295.0	0	31	31
296.0	0	23	23
297.0	0	34	34
298.0	0	22	22
299.0	0	25	25
300.0	0	29	29
301.0	0	21	21
302.0	0	21	21
303.0	0	25	25
304.0	0	23	23
305.0	0	20	20
306.0	0	35	35
307.0	0	16	16
308.0	0	38	38
309.0	0	21	21
310.0	0	31	31
311.0	0	26	26
312.0	0	23	23
313.0	0	21	21
314.0	0	30	30
315.0	0	26	26
316.0	0	15	15
317.0	0	19	19
318.0	0	24	24
319.0	0	21	21
320.0	0	22	22
321.0	0	21	21
322.0	0	20	20
323.0	0	21	21
324.0	0	24	24
325.0	0	24	24
326.0	0	21	21
327.0	0	24	24
328.0	0	20	20
329.0	0	13	13
330.0	0	19	19
331.0	0	17	17
332.0	0	22	22
333.0	0	23	23
334.0	0	30	30
335.0	0	14	14
336.0	0	22	22
337.0	0	18	18
338.0	0	27	27
339.0	0	19	19
340.0	0	20	20
341.0	0	18	18
342.0	0	19	19
343.0	0	20	20
344.0	0	24	24
345.0	0	21	21
346.0	0	23	23
347.0	0	17	17
348.0	0	15	15
349.0	0	8	8
350.0	0	19	19
351.0	0	24	24
352.0	0	16	16
353.0	0	25	25
354.0	0	15	15
355.0	0	22	22
356.0	0	17	17
357.0	0	20	20
358.0	0	15	15
359.0	0	15	15
360.0	0	10	10
361.0	0	12	12
362.0	0	18	18
363.0	0	14	14
364.0	0	12	12
365.0	0	16	16
366.0	0	17	17
367.0	0	17	17
368.0	0	17	17
369.0	0	22	22
370.0	0	20	20
371.0	0	16	16
372.0	0	11	11
373.0	0	15	15
374.0	0	13	13
375.0	0	15	15
376.0	0	15	15
377.0	0	20	20
378.0	0	13	13
379.0	0	12	12
380.0	0	8	8
381.0	0	15	15
382.0	0	15	15
383.0	0	19	19
384.0	0	14	14
385.0	0	11	11
386.0	0	16	16
387.0	0	17	17
388.0	0	11	11
389.0	0	11	11
390.0	0	13	13
391.0	0	16	16
392.0	0	14	14
393.0	0	19	19
394.0	0	18	18
395.0	0	14	14
396.0	0	17	17
397.0	0	11	11
398.0	0	16	16
399.0	0	7	7
400.0	0	15	15
401.0	0	8	8
402.0	0	14	14
403.0	0	11	11
404.0	0	12	12
405.0	0	16	16
406.0	0	16	16
407.0	0	14	14
408.0	0	13	13
409.0	0	11	11
410.0	0	18	18
411.0	0	12	12
412.0	0	11	11
413.0	0	16	16
414.0	0	10	10
415.0	0	14	14
416.0	0	8	8
417.0	0	11	11
418.0	0	10	10
419.0	0	8	8
420.0	0	11	11
421.0	0	14	14
422.0	0	17	17
423.0	0	12	12
424.0	0	12	12
425.0	0	10	10
426.0	0	18	18
427.0	0	12	12
428.0	0	17	17
429.0	0	9	9
430.0	0	13	13
431.0	0	11	11
432.0	0	11	11
433.0	0	8	8
434.0	0	7	7
435.0	0	5	5
436.0	0	15	15
437.0	0	13	13
438.0	0	14	14
439.0	0	8	8
440.0	0	7	7
441.0	0	11	11
442.0	0	7	7
443.0	0	14	14
444.0	0	11	11
445.0	0	7	7
446.0	0	9	9
447.0	0	8	8
448.0	0	10	10
449.0	0	11	11
450.0	0	19	19
451.0	0	11	11
452.0	0	10	10
453.0	0	22	22
454.0	0	9	9
455.0	0	4	4
456.0	0	9	9
457.0	0	16	16
458.0	0	9	9
459.0	0	12	12
460.0	0	9	9
461.0	0	5	5
462.0	0	13	13
463.0	0	8	8
464.0	0	7	7
465.0	0	10	10
466.0	0	13	13
467.0	0	13	13
468.0	0	13	13
469.0	0	9	9
470.0	0	12	12
471.0	0	18	18
472.0	0	7	7
473.0	0	7	7
474.0	0	14	14
475.0	0	6	6
476.0	0	8	8
477.0	0	13	13
478.0	0	11	11
479.0	0	7	7
480.0	0	12	12
481.0	0	8	8
482.0	0	14	14
483.0	0	14	14
484.0	0	8	8
485.0	0	7	7
486.0	0	6	6
487.0	0	9	9
488.0	0	7	7
489.0	0	11	11
490.0	0	15	15
491.0	0	7	7
492.0	0	12	12
493.0	0	7	7
494.0	0	11	11
495.0	0	9	9
496.0	0	6	6
497.0	0	8	8
498.0	0	9	9
499.0	0	11	11
500.0	0	6	6
501.0	0	8	8
502.0	0	10	10
503.0	0	10	10
504.0	0	9	9
505.0	0	9	9
506.0	0	5	5
507.0	0	11	11
508.0	0	5	5
509.0	0	9	9
510.0	0	12	12
511.0	0	6	6
512.0	0	8	8
513.0	0	6	6
514.0	0	8	8
515.0	0	7	7
516.0	0	11	11
517.0	0	14	14
518.0	0	7	7
519.0	0	8	8
520.0	0	11	11
521.0	0	6	6
522.0	0	9	9
523.0	0	12	12
524.0	0	3	3
525.0	0	5	5
526.0	0	6	6
527.0	0	3	3
528.0	0	5	5
529.0	0	5	5
530.0	0	8	8
531.0	0	6	6
532.0	0	6	6
533.0	0	6	6
534.0	0	4	4
535.0	0	11	11
536.0	0	14	14
537.0	0	9	9
538.0	0	8	8
539.0	0	7	7
540.0	0	4	4
541.0	0	5	5
542.0	0	7	7
543.0	0	5	5
544.0	0	6	6
545.0	0	3	3
546.0	0	8	8
547.0	0	8	8
548.0	0	4	4
549.0	0	8	8
550.0	0	4	4
551.0	0	9	9
552.0	0	9	9
553.0	0	7	7
554.0	0	8	8
555.0	0	6	6
556.0	0	10	10
557.0	0	4	4
558.0	0	8	8
559.0	0	7	7
560.0	0	7	7
561.0	0	5	5
562.0	0	8	8
563.0	0	9	9
564.0	0	7	7
565.0	0	8	8
566.0	0	10	10
567.0	0	5	5
568.0	0	10	10
569.0	0	5	5
570.0	0	9	9
571.0	0	5	5
572.0	0	9	9
573.0	0	12	12
574.0	0	12	12
575.0	0	8	8
576.0	0	7	7
577.0	0	4	4
578.0	0	8	8
579.0	0	6	6
580.0	0	5	5
581.0	0	6	6
582.0	0	8	8
583.0	0	7	7
584.0	0	8	8
585.0	0	10	10
586.0	0	6	6
587.0	0	8	8
588.0	0	8	8
589.0	0	6	6
590.0	0	5	5
591.0	0	7	7
592.0	0	6	6
593.0	0	8	8
594.0	0	8	8
595.0	0	7	7
596.0	0	5	5
597.0	0	1	1
598.0	0	4	4
599.0	0	9	9
600.0	0	8	8
601.0	0	5	5
602.0	0	3	3
603.0	0	11	11
604.0	0	5	5
605.0	0	4	4
606.0	0	2	2
607.0	0	4	4
608.0	0	9	9
609.0	0	3	3
610.0	0	9	9
611.0	0	7	7
612.0	0	7	7
613.0	0	5	5
614.0	0	5	5
615.0	0	2	2
616.0	0	8	8
617.0	0	3	3
618.0	0	4	4
619.0	0	6	6
620.0	0	6	6
621.0	0	3	3
622.0	0	4	4
623.0	0	5	5
624.0	0	9	9
625.0	0	9	9
626.0	0	8	8
627.0	0	6	6
628.0	0	5	5
629.0	0	4	4
630.0	0	3	3
631.0	0	9	9
632.0	0	6	6
633.0	0	6	6
634.0	0	4	4
635.0	0	2	2
636.0	0	3	3
637.0	0	6	6
638.0	0	6	6
639.0	0	7	7
640.0	0	5	5
641.0	0	5	5
642.0	0	2	2
643.0	0	8	8
644.0	0	3	3
645.0	0	4	4
646.0	0	5	5
647.0	0	4	4
648.0	0	3	3
649.0	0	7	7
650.0	0	2	2
651.0	0	8	8
652.0	0	3	3
653.0	0	6	6
654.0	0	3	3
655.0	0	6	6
656.0	0	4	4
657.0	0	6	6
658.0	0	4	4
659.0	0	4	4
660.0	0	6	6
661.0	0	2	2
662.0	0	4	4
663.0	0	3	3
664.0	0	7	7
665.0	0	2	2
666.0	0	3	3
667.0	0	2	2
668.0	0	6	6
669.0	0	4	4
670.0	0	4	4
671.0	0	5	5
672.0	0	2	2
673.0	0	10	10
674.0	0	9	9
675.0	0	1	1
676.0	0	3	3
677.0	0	3	3
678.0	0	2	2
679.0	0	8	8
680.0	0	4	4
681.0	0	6	6
682.0	0	6	6
683.0	0	4	4
684.0	0	5	5
685.0	0	5	5
686.0	0	6	6
687.0	0	8	8
688.0	0	4	4
689.0	0	4	4
690.0	0	2	2
691.0	0	5	5
692.0	0	4	4
693.0	0	6	6
694.0	0	1	1
695.0	0	5	5
696.0	0	2	2
697.0	0	6	6
698.0	0	6	6
699.0	0	5	5
700.0	0	7	7
701.0	0	5	5
702.0	0	5	5
703.0	0	10	10
704.0	0	4	4
705.0	0	1	1
706.0	0	5	5
707.0	0	2	2
708.0	0	1	1
709.0	0	7	7
710.0	0	5	5
711.0	0	5	5
712.0	0	3	3
713.0	0	2	2
714.0	0	4	4
715.0	0	2	2
716.0	0	4	4
717.0	0	2	2
718.0	0	5	5
719.0	0	3	3
720.0	0	7	7
721.0	0	2	2
722.0	0	3	3
723.0	0	5	5
724.0	0	2	2
725.0	0	5	5
726.0	0	3	3
727.0	0	6	6
728.0	0	3	3
729.0	0	3	3
730.0	0	5	5
731.0	0	1	1
732.0	0	4	4
733.0	0	3	3
734.0	0	2	2
735.0	0	2	2
736.0	0	6	6
737.0	0	3	3
738.0	0	1	1
739.0	0	2	2
740.0	0	4	4
741.0	0	1	1
742.0	0	8	8
743.0	0	1	1
745.0	0	5	5
747.0	0	1	1
748.0	0	5	5
749.0	0	7	7
750.0	0	1	1
751.0	0	4	4
752.0	0	7	7
753.0	0	2	2
754.0	0	4	4
755.0	0	2	2
756.0	0	7	7
757.0	0	4	4
758.0	0	3	3
759.0	0	4	4
760.0	0	5	5
761.0	0	3	3
762.0	0	4	4
763.0	0	5	5
764.0	0	3	3
765.0	0	5	5
766.0	0	2	2
767.0	0	5	5
768.0	0	3	3
769.0	0	2	2
770.0	0	5	5
771.0	0	5	5
772.0	0	5	5
773.0	0	3	3
774.0	0	2	2
775.0	0	3	3
776.0	0	5	5
777.0	0	1	1
778.0	0	2	2
780.0	0	3	3
781.0	0	5	5
783.0	0	1	1
784.0	0	2	2
785.0	0	5	5
786.0	0	4	4
787.0	0	3	3
788.0	0	2	2
789.0	0	3	3
790.0	0	9	9
791.0	0	3	3
792.0	0	3	3
793.0	0	6	6
795.0	0	1	1
797.0	0	1	1
798.0	0	1	1
799.0	0	3	3
800.0	0	2	2
801.0	0	3	3
802.0	0	3	3
803.0	0	3	3
804.0	0	3	3
805.0	0	4	4
806.0	0	1	1
807.0	0	3	3
808.0	0	4	4
809.0	0	1	1
810.0	0	1	1
811.0	0	3	3
812.0	0	3	3
813.0	0	2	2
814.0	0	3	3
816.0	0	2	2
817.0	0	2	2
818.0	0	1	1
819.0	0	6	6
820.0	0	5	5
821.0	0	3	3
822.0	0	4	4
823.0	0	4	4
824.0	0	3	3
825.0	0	3	3
826.0	0	1	1
827.0	0	2	2
828.0	0	6	6
829.0	0	1	1
830.0	0	2	2
831.0	0	2	2
832.0	0	2	2
833.0	0	4	4
834.0	0	4	4
835.0	0	3	3
836.0	0	3	3
837.0	0	4	4
838.0	0	6	6
839.0	0	2	2
840.0	0	2	2
841.0	0	2	2
842.0	0	3	3
843.0	0	1	1
844.0	0	1	1
845.0	0	4	4
847.0	0	3	3
848.0	0	2	2
849.0	0	2	2
850.0	0	2	2
851.0	0	1	1
852.0	0	4	4
853.0	0	1	1
854.0	0	1	1
855.0	0	3	3
856.0	0	5	5
857.0	0	3	3
858.0	0	1	1
859.0	0	2	2
860.0	0	2	2
861.0	0	1	1
862.0	0	3	3
863.0	0	1	1
864.0	0	2	2
865.0	0	3	3
866.0	0	2	2
867.0	0	1	1
868.0	0	3	3
869.0	0	1	1
870.0	0	3	3
871.0	0	1	1
872.0	0	3	3
873.0	0	1	1
874.0	0	2	2
875.0	0	1	1
876.0	0	1	1
877.0	0	5	5
878.0	0	5	5
879.0	0	4	4
881.0	0	2	2
882.0	0	5	5
883.0	0	5	5
884.0	0	2	2
885.0	0	2	2
886.0	0	2	2
887.0	0	3	3
888.0	0	2	2
889.0	0	3	3
890.0	0	1	1
891.0	0	4	4
893.0	0	2	2
894.0	0	2	2
896.0	0	1	1
897.0	0	2	2
898.0	0	4	4
899.0	0	2	2
900.0	0	2	2
901.0	0	3	3
902.0	0	2	2
903.0	0	3	3
904.0	0	6	6
905.0	0	1	1
906.0	0	3	3
907.0	0	2	2
908.0	0	1	1
909.0	0	2	2
910.0	0	1	1
911.0	0	1	1
912.0	0	1	1
913.0	0	2	2
914.0	0	2	2
915.0	0	1	1
916.0	0	2	2
918.0	0	1	1
919.0	0	1	1
920.0	0	3	3
921.0	0	2	2
922.0	0	3	3
923.0	0	3	3
924.0	0	2	2
925.0	0	2	2
926.0	0	1	1
927.0	0	3	3
928.0	0	3	3
929.0	0	1	1
931.0	0	3	3
932.0	0	2	2
933.0	0	1	1
935.0	0	1	1
936.0	0	1	1
937.0	0	1	1
938.0	0	1	1
939.0	0	2	2
940.0	0	3	3
942.0	0	1	1
943.0	0	1	1
944.0	0	1	1
945.0	0	1	1
946.0	0	5	5
947.0	0	3	3
948.0	0	3	3
949.0	0	1	1
950.0	0	1	1
951.0	0	6	6
952.0	0	1	1
953.0	0	2	2
954.0	0	2	2
955.0	0	1	1
956.0	0	2	2
957.0	0	1	1
958.0	0	3	3
959.0	0	1	1
960.0	0	2	2
961.0	0	4	4
962.0	0	3	3
964.0	0	4	4
965.0	0	3	3
966.0	0	3	3
967.0	0	1	1
969.0	0	1	1
970.0	0	4	4
971.0	0	1	1
972.0	0	5	5
973.0	0	2	2
975.0	0	3	3
976.0	0	3	3
977.0	0	1	1
978.0	0	1	1
979.0	0	4	4
980.0	0	2	2
982.0	0	4	4
984.0	0	1	1
985.0	0	2	2
986.0	0	3	3
988.0	0	2	2
989.0	0	2	2
991.0	0	2	2
992.0	0	5	5
994.0	0	3	3
995.0	0	2	2
997.0	0	3	3
998.0	0	3	3
999.0	0	1	1
1001.0	0	4	4
1002.0	0	3	3
1003.0	0	2	2
1004.0	0	1	1
1005.0	0	4	4
1008.0	0	2	2
1009.0	0	1	1
1010.0	0	2	2
1011.0	0	2	2
1012.0	0	3	3
1013.0	0	2	2
1014.0	0	1	1
1015.0	0	2	2
1016.0	0	1	1
1017.0	0	5	5
1018.0	0	1	1
1019.0	0	2	2
1021.0	0	3	3
1022.0	0	1	1
1023.0	0	2	2
1024.0	0	1	1
1025.0	0	1	1
1026.0	0	1	1
1027.0	0	3	3
1028.0	0	1	1
1029.0	0	1	1
1030.0	0	1	1
1031.0	0	3	3
1032.0	0	1	1
1033.0	0	1	1
1034.0	0	1	1
1035.0	0	4	4
1036.0	0	1	1
1037.0	0	3	3
1038.0	0	2	2
1039.0	0	1	1
1040.0	0	5	5
1042.0	0	2	2
1043.0	0	6	6
1045.0	0	2	2
1047.0	0	3	3
1048.0	0	2	2
1050.0	0	4	4
1051.0	0	1	1
1052.0	0	3	3
1053.0	0	5	5
1054.0	0	1	1
1055.0	0	1	1
1056.0	0	3	3
1057.0	0	1	1
1058.0	0	3	3
1059.0	0	3	3
1061.0	0	4	4
1062.0	0	3	3
1063.0	0	2	2
1064.0	0	2	2
1067.0	0	1	1
1068.0	0	3	3
1070.0	0	2	2
1071.0	0	3	3
1073.0	0	1	1
1074.0	0	2	2
1075.0	0	1	1
1076.0	0	4	4
1077.0	0	2	2
1078.0	0	3	3
1080.0	0	2	2
1081.0	0	1	1
1082.0	0	1	1
1084.0	0	1	1
1085.0	0	3	3
1086.0	0	2	2
1087.0	0	1	1
1088.0	0	1	1
1089.0	0	2	2
1090.0	0	1	1
1091.0	0	3	3
1092.0	0	2	2
1094.0	0	2	2
1096.0	0	2	2
1098.0	0	2	2
1099.0	0	1	1
1100.0	0	1	1
1101.0	0	1	1
1103.0	0	1	1
1105.0	0	2	2
1107.0	0	2	2
1108.0	0	3	3
1110.0	0	1	1
1111.0	0	1	1
1112.0	0	4	4
1113.0	0	1	1
1114.0	0	2	2
1116.0	0	3	3
1118.0	0	1	1
1119.0	0	1	1
1120.0	0	1	1
1121.0	0	2	2
1123.0	0	4	4
1124.0	0	1	1
1125.0	0	3	3
1127.0	0	1	1
1128.0	0	2	2
1129.0	0	4	4
1130.0	0	1	1
1131.0	0	1	1
1132.0	0	1	1
1133.0	0	3	3
1135.0	0	1	1
1136.0	0	2	2
1137.0	0	2	2
1138.0	0	3	3
1139.0	0	1	1
1140.0	0	2	2
1141.0	0	2	2
1142.0	0	2	2
1143.0	0	4	4
1144.0	0	3	3
1145.0	0	1	1
1146.0	0	2	2
1147.0	0	2	2
1149.0	0	1	1
1150.0	0	1	1
1151.0	0	2	2
1152.0	0	1	1
1153.0	0	1	1
1154.0	0	2	2
1155.0	0	3	3
1157.0	0	1	1
1159.0	0	1	1
1160.0	0	1	1
1161.0	0	2	2
1163.0	0	2	2
1164.0	0	1	1
1167.0	0	1	1
1168.0	0	1	1
1169.0	0	2	2
1170.0	0	1	1
1171.0	0	1	1
1172.0	0	1	1
1173.0	0	3	3
1174.0	0	1	1
1176.0	0	1	1
1178.0	0	1	1
1179.0	0	1	1
1181.0	0	2	2
1182.0	0	2	2
1184.0	0	1	1
1185.0	0	1	1
1186.0	0	1	1
1187.0	0	2	2
1188.0	0	1	1
1189.0	0	3	3
1192.0	0	1	1
1193.0	0	2	2
1194.0	0	2	2
1195.0	0	1	1
1196.0	0	2	2
1197.0	0	2	2
1198.0	0	1	1
1199.0	0	1	1
1200.0	0	3	3
1201.0	0	1	1
1202.0	0	3	3
1204.0	0	1	1
1208.0	0	2	2
1210.0	0	3	3
1211.0	0	1	1
1212.0	0	1	1
1214.0	0	4	4
1215.0	0	2	2
1217.0	0	1	1
1218.0	0	2	2
1219.0	0	2	2
1220.0	0	4	4
1221.0	0	1	1
1222.0	0	4	4
1223.0	0	2	2
1224.0	0	3	3
1225.0	0	1	1
1226.0	0	2	2
1227.0	0	2	2
1229.0	0	1	1
1230.0	0	2	2
1232.0	0	3	3
1233.0	0	1	1
1234.0	0	1	1
1235.0	0	2	2
1239.0	0	2	2
1240.0	0	1	1
1241.0	0	2	2
1242.0	0	1	1
1244.0	0	1	1
1248.0	0	2	2
1249.0	0	1	1
1250.0	0	1	1
1252.0	0	1	1
1254.0	0	1	1
1257.0	0	1	1
1258.0	0	2	2
1260.0	0	1	1
1261.0	0	2	2
1262.0	0	1	1
1263.0	0	3	3
1264.0	0	2	2
1266.0	0	2	2
1267.0	0	1	1
1270.0	0	1	1
1272.0	0	1	1
1275.0	0	1	1
1277.0	0	1	1
1278.0	0	1	1
1280.0	0	1	1
1281.0	0	4	4
1283.0	0	1	1
1284.0	0	2	2
1285.0	0	1	1
1287.0	0	4	4
1288.0	0	1	1
1289.0	0	1	1
1291.0	0	1	1
1292.0	0	1	1
1293.0	0	1	1
1295.0	0	1	1
1296.0	0	1	1
1297.0	0	1	1
1299.0	0	2	2
1300.0	0	1	1
1303.0	0	1	1
1305.0	0	1	1
1306.0	0	1	1
1308.0	0	1	1
1309.0	0	1	1
1311.0	0	1	1
1312.0	0	1	1
1314.0	0	1	1
1315.0	0	2	2
1317.0	0	1	1
1321.0	0	2	2
1323.0	0	1	1
1324.0	0	1	1
1326.0	0	1	1
1328.0	0	1	1
1329.0	0	1	1
1332.0	0	1	1
1333.0	0	2	2
1335.0	0	2	2
1336.0	0	1	1
1337.0	0	1	1
1338.0	0	2	2
1339.0	0	1	1
1340.0	0	1	1
1341.0	0	2	2
1342.0	0	2	2
1343.0	0	1	1
1344.0	0	2	2
1345.0	0	3	3
1347.0	0	2	2
1348.0	0	2	2
1350.0	0	1	1
1351.0	0	2	2
1352.0	0	4	4
1353.0	0	2	2
1354.0	0	1	1
1355.0	0	2	2
1361.0	0	1	1
1362.0	0	1	1
1364.0	0	2	2
1365.0	0	5	5
1366.0	0	2	2
1367.0	0	1	1
1368.0	0	1	1
1369.0	0	1	1
1370.0	0	1	1
1372.0	0	1	1
1373.0	0	1	1
1376.0	0	1	1
1380.0	0	1	1
1381.0	0	3	3
1383.0	0	1	1
1387.0	0	1	1
1390.0	0	1	1
1392.0	0	2	2
1395.0	0	1	1
1396.0	0	1	1
1397.0	0	1	1
1398.0	0	2	2
1399.0	0	1	1
1401.0	0	1	1
1402.0	0	1	1
1403.0	0	3	3
1405.0	0	1	1
1408.0	0	1	1
1410.0	0	1	1
1413.0	0	1	1
1414.0	0	1	1
1415.0	0	1	1
1416.0	0	1	1
1417.0	0	2	2
1418.0	0	1	1
1421.0	0	2	2
1422.0	0	1	1
1424.0	0	1	1
1425.0	0	1	1
1426.0	0	1	1
1428.0	0	2	2
1430.0	0	1	1
1432.0	0	1	1
1434.0	0	1	1
1436.0	0	1	1
1445.0	0	1	1
1447.0	0	4	4
1448.0	0	1	1
1451.0	0	1	1
1452.0	0	1	1
1453.0	0	1	1
1457.0	0	1	1
1458.0	0	2	2
1461.0	0	1	1
1464.0	0	3	3
1468.0	0	2	2
1473.0	0	3	3
1475.0	0	1	1
1479.0	0	1	1
1480.0	0	1	1
1481.0	0	1	1
1482.0	0	1	1
1484.0	0	1	1
1485.0	0	2	2
1487.0	0	1	1
1491.0	0	2	2
1495.0	0	1	1
1498.0	0	2	2
1499.0	0	1	1
1500.0	0	3	3
1502.0	0	1	1
1504.0	0	2	2
1505.0	0	1	1
1507.0	0	1	1
1508.0	0	1	1
1510.0	0	1	1
1512.0	0	1	1
1514.0	0	1	1
1515.0	0	2	2
1521.0	0	2	2
1524.0	0	1	1
1525.0	0	1	1
1526.0	0	1	1
1527.0	0	1	1
1528.0	0	1	1
1530.0	0	1	1
1531.0	0	1	1
1533.0	0	2	2
1534.0	0	1	1
1535.0	0	1	1
1536.0	0	1	1
1539.0	0	1	1
1542.0	0	1	1
1544.0	0	1	1
1547.0	0	2	2
1548.0	0	2	2
1550.0	0	1	1
1551.0	0	2	2
1553.0	0	1	1
1556.0	0	2	2
1557.0	0	1	1
1559.0	0	2	2
1560.0	0	2	2
1561.0	0	1	1
1562.0	0	2	2
1563.0	0	1	1
1567.0	0	1	1
1568.0	0	1	1
1569.0	0	2	2
1570.0	0	1	1
1572.0	0	1	1
1577.0	0	2	2
1579.0	0	1	1
1581.0	0	2	2
1582.0	0	1	1
1583.0	0	1	1
1585.0	0	2	2
1587.0	0	2	2
1589.0	0	1	1
1590.0	0	1	1
1595.0	0	2	2
1598.0	0	1	1
1601.0	0	1	1
1602.0	0	1	1
1603.0	0	2	2
1607.0	0	1	1
1608.0	0	1	1
1611.0	0	1	1
1612.0	0	1	1
1613.0	0	1	1
1614.0	0	1	1
1615.0	0	1	1
1616.0	0	1	1
1617.0	0	1	1
1618.0	0	1	1
1623.0	0	1	1
1625.0	0	1	1
1626.0	0	2	2
1627.0	0	1	1
1629.0	0	1	1
1633.0	0	2	2
1634.0	0	1	1
1638.0	0	1	1
1639.0	0	1	1
1640.0	0	1	1
1641.0	0	1	1
1642.0	0	2	2
1646.0	0	1	1
1649.0	0	1	1
1650.0	0	2	2
1651.0	0	2	2
1655.0	0	1	1
1658.0	0	3	3
1659.0	0	3	3
1661.0	0	1	1
1668.0	0	2	2
1671.0	0	1	1
1672.0	0	2	2
1674.0	0	1	1
1675.0	0	1	1
1679.0	0	1	1
1684.0	0	1	1
1686.0	0	1	1
1689.0	0	1	1
1691.0	0	1	1
1693.0	0	1	1
1694.0	0	1	1
1697.0	0	1	1
1700.0	0	1	1
1702.0	0	3	3
1705.0	0	1	1
1709.0	0	1	1
1711.0	0	2	2
1715.0	0	1	1
1720.0	0	2	2
1721.0	0	2	2
1723.0	0	1	1
1725.0	0	1	1
1730.0	0	2	2
1732.0	0	2	2
1734.0	0	1	1
1736.0	0	1	1
1737.0	0	1	1
1738.0	0	1	1
1740.0	0	1	1
1747.0	0	3	3
1748.0	0	2	2
1751.0	0	1	1
1752.0	0	1	1
1756.0	0	1	1
1764.0	0	2	2
1769.0	0	1	1
1777.0	0	2	2
1783.0	0	1	1
1785.0	0	1	1
1788.0	0	3	3
1793.0	0	1	1
1798.0	0	1	1
1802.0	0	1	1
1803.0	0	3	3
1806.0	0	1	1
1808.0	0	2	2
1809.0	0	1	1
1813.0	0	1	1
1815.0	0	1	1
1819.0	0	1	1
1820.0	0	1	1
1821.0	0	1	1
1824.0	0	1	1
1827.0	0	1	1
1832.0	0	1	1
1836.0	0	1	1
1837.0	0	3	3
1841.0	0	1	1
1844.0	0	1	1
1848.0	0	1	1
1853.0	0	2	2
1855.0	0	1	1
1857.0	0	1	1
1859.0	0	1	1
1861.0	0	1	1
1865.0	0	1	1
1868.0	0	3	3
1870.0	0	1	1
1872.0	0	1	1
1874.0	0	2	2
1877.0	0	2	2
1882.0	0	1	1
1883.0	0	1	1
1886.0	0	2	2
1890.0	0	1	1
1892.0	0	1	1
1893.0	0	2	2
1897.0	0	1	1
1898.0	0	1	1
1899.0	0	1	1
1900.0	0	1	1
1903.0	0	1	1
1904.0	0	1	1
1907.0	0	2	2
1911.0	0	1	1
1913.0	0	1	1
1914.0	0	3	3
1915.0	0	1	1
1920.0	0	1	1
1922.0	0	1	1
1923.0	0	1	1
1924.0	0	1	1
1931.0	0	1	1
1937.0	0	3	3
1941.0	0	1	1
1942.0	0	1	1
1945.0	0	1	1
1951.0	0	2	2
1959.0	0	1	1
1960.0	0	1	1
1977.0	0	1	1
1985.0	0	1	1
1986.0	0	1	1
2002.0	0	1	1
2015.0	0	1	1
2017.0	0	1	1
2022.0	0	1	1
2025.0	0	1	1
2027.0	0	1	1
2029.0	0	1	1
2031.0	0	1	1
2038.0	0	1	1
2047.0	0	1	1
2048.0	0	2	2
2053.0	0	2	2
2054.0	0	1	1
2055.0	0	1	1
2063.0	0	1	1
2064.0	0	1	1
2066.0	0	1	1
2068.0	0	1	1
2069.0	0	1	1
2076.0	0	2	2
2078.0	0	1	1
2085.0	0	2	2
2089.0	0	1	1
2091.0	0	1	1
2093.0	0	1	1
2099.0	0	1	1
2105.0	0	1	1
2114.0	0	1	1
2121.0	0	1	1
2124.0	0	1	1
2130.0	0	3	3
2132.0	0	1	1
2134.0	0	1	1
2143.0	0	1	1
2144.0	0	1	1
2145.0	0	1	1
2146.0	0	1	1
2150.0	0	2	2
2155.0	0	2	2
2158.0	0	1	1
2164.0	0	1	1
2168.0	0	1	1
2171.0	0	1	1
2173.0	0	1	1
2187.0	0	1	1
2194.0	0	1	1
2195.0	0	1	1
2197.0	0	1	1
2201.0	0	1	1
2202.0	0	1	1
2207.0	0	1	1
2213.0	0	1	1
2216.0	0	1	1
2217.0	0	2	2
2222.0	0	1	1
2234.0	0	1	1
2245.0	0	1	1
2247.0	0	1	1
2253.0	0	1	1
2255.0	0	1	1
2264.0	0	2	2
2280.0	0	2	2
2293.0	0	1	1
2295.0	0	1	1
2298.0	0	1	1
2306.0	0	1	1
2307.0	0	1	1
2310.0	0	1	1
2315.0	0	1	1
2328.0	0	1	1
2329.0	0	1	1
2330.0	0	1	1
2331.0	0	1	1
2334.0	0	1	1
2335.0	0	1	1
2348.0	0	1	1
2356.0	0	1	1
2366.0	0	1	1
2368.0	0	1	1
2372.0	0	1	1
2378.0	0	1	1
2391.0	0	1	1
2404.0	0	1	1
2405.0	0	1	1
2407.0	0	1	1
2411.0	0	1	1
2413.0	0	1	1
2417.0	0	1	1
2420.0	0	1	1
2421.0	0	1	1
2425.0	0	1	1
2426.0	0	1	1
2427.0	0	2	2
2428.0	0	1	1
2434.0	0	1	1
2442.0	0	1	1
2445.0	0	1	1
2447.0	0	1	1
2457.0	0	1	1
2463.0	0	1	1
2464.0	0	1	1
2477.0	0	1	1
2484.0	0	2	2
2488.0	0	1	1
2502.0	0	1	1
2522.0	0	1	1
2526.0	0	1	1
2533.0	0	1	1
2539.0	0	1	1
2544.0	0	1	1
2546.0	0	1	1
2556.0	0	1	1
2560.0	0	2	2
2604.0	0	2	2
2620.0	0	1	1
2621.0	0	1	1
2637.0	0	1	1
2638.0	0	1	1
2639.0	0	1	1
2642.0	0	1	1
2656.0	0	1	1
2665.0	0	1	1
2667.0	0	1	1
2669.0	0	1	1
2673.0	0	1	1
2674.0	0	1	1
2710.0	0	2	2
2728.0	0	1	1
2743.0	0	1	1
2753.0	0	1	1
2755.0	0	1	1
2768.0	0	1	1
2773.0	0	1	1
2780.0	0	1	1
2783.0	0	1	1
2794.0	0	1	1
2795.0	0	1	1
2799.0	0	1	1
2806.0	0	1	1
2816.0	0	1	1
2817.0	0	1	1
2819.0	0	1	1
2824.0	0	1	1
2831.0	0	1	1
2835.0	0	1	1
2837.0	0	1	1
2839.0	0	2	2
2840.0	0	1	1
2841.0	0	2	2
2843.0	0	1	1
2855.0	0	1	1
2860.0	0	2	2
2863.0	0	1	1
2865.0	0	1	1
2872.0	0	1	1
2884.0	0	1	1
2888.0	0	1	1
2900.0	0	1	1
2923.0	0	1	1
2960.0	0	1	1
2979.0	0	1	1
2981.0	0	1	1
3009.0	0	1	1
3016.0	0	1	1
3023.0	0	1	1
3036.0	0	1	1
3039.0	0	1	1
3064.0	0	1	1
3079.0	0	1	1
3111.0	0	1	1
3120.0	0	1	1
3128.0	0	2	2
3132.0	0	1	1
3145.0	0	1	1
3148.0	0	1	1
3170.0	0	1	1
3181.0	0	1	1
3202.0	0	1	1
3203.0	0	1	1
3205.0	0	1	1
3221.0	0	1	1
3255.0	0	1	1
3273.0	0	1	1
3286.0	0	1	1
3303.0	0	1	1
3352.0	0	1	1
3368.0	0	1	1
3376.0	0	1	1
3378.0	0	1	1
3381.0	0	2	2
3388.0	0	1	1
3414.0	0	1	1
3419.0	0	1	1
3425.0	0	1	1
3428.0	0	1	1
3432.0	0	1	1
3435.0	0	1	1
3471.0	0	1	1
3503.0	0	1	1
3506.0	0	1	1
3520.0	0	1	1
3528.0	0	1	1
3536.0	0	1	1
3544.0	0	1	1
3555.0	0	1	1
3557.0	0	1	1
3562.0	0	1	1
3566.0	0	1	1
3581.0	0	1	1
3591.0	0	1	1
3597.0	0	2	2
3603.0	0	1	1
3605.0	0	1	1
3614.0	0	1	1
3625.0	0	1	1
3627.0	0	1	1
3630.0	0	1	1
3641.0	0	1	1
3648.0	0	1	1
3678.0	0	1	1
3736.0	0	1	1
3743.0	0	1	1
3763.0	0	1	1
3803.0	0	1	1
3810.0	0	1	1
3816.0	0	1	1
3832.0	0	1	1
3833.0	0	1	1
3834.0	0	1	1
3858.0	0	1	1
3864.0	0	1	1
3887.0	0	1	1
3960.0	0	1	1
3979.0	0	1	1
3992.0	0	1	1
4035.0	0	1	1
4061.0	0	1	1
4078.0	0	1	1
4097.0	0	1	1
4151.0	0	1	1
4226.0	0	1	1
4243.0	0	1	1
4271.0	0	1	1
4317.0	0	1	1
4318.0	0	1	1
4319.0	0	1	1
4342.0	0	1	1
4357.0	0	1	1
4399.0	0	1	1
4408.0	0	1	1
4461.0	0	1	1
4463.0	0	1	1
4493.0	0	1	1
4541.0	0	1	1
4562.0	0	1	1
4586.0	0	1	1
4603.0	0	1	1
4631.0	0	1	1
4674.0	0	1	1
4686.0	0	1	1
4751.0	0	1	1
4832.0	0	1	1
4852.0	0	1	1
4865.0	0	1	1
4923.0	0	1	1
4925.0	0	1	1
4944.0	0	1	1
5035.0	0	1	1
5043.0	0	1	1
5184.0	0	1	1
5286.0	0	1	1
5303.0	0	1	1
5332.0	0	1	1
5349.0	0	1	1
5397.0	0	1	1
5440.0	0	1	1
5460.0	0	1	1
5541.0	0	1	1
5550.0	0	1	1
5587.0	0	1	1
5647.0	0	1	1
6003.0	0	1	1
6042.0	0	1	1
6176.0	0	1	1
6381.0	0	1	1
6471.0	0	1	1
6484.0	0	1	1
6673.0	0	1	1
6738.0	0	1	1
6915.0	0	1	1
7133.0	0	1	1
7168.0	0	1	1
7226.0	0	1	1
7355.0	0	1	1
7383.0	0	1	1
8001.0	0	1	1
8288.0	0	1	1
8478.0	0	1	1
9595.0	0	1	1
9663.0	0	1	1
9757.0	0	1	1
9814.0	0	1	1
9836.0	0	1	1
10942.0	0	1	1
12275.0	0	1	1

