## htsjdk.samtools.metrics.StringHeader
# MarkDuplicates INPUT=[/home/chan/mice_microgravity/outputs_primary/picard/SRR13535280_sorted.bam] OUTPUT=/home/chan/mice_microgravity/outputs_primary/picard/SRR13535280_deduped.bam METRICS_FILE=/home/chan/mice_microgravity/outputs_primary/picard/SRR13535280_deduped.log REMOVE_DUPLICATES=true ASSUME_SORT_ORDER=coordinate TMP_DIR=[/home/chan/mice_microgravity/tmp] CREATE_INDEX=true    MAX_SEQUENCES_FOR_DISK_READ_ENDS_MAP=50000 MAX_FILE_HANDLES_FOR_READ_ENDS_MAP=8000 SORTING_COLLECTION_SIZE_RATIO=0.25 TAG_DUPLICATE_SET_MEMBERS=false REMOVE_SEQUENCING_DUPLICATES=false TAGGING_POLICY=DontTag CLEAR_DT=true DUPLEX_UMI=false ADD_PG_TAG_TO_READS=true ASSUME_SORTED=false DUPLICATE_SCORING_STRATEGY=SUM_OF_BASE_QUALITIES PROGRAM_RECORD_ID=MarkDuplicates PROGRAM_GROUP_NAME=MarkDuplicates READ_NAME_REGEX=<optimized capture of last three ':' separated fields as numeric values> OPTICAL_DUPLICATE_PIXEL_DISTANCE=100 MAX_OPTICAL_DUPLICATE_SET_SIZE=300000 VERBOSITY=INFO QUIET=false VALIDATION_STRINGENCY=STRICT COMPRESSION_LEVEL=5 MAX_RECORDS_IN_RAM=500000 CREATE_MD5_FILE=false GA4GH_CLIENT_SECRETS=client_secrets.json USE_JDK_DEFLATER=false USE_JDK_INFLATER=false
## htsjdk.samtools.metrics.StringHeader
# Started on: Sun Nov 21 14:22:46 PST 2021

## METRICS CLASS	picard.sam.DuplicationMetrics
LIBRARY	UNPAIRED_READS_EXAMINED	READ_PAIRS_EXAMINED	SECONDARY_OR_SUPPLEMENTARY_RDS	UNMAPPED_READS	UNPAIRED_READ_DUPLICATES	READ_PAIR_DUPLICATES	READ_PAIR_OPTICAL_DUPLICATES	PERCENT_DUPLICATION	ESTIMATED_LIBRARY_SIZE
Unknown Library	447850	21459413	12121129	0	421682	16031144	0	0.749054	5543801

## HISTOGRAM	java.lang.Double
BIN	CoverageMult	all_sets	non_optical_sets
1.0	1	3938626	3938626
2.0	1.02084	830230	830230
3.0	1.021274	230558	230558
4.0	1.021283	95347	95347
5.0	1.021283	53632	53632
6.0	1.021283	36033	36033
7.0	1.021283	25764	25764
8.0	1.021283	19865	19865
9.0	1.021283	16014	16014
10.0	1.021283	13337	13337
11.0	1.021283	11171	11171
12.0	1.021283	9504	9504
13.0	1.021283	8397	8397
14.0	1.021283	7286	7286
15.0	1.021283	6550	6550
16.0	1.021283	5975	5975
17.0	1.021283	5208	5208
18.0	1.021283	4731	4731
19.0	1.021283	4280	4280
20.0	1.021283	3989	3989
21.0	1.021283	3637	3637
22.0	1.021283	3433	3433
23.0	1.021283	3153	3153
24.0	1.021283	2921	2921
25.0	1.021283	2751	2751
26.0	1.021283	2509	2509
27.0	1.021283	2513	2513
28.0	1.021283	2208	2208
29.0	1.021283	2171	2171
30.0	1.021283	2029	2029
31.0	1.021283	1898	1898
32.0	1.021283	1764	1764
33.0	1.021283	1808	1808
34.0	1.021283	1662	1662
35.0	1.021283	1529	1529
36.0	1.021283	1437	1437
37.0	1.021283	1447	1447
38.0	1.021283	1364	1364
39.0	1.021283	1344	1344
40.0	1.021283	1250	1250
41.0	1.021283	1204	1204
42.0	1.021283	1143	1143
43.0	1.021283	1067	1067
44.0	1.021283	1074	1074
45.0	1.021283	1003	1003
46.0	1.021283	1042	1042
47.0	1.021283	988	988
48.0	1.021283	890	890
49.0	1.021283	911	911
50.0	1.021283	856	856
51.0	1.021283	879	879
52.0	1.021283	791	791
53.0	1.021283	782	782
54.0	1.021283	732	732
55.0	1.021283	733	733
56.0	1.021283	696	696
57.0	1.021283	685	685
58.0	1.021283	637	637
59.0	1.021283	659	659
60.0	1.021283	601	601
61.0	1.021283	621	621
62.0	1.021283	579	579
63.0	1.021283	588	588
64.0	1.021283	583	583
65.0	1.021283	528	528
66.0	1.021283	535	535
67.0	1.021283	537	537
68.0	1.021283	465	465
69.0	1.021283	487	487
70.0	1.021283	523	523
71.0	1.021283	467	467
72.0	1.021283	506	506
73.0	1.021283	451	451
74.0	1.021283	421	421
75.0	1.021283	399	399
76.0	1.021283	425	425
77.0	1.021283	417	417
78.0	1.021283	389	389
79.0	1.021283	371	371
80.0	1.021283	403	403
81.0	1.021283	356	356
82.0	1.021283	340	340
83.0	1.021283	328	328
84.0	1.021283	346	346
85.0	1.021283	373	373
86.0	1.021283	376	376
87.0	1.021283	331	331
88.0	1.021283	312	312
89.0	1.021283	286	286
90.0	1.021283	304	304
91.0	1.021283	340	340
92.0	1.021283	278	278
93.0	1.021283	293	293
94.0	1.021283	298	298
95.0	1.021283	269	269
96.0	1.021283	278	278
97.0	1.021283	292	292
98.0	1.021283	256	256
99.0	1.021283	244	244
100.0	1.021283	264	264
101.0	0	237	237
102.0	0	252	252
103.0	0	240	240
104.0	0	258	258
105.0	0	221	221
106.0	0	252	252
107.0	0	230	230
108.0	0	211	211
109.0	0	206	206
110.0	0	198	198
111.0	0	239	239
112.0	0	217	217
113.0	0	197	197
114.0	0	211	211
115.0	0	234	234
116.0	0	191	191
117.0	0	208	208
118.0	0	186	186
119.0	0	179	179
120.0	0	187	187
121.0	0	180	180
122.0	0	182	182
123.0	0	184	184
124.0	0	166	166
125.0	0	178	178
126.0	0	155	155
127.0	0	168	168
128.0	0	162	162
129.0	0	166	166
130.0	0	177	177
131.0	0	160	160
132.0	0	156	156
133.0	0	140	140
134.0	0	148	148
135.0	0	129	129
136.0	0	127	127
137.0	0	159	159
138.0	0	136	136
139.0	0	135	135
140.0	0	126	126
141.0	0	131	131
142.0	0	149	149
143.0	0	121	121
144.0	0	132	132
145.0	0	121	121
146.0	0	132	132
147.0	0	118	118
148.0	0	124	124
149.0	0	136	136
150.0	0	119	119
151.0	0	132	132
152.0	0	125	125
153.0	0	112	112
154.0	0	111	111
155.0	0	104	104
156.0	0	118	118
157.0	0	113	113
158.0	0	101	101
159.0	0	114	114
160.0	0	92	92
161.0	0	110	110
162.0	0	110	110
163.0	0	123	123
164.0	0	102	102
165.0	0	109	109
166.0	0	106	106
167.0	0	93	93
168.0	0	111	111
169.0	0	82	82
170.0	0	93	93
171.0	0	86	86
172.0	0	81	81
173.0	0	102	102
174.0	0	96	96
175.0	0	80	80
176.0	0	88	88
177.0	0	91	91
178.0	0	73	73
179.0	0	83	83
180.0	0	85	85
181.0	0	80	80
182.0	0	97	97
183.0	0	73	73
184.0	0	76	76
185.0	0	80	80
186.0	0	72	72
187.0	0	87	87
188.0	0	87	87
189.0	0	79	79
190.0	0	75	75
191.0	0	84	84
192.0	0	72	72
193.0	0	71	71
194.0	0	80	80
195.0	0	75	75
196.0	0	76	76
197.0	0	64	64
198.0	0	70	70
199.0	0	65	65
200.0	0	64	64
201.0	0	61	61
202.0	0	66	66
203.0	0	63	63
204.0	0	66	66
205.0	0	85	85
206.0	0	65	65
207.0	0	57	57
208.0	0	77	77
209.0	0	65	65
210.0	0	61	61
211.0	0	65	65
212.0	0	54	54
213.0	0	53	53
214.0	0	64	64
215.0	0	54	54
216.0	0	51	51
217.0	0	51	51
218.0	0	47	47
219.0	0	69	69
220.0	0	56	56
221.0	0	62	62
222.0	0	52	52
223.0	0	53	53
224.0	0	65	65
225.0	0	51	51
226.0	0	42	42
227.0	0	51	51
228.0	0	60	60
229.0	0	51	51
230.0	0	54	54
231.0	0	54	54
232.0	0	54	54
233.0	0	56	56
234.0	0	49	49
235.0	0	47	47
236.0	0	47	47
237.0	0	65	65
238.0	0	49	49
239.0	0	49	49
240.0	0	53	53
241.0	0	36	36
242.0	0	39	39
243.0	0	52	52
244.0	0	43	43
245.0	0	42	42
246.0	0	57	57
247.0	0	43	43
248.0	0	56	56
249.0	0	39	39
250.0	0	57	57
251.0	0	50	50
252.0	0	37	37
253.0	0	38	38
254.0	0	38	38
255.0	0	46	46
256.0	0	52	52
257.0	0	49	49
258.0	0	66	66
259.0	0	36	36
260.0	0	34	34
261.0	0	41	41
262.0	0	44	44
263.0	0	46	46
264.0	0	39	39
265.0	0	45	45
266.0	0	48	48
267.0	0	34	34
268.0	0	30	30
269.0	0	45	45
270.0	0	31	31
271.0	0	36	36
272.0	0	55	55
273.0	0	39	39
274.0	0	45	45
275.0	0	32	32
276.0	0	33	33
277.0	0	36	36
278.0	0	35	35
279.0	0	25	25
280.0	0	42	42
281.0	0	34	34
282.0	0	32	32
283.0	0	30	30
284.0	0	35	35
285.0	0	30	30
286.0	0	29	29
287.0	0	42	42
288.0	0	33	33
289.0	0	42	42
290.0	0	33	33
291.0	0	22	22
292.0	0	28	28
293.0	0	37	37
294.0	0	29	29
295.0	0	31	31
296.0	0	28	28
297.0	0	29	29
298.0	0	30	30
299.0	0	37	37
300.0	0	32	32
301.0	0	29	29
302.0	0	35	35
303.0	0	36	36
304.0	0	33	33
305.0	0	17	17
306.0	0	28	28
307.0	0	27	27
308.0	0	32	32
309.0	0	34	34
310.0	0	27	27
311.0	0	43	43
312.0	0	31	31
313.0	0	21	21
314.0	0	34	34
315.0	0	23	23
316.0	0	27	27
317.0	0	23	23
318.0	0	17	17
319.0	0	30	30
320.0	0	27	27
321.0	0	32	32
322.0	0	34	34
323.0	0	22	22
324.0	0	43	43
325.0	0	26	26
326.0	0	21	21
327.0	0	37	37
328.0	0	21	21
329.0	0	15	15
330.0	0	21	21
331.0	0	27	27
332.0	0	27	27
333.0	0	21	21
334.0	0	30	30
335.0	0	21	21
336.0	0	19	19
337.0	0	21	21
338.0	0	31	31
339.0	0	23	23
340.0	0	19	19
341.0	0	24	24
342.0	0	24	24
343.0	0	22	22
344.0	0	27	27
345.0	0	19	19
346.0	0	16	16
347.0	0	20	20
348.0	0	25	25
349.0	0	23	23
350.0	0	22	22
351.0	0	21	21
352.0	0	32	32
353.0	0	33	33
354.0	0	30	30
355.0	0	24	24
356.0	0	21	21
357.0	0	20	20
358.0	0	22	22
359.0	0	23	23
360.0	0	23	23
361.0	0	21	21
362.0	0	13	13
363.0	0	17	17
364.0	0	16	16
365.0	0	23	23
366.0	0	32	32
367.0	0	19	19
368.0	0	17	17
369.0	0	20	20
370.0	0	22	22
371.0	0	23	23
372.0	0	16	16
373.0	0	24	24
374.0	0	22	22
375.0	0	14	14
376.0	0	21	21
377.0	0	22	22
378.0	0	16	16
379.0	0	37	37
380.0	0	17	17
381.0	0	18	18
382.0	0	28	28
383.0	0	19	19
384.0	0	18	18
385.0	0	22	22
386.0	0	16	16
387.0	0	17	17
388.0	0	20	20
389.0	0	21	21
390.0	0	15	15
391.0	0	11	11
392.0	0	15	15
393.0	0	22	22
394.0	0	20	20
395.0	0	20	20
396.0	0	21	21
397.0	0	20	20
398.0	0	14	14
399.0	0	18	18
400.0	0	17	17
401.0	0	14	14
402.0	0	8	8
403.0	0	20	20
404.0	0	15	15
405.0	0	9	9
406.0	0	23	23
407.0	0	14	14
408.0	0	16	16
409.0	0	20	20
410.0	0	15	15
411.0	0	14	14
412.0	0	9	9
413.0	0	7	7
414.0	0	15	15
415.0	0	11	11
416.0	0	13	13
417.0	0	14	14
418.0	0	16	16
419.0	0	18	18
420.0	0	8	8
421.0	0	14	14
422.0	0	10	10
423.0	0	16	16
424.0	0	11	11
425.0	0	20	20
426.0	0	14	14
427.0	0	13	13
428.0	0	10	10
429.0	0	12	12
430.0	0	17	17
431.0	0	18	18
432.0	0	17	17
433.0	0	15	15
434.0	0	17	17
435.0	0	13	13
436.0	0	19	19
437.0	0	17	17
438.0	0	17	17
439.0	0	17	17
440.0	0	20	20
441.0	0	14	14
442.0	0	13	13
443.0	0	18	18
444.0	0	11	11
445.0	0	14	14
446.0	0	13	13
447.0	0	9	9
448.0	0	13	13
449.0	0	14	14
450.0	0	18	18
451.0	0	12	12
452.0	0	16	16
453.0	0	18	18
454.0	0	12	12
455.0	0	9	9
456.0	0	15	15
457.0	0	11	11
458.0	0	13	13
459.0	0	14	14
460.0	0	10	10
461.0	0	15	15
462.0	0	6	6
463.0	0	11	11
464.0	0	14	14
465.0	0	9	9
466.0	0	20	20
467.0	0	12	12
468.0	0	12	12
469.0	0	14	14
470.0	0	14	14
471.0	0	15	15
472.0	0	8	8
473.0	0	8	8
474.0	0	12	12
475.0	0	15	15
476.0	0	18	18
477.0	0	10	10
478.0	0	10	10
479.0	0	11	11
480.0	0	13	13
481.0	0	7	7
482.0	0	8	8
483.0	0	9	9
484.0	0	15	15
485.0	0	12	12
486.0	0	13	13
487.0	0	15	15
488.0	0	11	11
489.0	0	11	11
490.0	0	4	4
491.0	0	7	7
492.0	0	11	11
493.0	0	17	17
494.0	0	14	14
495.0	0	9	9
496.0	0	13	13
497.0	0	13	13
498.0	0	8	8
499.0	0	8	8
500.0	0	12	12
501.0	0	6	6
502.0	0	8	8
503.0	0	20	20
504.0	0	8	8
505.0	0	8	8
506.0	0	9	9
507.0	0	12	12
508.0	0	15	15
509.0	0	13	13
510.0	0	7	7
511.0	0	13	13
512.0	0	12	12
513.0	0	8	8
514.0	0	11	11
515.0	0	10	10
516.0	0	7	7
517.0	0	9	9
518.0	0	10	10
519.0	0	8	8
520.0	0	10	10
521.0	0	8	8
522.0	0	6	6
523.0	0	9	9
524.0	0	10	10
525.0	0	11	11
526.0	0	14	14
527.0	0	8	8
528.0	0	9	9
529.0	0	10	10
530.0	0	7	7
531.0	0	10	10
532.0	0	8	8
533.0	0	7	7
534.0	0	16	16
535.0	0	9	9
536.0	0	6	6
537.0	0	4	4
538.0	0	12	12
539.0	0	7	7
540.0	0	7	7
541.0	0	6	6
542.0	0	11	11
543.0	0	8	8
544.0	0	13	13
545.0	0	11	11
546.0	0	7	7
547.0	0	7	7
548.0	0	10	10
549.0	0	6	6
550.0	0	10	10
551.0	0	6	6
552.0	0	7	7
553.0	0	7	7
554.0	0	7	7
555.0	0	8	8
556.0	0	2	2
557.0	0	15	15
558.0	0	3	3
559.0	0	7	7
560.0	0	7	7
561.0	0	10	10
562.0	0	9	9
563.0	0	10	10
564.0	0	5	5
565.0	0	5	5
566.0	0	6	6
567.0	0	7	7
568.0	0	11	11
569.0	0	6	6
570.0	0	6	6
571.0	0	8	8
572.0	0	5	5
573.0	0	7	7
574.0	0	9	9
575.0	0	3	3
576.0	0	7	7
577.0	0	7	7
578.0	0	5	5
579.0	0	8	8
580.0	0	11	11
581.0	0	8	8
582.0	0	12	12
583.0	0	8	8
584.0	0	9	9
585.0	0	7	7
586.0	0	11	11
587.0	0	3	3
588.0	0	8	8
589.0	0	6	6
590.0	0	9	9
591.0	0	4	4
592.0	0	5	5
593.0	0	7	7
594.0	0	8	8
595.0	0	8	8
596.0	0	12	12
597.0	0	8	8
598.0	0	4	4
599.0	0	9	9
600.0	0	9	9
601.0	0	9	9
602.0	0	10	10
603.0	0	6	6
604.0	0	5	5
605.0	0	8	8
606.0	0	5	5
607.0	0	5	5
608.0	0	9	9
609.0	0	10	10
610.0	0	12	12
611.0	0	6	6
612.0	0	10	10
613.0	0	7	7
614.0	0	5	5
615.0	0	5	5
616.0	0	1	1
617.0	0	9	9
618.0	0	7	7
619.0	0	7	7
620.0	0	7	7
621.0	0	5	5
622.0	0	8	8
623.0	0	7	7
624.0	0	6	6
625.0	0	6	6
626.0	0	9	9
627.0	0	8	8
628.0	0	7	7
629.0	0	7	7
630.0	0	9	9
631.0	0	9	9
632.0	0	10	10
633.0	0	12	12
634.0	0	8	8
635.0	0	3	3
636.0	0	5	5
637.0	0	10	10
638.0	0	8	8
639.0	0	7	7
640.0	0	11	11
641.0	0	6	6
642.0	0	8	8
643.0	0	7	7
644.0	0	5	5
645.0	0	5	5
646.0	0	11	11
647.0	0	7	7
648.0	0	2	2
649.0	0	4	4
650.0	0	7	7
651.0	0	4	4
652.0	0	8	8
653.0	0	6	6
654.0	0	2	2
655.0	0	6	6
656.0	0	4	4
657.0	0	7	7
658.0	0	7	7
659.0	0	4	4
660.0	0	10	10
661.0	0	3	3
662.0	0	4	4
663.0	0	9	9
664.0	0	4	4
665.0	0	5	5
666.0	0	4	4
667.0	0	7	7
668.0	0	9	9
669.0	0	6	6
670.0	0	8	8
671.0	0	12	12
672.0	0	5	5
673.0	0	6	6
674.0	0	12	12
675.0	0	3	3
676.0	0	7	7
677.0	0	1	1
678.0	0	2	2
679.0	0	4	4
680.0	0	4	4
681.0	0	5	5
682.0	0	7	7
683.0	0	6	6
684.0	0	4	4
685.0	0	3	3
686.0	0	4	4
687.0	0	3	3
688.0	0	7	7
689.0	0	2	2
690.0	0	9	9
691.0	0	5	5
692.0	0	6	6
693.0	0	7	7
694.0	0	7	7
695.0	0	2	2
696.0	0	5	5
697.0	0	5	5
698.0	0	8	8
699.0	0	7	7
700.0	0	4	4
701.0	0	4	4
702.0	0	10	10
703.0	0	11	11
704.0	0	6	6
705.0	0	2	2
706.0	0	4	4
707.0	0	7	7
708.0	0	5	5
709.0	0	6	6
710.0	0	4	4
711.0	0	5	5
712.0	0	3	3
713.0	0	7	7
714.0	0	2	2
715.0	0	8	8
716.0	0	4	4
717.0	0	2	2
718.0	0	5	5
719.0	0	5	5
720.0	0	11	11
721.0	0	4	4
722.0	0	8	8
723.0	0	4	4
724.0	0	5	5
725.0	0	2	2
726.0	0	3	3
727.0	0	8	8
728.0	0	6	6
729.0	0	5	5
730.0	0	6	6
731.0	0	9	9
732.0	0	5	5
733.0	0	11	11
734.0	0	3	3
735.0	0	3	3
736.0	0	5	5
737.0	0	3	3
738.0	0	2	2
739.0	0	7	7
740.0	0	5	5
741.0	0	4	4
742.0	0	7	7
743.0	0	5	5
744.0	0	4	4
745.0	0	5	5
746.0	0	2	2
747.0	0	3	3
748.0	0	3	3
749.0	0	4	4
750.0	0	6	6
751.0	0	2	2
752.0	0	4	4
753.0	0	1	1
754.0	0	5	5
755.0	0	2	2
756.0	0	2	2
757.0	0	3	3
758.0	0	3	3
759.0	0	5	5
760.0	0	7	7
762.0	0	7	7
763.0	0	4	4
764.0	0	4	4
766.0	0	7	7
767.0	0	6	6
768.0	0	3	3
769.0	0	1	1
770.0	0	3	3
771.0	0	2	2
772.0	0	7	7
773.0	0	4	4
774.0	0	3	3
775.0	0	6	6
776.0	0	3	3
777.0	0	5	5
778.0	0	2	2
779.0	0	4	4
780.0	0	6	6
781.0	0	5	5
782.0	0	4	4
784.0	0	4	4
785.0	0	4	4
786.0	0	3	3
787.0	0	5	5
788.0	0	2	2
789.0	0	4	4
790.0	0	4	4
791.0	0	3	3
792.0	0	5	5
793.0	0	5	5
794.0	0	4	4
795.0	0	6	6
796.0	0	2	2
797.0	0	5	5
798.0	0	5	5
799.0	0	4	4
800.0	0	6	6
801.0	0	5	5
802.0	0	3	3
803.0	0	6	6
804.0	0	7	7
805.0	0	6	6
806.0	0	6	6
807.0	0	5	5
808.0	0	6	6
809.0	0	6	6
810.0	0	2	2
811.0	0	6	6
812.0	0	3	3
813.0	0	1	1
814.0	0	4	4
815.0	0	5	5
816.0	0	3	3
817.0	0	5	5
818.0	0	4	4
819.0	0	6	6
820.0	0	4	4
821.0	0	1	1
822.0	0	3	3
823.0	0	7	7
824.0	0	4	4
825.0	0	2	2
826.0	0	3	3
827.0	0	2	2
828.0	0	2	2
829.0	0	3	3
830.0	0	2	2
831.0	0	2	2
832.0	0	5	5
833.0	0	4	4
834.0	0	5	5
835.0	0	3	3
836.0	0	3	3
837.0	0	1	1
838.0	0	3	3
839.0	0	2	2
840.0	0	5	5
841.0	0	5	5
842.0	0	8	8
843.0	0	3	3
844.0	0	4	4
845.0	0	3	3
846.0	0	4	4
847.0	0	3	3
848.0	0	3	3
849.0	0	4	4
850.0	0	3	3
851.0	0	1	1
852.0	0	1	1
853.0	0	3	3
854.0	0	4	4
855.0	0	1	1
856.0	0	4	4
857.0	0	3	3
858.0	0	3	3
859.0	0	4	4
860.0	0	4	4
861.0	0	5	5
862.0	0	4	4
863.0	0	3	3
864.0	0	3	3
865.0	0	3	3
866.0	0	6	6
867.0	0	2	2
868.0	0	2	2
869.0	0	1	1
870.0	0	1	1
871.0	0	6	6
872.0	0	5	5
873.0	0	8	8
874.0	0	6	6
875.0	0	2	2
876.0	0	5	5
877.0	0	3	3
878.0	0	6	6
879.0	0	1	1
880.0	0	4	4
881.0	0	6	6
882.0	0	3	3
883.0	0	1	1
884.0	0	3	3
885.0	0	2	2
886.0	0	7	7
887.0	0	5	5
888.0	0	5	5
890.0	0	6	6
891.0	0	5	5
892.0	0	6	6
893.0	0	4	4
894.0	0	2	2
895.0	0	3	3
896.0	0	2	2
897.0	0	2	2
898.0	0	1	1
899.0	0	2	2
900.0	0	4	4
901.0	0	5	5
902.0	0	2	2
903.0	0	7	7
904.0	0	3	3
905.0	0	1	1
906.0	0	2	2
907.0	0	2	2
908.0	0	2	2
909.0	0	3	3
910.0	0	1	1
911.0	0	4	4
912.0	0	3	3
913.0	0	2	2
914.0	0	2	2
915.0	0	3	3
916.0	0	3	3
917.0	0	1	1
918.0	0	1	1
919.0	0	3	3
920.0	0	1	1
921.0	0	3	3
922.0	0	1	1
923.0	0	3	3
924.0	0	2	2
925.0	0	3	3
926.0	0	3	3
927.0	0	5	5
928.0	0	1	1
929.0	0	1	1
930.0	0	1	1
931.0	0	4	4
932.0	0	3	3
933.0	0	1	1
934.0	0	3	3
935.0	0	4	4
936.0	0	1	1
937.0	0	4	4
939.0	0	3	3
940.0	0	2	2
941.0	0	2	2
942.0	0	1	1
943.0	0	3	3
946.0	0	4	4
947.0	0	2	2
948.0	0	3	3
949.0	0	1	1
950.0	0	3	3
951.0	0	4	4
952.0	0	1	1
953.0	0	1	1
954.0	0	7	7
955.0	0	1	1
956.0	0	1	1
959.0	0	2	2
960.0	0	5	5
961.0	0	2	2
962.0	0	3	3
963.0	0	2	2
964.0	0	9	9
965.0	0	1	1
966.0	0	5	5
967.0	0	5	5
968.0	0	3	3
969.0	0	2	2
970.0	0	1	1
971.0	0	1	1
972.0	0	1	1
973.0	0	3	3
974.0	0	1	1
975.0	0	3	3
976.0	0	1	1
977.0	0	2	2
978.0	0	5	5
979.0	0	3	3
980.0	0	1	1
982.0	0	3	3
983.0	0	3	3
984.0	0	1	1
985.0	0	4	4
986.0	0	2	2
987.0	0	3	3
988.0	0	3	3
989.0	0	4	4
990.0	0	2	2
991.0	0	1	1
992.0	0	2	2
993.0	0	3	3
994.0	0	3	3
995.0	0	2	2
996.0	0	2	2
997.0	0	1	1
998.0	0	2	2
999.0	0	1	1
1000.0	0	3	3
1002.0	0	2	2
1003.0	0	5	5
1004.0	0	1	1
1005.0	0	5	5
1007.0	0	1	1
1008.0	0	3	3
1009.0	0	4	4
1010.0	0	3	3
1012.0	0	2	2
1013.0	0	5	5
1014.0	0	3	3
1015.0	0	3	3
1016.0	0	4	4
1017.0	0	5	5
1018.0	0	2	2
1019.0	0	4	4
1020.0	0	1	1
1021.0	0	2	2
1022.0	0	3	3
1023.0	0	1	1
1024.0	0	1	1
1025.0	0	2	2
1026.0	0	2	2
1027.0	0	5	5
1030.0	0	3	3
1031.0	0	4	4
1032.0	0	2	2
1033.0	0	4	4
1034.0	0	1	1
1035.0	0	1	1
1036.0	0	1	1
1037.0	0	1	1
1038.0	0	3	3
1039.0	0	1	1
1042.0	0	3	3
1043.0	0	2	2
1044.0	0	3	3
1045.0	0	2	2
1046.0	0	4	4
1047.0	0	2	2
1048.0	0	3	3
1049.0	0	1	1
1050.0	0	3	3
1052.0	0	1	1
1053.0	0	1	1
1054.0	0	1	1
1055.0	0	4	4
1056.0	0	4	4
1057.0	0	2	2
1058.0	0	2	2
1059.0	0	2	2
1060.0	0	1	1
1062.0	0	2	2
1063.0	0	3	3
1064.0	0	2	2
1065.0	0	3	3
1066.0	0	2	2
1067.0	0	4	4
1068.0	0	2	2
1069.0	0	1	1
1070.0	0	2	2
1071.0	0	2	2
1072.0	0	1	1
1074.0	0	1	1
1075.0	0	1	1
1076.0	0	1	1
1077.0	0	3	3
1078.0	0	3	3
1079.0	0	5	5
1080.0	0	3	3
1082.0	0	1	1
1083.0	0	1	1
1085.0	0	2	2
1087.0	0	3	3
1088.0	0	2	2
1091.0	0	3	3
1092.0	0	1	1
1096.0	0	2	2
1097.0	0	2	2
1098.0	0	3	3
1099.0	0	4	4
1100.0	0	3	3
1101.0	0	1	1
1103.0	0	1	1
1104.0	0	1	1
1105.0	0	3	3
1106.0	0	3	3
1107.0	0	1	1
1108.0	0	3	3
1109.0	0	1	1
1110.0	0	3	3
1111.0	0	1	1
1112.0	0	2	2
1113.0	0	1	1
1114.0	0	4	4
1116.0	0	4	4
1118.0	0	3	3
1120.0	0	3	3
1122.0	0	1	1
1123.0	0	1	1
1124.0	0	2	2
1125.0	0	5	5
1126.0	0	2	2
1127.0	0	2	2
1128.0	0	3	3
1131.0	0	3	3
1132.0	0	2	2
1133.0	0	2	2
1134.0	0	1	1
1135.0	0	1	1
1136.0	0	2	2
1137.0	0	2	2
1138.0	0	4	4
1139.0	0	1	1
1140.0	0	2	2
1141.0	0	3	3
1143.0	0	2	2
1144.0	0	4	4
1145.0	0	1	1
1146.0	0	1	1
1147.0	0	1	1
1148.0	0	3	3
1149.0	0	3	3
1150.0	0	3	3
1151.0	0	2	2
1152.0	0	1	1
1153.0	0	3	3
1154.0	0	3	3
1155.0	0	1	1
1156.0	0	1	1
1157.0	0	2	2
1158.0	0	2	2
1160.0	0	3	3
1162.0	0	3	3
1163.0	0	2	2
1165.0	0	1	1
1166.0	0	1	1
1167.0	0	2	2
1169.0	0	2	2
1170.0	0	1	1
1171.0	0	2	2
1172.0	0	3	3
1173.0	0	3	3
1174.0	0	5	5
1175.0	0	5	5
1176.0	0	2	2
1177.0	0	1	1
1179.0	0	2	2
1180.0	0	3	3
1181.0	0	3	3
1183.0	0	1	1
1184.0	0	2	2
1185.0	0	3	3
1186.0	0	1	1
1187.0	0	1	1
1188.0	0	1	1
1189.0	0	3	3
1190.0	0	3	3
1191.0	0	2	2
1192.0	0	2	2
1194.0	0	1	1
1195.0	0	3	3
1196.0	0	1	1
1197.0	0	4	4
1199.0	0	1	1
1200.0	0	2	2
1201.0	0	1	1
1202.0	0	3	3
1203.0	0	2	2
1204.0	0	4	4
1206.0	0	1	1
1207.0	0	5	5
1209.0	0	1	1
1210.0	0	1	1
1211.0	0	5	5
1215.0	0	1	1
1216.0	0	1	1
1217.0	0	1	1
1218.0	0	2	2
1219.0	0	1	1
1220.0	0	2	2
1222.0	0	1	1
1225.0	0	1	1
1227.0	0	2	2
1228.0	0	3	3
1229.0	0	5	5
1230.0	0	3	3
1231.0	0	1	1
1232.0	0	1	1
1233.0	0	1	1
1234.0	0	3	3
1235.0	0	2	2
1236.0	0	2	2
1237.0	0	1	1
1239.0	0	3	3
1241.0	0	5	5
1242.0	0	1	1
1244.0	0	1	1
1245.0	0	2	2
1246.0	0	1	1
1248.0	0	2	2
1249.0	0	4	4
1250.0	0	1	1
1252.0	0	2	2
1253.0	0	2	2
1254.0	0	2	2
1255.0	0	3	3
1256.0	0	1	1
1257.0	0	3	3
1258.0	0	2	2
1259.0	0	2	2
1260.0	0	1	1
1261.0	0	1	1
1263.0	0	1	1
1266.0	0	1	1
1267.0	0	1	1
1270.0	0	2	2
1271.0	0	2	2
1272.0	0	3	3
1273.0	0	1	1
1274.0	0	1	1
1277.0	0	1	1
1278.0	0	2	2
1280.0	0	3	3
1281.0	0	3	3
1282.0	0	2	2
1283.0	0	2	2
1284.0	0	1	1
1285.0	0	2	2
1286.0	0	2	2
1287.0	0	1	1
1289.0	0	3	3
1291.0	0	1	1
1292.0	0	1	1
1293.0	0	1	1
1295.0	0	2	2
1296.0	0	3	3
1297.0	0	1	1
1298.0	0	1	1
1299.0	0	1	1
1301.0	0	2	2
1302.0	0	3	3
1303.0	0	1	1
1304.0	0	2	2
1310.0	0	1	1
1311.0	0	2	2
1312.0	0	2	2
1313.0	0	3	3
1314.0	0	2	2
1315.0	0	1	1
1316.0	0	3	3
1317.0	0	1	1
1318.0	0	1	1
1319.0	0	1	1
1320.0	0	2	2
1321.0	0	2	2
1322.0	0	3	3
1324.0	0	4	4
1325.0	0	1	1
1327.0	0	1	1
1328.0	0	1	1
1329.0	0	1	1
1332.0	0	1	1
1333.0	0	2	2
1334.0	0	1	1
1335.0	0	1	1
1336.0	0	2	2
1338.0	0	2	2
1339.0	0	1	1
1341.0	0	1	1
1343.0	0	1	1
1344.0	0	1	1
1347.0	0	3	3
1349.0	0	3	3
1351.0	0	1	1
1354.0	0	1	1
1356.0	0	1	1
1357.0	0	1	1
1361.0	0	2	2
1362.0	0	3	3
1365.0	0	1	1
1367.0	0	2	2
1368.0	0	1	1
1372.0	0	1	1
1373.0	0	2	2
1374.0	0	1	1
1375.0	0	1	1
1377.0	0	2	2
1379.0	0	2	2
1381.0	0	2	2
1382.0	0	1	1
1386.0	0	2	2
1388.0	0	1	1
1389.0	0	2	2
1391.0	0	1	1
1392.0	0	1	1
1394.0	0	1	1
1395.0	0	2	2
1396.0	0	2	2
1398.0	0	1	1
1399.0	0	1	1
1400.0	0	1	1
1401.0	0	1	1
1404.0	0	1	1
1405.0	0	1	1
1406.0	0	1	1
1407.0	0	3	3
1408.0	0	3	3
1409.0	0	1	1
1410.0	0	1	1
1411.0	0	2	2
1413.0	0	2	2
1414.0	0	2	2
1415.0	0	1	1
1416.0	0	2	2
1417.0	0	3	3
1420.0	0	2	2
1422.0	0	1	1
1423.0	0	1	1
1424.0	0	2	2
1425.0	0	1	1
1426.0	0	1	1
1427.0	0	2	2
1428.0	0	1	1
1429.0	0	4	4
1434.0	0	3	3
1438.0	0	1	1
1439.0	0	2	2
1444.0	0	1	1
1445.0	0	2	2
1446.0	0	1	1
1447.0	0	1	1
1448.0	0	3	3
1450.0	0	2	2
1451.0	0	2	2
1452.0	0	1	1
1453.0	0	3	3
1456.0	0	2	2
1459.0	0	1	1
1460.0	0	1	1
1461.0	0	3	3
1462.0	0	1	1
1464.0	0	4	4
1467.0	0	1	1
1468.0	0	2	2
1469.0	0	1	1
1470.0	0	1	1
1471.0	0	1	1
1473.0	0	1	1
1474.0	0	2	2
1475.0	0	2	2
1476.0	0	1	1
1477.0	0	1	1
1480.0	0	2	2
1482.0	0	2	2
1483.0	0	1	1
1484.0	0	1	1
1486.0	0	2	2
1487.0	0	2	2
1490.0	0	2	2
1491.0	0	3	3
1492.0	0	1	1
1493.0	0	2	2
1494.0	0	1	1
1497.0	0	1	1
1499.0	0	1	1
1502.0	0	2	2
1504.0	0	1	1
1505.0	0	1	1
1508.0	0	1	1
1509.0	0	1	1
1510.0	0	4	4
1511.0	0	1	1
1512.0	0	2	2
1513.0	0	1	1
1514.0	0	3	3
1517.0	0	1	1
1521.0	0	1	1
1522.0	0	3	3
1525.0	0	2	2
1526.0	0	1	1
1527.0	0	1	1
1529.0	0	1	1
1531.0	0	2	2
1532.0	0	1	1
1537.0	0	3	3
1538.0	0	2	2
1539.0	0	1	1
1540.0	0	1	1
1541.0	0	1	1
1542.0	0	1	1
1543.0	0	2	2
1544.0	0	2	2
1545.0	0	1	1
1546.0	0	1	1
1547.0	0	2	2
1548.0	0	1	1
1550.0	0	1	1
1551.0	0	2	2
1552.0	0	1	1
1553.0	0	1	1
1558.0	0	1	1
1559.0	0	2	2
1560.0	0	1	1
1561.0	0	1	1
1562.0	0	2	2
1563.0	0	1	1
1564.0	0	2	2
1565.0	0	1	1
1567.0	0	1	1
1568.0	0	2	2
1569.0	0	4	4
1570.0	0	1	1
1571.0	0	3	3
1573.0	0	1	1
1574.0	0	2	2
1576.0	0	2	2
1580.0	0	1	1
1581.0	0	1	1
1583.0	0	1	1
1585.0	0	1	1
1588.0	0	1	1
1592.0	0	1	1
1593.0	0	1	1
1595.0	0	1	1
1596.0	0	1	1
1597.0	0	1	1
1600.0	0	2	2
1602.0	0	1	1
1603.0	0	2	2
1604.0	0	1	1
1610.0	0	3	3
1612.0	0	1	1
1613.0	0	3	3
1614.0	0	1	1
1615.0	0	1	1
1617.0	0	1	1
1619.0	0	1	1
1622.0	0	2	2
1623.0	0	2	2
1624.0	0	1	1
1625.0	0	2	2
1626.0	0	1	1
1627.0	0	1	1
1629.0	0	1	1
1630.0	0	2	2
1636.0	0	1	1
1637.0	0	1	1
1638.0	0	1	1
1639.0	0	1	1
1640.0	0	2	2
1641.0	0	1	1
1645.0	0	1	1
1646.0	0	1	1
1651.0	0	1	1
1653.0	0	1	1
1654.0	0	1	1
1656.0	0	3	3
1657.0	0	1	1
1661.0	0	1	1
1662.0	0	1	1
1664.0	0	1	1
1666.0	0	1	1
1667.0	0	1	1
1669.0	0	1	1
1671.0	0	1	1
1674.0	0	1	1
1675.0	0	1	1
1676.0	0	1	1
1678.0	0	1	1
1681.0	0	1	1
1682.0	0	1	1
1686.0	0	1	1
1687.0	0	1	1
1688.0	0	1	1
1689.0	0	1	1
1691.0	0	1	1
1692.0	0	1	1
1694.0	0	4	4
1698.0	0	1	1
1699.0	0	1	1
1701.0	0	1	1
1703.0	0	1	1
1704.0	0	1	1
1705.0	0	1	1
1706.0	0	2	2
1707.0	0	1	1
1708.0	0	2	2
1710.0	0	1	1
1712.0	0	1	1
1715.0	0	3	3
1716.0	0	1	1
1719.0	0	1	1
1724.0	0	1	1
1726.0	0	1	1
1727.0	0	1	1
1732.0	0	1	1
1733.0	0	2	2
1737.0	0	1	1
1742.0	0	1	1
1745.0	0	2	2
1749.0	0	1	1
1750.0	0	1	1
1751.0	0	3	3
1752.0	0	1	1
1755.0	0	2	2
1757.0	0	1	1
1759.0	0	1	1
1761.0	0	1	1
1764.0	0	1	1
1769.0	0	1	1
1771.0	0	1	1
1772.0	0	1	1
1774.0	0	2	2
1775.0	0	1	1
1777.0	0	1	1
1778.0	0	1	1
1781.0	0	1	1
1782.0	0	1	1
1786.0	0	1	1
1787.0	0	1	1
1788.0	0	1	1
1789.0	0	1	1
1794.0	0	1	1
1795.0	0	1	1
1797.0	0	1	1
1799.0	0	1	1
1800.0	0	1	1
1802.0	0	1	1
1803.0	0	1	1
1806.0	0	1	1
1808.0	0	1	1
1809.0	0	1	1
1813.0	0	1	1
1818.0	0	1	1
1819.0	0	1	1
1822.0	0	1	1
1824.0	0	1	1
1825.0	0	1	1
1827.0	0	1	1
1830.0	0	1	1
1833.0	0	1	1
1834.0	0	1	1
1835.0	0	1	1
1837.0	0	1	1
1839.0	0	1	1
1843.0	0	3	3
1844.0	0	2	2
1847.0	0	1	1
1848.0	0	2	2
1851.0	0	1	1
1852.0	0	2	2
1853.0	0	1	1
1854.0	0	2	2
1856.0	0	1	1
1857.0	0	2	2
1860.0	0	1	1
1862.0	0	1	1
1865.0	0	2	2
1866.0	0	1	1
1868.0	0	1	1
1869.0	0	1	1
1870.0	0	1	1
1871.0	0	1	1
1875.0	0	2	2
1876.0	0	1	1
1877.0	0	1	1
1878.0	0	2	2
1879.0	0	2	2
1880.0	0	1	1
1881.0	0	1	1
1882.0	0	3	3
1884.0	0	1	1
1885.0	0	1	1
1887.0	0	1	1
1889.0	0	1	1
1890.0	0	1	1
1891.0	0	1	1
1892.0	0	2	2
1896.0	0	1	1
1903.0	0	1	1
1904.0	0	1	1
1911.0	0	1	1
1912.0	0	1	1
1914.0	0	1	1
1915.0	0	1	1
1916.0	0	1	1
1917.0	0	2	2
1918.0	0	1	1
1919.0	0	2	2
1920.0	0	1	1
1921.0	0	1	1
1922.0	0	2	2
1924.0	0	1	1
1929.0	0	1	1
1931.0	0	1	1
1932.0	0	2	2
1934.0	0	1	1
1940.0	0	1	1
1942.0	0	1	1
1943.0	0	1	1
1944.0	0	1	1
1950.0	0	2	2
1952.0	0	1	1
1953.0	0	1	1
1954.0	0	1	1
1958.0	0	2	2
1960.0	0	1	1
1961.0	0	1	1
1962.0	0	1	1
1963.0	0	2	2
1964.0	0	1	1
1965.0	0	1	1
1967.0	0	1	1
1968.0	0	1	1
1972.0	0	1	1
1974.0	0	1	1
1976.0	0	1	1
1977.0	0	1	1
1981.0	0	2	2
1983.0	0	1	1
1984.0	0	1	1
1991.0	0	1	1
1997.0	0	1	1
2001.0	0	1	1
2002.0	0	1	1
2003.0	0	1	1
2004.0	0	2	2
2010.0	0	1	1
2012.0	0	1	1
2015.0	0	1	1
2017.0	0	1	1
2020.0	0	1	1
2026.0	0	1	1
2027.0	0	1	1
2028.0	0	1	1
2029.0	0	1	1
2030.0	0	1	1
2034.0	0	1	1
2037.0	0	1	1
2041.0	0	1	1
2048.0	0	1	1
2050.0	0	1	1
2054.0	0	1	1
2059.0	0	1	1
2063.0	0	2	2
2066.0	0	1	1
2068.0	0	1	1
2071.0	0	1	1
2072.0	0	1	1
2074.0	0	1	1
2076.0	0	1	1
2077.0	0	1	1
2078.0	0	1	1
2080.0	0	1	1
2084.0	0	1	1
2086.0	0	1	1
2087.0	0	1	1
2088.0	0	1	1
2089.0	0	1	1
2093.0	0	1	1
2095.0	0	1	1
2109.0	0	1	1
2111.0	0	1	1
2112.0	0	1	1
2115.0	0	2	2
2117.0	0	2	2
2125.0	0	1	1
2126.0	0	1	1
2128.0	0	1	1
2132.0	0	1	1
2133.0	0	1	1
2134.0	0	1	1
2137.0	0	2	2
2143.0	0	2	2
2147.0	0	1	1
2148.0	0	2	2
2155.0	0	1	1
2158.0	0	1	1
2163.0	0	1	1
2167.0	0	2	2
2170.0	0	1	1
2176.0	0	2	2
2177.0	0	3	3
2182.0	0	1	1
2185.0	0	1	1
2186.0	0	1	1
2189.0	0	1	1
2201.0	0	1	1
2202.0	0	2	2
2204.0	0	1	1
2205.0	0	1	1
2206.0	0	1	1
2211.0	0	1	1
2217.0	0	1	1
2219.0	0	1	1
2226.0	0	1	1
2228.0	0	1	1
2229.0	0	1	1
2231.0	0	2	2
2233.0	0	1	1
2235.0	0	4	4
2237.0	0	1	1
2243.0	0	1	1
2246.0	0	1	1
2248.0	0	1	1
2253.0	0	2	2
2256.0	0	1	1
2259.0	0	1	1
2262.0	0	2	2
2263.0	0	1	1
2265.0	0	1	1
2266.0	0	1	1
2269.0	0	1	1
2277.0	0	2	2
2279.0	0	1	1
2284.0	0	1	1
2297.0	0	1	1
2300.0	0	1	1
2301.0	0	1	1
2309.0	0	1	1
2312.0	0	1	1
2313.0	0	1	1
2316.0	0	1	1
2319.0	0	1	1
2321.0	0	2	2
2327.0	0	1	1
2331.0	0	1	1
2332.0	0	1	1
2333.0	0	1	1
2334.0	0	2	2
2339.0	0	1	1
2344.0	0	1	1
2345.0	0	1	1
2351.0	0	1	1
2353.0	0	1	1
2359.0	0	1	1
2366.0	0	1	1
2367.0	0	1	1
2379.0	0	1	1
2386.0	0	1	1
2388.0	0	1	1
2389.0	0	1	1
2391.0	0	1	1
2392.0	0	1	1
2408.0	0	1	1
2414.0	0	1	1
2422.0	0	1	1
2424.0	0	1	1
2425.0	0	1	1
2431.0	0	1	1
2436.0	0	1	1
2440.0	0	1	1
2452.0	0	1	1
2456.0	0	1	1
2461.0	0	1	1
2464.0	0	1	1
2467.0	0	1	1
2469.0	0	1	1
2470.0	0	1	1
2475.0	0	2	2
2480.0	0	1	1
2486.0	0	2	2
2498.0	0	1	1
2500.0	0	1	1
2501.0	0	1	1
2503.0	0	1	1
2505.0	0	1	1
2507.0	0	1	1
2515.0	0	1	1
2519.0	0	1	1
2522.0	0	1	1
2527.0	0	1	1
2529.0	0	2	2
2535.0	0	1	1
2537.0	0	1	1
2540.0	0	1	1
2541.0	0	1	1
2542.0	0	1	1
2547.0	0	1	1
2550.0	0	1	1
2555.0	0	1	1
2558.0	0	1	1
2560.0	0	1	1
2565.0	0	1	1
2570.0	0	1	1
2572.0	0	3	3
2577.0	0	1	1
2578.0	0	1	1
2579.0	0	1	1
2580.0	0	1	1
2581.0	0	1	1
2583.0	0	2	2
2585.0	0	1	1
2588.0	0	1	1
2589.0	0	1	1
2599.0	0	1	1
2602.0	0	1	1
2603.0	0	1	1
2604.0	0	1	1
2615.0	0	1	1
2624.0	0	1	1
2628.0	0	2	2
2631.0	0	1	1
2634.0	0	1	1
2636.0	0	1	1
2644.0	0	1	1
2658.0	0	1	1
2661.0	0	1	1
2669.0	0	1	1
2672.0	0	1	1
2674.0	0	1	1
2679.0	0	1	1
2680.0	0	2	2
2691.0	0	1	1
2692.0	0	1	1
2696.0	0	1	1
2700.0	0	1	1
2703.0	0	1	1
2704.0	0	1	1
2705.0	0	1	1
2708.0	0	1	1
2710.0	0	1	1
2712.0	0	1	1
2721.0	0	1	1
2731.0	0	1	1
2737.0	0	2	2
2739.0	0	1	1
2756.0	0	2	2
2759.0	0	1	1
2762.0	0	1	1
2766.0	0	1	1
2772.0	0	1	1
2778.0	0	1	1
2783.0	0	1	1
2785.0	0	1	1
2788.0	0	1	1
2789.0	0	2	2
2791.0	0	1	1
2795.0	0	1	1
2799.0	0	1	1
2800.0	0	1	1
2803.0	0	1	1
2811.0	0	1	1
2815.0	0	1	1
2816.0	0	1	1
2817.0	0	1	1
2825.0	0	1	1
2831.0	0	1	1
2834.0	0	1	1
2848.0	0	1	1
2862.0	0	1	1
2889.0	0	1	1
2906.0	0	1	1
2937.0	0	1	1
2945.0	0	1	1
2947.0	0	1	1
2951.0	0	1	1
2952.0	0	1	1
2963.0	0	1	1
2992.0	0	1	1
2993.0	0	1	1
3016.0	0	1	1
3020.0	0	2	2
3024.0	0	2	2
3028.0	0	1	1
3045.0	0	1	1
3066.0	0	1	1
3069.0	0	1	1
3072.0	0	1	1
3080.0	0	1	1
3084.0	0	1	1
3089.0	0	1	1
3099.0	0	1	1
3111.0	0	1	1
3114.0	0	1	1
3116.0	0	1	1
3119.0	0	1	1
3120.0	0	1	1
3135.0	0	1	1
3142.0	0	1	1
3144.0	0	2	2
3161.0	0	1	1
3162.0	0	1	1
3168.0	0	1	1
3169.0	0	1	1
3172.0	0	1	1
3187.0	0	1	1
3190.0	0	1	1
3194.0	0	1	1
3226.0	0	1	1
3233.0	0	1	1
3243.0	0	1	1
3246.0	0	1	1
3248.0	0	1	1
3260.0	0	1	1
3266.0	0	1	1
3290.0	0	1	1
3291.0	0	1	1
3303.0	0	1	1
3313.0	0	1	1
3319.0	0	1	1
3325.0	0	1	1
3332.0	0	1	1
3359.0	0	1	1
3368.0	0	1	1
3382.0	0	1	1
3385.0	0	1	1
3391.0	0	1	1
3398.0	0	1	1
3399.0	0	1	1
3414.0	0	2	2
3423.0	0	1	1
3431.0	0	1	1
3445.0	0	1	1
3454.0	0	1	1
3506.0	0	1	1
3515.0	0	1	1
3526.0	0	1	1
3527.0	0	1	1
3531.0	0	1	1
3534.0	0	2	2
3540.0	0	1	1
3543.0	0	1	1
3548.0	0	1	1
3562.0	0	1	1
3569.0	0	1	1
3571.0	0	1	1
3579.0	0	1	1
3608.0	0	1	1
3619.0	0	1	1
3625.0	0	1	1
3628.0	0	1	1
3629.0	0	1	1
3671.0	0	1	1
3683.0	0	1	1
3693.0	0	1	1
3695.0	0	1	1
3702.0	0	1	1
3708.0	0	1	1
3716.0	0	1	1
3731.0	0	1	1
3732.0	0	1	1
3734.0	0	1	1
3739.0	0	1	1
3743.0	0	1	1
3754.0	0	1	1
3771.0	0	1	1
3781.0	0	1	1
3794.0	0	1	1
3808.0	0	1	1
3838.0	0	1	1
3850.0	0	1	1
3855.0	0	1	1
3876.0	0	1	1
3895.0	0	1	1
3897.0	0	2	2
3898.0	0	2	2
3964.0	0	1	1
3970.0	0	1	1
3977.0	0	1	1
4008.0	0	1	1
4037.0	0	1	1
4039.0	0	1	1
4052.0	0	1	1
4071.0	0	1	1
4076.0	0	1	1
4080.0	0	1	1
4103.0	0	1	1
4121.0	0	1	1
4142.0	0	1	1
4149.0	0	1	1
4216.0	0	1	1
4249.0	0	1	1
4262.0	0	1	1
4288.0	0	1	1
4292.0	0	1	1
4311.0	0	1	1
4312.0	0	1	1
4328.0	0	1	1
4346.0	0	2	2
4358.0	0	1	1
4387.0	0	1	1
4405.0	0	1	1
4416.0	0	1	1
4417.0	0	1	1
4433.0	0	1	1
4448.0	0	1	1
4450.0	0	1	1
4466.0	0	1	1
4487.0	0	1	1
4514.0	0	1	1
4518.0	0	1	1
4526.0	0	1	1
4537.0	0	1	1
4551.0	0	1	1
4556.0	0	1	1
4587.0	0	1	1
4588.0	0	1	1
4601.0	0	1	1
4606.0	0	2	2
4643.0	0	1	1
4652.0	0	1	1
4663.0	0	1	1
4677.0	0	1	1
4694.0	0	1	1
4732.0	0	1	1
4742.0	0	1	1
4805.0	0	1	1
4812.0	0	1	1
4815.0	0	1	1
4885.0	0	1	1
4906.0	0	1	1
4914.0	0	1	1
4960.0	0	1	1
4970.0	0	1	1
5033.0	0	1	1
5042.0	0	1	1
5053.0	0	1	1
5100.0	0	1	1
5190.0	0	1	1
5233.0	0	1	1
5237.0	0	1	1
5241.0	0	1	1
5242.0	0	1	1
5330.0	0	1	1
5343.0	0	1	1
5354.0	0	1	1
5357.0	0	1	1
5359.0	0	1	1
5382.0	0	1	1
5415.0	0	1	1
5437.0	0	1	1
5456.0	0	1	1
5458.0	0	1	1
5476.0	0	1	1
5625.0	0	1	1
5693.0	0	1	1
5710.0	0	1	1
5718.0	0	1	1
5722.0	0	1	1
5765.0	0	1	1
5835.0	0	1	1
5876.0	0	1	1
6094.0	0	1	1
6103.0	0	1	1
6239.0	0	1	1
6255.0	0	1	1
6264.0	0	1	1
6318.0	0	1	1
6361.0	0	1	1
6427.0	0	1	1
6519.0	0	1	1
6829.0	0	1	1
6875.0	0	1	1
6944.0	0	1	1
7009.0	0	1	1
7061.0	0	1	1
7095.0	0	1	1
7099.0	0	1	1
7162.0	0	1	1
7181.0	0	1	1
7315.0	0	1	1
7565.0	0	1	1
7620.0	0	1	1
7691.0	0	1	1
7794.0	0	1	1
7891.0	0	1	1
7907.0	0	1	1
7980.0	0	1	1
8279.0	0	1	1
8319.0	0	1	1
8648.0	0	1	1
8695.0	0	1	1
8754.0	0	1	1
8805.0	0	1	1
9442.0	0	1	1
9767.0	0	1	1
10272.0	0	1	1
10384.0	0	1	1
11109.0	0	1	1
11552.0	0	1	1
12728.0	0	1	1
12821.0	0	1	1
13426.0	0	1	1
14001.0	0	1	1
14445.0	0	1	1
17540.0	0	1	1

