                                 Started job on |	Nov 21 14:01:10
                             Started mapping on |	Nov 21 14:01:35
                                    Finished on |	Nov 21 14:10:04
       Mapping speed, Million of reads per hour |	207.24

                          Number of input reads |	29301831
                      Average input read length |	224
                                    UNIQUE READS:
                   Uniquely mapped reads number |	18380963
                        Uniquely mapped reads % |	62.73%
                          Average mapped length |	226.85
                       Number of splices: Total |	1804173
            Number of splices: Annotated (sjdb) |	1696327
                       Number of splices: GT/AG |	1693971
                       Number of splices: GC/AG |	27044
                       Number of splices: AT/AC |	909
               Number of splices: Non-canonical |	82249
                      Mismatch rate per base, % |	0.94%
                         Deletion rate per base |	0.04%
                        Deletion average length |	2.37
                        Insertion rate per base |	0.11%
                       Insertion average length |	4.67
                             MULTI-MAPPING READS:
        Number of reads mapped to multiple loci |	3526300
             % of reads mapped to multiple loci |	12.03%
        Number of reads mapped to too many loci |	27750
             % of reads mapped to too many loci |	0.09%
                                  UNMAPPED READS:
       % of reads unmapped: too many mismatches |	0.00%
                 % of reads unmapped: too short |	25.10%
                     % of reads unmapped: other |	0.04%
                                  CHIMERIC READS:
                       Number of chimeric reads |	0
                            % of chimeric reads |	0.00%
