                                 Started job on |	Nov 21 14:19:25
                             Started mapping on |	Nov 21 14:19:51
                                    Finished on |	Nov 21 14:31:53
       Mapping speed, Million of reads per hour |	202.24

                          Number of input reads |	40559792
                      Average input read length |	224
                                    UNIQUE READS:
                   Uniquely mapped reads number |	26739994
                        Uniquely mapped reads % |	65.93%
                          Average mapped length |	227.35
                       Number of splices: Total |	4090718
            Number of splices: Annotated (sjdb) |	3932234
                       Number of splices: GT/AG |	3927451
                       Number of splices: GC/AG |	62658
                       Number of splices: AT/AC |	2158
               Number of splices: Non-canonical |	98451
                      Mismatch rate per base, % |	0.71%
                         Deletion rate per base |	0.04%
                        Deletion average length |	2.27
                        Insertion rate per base |	0.09%
                       Insertion average length |	4.03
                             MULTI-MAPPING READS:
        Number of reads mapped to multiple loci |	3665830
             % of reads mapped to multiple loci |	9.04%
        Number of reads mapped to too many loci |	53692
             % of reads mapped to too many loci |	0.13%
                                  UNMAPPED READS:
       % of reads unmapped: too many mismatches |	0.00%
                 % of reads unmapped: too short |	24.84%
                     % of reads unmapped: other |	0.07%
                                  CHIMERIC READS:
                       Number of chimeric reads |	0
                            % of chimeric reads |	0.00%
