                                 Started job on |	Nov 21 13:58:34
                             Started mapping on |	Nov 21 13:58:59
                                    Finished on |	Nov 21 14:13:06
       Mapping speed, Million of reads per hour |	166.83

                          Number of input reads |	39250556
                      Average input read length |	216
                                    UNIQUE READS:
                   Uniquely mapped reads number |	18857103
                        Uniquely mapped reads % |	48.04%
                          Average mapped length |	223.96
                       Number of splices: Total |	1141130
            Number of splices: Annotated (sjdb) |	1041755
                       Number of splices: GT/AG |	1046145
                       Number of splices: GC/AG |	11911
                       Number of splices: AT/AC |	895
               Number of splices: Non-canonical |	82179
                      Mismatch rate per base, % |	1.11%
                         Deletion rate per base |	0.03%
                        Deletion average length |	2.71
                        Insertion rate per base |	0.11%
                       Insertion average length |	5.44
                             MULTI-MAPPING READS:
        Number of reads mapped to multiple loci |	4885666
             % of reads mapped to multiple loci |	12.45%
        Number of reads mapped to too many loci |	34918
             % of reads mapped to too many loci |	0.09%
                                  UNMAPPED READS:
       % of reads unmapped: too many mismatches |	0.00%
                 % of reads unmapped: too short |	39.40%
                     % of reads unmapped: other |	0.03%
                                  CHIMERIC READS:
                       Number of chimeric reads |	0
                            % of chimeric reads |	0.00%
