                                 Started job on |	Nov 21 14:03:43
                             Started mapping on |	Nov 21 14:04:08
                                    Finished on |	Nov 21 14:15:24
       Mapping speed, Million of reads per hour |	213.93

                          Number of input reads |	40171510
                      Average input read length |	234
                                    UNIQUE READS:
                   Uniquely mapped reads number |	27423818
                        Uniquely mapped reads % |	68.27%
                          Average mapped length |	234.26
                       Number of splices: Total |	3636020
            Number of splices: Annotated (sjdb) |	3483030
                       Number of splices: GT/AG |	3471862
                       Number of splices: GC/AG |	58616
                       Number of splices: AT/AC |	2061
               Number of splices: Non-canonical |	103481
                      Mismatch rate per base, % |	0.89%
                         Deletion rate per base |	0.04%
                        Deletion average length |	2.50
                        Insertion rate per base |	0.14%
                       Insertion average length |	4.82
                             MULTI-MAPPING READS:
        Number of reads mapped to multiple loci |	4126227
             % of reads mapped to multiple loci |	10.27%
        Number of reads mapped to too many loci |	37147
             % of reads mapped to too many loci |	0.09%
                                  UNMAPPED READS:
       % of reads unmapped: too many mismatches |	0.00%
                 % of reads unmapped: too short |	21.33%
                     % of reads unmapped: other |	0.04%
                                  CHIMERIC READS:
                       Number of chimeric reads |	0
                            % of chimeric reads |	0.00%
