                                 Started job on |	Nov 21 13:53:15
                             Started mapping on |	Nov 21 13:53:39
                                    Finished on |	Nov 21 14:01:04
       Mapping speed, Million of reads per hour |	234.86

                          Number of input reads |	29031613
                      Average input read length |	217
                                    UNIQUE READS:
                   Uniquely mapped reads number |	17797543
                        Uniquely mapped reads % |	61.30%
                          Average mapped length |	221.20
                       Number of splices: Total |	1768585
            Number of splices: Annotated (sjdb) |	1637030
                       Number of splices: GT/AG |	1637339
                       Number of splices: GC/AG |	17642
                       Number of splices: AT/AC |	1187
               Number of splices: Non-canonical |	112417
                      Mismatch rate per base, % |	1.12%
                         Deletion rate per base |	0.03%
                        Deletion average length |	2.57
                        Insertion rate per base |	0.12%
                       Insertion average length |	4.96
                             MULTI-MAPPING READS:
        Number of reads mapped to multiple loci |	4758573
             % of reads mapped to multiple loci |	16.39%
        Number of reads mapped to too many loci |	42980
             % of reads mapped to too many loci |	0.15%
                                  UNMAPPED READS:
       % of reads unmapped: too many mismatches |	0.00%
                 % of reads unmapped: too short |	22.12%
                     % of reads unmapped: other |	0.03%
                                  CHIMERIC READS:
                       Number of chimeric reads |	0
                            % of chimeric reads |	0.00%
