## htsjdk.samtools.metrics.StringHeader
# MarkDuplicates INPUT=[/home/chan/diabetes_mellitus/outputs/picard/SRR15202009_sorted.bam] OUTPUT=/home/chan/diabetes_mellitus/outputs/picard/SRR15202009_deduped.bam METRICS_FILE=/home/chan/diabetes_mellitus/outputs/picard/SRR15202009_deduped.log REMOVE_DUPLICATES=true ASSUME_SORT_ORDER=coordinate TMP_DIR=[/home/chan/diabetes_mellitus/tmp] CREATE_INDEX=true    MAX_SEQUENCES_FOR_DISK_READ_ENDS_MAP=50000 MAX_FILE_HANDLES_FOR_READ_ENDS_MAP=8000 SORTING_COLLECTION_SIZE_RATIO=0.25 TAG_DUPLICATE_SET_MEMBERS=false REMOVE_SEQUENCING_DUPLICATES=false TAGGING_POLICY=DontTag CLEAR_DT=true DUPLEX_UMI=false ADD_PG_TAG_TO_READS=true ASSUME_SORTED=false DUPLICATE_SCORING_STRATEGY=SUM_OF_BASE_QUALITIES PROGRAM_RECORD_ID=MarkDuplicates PROGRAM_GROUP_NAME=MarkDuplicates READ_NAME_REGEX=<optimized capture of last three ':' separated fields as numeric values> OPTICAL_DUPLICATE_PIXEL_DISTANCE=100 MAX_OPTICAL_DUPLICATE_SET_SIZE=300000 VERBOSITY=INFO QUIET=false VALIDATION_STRINGENCY=STRICT COMPRESSION_LEVEL=5 MAX_RECORDS_IN_RAM=500000 CREATE_MD5_FILE=false GA4GH_CLIENT_SECRETS=client_secrets.json USE_JDK_DEFLATER=false USE_JDK_INFLATER=false
## htsjdk.samtools.metrics.StringHeader
# Started on: Sat Nov 20 19:38:20 PST 2021

## METRICS CLASS	picard.sam.DuplicationMetrics
LIBRARY	UNPAIRED_READS_EXAMINED	READ_PAIRS_EXAMINED	SECONDARY_OR_SUPPLEMENTARY_RDS	UNMAPPED_READS	UNPAIRED_READ_DUPLICATES	READ_PAIR_DUPLICATES	READ_PAIR_OPTICAL_DUPLICATES	PERCENT_DUPLICATION	ESTIMATED_LIBRARY_SIZE
Unknown Library	63228	21752657	5085949	0	50230	8919861	0	0.410616	18626138

## HISTOGRAM	java.lang.Double
BIN	CoverageMult	all_sets	non_optical_sets
1.0	1	9528726	9528726
2.0	1.311033	2193599	2193599
3.0	1.407774	538181	538181
4.0	1.437864	192177	192177
5.0	1.447223	96181	96181
6.0	1.450134	58672	58672
7.0	1.451039	39829	39829
8.0	1.451321	28514	28514
9.0	1.451409	21389	21389
10.0	1.451436	16751	16751
11.0	1.451444	13561	13561
12.0	1.451447	10905	10905
13.0	1.451448	9105	9105
14.0	1.451448	7763	7763
15.0	1.451448	6543	6543
16.0	1.451448	5691	5691
17.0	1.451448	4858	4858
18.0	1.451448	4284	4284
19.0	1.451448	3742	3742
20.0	1.451448	3483	3483
21.0	1.451448	3010	3010
22.0	1.451448	2741	2741
23.0	1.451448	2465	2465
24.0	1.451448	2283	2283
25.0	1.451448	1980	1980
26.0	1.451448	1866	1866
27.0	1.451448	1720	1720
28.0	1.451448	1536	1536
29.0	1.451448	1436	1436
30.0	1.451448	1333	1333
31.0	1.451448	1237	1237
32.0	1.451448	1182	1182
33.0	1.451448	1006	1006
34.0	1.451448	1041	1041
35.0	1.451448	867	867
36.0	1.451448	863	863
37.0	1.451448	815	815
38.0	1.451448	792	792
39.0	1.451448	676	676
40.0	1.451448	695	695
41.0	1.451448	671	671
42.0	1.451448	595	595
43.0	1.451448	577	577
44.0	1.451448	519	519
45.0	1.451448	558	558
46.0	1.451448	489	489
47.0	1.451448	487	487
48.0	1.451448	455	455
49.0	1.451448	418	418
50.0	1.451448	413	413
51.0	1.451448	385	385
52.0	1.451448	379	379
53.0	1.451448	367	367
54.0	1.451448	339	339
55.0	1.451448	344	344
56.0	1.451448	305	305
57.0	1.451448	267	267
58.0	1.451448	302	302
59.0	1.451448	281	281
60.0	1.451448	244	244
61.0	1.451448	262	262
62.0	1.451448	233	233
63.0	1.451448	242	242
64.0	1.451448	233	233
65.0	1.451448	221	221
66.0	1.451448	211	211
67.0	1.451448	210	210
68.0	1.451448	211	211
69.0	1.451448	180	180
70.0	1.451448	182	182
71.0	1.451448	166	166
72.0	1.451448	176	176
73.0	1.451448	173	173
74.0	1.451448	150	150
75.0	1.451448	149	149
76.0	1.451448	165	165
77.0	1.451448	167	167
78.0	1.451448	153	153
79.0	1.451448	146	146
80.0	1.451448	149	149
81.0	1.451448	146	146
82.0	1.451448	136	136
83.0	1.451448	110	110
84.0	1.451448	138	138
85.0	1.451448	134	134
86.0	1.451448	127	127
87.0	1.451448	129	129
88.0	1.451448	99	99
89.0	1.451448	99	99
90.0	1.451448	127	127
91.0	1.451448	97	97
92.0	1.451448	112	112
93.0	1.451448	104	104
94.0	1.451448	103	103
95.0	1.451448	90	90
96.0	1.451448	93	93
97.0	1.451448	77	77
98.0	1.451448	93	93
99.0	1.451448	77	77
100.0	1.451448	96	96
101.0	0	92	92
102.0	0	90	90
103.0	0	70	70
104.0	0	77	77
105.0	0	75	75
106.0	0	68	68
107.0	0	67	67
108.0	0	66	66
109.0	0	63	63
110.0	0	66	66
111.0	0	75	75
112.0	0	58	58
113.0	0	61	61
114.0	0	70	70
115.0	0	65	65
116.0	0	65	65
117.0	0	45	45
118.0	0	53	53
119.0	0	50	50
120.0	0	49	49
121.0	0	45	45
122.0	0	48	48
123.0	0	56	56
124.0	0	48	48
125.0	0	44	44
126.0	0	40	40
127.0	0	40	40
128.0	0	45	45
129.0	0	44	44
130.0	0	40	40
131.0	0	39	39
132.0	0	41	41
133.0	0	40	40
134.0	0	45	45
135.0	0	52	52
136.0	0	35	35
137.0	0	41	41
138.0	0	33	33
139.0	0	41	41
140.0	0	39	39
141.0	0	40	40
142.0	0	29	29
143.0	0	39	39
144.0	0	22	22
145.0	0	33	33
146.0	0	31	31
147.0	0	31	31
148.0	0	41	41
149.0	0	30	30
150.0	0	20	20
151.0	0	29	29
152.0	0	27	27
153.0	0	26	26
154.0	0	29	29
155.0	0	27	27
156.0	0	27	27
157.0	0	29	29
158.0	0	33	33
159.0	0	30	30
160.0	0	17	17
161.0	0	18	18
162.0	0	20	20
163.0	0	18	18
164.0	0	32	32
165.0	0	17	17
166.0	0	19	19
167.0	0	24	24
168.0	0	23	23
169.0	0	22	22
170.0	0	22	22
171.0	0	18	18
172.0	0	22	22
173.0	0	20	20
174.0	0	22	22
175.0	0	33	33
176.0	0	15	15
177.0	0	16	16
178.0	0	20	20
179.0	0	16	16
180.0	0	9	9
181.0	0	18	18
182.0	0	18	18
183.0	0	16	16
184.0	0	18	18
185.0	0	16	16
186.0	0	12	12
187.0	0	23	23
188.0	0	20	20
189.0	0	15	15
190.0	0	17	17
191.0	0	16	16
192.0	0	14	14
193.0	0	19	19
194.0	0	11	11
195.0	0	10	10
196.0	0	10	10
197.0	0	12	12
198.0	0	18	18
199.0	0	14	14
200.0	0	15	15
201.0	0	8	8
202.0	0	8	8
203.0	0	13	13
204.0	0	10	10
205.0	0	11	11
206.0	0	10	10
207.0	0	15	15
208.0	0	5	5
209.0	0	14	14
210.0	0	8	8
211.0	0	10	10
212.0	0	11	11
213.0	0	14	14
214.0	0	19	19
215.0	0	9	9
216.0	0	8	8
217.0	0	14	14
218.0	0	12	12
219.0	0	6	6
220.0	0	12	12
221.0	0	11	11
222.0	0	13	13
223.0	0	8	8
224.0	0	6	6
225.0	0	15	15
226.0	0	14	14
227.0	0	13	13
228.0	0	11	11
229.0	0	6	6
230.0	0	8	8
231.0	0	5	5
232.0	0	8	8
233.0	0	10	10
234.0	0	9	9
235.0	0	9	9
236.0	0	2	2
237.0	0	9	9
238.0	0	10	10
239.0	0	10	10
240.0	0	9	9
241.0	0	8	8
242.0	0	8	8
243.0	0	4	4
244.0	0	5	5
245.0	0	8	8
246.0	0	10	10
247.0	0	6	6
248.0	0	12	12
249.0	0	9	9
250.0	0	10	10
251.0	0	3	3
252.0	0	5	5
253.0	0	8	8
254.0	0	5	5
255.0	0	12	12
256.0	0	10	10
257.0	0	10	10
258.0	0	6	6
259.0	0	5	5
260.0	0	9	9
261.0	0	7	7
262.0	0	8	8
263.0	0	7	7
264.0	0	1	1
265.0	0	9	9
266.0	0	7	7
267.0	0	7	7
268.0	0	6	6
269.0	0	5	5
270.0	0	7	7
271.0	0	7	7
272.0	0	6	6
273.0	0	3	3
274.0	0	2	2
275.0	0	2	2
276.0	0	5	5
277.0	0	6	6
278.0	0	6	6
279.0	0	6	6
280.0	0	3	3
281.0	0	5	5
282.0	0	5	5
283.0	0	4	4
284.0	0	3	3
285.0	0	8	8
286.0	0	5	5
287.0	0	6	6
288.0	0	2	2
289.0	0	5	5
290.0	0	5	5
291.0	0	3	3
292.0	0	2	2
293.0	0	6	6
294.0	0	7	7
295.0	0	10	10
296.0	0	7	7
297.0	0	3	3
298.0	0	5	5
299.0	0	5	5
300.0	0	1	1
301.0	0	6	6
302.0	0	2	2
303.0	0	2	2
304.0	0	3	3
305.0	0	5	5
306.0	0	2	2
307.0	0	6	6
308.0	0	6	6
309.0	0	5	5
310.0	0	9	9
311.0	0	3	3
312.0	0	5	5
313.0	0	8	8
314.0	0	4	4
315.0	0	2	2
316.0	0	2	2
317.0	0	7	7
319.0	0	5	5
320.0	0	5	5
321.0	0	8	8
322.0	0	5	5
323.0	0	3	3
324.0	0	5	5
325.0	0	6	6
326.0	0	2	2
327.0	0	4	4
328.0	0	1	1
329.0	0	2	2
330.0	0	5	5
331.0	0	3	3
332.0	0	3	3
333.0	0	2	2
334.0	0	4	4
335.0	0	3	3
336.0	0	2	2
337.0	0	4	4
338.0	0	3	3
339.0	0	2	2
341.0	0	4	4
342.0	0	1	1
343.0	0	2	2
344.0	0	2	2
346.0	0	2	2
347.0	0	3	3
348.0	0	2	2
349.0	0	3	3
350.0	0	4	4
351.0	0	2	2
352.0	0	3	3
353.0	0	5	5
354.0	0	1	1
355.0	0	2	2
356.0	0	4	4
357.0	0	4	4
358.0	0	5	5
359.0	0	3	3
360.0	0	3	3
361.0	0	3	3
362.0	0	1	1
363.0	0	1	1
364.0	0	2	2
365.0	0	1	1
366.0	0	6	6
367.0	0	4	4
368.0	0	1	1
369.0	0	1	1
370.0	0	3	3
374.0	0	1	1
375.0	0	1	1
376.0	0	4	4
378.0	0	3	3
379.0	0	3	3
382.0	0	2	2
383.0	0	4	4
384.0	0	4	4
386.0	0	7	7
387.0	0	1	1
388.0	0	3	3
389.0	0	3	3
390.0	0	2	2
391.0	0	3	3
392.0	0	3	3
393.0	0	1	1
394.0	0	1	1
395.0	0	2	2
396.0	0	1	1
397.0	0	2	2
398.0	0	1	1
399.0	0	1	1
400.0	0	2	2
401.0	0	3	3
402.0	0	4	4
403.0	0	2	2
404.0	0	1	1
405.0	0	4	4
406.0	0	1	1
407.0	0	1	1
408.0	0	1	1
409.0	0	2	2
410.0	0	2	2
411.0	0	2	2
412.0	0	2	2
413.0	0	2	2
414.0	0	2	2
415.0	0	3	3
416.0	0	1	1
418.0	0	2	2
420.0	0	1	1
421.0	0	1	1
422.0	0	2	2
423.0	0	4	4
424.0	0	3	3
426.0	0	1	1
427.0	0	4	4
428.0	0	3	3
429.0	0	2	2
430.0	0	1	1
431.0	0	1	1
433.0	0	2	2
434.0	0	2	2
437.0	0	3	3
439.0	0	2	2
440.0	0	1	1
441.0	0	3	3
442.0	0	1	1
443.0	0	1	1
445.0	0	2	2
446.0	0	1	1
447.0	0	2	2
448.0	0	1	1
449.0	0	1	1
452.0	0	1	1
453.0	0	2	2
454.0	0	2	2
455.0	0	2	2
456.0	0	2	2
457.0	0	2	2
458.0	0	2	2
461.0	0	1	1
462.0	0	2	2
463.0	0	2	2
464.0	0	3	3
465.0	0	1	1
466.0	0	2	2
468.0	0	2	2
469.0	0	3	3
470.0	0	1	1
472.0	0	3	3
474.0	0	1	1
475.0	0	3	3
476.0	0	1	1
479.0	0	3	3
481.0	0	1	1
482.0	0	1	1
483.0	0	2	2
484.0	0	1	1
486.0	0	1	1
487.0	0	2	2
489.0	0	2	2
491.0	0	2	2
492.0	0	2	2
493.0	0	1	1
494.0	0	1	1
495.0	0	1	1
498.0	0	1	1
499.0	0	1	1
500.0	0	1	1
502.0	0	1	1
503.0	0	2	2
505.0	0	2	2
506.0	0	1	1
508.0	0	4	4
509.0	0	2	2
510.0	0	1	1
514.0	0	1	1
515.0	0	1	1
516.0	0	1	1
518.0	0	2	2
519.0	0	1	1
521.0	0	1	1
523.0	0	1	1
524.0	0	2	2
525.0	0	1	1
526.0	0	1	1
529.0	0	1	1
530.0	0	2	2
533.0	0	1	1
536.0	0	1	1
537.0	0	1	1
539.0	0	1	1
543.0	0	1	1
545.0	0	1	1
546.0	0	2	2
547.0	0	1	1
548.0	0	1	1
551.0	0	2	2
553.0	0	1	1
556.0	0	1	1
557.0	0	2	2
560.0	0	2	2
563.0	0	1	1
565.0	0	3	3
566.0	0	2	2
569.0	0	1	1
571.0	0	3	3
574.0	0	1	1
576.0	0	1	1
578.0	0	1	1
579.0	0	1	1
581.0	0	2	2
582.0	0	1	1
586.0	0	1	1
587.0	0	1	1
589.0	0	2	2
590.0	0	1	1
593.0	0	1	1
595.0	0	3	3
596.0	0	1	1
598.0	0	1	1
602.0	0	1	1
607.0	0	2	2
610.0	0	1	1
614.0	0	1	1
615.0	0	1	1
617.0	0	1	1
618.0	0	1	1
622.0	0	1	1
623.0	0	2	2
624.0	0	1	1
626.0	0	1	1
632.0	0	3	3
634.0	0	2	2
637.0	0	2	2
638.0	0	1	1
640.0	0	1	1
642.0	0	1	1
643.0	0	1	1
644.0	0	1	1
645.0	0	1	1
646.0	0	1	1
647.0	0	1	1
651.0	0	1	1
652.0	0	1	1
655.0	0	1	1
658.0	0	1	1
660.0	0	1	1
662.0	0	1	1
669.0	0	1	1
671.0	0	1	1
672.0	0	1	1
673.0	0	1	1
675.0	0	1	1
678.0	0	1	1
683.0	0	1	1
684.0	0	1	1
686.0	0	1	1
688.0	0	1	1
695.0	0	1	1
698.0	0	1	1
699.0	0	1	1
703.0	0	2	2
705.0	0	1	1
707.0	0	1	1
708.0	0	1	1
709.0	0	1	1
710.0	0	1	1
712.0	0	1	1
715.0	0	1	1
717.0	0	1	1
718.0	0	1	1
723.0	0	2	2
731.0	0	1	1
732.0	0	1	1
735.0	0	1	1
736.0	0	1	1
741.0	0	2	2
744.0	0	1	1
747.0	0	1	1
756.0	0	1	1
759.0	0	1	1
761.0	0	1	1
769.0	0	1	1
780.0	0	1	1
791.0	0	1	1
794.0	0	1	1
795.0	0	1	1
801.0	0	1	1
804.0	0	1	1
806.0	0	1	1
808.0	0	1	1
810.0	0	1	1
812.0	0	1	1
821.0	0	1	1
823.0	0	1	1
830.0	0	1	1
835.0	0	2	2
839.0	0	2	2
845.0	0	2	2
846.0	0	1	1
851.0	0	1	1
852.0	0	1	1
856.0	0	2	2
857.0	0	1	1
860.0	0	1	1
869.0	0	1	1
876.0	0	1	1
877.0	0	1	1
888.0	0	1	1
909.0	0	1	1
911.0	0	1	1
915.0	0	1	1
924.0	0	1	1
934.0	0	1	1
940.0	0	1	1
947.0	0	1	1
952.0	0	1	1
955.0	0	1	1
973.0	0	1	1
976.0	0	1	1
978.0	0	1	1
982.0	0	1	1
983.0	0	1	1
992.0	0	1	1
999.0	0	1	1
1035.0	0	1	1
1049.0	0	1	1
1050.0	0	1	1
1051.0	0	1	1
1058.0	0	1	1
1061.0	0	1	1
1075.0	0	1	1
1080.0	0	2	2
1107.0	0	2	2
1109.0	0	1	1
1147.0	0	1	1
1156.0	0	1	1
1163.0	0	1	1
1169.0	0	1	1
1171.0	0	1	1
1173.0	0	1	1
1185.0	0	1	1
1186.0	0	2	2
1193.0	0	1	1
1217.0	0	1	1
1229.0	0	1	1
1252.0	0	1	1
1259.0	0	1	1
1285.0	0	1	1
1286.0	0	1	1
1300.0	0	1	1
1308.0	0	1	1
1337.0	0	1	1
1415.0	0	1	1
1457.0	0	1	1
1467.0	0	1	1
1483.0	0	1	1
1491.0	0	1	1
1508.0	0	1	1
1525.0	0	1	1
1537.0	0	1	1
1568.0	0	1	1
1577.0	0	1	1
1579.0	0	1	1
1582.0	0	1	1
1593.0	0	1	1
1646.0	0	1	1
1651.0	0	1	1
1687.0	0	1	1
1726.0	0	1	1
1745.0	0	1	1
1833.0	0	1	1
1897.0	0	1	1
1937.0	0	1	1
2020.0	0	1	1
2033.0	0	1	1
2150.0	0	1	1
2185.0	0	1	1
2343.0	0	1	1
2921.0	0	1	1
3364.0	0	1	1
3804.0	0	1	1
3852.0	0	1	1
4285.0	0	1	1
4308.0	0	1	1
5036.0	0	1	1
6504.0	0	1	1

