                                 Started job on |	Nov 20 19:25:31
                             Started mapping on |	Nov 20 19:25:54
                                    Finished on |	Nov 20 19:34:07
       Mapping speed, Million of reads per hour |	186.55

                          Number of input reads |	25546452
                      Average input read length |	281
                                    UNIQUE READS:
                   Uniquely mapped reads number |	21091410
                        Uniquely mapped reads % |	82.56%
                          Average mapped length |	280.14
                       Number of splices: Total |	19995319
            Number of splices: Annotated (sjdb) |	19792838
                       Number of splices: GT/AG |	19799973
                       Number of splices: GC/AG |	146925
                       Number of splices: AT/AC |	12553
               Number of splices: Non-canonical |	35868
                      Mismatch rate per base, % |	0.23%
                         Deletion rate per base |	0.03%
                        Deletion average length |	4.30
                        Insertion rate per base |	0.03%
                       Insertion average length |	2.22
                             MULTI-MAPPING READS:
        Number of reads mapped to multiple loci |	1746132
             % of reads mapped to multiple loci |	6.84%
        Number of reads mapped to too many loci |	43238
             % of reads mapped to too many loci |	0.17%
                                  UNMAPPED READS:
       % of reads unmapped: too many mismatches |	0.00%
                 % of reads unmapped: too short |	10.35%
                     % of reads unmapped: other |	0.08%
                                  CHIMERIC READS:
                       Number of chimeric reads |	0
                            % of chimeric reads |	0.00%
