                                 Started job on |	Nov 20 19:23:20
                             Started mapping on |	Nov 20 19:23:47
                                    Finished on |	Nov 20 19:33:08
       Mapping speed, Million of reads per hour |	179.29

                          Number of input reads |	27939536
                      Average input read length |	278
                                    UNIQUE READS:
                   Uniquely mapped reads number |	21371936
                        Uniquely mapped reads % |	76.49%
                          Average mapped length |	275.72
                       Number of splices: Total |	14228073
            Number of splices: Annotated (sjdb) |	14057628
                       Number of splices: GT/AG |	14066379
                       Number of splices: GC/AG |	104863
                       Number of splices: AT/AC |	8523
               Number of splices: Non-canonical |	48308
                      Mismatch rate per base, % |	0.45%
                         Deletion rate per base |	0.07%
                        Deletion average length |	5.04
                        Insertion rate per base |	0.06%
                       Insertion average length |	2.59
                             MULTI-MAPPING READS:
        Number of reads mapped to multiple loci |	1958540
             % of reads mapped to multiple loci |	7.01%
        Number of reads mapped to too many loci |	38221
             % of reads mapped to too many loci |	0.14%
                                  UNMAPPED READS:
       % of reads unmapped: too many mismatches |	0.00%
                 % of reads unmapped: too short |	16.27%
                     % of reads unmapped: other |	0.09%
                                  CHIMERIC READS:
                       Number of chimeric reads |	0
                            % of chimeric reads |	0.00%
