                                 Started job on |	Nov 20 19:23:20
                             Started mapping on |	Nov 20 19:23:42
                                    Finished on |	Nov 20 19:32:50
       Mapping speed, Million of reads per hour |	181.24

                          Number of input reads |	27589479
                      Average input read length |	283
                                    UNIQUE READS:
                   Uniquely mapped reads number |	22697883
                        Uniquely mapped reads % |	82.27%
                          Average mapped length |	282.22
                       Number of splices: Total |	20137853
            Number of splices: Annotated (sjdb) |	19939862
                       Number of splices: GT/AG |	19933073
                       Number of splices: GC/AG |	152519
                       Number of splices: AT/AC |	12007
               Number of splices: Non-canonical |	40254
                      Mismatch rate per base, % |	0.26%
                         Deletion rate per base |	0.04%
                        Deletion average length |	4.39
                        Insertion rate per base |	0.03%
                       Insertion average length |	2.31
                             MULTI-MAPPING READS:
        Number of reads mapped to multiple loci |	2044637
             % of reads mapped to multiple loci |	7.41%
        Number of reads mapped to too many loci |	44371
             % of reads mapped to too many loci |	0.16%
                                  UNMAPPED READS:
       % of reads unmapped: too many mismatches |	0.00%
                 % of reads unmapped: too short |	10.10%
                     % of reads unmapped: other |	0.06%
                                  CHIMERIC READS:
                       Number of chimeric reads |	0
                            % of chimeric reads |	0.00%
