Building DAG of jobs...
Using shell: /usr/bin/bash
Provided cores: 1 (use --cores to define parallelism)
Rules claiming more threads will be scaled down.
Select jobs to execute...

[Sat Nov 20 18:42:21 2021]
rule trimmomatic_trim:
    input: /home/chan/diabetes_mellitus/data/SRR15202009_1.fastq.gz, /home/chan/diabetes_mellitus/data/SRR15202009_2.fastq.gz
    output: /home/chan/diabetes_mellitus/outputs/trimmomatic/SRR15202009_1_paired.fastq.gz, /home/chan/diabetes_mellitus/outputs/trimmomatic/SRR15202009_1_unpaired.fastq.gz, /home/chan/diabetes_mellitus/outputs/trimmomatic/SRR15202009_2_paired.fastq.gz, /home/chan/diabetes_mellitus/outputs/trimmomatic/SRR15202009_2_unpaired.fastq.gz
    jobid: 0
    wildcards: sample=SRR15202009
    priority: 2
    resources: mem_mb=6737, disk_mb=6737, tmpdir=/tmp


        which trimmomatic
        trimmomatic -version 
        trimmomatic PE -phred33 /home/chan/diabetes_mellitus/data/SRR15202009_1.fastq.gz /home/chan/diabetes_mellitus/data/SRR15202009_2.fastq.gz /home/chan/diabetes_mellitus/outputs/trimmomatic/SRR15202009_1_paired.fastq.gz /home/chan/diabetes_mellitus/outputs/trimmomatic/SRR15202009_1_unpaired.fastq.gz /home/chan/diabetes_mellitus/outputs/trimmomatic/SRR15202009_2_paired.fastq.gz /home/chan/diabetes_mellitus/outputs/trimmomatic/SRR15202009_2_unpaired.fastq.gz SLIDINGWINDOW:4:20 ILLUMINACLIP:/home/chan/diabetes_mellitus/adapters/TruSeq3-PE-2.fa:2:30:10:2:TRUE MINLEN:20
        
Activating conda environment: /home/chan/diabetes_mellitus/.snakemake/conda/2f8f875d08bbb1540b25b9a3c43ee6a7
/home/chan/diabetes_mellitus/.snakemake/conda/2f8f875d08bbb1540b25b9a3c43ee6a7/bin/trimmomatic
0.36
TrimmomaticPE: Started with arguments:
 -phred33 /home/chan/diabetes_mellitus/data/SRR15202009_1.fastq.gz /home/chan/diabetes_mellitus/data/SRR15202009_2.fastq.gz /home/chan/diabetes_mellitus/outputs/trimmomatic/SRR15202009_1_paired.fastq.gz /home/chan/diabetes_mellitus/outputs/trimmomatic/SRR15202009_1_unpaired.fastq.gz /home/chan/diabetes_mellitus/outputs/trimmomatic/SRR15202009_2_paired.fastq.gz /home/chan/diabetes_mellitus/outputs/trimmomatic/SRR15202009_2_unpaired.fastq.gz SLIDINGWINDOW:4:20 ILLUMINACLIP:/home/chan/diabetes_mellitus/adapters/TruSeq3-PE-2.fa:2:30:10:2:TRUE MINLEN:20
Using PrefixPair: 'TACACTCTTTCCCTACACGACGCTCTTCCGATCT' and 'GTGACTGGAGTTCAGACGTGTGCTCTTCCGATCT'
Using Long Clipping Sequence: 'AGATCGGAAGAGCGTCGTGTAGGGAAAGAGTGTA'
Using Long Clipping Sequence: 'AGATCGGAAGAGCACACGTCTGAACTCCAGTCAC'
Using Long Clipping Sequence: 'GTGACTGGAGTTCAGACGTGTGCTCTTCCGATCT'
Using Long Clipping Sequence: 'TACACTCTTTCCCTACACGACGCTCTTCCGATCT'
ILLUMINACLIP: Using 1 prefix pairs, 4 forward/reverse sequences, 0 forward only sequences, 0 reverse only sequences
Input Read Pairs: 25289300 Both Surviving: 24593337 (97.25%) Forward Only Surviving: 425308 (1.68%) Reverse Only Surviving: 184382 (0.73%) Dropped: 86273 (0.34%)
TrimmomaticPE: Completed successfully
[Sat Nov 20 19:19:01 2021]
Finished job 0.
1 of 1 steps (100%) done
